Clearnesse Ironshore Valhaven Foxvale Morwald Marbleiron Foxhaven Dellwyn Oldmoor Eriwall Violetley Westvale Courtcastle Newby Buttermead Courtwall Corbank Morwall Butterbush Goldwyvern Esterfall Freyview Clearnesse
22
Clearnesse Clearnesse
Buttermead Buttermead
Morwald Morwald
Westvale Westvale
Butterbush Butterbush
Eriwall Eriwall
Esterfall Esterfall
Foxhaven Foxhaven
Dellwyn Dellwyn Oakmere
Corbank Woodice Corbank Ironriver
Oldmoor Oldmoor
Newby Newby
Morwall Morwall
Valhaven Valhaven
Goldwyvern Goldwyvern
Freyview Freyview
Ironshore Ironshore
Courtwall Courtwall
Foxvale Foxvale
Violetley Violetley
Marbleiron Marbleiron
Courtcastle Courtcastle
