Brightmere Courtcastle Eastcastle Woodice Eriwall Stoneglass Esterfall Lightmere Wellmage Valhaven Greyice Ironriver Greenshore Corbank Southwheat Oakmere Irondeer Bluedell Courtwall Rosemill Buttermead Foxhaven Westerlight Erilyn Violetley Clearland Ironshore Shoreburn Wolflea Bushgate Clearnesse Stonefair Esterash Morwall Fairsage Dellwyn Wildemarsh Marbleiron Lochmage Westvale Newby Snowshore Morwald Oldmoor Goldwyvern Foxvale Freyview Newley Butterbush Westmill Brightmere
50
Brightmere Brightmere
Morwall Morwall
Ironriver Ironriver
Courtwall Courtwall
Esterfall Esterfall
Foxhaven Foxhaven
Bushgate Bushgate
Snowshore Snowshore
Marbleiron Marbleiron
Southwheat Southwheat
Irondeer Irondeer
Corbank Corbank
Ironshore Ironshore
Fairsage Fairsage
Butterbush Butterbush
Oldmoor Oldmoor
Erilyn Erilyn
Stoneglass Stoneglass
Freyview Freyview
Morwald Morwald
Rosemill Rosemill
Clearnesse Clearnesse
Courtcastle Courtcastle
Esterash Esterash
Oakmere Oakmere
Shoreburn Shoreburn
Westvale Westvale
Lightmere Lightmere
Valhaven Valhaven
Westmill Westmill
Lochmage Lochmage
Violetley Violetley
Goldwyvern Goldwyvern
Greenshore Greenshore
Clearland Clearland
Foxvale Foxvale
Buttermead Buttermead
Wildemarsh Wildemarsh
Wellmage Wellmage
Eriwall Eriwall
Newley Newley
Dellwyn Dellwyn
Greyice Greyice
Westerlight Westerlight
Woodice Woodice
Bluedell Bluedell
Newby Newby
Wolflea Wolflea
Eastcastle Eastcastle
Stonefair Stonefair
