Shoreburn Mallowway Butterhill Lochmage Corbank Greensummer Oakmere Orfort Bluedale Bluewyn Westerlight Bushgate Bluedell Greenshore Southpine Goldwyvern Verthedge Oldmoor Wooddell Courtwall Clearland Morwald Butterbush Fogland Brightrock Ironshore Ironriver Mallowbridge Newmill Icenesse Stoneglass Dellwyn Mistshore Northriver Woodice Westmill Silverwitch Valhaven Wellbank Greyice Snowsage Eriwall Wolflea Foxvale Summermage Redwell Flowermill Westvale Marbleiron Janholt Starryhill Ostwynne Seamoor Butterway Esterash Newley Erilyn Blackbush Clearnesse Fieldedge Brightmere Violetley Springfox Foxhaven Rosemill Coldville Courtedge Orbarrow Rosegate Fairsage Strongfall Highmont Southwheat Bluelake Mallowness Irondeer Newby Freyview Wellmage Esterfall Silverlea Flowerfield Windbridge Fairice Freymere Northwynne Buttermead Stonefair Goldcrest Lightmere Applecastle Violetfay Morwall Redlake Deephedge Wildemarsh Snowshore Silverbarrow Courtcastle Eastcastle Shoreburn
100
Shoreburn Shoreburn
Verthedge Verthedge
Icenesse Icenesse
Mallowness Mallowness
Wellbank Wellbank
Erilyn Erilyn
Brightrock Brightrock
Westmill Westmill
Violetley Violetley
Orfort Orfort
Janholt Janholt
Violetfay Violetfay
Foxvale Foxvale
Wellmage Wellmage
Silverbarrow Silverbarrow
Wildemarsh Wildemarsh
Morwald Morwald
Westerlight Westerlight
Coldville Coldville
Redlake Redlake
Flowerfield Flowerfield
Butterway Butterway
Foxhaven Foxhaven
Rosegate Rosegate
Lochmage Lochmage
Strongfall Strongfall
Mistshore Mistshore
Clearnesse Clearnesse
Northwynne Northwynne
Eastcastle Eastcastle
Stoneglass Stoneglass
Deephedge Deephedge
Corbank Corbank
Ostwynne Ostwynne
Mallowbridge Mallowbridge
Fieldedge Fieldedge
Highmont Highmont
Westvale Westvale
Newby Newby
Windbridge Windbridge
Goldcrest Goldcrest
Wooddell Wooddell
Bluedale Bluedale
Mallowway Mallowway
Bluewyn Bluewyn
Southpine Southpine
Summermage Summermage
Silverwitch Silverwitch
Northriver Northriver
Southwheat Southwheat
Wolflea Wolflea
Springfox Springfox
Freyview Freyview
Flowermill Flowermill
Rosemill Rosemill
Marbleiron Marbleiron
Morwall Morwall
Newley Newley
Greensummer Greensummer
Ironshore Ironshore
Snowsage Snowsage
Buttermead Buttermead
Fairice Fairice
Courtwall Courtwall
Courtcastle Courtcastle
Snowshore Snowshore
Fairsage Fairsage
Goldwyvern Goldwyvern
Butterbush Butterbush
Greenshore Greenshore
Brightmere Brightmere
Stonefair Stonefair
Oakmere Oakmere
Greyice Greyice
Eriwall Eriwall
Fogland Fogland
Applecastle Applecastle
Lightmere Lightmere
Valhaven Valhaven
Ironriver Ironriver
Dellwyn Dellwyn
Seamoor Seamoor
Silverlea Silverlea
Esterash Esterash
Courtedge Courtedge
Redwell Redwell
Oldmoor Oldmoor
Blackbush Blackbush
Irondeer Irondeer
Newmill Newmill
Woodice Woodice
Bluelake Bluelake
Esterfall Esterfall
Butterhill Butterhill
Orbarrow Orbarrow
Starryhill Starryhill
Bluedell Bluedell
Bushgate Bushgate
Clearland Clearland
Freymere Freymere
