FacultyClub PacificFilmArchive OBrien Library Etcheverry HearstGym BioscienceLibrary Manville Hilgard Cheit Pimentel Wheeler Durham FacultyClub SproulPlaza SutardjaDai UniversityHouse FPF EarthquakeLibrary StudentUnion BrainImagingCenter Morrison Mulford FacultyClub Spieker FacultyClub CareerCenter FacultyClub
24
FacultyClub FacultyClub
FPF FPF
Cheit Cheit
StudentUnion StudentUnion
Durham Durham
Pimentel Pimentel
Mulford Mulford
EarthquakeLibrary EarthquakeLibrary
CareerCenter CareerCenter
SutardjaDai SutardjaDai
BioscienceLibrary BioscienceLibrary
Library Library
Wheeler Wheeler
Hilgard Hilgard
Spieker Spieker
BrainImagingCenter BrainImagingCenter
PacificFilmArchive LawrenceofScience PacificFilmArchive
HearstGym HearstGym
Morrison Morrison
UniversityHouse UniversityHouse
SproulPlaza SproulPlaza
Etcheverry Etcheverry
Manville Manville
OBrien OBrien
