FacultyClub EarthquakeLibrary Morrison Sproul BanwayBuilding BerkeleyLawLibrary MathLibrary CITRIS Spieker Giauque BancroftDance Mulford Hildebrand Koshland MSRI AquaticCenter Bowles Bechtel WooHonFai BrainImagingCenter SocialLibrary LawSchool Boalt AlumniHouse ArtHistoryLibrary Durham McCone HearstFieldAnnex NewspapersLibrary OptometryLibrary Jacobs BioscienceLibrary SEAsianLibrary FoundersRock Warren Durant Wellman FacultyClub Soda CareerCenter Wheeler EnergyBuilding IdaHouse FacultyClub OBrien Stephens Birge LeConte Campbell IRLE SpringerGateway Unit3 BerkeleyWayWest LatinAmerican EngineeringLibrary UniversityHouse CesarChavez MartinezCommons PacificFilmArchive VisualCenter AndersenAuditorium MaxwellField SimpsonCenter Latimer FoxCottage Davis InternationalHouse StowPlaza HearstGreekTheatre Hilgard DonnerLaboratory MediaCenter UpperHearstParking FacultyClub Investigative MelvinLaboratory EthnicLibrary Senior Cheit VLSB HearstFountain Stanley AnthropologyLibrary StudentUnion LawrenceofScience SproulPlaza Etcheverry Underhill EarthLibrary Manville TAAP NorthGate Pimentel HearstGym PhysicsLibrary EastAsianLibrary Evans HealthServices FPF Library BancroftLibrary SutardjaDai MLK FacultyClub
100
FacultyClub FacultyClub
FoxCottage FoxCottage
Stephens Stephens
Evans Evans
AnthropologyLibrary AnthropologyLibrary
Giauque Giauque
Investigative Investigative
Soda Soda
NorthGate NorthGate
FoundersRock FoundersRock
LawSchool LawSchool
SocialLibrary SocialLibrary
Spieker Spieker
FPF FPF
VisualCenter VisualCenter
IRLE IRLE
Senior Senior
Hilgard Hilgard
Wheeler Wheeler
BanwayBuilding BanwayBuilding
Hildebrand Hildebrand
VLSB VLSB
Unit3 Unit3
Etcheverry Etcheverry
HearstGreekTheatre HearstGreekTheatre
HealthServices HealthServices
Bowles Bowles
CesarChavez CesarChavez
BancroftLibrary BancroftLibrary
PhysicsLibrary PhysicsLibrary
HearstFieldAnnex HearstFieldAnnex
Morrison Morrison
Jacobs Jacobs
Cheit Cheit
Latimer Latimer
IdaHouse IdaHouse
StowPlaza StowPlaza
AlumniHouse AlumniHouse
HearstGym HearstGym
Koshland Koshland
MaxwellField MaxwellField
Manville Manville
Durham Durham
Durant Durant
UpperHearstParking UpperHearstParking
TAAP TAAP
LatinAmerican LatinAmerican
SproulPlaza SproulPlaza
EthnicLibrary EthnicLibrary
Wellman Wellman
LeConte LeConte
MLK MLK
CITRIS CITRIS
McCone McCone
MathLibrary MathLibrary
CareerCenter CareerCenter
LawrenceofScience LawrenceofScience
MSRI MSRI
HearstFountain HearstFountain
OptometryLibrary OptometryLibrary
EarthLibrary EarthLibrary
Bechtel Bechtel
Underhill Underhill
MelvinLaboratory MelvinLaboratory
EastAsianLibrary EastAsianLibrary
AquaticCenter AquaticCenter
Warren Warren
OBrien OBrien
MartinezCommons MartinezCommons
SimpsonCenter SimpsonCenter
AndersenAuditorium AndersenAuditorium
ArtHistoryLibrary ArtHistoryLibrary
BancroftDance BancroftDance
SutardjaDai SutardjaDai
WooHonFai WooHonFai
Boalt Boalt
EarthquakeLibrary EarthquakeLibrary
Birge Birge
BioscienceLibrary BioscienceLibrary
NewspapersLibrary NewspapersLibrary
SpringerGateway SpringerGateway
InternationalHouse InternationalHouse
Library Library
StudentUnion StudentUnion
BerkeleyWayWest BerkeleyWayWest
Stanley Stanley
PacificFilmArchive PacificFilmArchive
UniversityHouse UniversityHouse
MediaCenter MediaCenter
DonnerLaboratory DonnerLaboratory
Sproul Sproul
Campbell Campbell
EnergyBuilding EnergyBuilding
SEAsianLibrary SEAsianLibrary
Mulford Mulford
EngineeringLibrary EngineeringLibrary
Pimentel Pimentel
Davis Davis
BrainImagingCenter BrainImagingCenter
BerkeleyLawLibrary BerkeleyLawLibrary
