0 60 148 88 112 0 155 168 52 113 172 153 35 74 141 25 90 0 178 49 93 175 58 114 140 149 67 18 139 103 46 106 96 91 92 85 38 56 4 120 17 55 15 51 145 154 123 197 13 3 131 94 173 32 181 42 105 161 188 76 191 82 75 97 199 47 80 44 135 117 124 69 167 162 64 195 119 143 132 3 177 73 71 19 83 136 174 48 77 87 99 158 134 26 133 8 0 170 33 171 180 65 102 169 0
98
3 3
8 8
13 13
15 15
17 17
18 18
19 19
25 25
26 26
32 32
33 33
35 35
38 38
42 42
44 44
46 46
47 47
48 48
49 49
51 51
52 52
55 55
56 56
58 58
60 60
64 64
65 65
67 67
69 69
71 71
73 73
74 74
75 75
76 76
77 77
80 80
82 82
83 83
85 85
87 87
88 88
90 90
91 91
92 92
93 93
94 94
96 96
97 97
99 99
102 102
103 103
105 105
106 106
112 112
113 113
114 114
117 117
119 119
120 120
123 123
124 124
131 131
132 132
133 133
134 134
135 135
136 136
139 139
140 140
141 141
143 143
145 145
148 148
149 149
153 153
154 154
155 155
158 158
161 161
162 162
167 167
168 168
169 169
170 170
171 171
172 172
173 173
174 174
175 175
177 177
178 178
180 180
181 181
188 188
191 191
195 195
197 197
199 199
