33 20 15 20 73 42 83 98 91 46 75 46 91 98 13 98 11 100 95 100 20 80 9 10 90 68 90 10 9 3 64 86 60 86 33 51 37 79 36 53 71 48 71 53 36 18 65 52 38 69 88 69 34 69 67 57 67 54 30 54 67 60 31 16 29 16 94 47 94 25 94 16 31 22 2 22 35 50 19 50 35 7 82 40 82 7 35 5 43 26 14 97 8 97 14 63 17 27 23 27 17 63 12 63 14 89 32 6 81 61 81 6 32 80 20 33
50
60 60
31 31
17 17
80 80
79 79
68 68
61 61
89 89
13 13
9 9
63 63
8 8
5 5
100 100
20 20
19 19
22 22
34 34
7 7
50 50
94 94
86 86
26 26
30 30
54 54
10 10
42 42
23 23
95 95
15 15
67 67
35 35
64 64
2 2
88 88
47 47
75 75
29 29
40 40
82 82
57 57
97 97
65 65
69 69
11 11
12 12
48 48
52 52
51 51
25 25
