K CG AA BC N BO Q BQ P AE CR AF J R M F AJ AS BP AQ BA AB BN BK CD CM V BZ B BE AT X A AI C CV Z AX AN I CU AP U BY AZ BM B E AY W CQ CF AO CB AW BW AR AM O BU CC BF BS AK D T H BL BR BJ AG BV A AV BI AC S CL Y BH L BG BD B BB AH BT G B CA CE AD BX AU AL K
91
K K
BN BN
L L
BA BA
AN AN
AK AK
G G
AR AR
O O
T T
B B CP
C C
BC BC CI CT
S S
J J CO CS
BI BI
CB CB
V V
AE AE
BQ BQ
BY BY
E E
AG AG
CU CU
AD AD
BP BP
BR BR CH
U U
AT AT
AU AU
BO BO
BG BG
X X
BS BS
CE CE
CF CF CN
CV CK CV
BB BB
F F
AA AA
AB AB
AO AO CJ
BH BH
BJ BJ
CD CD
CG CG
CL CL
CM CM
CR CR
A A
D D
H H
M M
R R
W W
AJ AJ
AV AV
AW AW
AX AX
BD BD
BF BF
BM BM
BW BW
CQ CQ
I I
N N
P P
Q Q
Y Y
Z Z
AC AC
AF AF
AH AH
AI AI
AL AL
AM AM
AP AP
AQ AQ
AS AS
AY AY
AZ AZ
BE BE
BK BK
BL BL
BT BT
BU BU
BV BV
BX BX
BZ BZ
CA CA
CC CC
