lllIl1I 11IIII1 lIIlII1 II11l1l IIl1l1I I1llll1 Ill11II l1IIl1l IIlIllI Il1Il1I lI11III III111I IlI1II1 1I1I1lI l1I111I 1lIl11I l1l11l1 I1lIlII 111lI1I llI1lII I1llII1 l1IIl1l lII111l 1lllIII l1Ill11 l1IllI1 l1IIl1l 1I1lllI ll111ll I11I111 11lI11I 1l11lII 11lI11I Ill1I11 Ill11I1 I111I1I llIIII1 l1IIl1l I11I11l lIIl11l 1I1I1l1 1l1lIlI lI1l111 1I11Ill Ill11I1 l1lllll 1IlIl1I 1lllIII I1ll1II 1llI111 lll1I1l lIllIll lIl111I II1Il1I 1lllIII III1llI l1IIl1l IlI1Il1 l1IIl1l 1I1l1Il 11111lI 11lI11I I11111l lllIl1I
49
1I1I1lI 1I1I1lI
III1llI III1llI
llI1lII llI1lII
1I1l1Il 1I1l1Il
ll111ll ll111ll
I11I11l I11I11l
1l1lIlI 1l1lIlI
lIllIll lIllIll
1IlIl1I 1IlIl1I
IIlIllI IIlIllI
lIIlII1 lIIlII1
Ill11II Ill11II
1I1I1l1 1I1I1l1
I11111l I11111l
I1llII1 I1llII1
III111I III111I
II1Il1I II1Il1I
1lIl11I 1lIl11I
1I11Ill 1I11Ill
I111I1I I111I1I
IlI1Il1 IlI1Il1
IIl1l1I IIl1l1I
I11I111 I11I111
11lI11I 11lI11I
l1l11l1 l1l11l1
11IIII1 11IIII1
1I1lllI 1I1lllI
I1ll1II I1ll1II
l1IIl1l l1IIl1l
lIl111I lIl111I
Il1Il1I Il1Il1I
Ill1I11 Ill1I11
lll1I1l lll1I1l
11111lI 11111lI
I1llll1 I1llll1
111lI1I 111lI1I
l1lllll l1lllll
l1Ill11 l1Ill11 l1lll11
l1I111I l1I111I
lIIl11l lIIl11l
lII111l lII111l
1llI111 1llI111
llIIII1 llIIII1
IlI1II1 IlI1II1
1l11lII 1l11lII
lI1l111 lI1l111
II11l1l II11l1l
lI11III lI11III
l1IllI1 l1IllI1
