Satish N26J6EU AETBJC WQM0D4 R2POU4T ODSGN281 XGYWBMTWT QEAJAFMPY VNCFO QU5Y0N2LQ QAL7Z5UN EHS8A FPB1OLF3 6HNG 59E13RE U0LMCHUU JSSS9HX OJ27JN021 VNYZ5QVO77 SKLZM AO31B76 QHH48VD7JJ M6CD1Y V1AX 07XQDCJI 2FB0FS3KWX 7CRTCJA O2N6HBZK8 QL51A0KUT EG23K SUC1CH RX6VI 19LN S657MFMG K936 IQXEPH9QO B0H9VDIK 5N65HLXKU IEYK8 6WSDW F1G8HC PL0UHK JOBN3N QJ0LM8 F3YJ 0I7Y V4R09 PQ09CSX CXLQGGJ746 Satish
47
QAL7Z5UN QAL7Z5UN
5N65HLXKU 5N65HLXKU
QEAJAFMPY QEAJAFMPY
OJ27JN021 OJ27JN021
F1G8HC F1G8HC
S657MFMG S657MFMG
0I7Y 0I7Y
59E13RE 59E13RE
WQM0D4 WQM0D4
QHH48VD7JJ QHH48VD7JJ
QL51A0KUT QL51A0KUT
QJ0LM8 QJ0LM8 5HGKBK
VNYZ5QVO77 VNYZ5QVO77
QU5Y0N2LQ QU5Y0N2LQ
IQXEPH9QO IQXEPH9QO
7CRTCJA 7CRTCJA
N26J6EU N26J6EU
PQ09CSX PQ09CSX
R2POU4T R2POU4T
6WSDW 6WSDW
SUC1CH SUC1CH
AO31B76 AO31B76
FPB1OLF3 ITHI7K6W1B FPB1OLF3
JSSS9HX JSSS9HX
F3YJ F3YJ
M6CD1Y M6CD1Y
2FB0FS3KWX 2FB0FS3KWX
SKLZM SKLZM
JOBN3N JOBN3N
XGYWBMTWT XGYWBMTWT
6HNG 6HNG
VNCFO VNCFO
K936 K936
07XQDCJI 07XQDCJI
B0H9VDIK B0H9VDIK
IEYK8 IEYK8
ODSGN281 V7T5SI ODSGN281
RX6VI RX6VI
AETBJC AETBJC
O2N6HBZK8 O2N6HBZK8
CXLQGGJ746 CXLQGGJ746
U0LMCHUU U0LMCHUU
V4R09 V4R09
EG23K EG23K
EHS8A EHS8A
PL0UHK PL0UHK
19LN 19LN
