0 62 0 59 0 43 0 140 60 198 88 182 2 101 55 63 24 54 98 54 24 84 97 84 87 85 68 58 6 51 30 51 47 107 81 107 9 80 9 64 9 50 112 0 137 52 137 37 137 0 86 0 123 15 123 0 140 53 20 53 57 18 82 18 42 48 42 51 96 73 99 32 25 32 99 147 95 145 42 10 122 21 17 33 74 33 72 83 72 28 41 46 22 109 31 109 5 13 17 92 105 19 105 7 76 34 125 175 91 175 125 77 139 12 3 65 3 12 153 66 153 73 89 26 89 23 197 16 57 1 57 142 199 39 199 142 136 85 75 11 121 49 40 100 134 44 134 100 35 184 69 184 40 158 2 65 61 70 61 14 29 174 93 38 93 174 56 36 2 78 2 27 2 33 7 149 8 128 45 128 8 67 71 148 94 160 138 79 4 79 90 0
100
0 0
13 13
44 44
70 70
95 95
23 23
34 34
39 39
41 41
69 69
1 1
8 8
11 11
19 19
25 25
27 27
38 38
58 58
80 80
94 94
98 98
3 3
4 4
10 10
20 20
29 29
31 31
47 47
66 66
74 74
83 83
88 88
91 91
7 7
15 15
16 16
18 18
21 21
22 22
24 24
26 26
30 30
35 35
36 36
37 37
40 40
45 45
48 48
50 50
52 52
55 55
60 60
64 64
71 71
73 73
77 77
78 78
81 81
85 85
92 92
97 97
2 2
5 5
6 6
9 9
12 12
14 14
17 17
28 28
32 32
33 33
42 42
43 43
46 46
49 49
51 51
53 53
54 54
56 56
57 57
59 59
61 61
62 62
63 63
65 65
67 67
68 68
72 72
75 75
76 76
79 79
82 82
84 84
86 86
87 87
89 89
90 90
93 93
96 96
99 99
