69 6 36 115 101 131 135 127 5 163 195 188 1 59 1 31 0 64 128 149 87 46 30 52 37 82 191 33 121 192 113 158 1 118 53 194 2 100 80 72 106 71 166 63 74 165 11 146 1 104 1 51 193 0 162 171 58 3 133 185 132 1 160 26 119 24 150 83 77 197 147 112 97 50 3 110 14 148 99 44 186 134 190 198 81 2 16 90 0 117 27 25 56 69
77
90 90
148 148
112 112
50 50
191 191
117 117
119 119
113 113
51 51
74 74
192 192
52 52
58 58
83 83
110 110
165 165
195 195
97 97
82 82
101 101
128 128
133 133
197 197
127 127
147 147
72 72
149 149
99 99
53 53
185 185
71 71
135 135
193 193
186 186
158 158
81 81
16 16
150 150
198 198
25 25
80 80
30 30
31 31
77 77
194 194
132 132
146 146
64 64
27 27
188 188
166 166
24 24
115 115
44 44
33 33
100 100
162 162
118 118
26 26
190 190
131 131
63 63
134 134
121 5 121
56 56
104 104
87 87
14 14
37 37
106 106
160 160 2
46 46
163 163
59 59 1
171 171
11 11
36 36
