73 96 15 79 15 48 13 40 16 85 16 40 13 48 32 1 77 14 17 10 17 93 64 11 33 82 33 18 76 18 19 1 50 71 9 98 21 98 9 57 44 49 74 66 31 86 29 84 81 91 78 34 53 94 53 34 55 83 29 22 88 27 88 100 60 46 75 46 99 62 65 62 12 34 58 25 90 68 1 5 38 8 38 96 73
49
44 44
76 76
94 94
85 85
10 10
21 21
25 25
8 8
78 78
82 82
12 12
22 22
48 48
66 66
71 71
5 5
11 11
14 14
19 19
46 46 99
84 84
27 27
34 34
49 49
50 50
65 65
68 68
74 74
79 79
81 81
83 83
86 86
93 93
96 96
98 98
100 100
1 1
9 9
13 13
15 15
18 18
29 29
33 33
53 53
57 57
75 75
77 77
90 90
91 91
