48 20 168 109 139 185 190 8 162 123 162 196 46 196 141 129 136 152 29 152 85 39 128 56 124 2 23 2 141 199 155 143 137 143 167 143 125 174 179 102 110 154 115 10 159 120 121 19 77 164 154 53 154 197 61 34 165 38 117 38 147 36 55 47 108 72 163 173 88 173 145 118 58 164 154 7 175 7 78 138 78 185 32 64 106 170 3 170 122 176 40 16 98 101 98 67 98 103 57 151 45 107 133 93 133 107 177 158 96 181 135 147 94 182 113 69 113 78 119 126 92 149 74 66 191 45 107 87 90 25 171 25 42 9 129 194 157 194 193 52 156 180 51 5 51 84 60 30 11 79 21 148 81 35 81 59 174 73 186 73 48
99
48 48
52 52
23 23
120 120
21 21
175 175
60 60
64 64
136 136
177 177
58 58
123 123
3 3
16 16
110 110
74 74
190 190
181 181
93 93
109 109
36 36
137 137
56 56
117 117
25 25
138 138
19 19
157 157
186 186
182 182
46 46
125 125
115 115
34 34
191 191
180 180
151 151
35 35
179 179
85 85
108 108
141 141
11 11
197 197
101 101
87 87
69 69
88 88
145 145
167 167
53 53
126 126
5 5
103 103
67 98 67
29 29
38 38
20 20
9 9
163 163
164 164
170 170
55 55
149 149
40 40
194 194
135 135
7 7
133 133
156 156
73 73
84 84
158 158
185 185
176 176
193 193
113 113
119 119
42 42
10 10
2 2
66 66
152 152
154 154
129 129
90 90
196 196
199 199
78 78
143 143
118 118
165 165
155 155
171 171
147 147
79 79
148 148
39 39
107 107
