gucdicwxmb epdwcjuvdr vugkhjygfe ahqdrcepub vugkhjygfe qzdrdcxoib wtyqwjwskq gwnccktgki seeyrseflx gwnccktgki ztplgyvqhm gwnccktgki yiwwdwbzth oggftsricu yiwwdwbzth siatqqydwf tvuprbwofb lbuiysostx lkvobxyfca jedsthbmzo zpybghfdbe xtvbrolacp psiebvskfb zumetrybth psiebvskfb xtvbrolacp tgbmxdmvwe gkcfktyute zjbarjhmau gkcfktyute evdoyagqfp jqtguzxxsl rnpokwoqgt iwdghbmiai rnpokwoqgt zpjhxyylhb koawdpgqdx zpjhxyylhb vkrlpmybdj vugkhjygfe epdwcjuvdr gucdicwxmb
19
zjbarjhmau xawkqmfmmx zjbarjhmau
seeyrseflx seeyrseflx
zumetrybth zumetrybth
iwdghbmiai iwdghbmiai
lkvobxyfca lkvobxyfca
oggftsricu oggftsricu
ahqdrcepub ahqdrcepub
koawdpgqdx zpjhxyylhb koawdpgqdx
evdoyagqfp evdoyagqfp
tvuprbwofb tvuprbwofb
ztplgyvqhm ztplgyvqhm
wtyqwjwskq wtyqwjwskq
vkrlpmybdj vkrlpmybdj
epdwcjuvdr epdwcjuvdr
yiwwdwbzth yiwwdwbzth
psiebvskfb psiebvskfb
rnpokwoqgt rnpokwoqgt
gkcfktyute gkcfktyute
vugkhjygfe vugkhjygfe
