mdyuzxshey vkrlpmybdj zmfuudfatm vkrlpmybdj jatkaoyfxb bnmegnfgii jatkaoyfxb zumetrybth ebqxbaqnmm ljhmnbaicr owusjcmdkp oewptytlja nwlccbonas oewptytlja knfzsnhzvx xftptyrlvl jedsthbmzo xftptyrlvl yiwwdwbzth jqtguzxxsl hadchvmijq wynbxuuxru hadchvmijq jqtguzxxsl yiwwdwbzth wtyqwjwskq bswhowadhl oegfbrwyrp tgbmxdmvwe oegfbrwyrp lbuiysostx sjtuxgdwms fznfvsgjhc lkvobxyfca oggftsricu lnicnhmajr chjuuxuacs euqbrkzdsw chjuuxuacs lnicnhmajr owusjcmdkp ljhmnbaicr ebqxbaqnmm kdujdjjwot zjbarjhmau bulywvvpni lndsfxewdc mswyvpdrsy lndsfxewdc zpybghfdbe psiebvskfb zpybghfdbe cmdqzmgvfi qydclznxrd cmdqzmgvfi qfbvncxldf cmdqzmgvfi tmrnpjqnxx wtlzrefwav hsjqtjkukk smwxdupkdv koawdpgqdx unihwwnyqz qepegujmaa xtvbrolacp qepegujmaa unihwwnyqz koawdpgqdx aokbiptbzc smwxdupkdv hsjqtjkukk wtlzrefwav jrmlkfexfk gllungmori rkyixxpcbx eooyfwmxln rkyixxpcbx optviwhmbr ixyurvbpvu gwnccktgki ixyurvbpvu uooysjrxsb seeyrseflx vugkhjygfe seeyrseflx uooysjrxsb ixyurvbpvu siatqqydwf ahqdrcepub lazlsvgukx ahqdrcepub siatqqydwf bulywvvpni zjbarjhmau wkwwcqjtxf qcktwemqbm tvcolajnao vkrlpmybdj mdyuzxshey mysadifwma mdyuzxshey
49
mdyuzxshey mdyuzxshey
xtvbrolacp xtvbrolacp
vugkhjygfe vugkhjygfe
jedsthbmzo jedsthbmzo
tgbmxdmvwe tgbmxdmvwe
eooyfwmxln eooyfwmxln
euqbrkzdsw euqbrkzdsw
ahqdrcepub ahqdrcepub
qfbvncxldf qfbvncxldf
aokbiptbzc aokbiptbzc
wynbxuuxru wynbxuuxru
ljhmnbaicr ljhmnbaicr
mswyvpdrsy mswyvpdrsy
gwnccktgki gwnccktgki
wtyqwjwskq wtyqwjwskq
qcktwemqbm qcktwemqbm
bnmegnfgii bnmegnfgii
nwlccbonas nwlccbonas
fznfvsgjhc fznfvsgjhc
optviwhmbr optviwhmbr
kdujdjjwot kdujdjjwot
gllungmori gllungmori
lbuiysostx lbuiysostx
wtlzrefwav wtlzrefwav
lnicnhmajr lnicnhmajr
psiebvskfb psiebvskfb
zumetrybth zumetrybth
knfzsnhzvx knfzsnhzvx
jqtguzxxsl jqtguzxxsl
zmfuudfatm zmfuudfatm
bulywvvpni bulywvvpni
qepegujmaa qepegujmaa
qydclznxrd qydclznxrd
xftptyrlvl xftptyrlvl
lkvobxyfca lkvobxyfca
lndsfxewdc lndsfxewdc
koawdpgqdx koawdpgqdx
owusjcmdkp owusjcmdkp
seeyrseflx seeyrseflx
rkyixxpcbx rkyixxpcbx
lazlsvgukx lazlsvgukx
ebqxbaqnmm ebqxbaqnmm
vkrlpmybdj vkrlpmybdj
oewptytlja oewptytlja
mysadifwma mysadifwma
zjbarjhmau zjbarjhmau
hadchvmijq hadchvmijq
cmdqzmgvfi cmdqzmgvfi
jatkaoyfxb jatkaoyfxb
