0 75 78 75 185 187 186 77 116 77 101 102 108 82 80 105 100 15 165 168 117 166 117 128 125 39 35 38 35 37 36 37 35 120 122 120 47 183 180 182 181 182 180 190 192 190 154 64 110 57 56 57 55 195 197 195 179 124 184 159 149 104 145 148 145 95 97 95 87 95 40 43 40 42 41 42 186 132 131 132 141 142 141 72 144 69 54 189 74 160 162 161 162 160 137 136 137 135 52 135 138 135 99 120 123 67 66 12 11 12 10 13 2 28 2 34 134 139 44 94 170 172 170 90 92 91 92 90 55 58 32 30 65 68 65 27 118 27 25 20 150 152 150 114 104 17 16 17 113 110 0 3 0 130 133 130 0
98
36 36
11 11
91 91
16 16
161 161
131 131
181 181
136 136
41 41
123 123
58 58
97 97
116 116
142 142
122 122
28 28
72 72 129
38 38
172 172
87 87
108 108
187 187
197 197
148 148
138 138
183 183
56 56
168 168
68 68
101 101
43 43
118 118
13 13
152 152
184 184 79
128 128
78 78
133 133
192 192
15 15
166 166
113 113
52 52
66 66
37 37
132 132
179 179
182 182
114 114
32 32
20 20
39 39
27 27
94 94
92 92
17 17
139 139
55 55
186 186
102 102
141 141
12 12
82 82
154 154
2 2
105 105
160 160
30 30
144 144
180 180
149 149
145 145
57 57
54 54
189 189
195 195
3 3
134 134
124 124
104 104
64 64
25 25
65 65
47 47
99 99
100 100
95 95
35 35
159 159
110 110
67 67
74 74
69 69
42 42
44 44
120 120
135 135
125 125
