10 50 112 111 109 108 107 106 104 103 102 101 99 98 97 96 94 93 92 91 89 88 87 86 84 83 82 81 79 78 77 76 74 73 72 71 69 68 67 66 64 63 62 61 196 198 199 197 59 58 57 56 190 191 193 192 54 53 52 51 184 185 186 187 50 10 22 23 25 21 11 29 15 12 7 37 36 39 38 42 43 35 34 8 6 32 41 2 3 5 1 10
87
1 1
2 2
3 3
5 5
6 6
7 7
8 8
11 11
12 12
15 15
21 21
22 22
23 23
25 25
29 29
32 32
34 34
35 35
36 36
37 37
38 38
39 39
41 41
42 42
43 43
51 51
52 52
53 53
54 54
56 56
57 57
58 58
59 59
61 61
62 62
63 63
64 64
66 66
67 67
68 68
69 69
71 71
72 72
73 73
74 74
76 76
77 77
78 78
79 79
81 81
82 82
83 83
84 84
86 86
87 87
88 88
89 89
91 91
92 92
93 93
94 94
96 96
97 97
98 98
99 99
101 101
102 102
103 103
104 104
106 106
107 107
108 108
109 109
111 111
112 112
184 184
185 185
186 186
187 187
190 190
191 191
192 192
193 193
196 196
197 197
198 198
199 199
