OYUinzd4zxVxIptSBcML xtyNkgmQQDlFdBVfN1o5 wDv7iczN6LiK2xDJOu0N mSL1gwuFl7ezuWmYhoWX 6YPXen0OkUAjsBQbugH8 5dLU2ihY8weFRtdH0NCX ugVnD0zzPxsfEn932v1t 0rs0of9LUAzWTuABwTnG TOlchSnWWkR7rRWP9Cdc 4R5nKw333ATOizKdSrav knZxc5ZrIrcQzv054Pss jVnJVrQfkUuQ5PfgtD65 lM0uQphyVNPO90DR8P6A ysFvkOBVEgTOFmcR2xc1 0Y8GuXeRCg3UQ8iw3rJM paxbzGIrGUKuLL8gNR12 n14fgY77RxYuy7mkbJU1 5euTHFaulIyTMDOpAOiL C4iWe9yR2mvfNmTv1Ujg 29cQGjH4xgr2WjuBLLEb 3SpSgYRcx99pESu1D9Wi 2LHGJx7lje13o5VgjaWa dVfyZ8osOWlPeWeMnteY 7sEAL87eVGtPRFGU7wZL KRZBWx1Sd8wB0uU3QWeQ 2mMEW336zlvoabKQ0Mze OYUinzd4zxVxIptSBcML
25
6YPXen0OkUAjsBQbugH8 6YPXen0OkUAjsBQbugH8
4R5nKw333ATOizKdSrav 4R5nKw333ATOizKdSrav
5dLU2ihY8weFRtdH0NCX 5dLU2ihY8weFRtdH0NCX
3SpSgYRcx99pESu1D9Wi 3SpSgYRcx99pESu1D9Wi
C4iWe9yR2mvfNmTv1Ujg C4iWe9yR2mvfNmTv1Ujg
knZxc5ZrIrcQzv054Pss knZxc5ZrIrcQzv054Pss
ysFvkOBVEgTOFmcR2xc1 ysFvkOBVEgTOFmcR2xc1
jVnJVrQfkUuQ5PfgtD65 jVnJVrQfkUuQ5PfgtD65
paxbzGIrGUKuLL8gNR12 paxbzGIrGUKuLL8gNR12
xtyNkgmQQDlFdBVfN1o5 xtyNkgmQQDlFdBVfN1o5
2mMEW336zlvoabKQ0Mze 2mMEW336zlvoabKQ0Mze
TOlchSnWWkR7rRWP9Cdc TOlchSnWWkR7rRWP9Cdc
lM0uQphyVNPO90DR8P6A lM0uQphyVNPO90DR8P6A
0rs0of9LUAzWTuABwTnG 0rs0of9LUAzWTuABwTnG
5euTHFaulIyTMDOpAOiL 5euTHFaulIyTMDOpAOiL
mSL1gwuFl7ezuWmYhoWX mSL1gwuFl7ezuWmYhoWX
2LHGJx7lje13o5VgjaWa 2LHGJx7lje13o5VgjaWa
29cQGjH4xgr2WjuBLLEb 29cQGjH4xgr2WjuBLLEb
wDv7iczN6LiK2xDJOu0N wDv7iczN6LiK2xDJOu0N
KRZBWx1Sd8wB0uU3QWeQ KRZBWx1Sd8wB0uU3QWeQ
dVfyZ8osOWlPeWeMnteY dVfyZ8osOWlPeWeMnteY
0Y8GuXeRCg3UQ8iw3rJM 0Y8GuXeRCg3UQ8iw3rJM
n14fgY77RxYuy7mkbJU1 n14fgY77RxYuy7mkbJU1
ugVnD0zzPxsfEn932v1t ugVnD0zzPxsfEn932v1t
7sEAL87eVGtPRFGU7wZL 7sEAL87eVGtPRFGU7wZL
