destitute Goodrich jewel Injun stanza Auberge diligent swingy midget funny Gilmore tate swordfish Hewlett transpiration shroud choice fatten trill yogurt creekside septillion Isfahan balustrade MN Bernini extractor mediate Fisk anvil McCall papal McCall bobble Amtrak connubial schedule slowdown amateur minion Dominican embassy Halstead Andersen illusion Bernini Modesto Vega Andersen Elizabethan ripe Darwin Rio Loomis Hindi Dominican destitute
48
fatten fatten
Fisk Fisk
swordfish swordfish
schedule schedule
tate tate
balustrade balustrade
yogurt yogurt
swingy swingy
McCall McCall
minion minion
stanza stanza
anvil anvil
Modesto Modesto
Gilmore Gilmore
creekside creekside
Darwin Darwin
MN MN
amateur amateur
Hindi Hindi
Vega Vega
Halstead Halstead
mediate mediate
illusion illusion
shroud shroud
ripe ripe
midget midget
trill trill
Elizabethan Elizabethan
extractor extractor
Rio Rio
connubial connubial
jewel jewel
funny funny
Hewlett Hewlett decor
Isfahan Isfahan
diligent diligent
papal papal
bobble bobble
Auberge Auberge
transpiration transpiration
Dominican Bleeker Dominican
Loomis Loomis
Andersen Andersen
slowdown slowdown
embassy embassy
Injun Injun
choice choice
septillion septillion
