woebegone Amtrak sinh Durango Reilly Durango Hewlett Durango bifurcate update icon combine coarse atom involuntary spill mitre involuntary backplate encumbrance slowdown yearn funny wingspread bacteria limpkin imperishable Tucson funny McCall septillion McCall diligent numerology viscous bunch stanza administer anvil fulsome thirteen transonic Simon Goodrich Simon Darwin catenate transfuse trimester postscript archive sphalerite noon Halstead exothermic Injun dreadnought monotonous MN casserole renaissance casserole felony tate felony equipping Irvin babysat Curtis anvil connubial Winchester bat directory Curtis illusion griddle Auberge Sicilian deduce Curtis funny yogurt Simon Rodney Auberge Amtrak swordfish funky millennium inform secondary archive limitate PDP Stephen simulate Gilmore encumbrance thoroughfare Isfahan Irvin relaxation confrontation midstream bunch oriole Halstead Sunday silage Elizabethan whatsoever embroil Rio shovel choice lexicon Modesto Durango Vega December thirteen broil barnacle archive explosion Durango Irvin mack Zorn December Fisk mediate Fisk swingy dull Elizabethan papal car softball archive Wheller limitate Tucson extrovert Andersen MN woebegone
100
Andersen Andersen
Auberge Auberge
Curtis Curtis
Darwin Darwin
December December
Durango Durango
Fisk Fisk
Gilmore Gilmore
Goodrich Goodrich
Hewlett Hewlett
Irvin Irvin
Isfahan Isfahan
McCall McCall
Modesto Modesto
PDP PDP
Reilly Reilly
Rodney Rodney
Simon Simon
Stephen Stephen
Sunday Sunday
Tucson Tucson
Vega Vega
Wheller Wheller
Winchester Winchester
Zorn Zorn
administer administer
anvil anvil
archive archive
babysat babysat
backplate backplate
barnacle barnacle
bat bat
bifurcate bifurcate
broil broil
bunch bunch
car car
casserole casserole
catenate catenate
choice choice
coarse coarse
connubial connubial
deduce deduce
diligent diligent
directory directory
dreadnought dreadnought
dull dull
embroil embroil
equipping equipping
exothermic exothermic
explosion explosion
extrovert extrovert
felony felony
fulsome fulsome
funky funky
funny funny
griddle griddle
icon icon
illusion illusion
imperishable imperishable
inform inform
involuntary involuntary
limitate limitate
mack mack
mediate mediate
midstream midstream
millennium millennium
mitre mitre
monotonous monotonous
noon noon
numerology numerology
oriole oriole
papal papal
postscript postscript
relaxation relaxation
renaissance renaissance
secondary secondary
septillion septillion
shovel shovel
silage silage
simulate simulate
sinh sinh
slowdown slowdown
softball softball
sphalerite sphalerite
spill spill
stanza stanza
swingy swingy
swordfish swordfish
tate tate
thirteen thirteen
thoroughfare thoroughfare
transfuse transfuse
transonic transonic
trimester trimester
update update
viscous viscous
whatsoever whatsoever
wingspread wingspread
yearn yearn
yogurt yogurt
