1 40 87 40 117 40 15 85 15 12 59 12 116 12 11 65 11 23 55 23 108 23 14 75 14 25 80 25 39 52 39 48 58 48 42 89 42 104 42 10 76 10 35 84 35 92 35 45 74 45 122 45 24 134 24 88 24 10 132 10 26 100 26 121 26 4 51 4 118 4 2 81 2 62 2 29 96 29 129 29 5 90 5 93 5 48 68 48 39 57 39 32 135 32 139 32 21 138 21 82 21 47 113 47 141 47 11 142 11 13 109 13 79 13 25 86 25 14 105 14 34 50 34 77 34 41 106 41 137 41 3 112 3 97 3 22 71 22 16 91 16 133 16 22 94 22 9 72 9 73 9 38 61 38 111 38 31 70 31 143 31 44 102 44 114 44 18 63 18 36 110 36 130 36 30 101 30 95 30 6 119 6 37 99 37 125 37 19 53 19 98 19 27 78 27 17 60 17 66 17 43 136 43 64 43 27 140 27 6 126 6 28 83 28 131 28 7 107 7 120 7 18 69 18 46 144 46 54 46 33 67 33 20 115 20 124 20 33 127 33 15 103 15 8 123 8 56 8 1
95
1 49 128
74 74
62 62
60 60
135 135
113 113
51 51
106 106
90 90
88 88
63 63
75 75
89 89
67 67
76 76
96 96
50 50
70 70
119 119
65 65
82 82
97 97
115 115
79 79
52 52
59 59
61 61
91 91
55 55
84 84
64 64
54 54
80 80
85 85
83 83
102 102
87 87
100 100
58 58
53 53
110 110
95 95
71 71
78 78
107 107
99 99
56 56
57 57
66 66
68 68
69 69
77 77
81 81
86 86
92 92
93 93
94 94
98 98
101 101
103 103
104 104
105 105
108 108
109 109
111 111
112 112
114 114
116 116
117 117
118 118
120 120
121 121
122 122
123 123
124 124
125 125
126 126
127 127
129 129
130 130
131 131
132 132
133 133
134 134
136 136
137 137
138 138
139 139
140 140
141 141
142 142
143 143
144 144
72 72
73 73
