1 11 bvxxxl 11 dfkzik 11 5 xzpwqp 5 jjhfbf 5 9 dgndkq 9 eaxqgg 9 7 zfpeyb 7 obygpx 7 3 fncbor 3 dwtmye 3 10 atjnbp 10 itizxl 10 1 mxfjog 1 eecyyi 1 4 aiahrn 4 adnqny 4 6 bdkbsl 6 htnufq 6 8 qmdppc 8 qmrpna 8 2 wdukvg 2 hkmvzs 2 1
22
eecyyi eecyyi
mxfjog mxfjog
wdukvg wdukvg
hkmvzs hkmvzs
fncbor fncbor
dwtmye dwtmye
aiahrn aiahrn
adnqny adnqny
jjhfbf jjhfbf
xzpwqp xzpwqp
htnufq htnufq
bdkbsl bdkbsl
zfpeyb zfpeyb
obygpx obygpx
qmrpna qmrpna
qmdppc qmdppc
dgndkq dgndkq
eaxqgg eaxqgg
itizxl itizxl
atjnbp atjnbp
dfkzik dfkzik
bvxxxl bvxxxl
