6Zg7j6t8kt ka4cgDWgq7 GSDEYlNcCM 4JtfcKJvHu SDcTVr32JM 4ViGHxfdlc dyS1o5lQHD OpwMnuSGmp uXkvSfF7Kv pm1Yq2dCLL iyQiEnpG35 pm1Yq2dCLL 1iUrZ2N0MA UgxUR9jKcJ NgxnYo41LY 4lUeyqYb0U NgxnYo41LY cqCbnI2bkr b3jUAAPOlA cqCbnI2bkr SDcTVr32JM I1RTFIGWhc TH1GgoG5GU vCSWEyz4PC KpPj50fAfy EZQ9HUGjRN OR78sPVsV9 4RZs4XFvF9 G05S6XZiBa 1koyFI8rlU Octagmmhko TH1GgoG5GU I1RTFIGWhc YrPP1U1r20 7cteJXIZM1 YrPP1U1r20 ckEVpwA8CD YQKcyMibnc ckEVpwA8CD YrPP1U1r20 Iroa6leixY tvKOOMQ7Sv rCrtLJTXdv fbxiHLAsv4 79JJ9GZF8c fhmE7A9rVl 0gqiqztWgj 4ViGHxfdlc MpRNDD0glq lrFRnKniRv ka4cgDWgq7 GSDEYlNcCM 97dvK2Az7S Dkc5CxJ6RV 97dvK2Az7S MImiDijd1o VWD9Yy5Xrg zH4Z0p0Ftj vD4d0BZ03p 8pgnfE3xKu OGWcs2X8pk 8pgnfE3xKu oRs9wR3IGE 8pgnfE3xKu wXTrLT9dUx dojrtYXceT YZKJeBb8Pe gSP0irArmo N08DpqDewo gSP0irArmo M9d0z6OccV 79JJ9GZF8c s8EkvbOYAX 1iUrZ2N0MA ESDdDChkYw 1aPtXDhYtV wXTrLT9dUx 6Zg7j6t8kt
49
YQKcyMibnc YQKcyMibnc
G05S6XZiBa G05S6XZiBa
b3jUAAPOlA b3jUAAPOlA
OpwMnuSGmp OpwMnuSGmp
Dkc5CxJ6RV Dkc5CxJ6RV
vCSWEyz4PC vCSWEyz4PC
fhmE7A9rVl fhmE7A9rVl
4JtfcKJvHu 4JtfcKJvHu H0NdoJawvz
iyQiEnpG35 iyQiEnpG35
7cteJXIZM1 7cteJXIZM1
zH4Z0p0Ftj zH4Z0p0Ftj
tvKOOMQ7Sv tvKOOMQ7Sv
ESDdDChkYw ESDdDChkYw
oRs9wR3IGE oRs9wR3IGE
4lUeyqYb0U 4lUeyqYb0U
Octagmmhko Octagmmhko
N08DpqDewo N08DpqDewo
MpRNDD0glq MpRNDD0glq
YZKJeBb8Pe YZKJeBb8Pe
EZQ9HUGjRN EZQ9HUGjRN
M9d0z6OccV M9d0z6OccV
OGWcs2X8pk OGWcs2X8pk
UgxUR9jKcJ UgxUR9jKcJ
s8EkvbOYAX s8EkvbOYAX
I1RTFIGWhc I1RTFIGWhc
fbxiHLAsv4 fbxiHLAsv4
GSDEYlNcCM GSDEYlNcCM
uXkvSfF7Kv uXkvSfF7Kv
4RZs4XFvF9 4RZs4XFvF9
Iroa6leixY Iroa6leixY
dojrtYXceT dojrtYXceT
ckEVpwA8CD ckEVpwA8CD
1aPtXDhYtV 1aPtXDhYtV
ka4cgDWgq7 ka4cgDWgq7
1koyFI8rlU 1koyFI8rlU
KpPj50fAfy KpPj50fAfy
0gqiqztWgj 0gqiqztWgj
97dvK2Az7S 97dvK2Az7S
VWD9Yy5Xrg VWD9Yy5Xrg
wXTrLT9dUx wXTrLT9dUx
4ViGHxfdlc 4ViGHxfdlc
lrFRnKniRv lrFRnKniRv
vD4d0BZ03p vD4d0BZ03p
8pgnfE3xKu 8pgnfE3xKu
TH1GgoG5GU TH1GgoG5GU
79JJ9GZF8c 79JJ9GZF8c
cqCbnI2bkr cqCbnI2bkr
NgxnYo41LY NgxnYo41LY
YrPP1U1r20 YrPP1U1r20
