ctUVEJSyNR Z82QDWb0Pr 7d3UA4fKWz 8Jejdr7ynm QwY2G6aX6c VbPBW7rmhF UphA2uAaYC vzXeZbLrSW f91pUtm9EZ MuYreynm57 VbPBW7rmhF RLF9v27sOQ T3o9dNVbcG TDmNOuGJBk MzId8uwrPz sY3UqAEMG3 HG8olhhcTZ BtCEVbHoQI I4iTN5KXjB TDmNOuGJBk HTp005294X IU0Ia8127Z HTp005294X VBTKstUXwG 8UaR4YpZys VBTKstUXwG uVIshS2g8a qg08r1Pg6g uVIshS2g8a zUWT7uduzq MuYreynm57 osdKgXyg1e gLI8ArV2Ui oPQmRUijH5 6lpxgUxCxO jKpmFoejPZ uVIshS2g8a U5XdtBFGOe Z82QDWb0Pr ctUVEJSyNR
25
U5XdtBFGOe U5XdtBFGOe
8UaR4YpZys 8UaR4YpZys
zUWT7uduzq zUWT7uduzq
6lpxgUxCxO 6lpxgUxCxO
Z82QDWb0Pr Z82QDWb0Pr
VBTKstUXwG VBTKstUXwG
osdKgXyg1e osdKgXyg1e
oPQmRUijH5 oPQmRUijH5
I4iTN5KXjB I4iTN5KXjB
T3o9dNVbcG T3o9dNVbcG
8Jejdr7ynm 8Jejdr7ynm
gLI8ArV2Ui gLI8ArV2Ui
HG8olhhcTZ HG8olhhcTZ
IU0Ia8127Z IU0Ia8127Z
MuYreynm57 MuYreynm57
7d3UA4fKWz 7d3UA4fKWz
qg08r1Pg6g qg08r1Pg6g
RLF9v27sOQ RLF9v27sOQ
TDmNOuGJBk TDmNOuGJBk
MzId8uwrPz MzId8uwrPz
BtCEVbHoQI BtCEVbHoQI
QwY2G6aX6c QwY2G6aX6c
vzXeZbLrSW vzXeZbLrSW
f91pUtm9EZ f91pUtm9EZ
UphA2uAaYC UphA2uAaYC
