153 170 15 129 12 34 7 93 188 36 120 47 58 99 178 145 53 50 68 118 169 35 178 23 90 180 177 137 41 108 79 172 26 85 136 7 146 51 182 143 135 194 115 16 126 183 86 4 86 13 196 192 124 126 7 20 89 50 167 49 96 74 28 152 199 168 57 134 150 85 11 199 119 81 19 97 52 179 13 83 183 171 50 40 82 2 187 160 37 83 127 7 56 24 98 88 81 122 50 163 83 8 40 147 42 180 3 197 180 70 89 140 83 195 0 105 43 105 138 61 29 131 51 60 112 105 161 21 184 137 95 77 199 5 192 29 85 156 50 128 96 89 113 78 153
100
153 153
61 61
163 163
93 93
40 40
112 112
179 179
68 68
194 194
42 42
4 4
29 29
3 3
184 184
196 196
127 127
178 178
168 168
187 187
95 95
195 195
37 37
180 180
74 74
49 49
126 126
96 96
15 15
169 169
79 79
43 43
156 156
136 136
177 177
8 8
19 19
113 113
60 60
36 36
171 171
119 119
98 98
140 140
188 188
34 34
23 23
131 131
182 182
134 134
20 20
56 56
99 99
152 152
161 161
53 53
129 129
147 147
83 83
86 86
11 11
26 26
145 145
5 5
58 58
16 16
52 52
28 28
170 170
81 81
118 118
160 160
108 108
35 35
197 197
122 122
137 137
50 50
70 70
7 7
2 2
146 146
138 138
128 128
21 21
167 167
13 13
90 90
77 77
89 89
12 12
47 47
0 0
172 172
135 135
124 124
88 88
192 192
120 120
41 41
150 150
