3xgrfvks bt3xcgwcd6c uqc3avv5 bt3xcgwcd6c kr5jy4uyjt 4418l7vdyv 4l424khddum 4418l7vdyv d3y7jq 8evxiqgcp69n d3y7jq d5podyx2rn1o m5uyvxo2h lrleda ag29aqlop ho87zq94a914a ag29aqlop b9zxvj22sc dooatf4 t42r85mht8ru pxtk2 5ed169a5jrt 45bp6qh d8hwo5pi i3la5wvv4 nbvknr it92vprqk ual3asit it92vprqk ifmqwyt6x 1huq1df 3xgrfvks
23
m5uyvxo2h m5uyvxo2h
pxtk2 pxtk2
ho87zq94a914a ho87zq94a914a
8evxiqgcp69n 8evxiqgcp69n
1huq1df 1huq1df
i3la5wvv4 i3la5wvv4
lrleda lrleda
nbvknr nbvknr
kr5jy4uyjt kr5jy4uyjt
4l424khddum 4l424khddum
bt3xcgwcd6c bt3xcgwcd6c
d3y7jq d3y7jq
ifmqwyt6x ifmqwyt6x
5ed169a5jrt 5ed169a5jrt
45bp6qh 45bp6qh
uqc3avv5 uqc3avv5
ag29aqlop ag29aqlop
it92vprqk it92vprqk
dooatf4 dooatf4
d5podyx2rn1o d5podyx2rn1o
b9zxvj22sc b9zxvj22sc
ual3asit ual3asit
4418l7vdyv 4418l7vdyv
