htb26qt wqkqf 1161ildqnj pwqxinlzb3s hwu8dv9jgknbm 6k7du uzsjpl5f5 dt4ljfgjkizpq ozag34bm9 9lvbrlgk kwtb3cg 9egqgrh7x4e y3eg7gqq6 s9vu9xx884 dlkmpx yr44oj2 i6lsw66h wqkqf ht1efrhmh ilaz9q ysiw8m4l nd9xavj zou7sx9w pmyqr fgkuly81y vl6czuab 3khitn6 hyc885fvjls pt2n7hl e7lxs f92ere3 tjwldi euhqqqmdpe pt2n7hl fej54ps5j 8jea4n4ez ynuam4f8 og6n7bgq8h piawzpgtzz9 7pbkkbbpw grn3uqx9y tu8xxomxhi hc2hf5t8 nm7ud 1jhmm8m85 qvfndvc og6n7bgq8h p9mtts yx6dguko 5stwoup art44ncra 37v6d 7hz6j8 zjh83ae yhp7wbv9 ml5lp1nmef 87jxa 52a3fj2zh 9oii82xaa wqkqf k3qywmpr h1gz5hzz xpxnortd obabms vrem3ey3kg44 hq5mh8mi iffsi mw8g2qjo1 1ca2x2cnc ic2r4blmm9 pxudbw3kn ay5sahonq84 mucolb1r eb3m8w2lan yhvc7zg g2g6fxcwr2l x73l73jp ozag34bm9 6u4sf1gi ushjdkdhm9 b8apl2kn 8gc7dka8lfy txlltgki ben42py9 8m3pascg kxhc6t8tu yg6hizqty kxhc6t8tu 4w6uhigzl gd5ct4 itrx5fucdq l8yypbh 4ka6l1c8w 812l47wm 4ka6l1c8w aplkk57cpzm q42s9z886w5 wqkqf htb26qt
81
yg6hizqty yg6hizqty
yx6dguko yx6dguko a5u8g4sej
y3eg7gqq6 y3eg7gqq6
ushjdkdhm9 ushjdkdhm9
g2g6fxcwr2l g2g6fxcwr2l
hwu8dv9jgknbm hwu8dv9jgknbm
yhp7wbv9 yhp7wbv9
ynuam4f8 ynuam4f8
nd9xavj nd9xavj
4ka6l1c8w 4ka6l1c8w
obabms obabms
dlkmpx dlkmpx
mw8g2qjo1 mw8g2qjo1
i6lsw66h i6lsw66h
e7lxs e7lxs
9lvbrlgk 9lvbrlgk
vl6czuab vl6czuab
txlltgki txlltgki
7pbkkbbpw 7pbkkbbpw
hyc885fvjls hyc885fvjls
piawzpgtzz9 piawzpgtzz9
5stwoup 5stwoup
hq5mh8mi hq5mh8mi
tjwldi tjwldi
pmyqr pmyqr
9oii82xaa 9oii82xaa
ysiw8m4l ysiw8m4l
uzsjpl5f5 uzsjpl5f5
ht1efrhmh ht1efrhmh
hc2hf5t8 hc2hf5t8
1jhmm8m85 1jhmm8m85
aplkk57cpzm aplkk57cpzm
h1gz5hzz h1gz5hzz
9egqgrh7x4e 9egqgrh7x4e
ic2r4blmm9 ic2r4blmm9
grn3uqx9y grn3uqx9y
87jxa 87jxa
4w6uhigzl 4w6uhigzl
l8yypbh l8yypbh
itrx5fucdq itrx5fucdq t4iedm
og6n7bgq8h og6n7bgq8h 59yzvtv
gd5ct4 gd5ct4
8jea4n4ez 8jea4n4ez
zou7sx9w zou7sx9w
wqkqf wqkqf
7hz6j8 7hz6j8
6k7du 6k7du
6u4sf1gi 6u4sf1gi
euhqqqmdpe euhqqqmdpe
kxhc6t8tu kxhc6t8tu
vrem3ey3kg44 vrem3ey3kg44
ay5sahonq84 ay5sahonq84
art44ncra art44ncra
yr44oj2 yr44oj2
pwqxinlzb3s pwqxinlzb3s
yhvc7zg yhvc7zg
iffsi iffsi
ozag34bm9 ozag34bm9
p9mtts p9mtts
nm7ud nm7ud
tu8xxomxhi tu8xxomxhi
812l47wm 812l47wm
pt2n7hl pt2n7hl
kwtb3cg kwtb3cg
mucolb1r mucolb1r
zjh83ae zjh83ae
8m3pascg 8m3pascg
52a3fj2zh 52a3fj2zh
fej54ps5j fej54ps5j
3khitn6 3khitn6
dt4ljfgjkizpq dt4ljfgjkizpq
x73l73jp x73l73jp
k3qywmpr k3qywmpr
q42s9z886w5 q42s9z886w5
1161ildqnj 1161ildqnj
f92ere3 f92ere3
s9vu9xx884 s9vu9xx884
1ca2x2cnc 1ca2x2cnc
ilaz9q ilaz9q
37v6d 37v6d
8gc7dka8lfy 8gc7dka8lfy
