M2S9flVUcYP2sJdh8LXf H59EihDjhfpS7ToXFM3L E84Fbb1fDMRXU6XgwbS0 Bc6dudheE3WGLxP0iDdK LxEzX08MG9T8knIYbul0 93aDiM8K0XhtiVcCVKi2 zc2cVu7aHW2Uc4Z1tHon PZrpdQAa8H8tkrajh08J PbYOO88SokShsv7XrgBm vodEvdIApqt0N3TZsbxN EtrZREkmL456viQQJ9Rb Pqf0Sn4UvsBLaxz7WO4n 48nWZMVqWDxfH9uMf2U3 zD7ErBenXxsG4D9b5TEV 0uvEfLgT4s8ImTk9VWBt dKH5OdpmJKCU83bbXVxZ Kfu1pc3YPMGebW7Iu8ex 6t76eBKiZ6qd2L92px9I S8uMGvUglWyhnfV5Wzdp tvhjts5qETlydZX7IsvU nbZglhhmYQAPQz4eETaj MtQDjkLToWj4d53MMhKG pNXWB5geApaSjbsCCT4J Dt5YfbjQq6VoKnyw6Zav m1IYiQsUBuvvpTv7yWXO fmFrd4vggNac5TkiFJAd XmlH4l2BXG35TF70bZqZ NMTjl1jsvrb7y2ggdCSc PbYOO88SokShsv7XrgBm W4IxjYZtRN88GGSV9Uoc PbYOO88SokShsv7XrgBm Z8MZ2JfftjeVVnGFSOQe PbYOO88SokShsv7XrgBm LNMZej67uy0Whvqp5OR1 MtQDjkLToWj4d53MMhKG k7k4sHxeh1pR4sOjcVuj Eu0wGcDBBrgvePzHfqrS ECCnzlgsMEvTYjNwAlfM uy6RcQAYd3ATM1Icq3my LxEzX08MG9T8knIYbul0 dOKaHsIcDX32wPXAX2Gt zdtRVpQ9lVyEhNj9Evpp gZVNRDm5p6aX5QEEX8UG vxiwkV1b5fV2sGCBFsRQ 5gumrx48u1yPpF6ivPOI yHMPX8vHctuUweyLluyz oWxP87H6AXwFzF0dpB9d 4bQwji0D4wyEDLd54MWv LxEzX08MG9T8knIYbul0 jgcWqrcniA4q9WNs9xkc 9Jr76N4fnNot7SNYqBKG 9GrchmlNCDIapQ9OnEYh Dc1wEVV3kuOZotG6pNlL 8KfYYXeMqM0D4nShLOzi v0QJIKD4q7sFXrzFSb6J sZojFweTE55bBWYz0Tda tUowOUG1V7iCXBCMR0AT sZojFweTE55bBWYz0Tda L8bxdxuDa5issn2PiN3u yZPIHwySFuIdRJCMzjnz 9GrchmlNCDIapQ9OnEYh tVhIJJgs0kEFaQx1hdWm MtQDjkLToWj4d53MMhKG Z0DuoZMcx6oyDPWFznMK PbYOO88SokShsv7XrgBm cdaizmjQrCe5Vnwy3JQF sH3pvLOfMUrEGUrmsHCu M2S9flVUcYP2sJdh8LXf
49
M2S9flVUcYP2sJdh8LXf M2S9flVUcYP2sJdh8LXf
vxiwkV1b5fV2sGCBFsRQ vxiwkV1b5fV2sGCBFsRQ
yZPIHwySFuIdRJCMzjnz yZPIHwySFuIdRJCMzjnz
NMTjl1jsvrb7y2ggdCSc NMTjl1jsvrb7y2ggdCSc
0uvEfLgT4s8ImTk9VWBt 0uvEfLgT4s8ImTk9VWBt
Eu0wGcDBBrgvePzHfqrS Eu0wGcDBBrgvePzHfqrS
9GrchmlNCDIapQ9OnEYh 9GrchmlNCDIapQ9OnEYh
pNXWB5geApaSjbsCCT4J pNXWB5geApaSjbsCCT4J
Z0DuoZMcx6oyDPWFznMK Z0DuoZMcx6oyDPWFznMK
cdaizmjQrCe5Vnwy3JQF cdaizmjQrCe5Vnwy3JQF
fmFrd4vggNac5TkiFJAd fmFrd4vggNac5TkiFJAd
PZrpdQAa8H8tkrajh08J PZrpdQAa8H8tkrajh08J
LxEzX08MG9T8knIYbul0 LxEzX08MG9T8knIYbul0
jgcWqrcniA4q9WNs9xkc jgcWqrcniA4q9WNs9xkc
W4IxjYZtRN88GGSV9Uoc W4IxjYZtRN88GGSV9Uoc
S8uMGvUglWyhnfV5Wzdp S8uMGvUglWyhnfV5Wzdp
Bc6dudheE3WGLxP0iDdK Bc6dudheE3WGLxP0iDdK
gZVNRDm5p6aX5QEEX8UG gZVNRDm5p6aX5QEEX8UG
zD7ErBenXxsG4D9b5TEV zD7ErBenXxsG4D9b5TEV
k7k4sHxeh1pR4sOjcVuj k7k4sHxeh1pR4sOjcVuj
m1IYiQsUBuvvpTv7yWXO m1IYiQsUBuvvpTv7yWXO
tUowOUG1V7iCXBCMR0AT tUowOUG1V7iCXBCMR0AT
nbZglhhmYQAPQz4eETaj nbZglhhmYQAPQz4eETaj
L8bxdxuDa5issn2PiN3u L8bxdxuDa5issn2PiN3u Jjat3uJ5XboI9kZe0522
zdtRVpQ9lVyEhNj9Evpp zdtRVpQ9lVyEhNj9Evpp
Dt5YfbjQq6VoKnyw6Zav Dt5YfbjQq6VoKnyw6Zav
ECCnzlgsMEvTYjNwAlfM ECCnzlgsMEvTYjNwAlfM
48nWZMVqWDxfH9uMf2U3 48nWZMVqWDxfH9uMf2U3
oWxP87H6AXwFzF0dpB9d oWxP87H6AXwFzF0dpB9d
tVhIJJgs0kEFaQx1hdWm tVhIJJgs0kEFaQx1hdWm
Kfu1pc3YPMGebW7Iu8ex Kfu1pc3YPMGebW7Iu8ex
EtrZREkmL456viQQJ9Rb EtrZREkmL456viQQJ9Rb
sH3pvLOfMUrEGUrmsHCu sH3pvLOfMUrEGUrmsHCu
Z8MZ2JfftjeVVnGFSOQe Z8MZ2JfftjeVVnGFSOQe
LNMZej67uy0Whvqp5OR1 LNMZej67uy0Whvqp5OR1
yHMPX8vHctuUweyLluyz yHMPX8vHctuUweyLluyz
dOKaHsIcDX32wPXAX2Gt dOKaHsIcDX32wPXAX2Gt
vodEvdIApqt0N3TZsbxN vodEvdIApqt0N3TZsbxN
H59EihDjhfpS7ToXFM3L H59EihDjhfpS7ToXFM3L
v0QJIKD4q7sFXrzFSb6J v0QJIKD4q7sFXrzFSb6J
9Jr76N4fnNot7SNYqBKG 9Jr76N4fnNot7SNYqBKG
XmlH4l2BXG35TF70bZqZ XmlH4l2BXG35TF70bZqZ
4bQwji0D4wyEDLd54MWv 4bQwji0D4wyEDLd54MWv
Pqf0Sn4UvsBLaxz7WO4n Pqf0Sn4UvsBLaxz7WO4n
uy6RcQAYd3ATM1Icq3my uy6RcQAYd3ATM1Icq3my
93aDiM8K0XhtiVcCVKi2 93aDiM8K0XhtiVcCVKi2
dKH5OdpmJKCU83bbXVxZ dKH5OdpmJKCU83bbXVxZ
8KfYYXeMqM0D4nShLOzi 8KfYYXeMqM0D4nShLOzi
5gumrx48u1yPpF6ivPOI 5gumrx48u1yPpF6ivPOI
