100 51 1 2 1 28 1 26 1 29 1 25 1 30 1 24 1 31 1 23 1 32 1 22 1 33 1 21 1 34 1 20 1 36 1 18 1 37 1 17 1 38 1 16 1 39 1 15 1 40 1 14 1 41 1 13 1 42 1 12 1 44 1 10 1 45 1 9 1 46 1 8 1 47 1 7 1 48 1 6 1 50 1 4 1 27 1 3 1 19 1 35 1 43 1 11 1 49 1 5 1 51 100
49
2 2
3 3
4 4
5 5
6 6
7 7
8 8
9 9
10 10
11 11
12 12
13 13
14 14
15 15
16 16
17 17
18 18
19 19
20 20
21 21
22 22
23 23
24 24
25 25
26 26
27 27
28 28
29 29
30 30
31 31
32 32
33 33
34 34
35 35
36 36
37 37
38 38
39 39
40 40
41 41
42 42
43 43
44 44
45 45
46 46
47 47
48 48
49 49
50 50
