Jacksonville Milwaukee Tucson Milwaukee Nashville ElPaso Nashville VirginiaBeach ColoradoSprings Chicago Philadelphia Oakland Albuquerque Tulsa Minneapolis Tulsa Detroit Columbus Tucson Milwaukee Austin Raleigh Memphis Raleigh LosAngeles Indianapolis SanJose Boston SanJose FortWorth OklahomaCity Phoenix Oakland LongBeach LasVegas Seattle Portland Arlington Louisville Atlanta Fresno Atlanta SanFrancisco Atlanta Jacksonville
25
Jacksonville Jacksonville
Seattle Seattle
Indianapolis Indianapolis
LongBeach LongBeach
VirginiaBeach VirginiaBeach
Boston Boston
Albuquerque Albuquerque
ElPaso ElPaso
Columbus Columbus
Fresno Fresno
Memphis Memphis
LasVegas LasVegas
Minneapolis Minneapolis
Portland Portland
FortWorth FortWorth
SanFrancisco SanFrancisco
Louisville Louisville
Philadelphia Philadelphia
Tucson Tucson
Austin Austin
SanJose SanJose
Phoenix Phoenix
Tulsa Tulsa
Atlanta Atlanta
LosAngeles LosAngeles
