SaintPaul SanJose SanDiego Tampa Houston Stockton Milwaukee StPetersburg Henderson StPetersburg Milwaukee Columbus Glendale Hialeah OklahomaCity Bakersfield Minneapolis Lincoln JerseyCity Lexington Fresno Spokane Fresno Plano Chandler NewOrleans Minneapolis Omaha Aurora Austin SanAntonio Austin ElPaso Houston Chesapeake Lubbock StPetersburg Cincinnati Fresno Cleveland Laredo Miami Madison Omaha Minneapolis Charlotte Phoenix Durham LosAngeles Pittsburgh SantaAna Durham WinstonSalem Oakland Atlanta Jacksonville Tulsa Denver Detroit Tucson Raleigh Tucson Dallas LongBeach Baltimore LongBeach FortWorth Louisville Newark FortWayne Anchorage FortWayne OklahomaCity Atlanta LasVegas Indianapolis LasVegas Austin Honolulu Memphis Honolulu Scottsdale Newark Irvine SaintPaul
50
Newark Newark
Plano Plano
Scottsdale Scottsdale
Denver Denver
Honolulu Honolulu
SanAntonio SanAntonio
Durham Durham
Lexington Lexington
FortWorth FortWorth
Henderson Henderson
Austin Austin
FortWayne FortWayne
Baltimore Baltimore
Houston Houston
Glendale Glendale
Pittsburgh Pittsburgh
SanDiego SanDiego
Tucson Tucson
WinstonSalem WinstonSalem
SanJose SanJose
SantaAna SantaAna
Hialeah Hialeah
Lincoln Lincoln
LongBeach LongBeach
Charlotte Charlotte
Spokane Spokane
Milwaukee Milwaukee
Atlanta Atlanta
Laredo Laredo
Chesapeake Chesapeake
Dallas Dallas
Stockton Stockton
Columbus Columbus
Memphis Memphis
JerseyCity JerseyCity
Phoenix Phoenix
StPetersburg StPetersburg
Chandler Chandler
Indianapolis Indianapolis
Lubbock Lubbock
Bakersfield Bakersfield
Tampa Tampa
Anchorage Anchorage
Raleigh Raleigh
NewOrleans NewOrleans
OklahomaCity OklahomaCity
ElPaso ElPaso
Aurora Aurora
Madison Madison
Cincinnati Cincinnati
