Hernandezville Joelview Farmerside Ralphtown Stricklandbury Tylermouth Deanstad Tylermouth Stricklandbury Ralphtown Garciaport Charlesburgh Angelaview Charlesburgh Garciaport Ralphtown Farmerside Ryanton Williamsmouth Mcdonaldmouth Adkinsfurt Mcdonaldmouth Williamsmouth Johnstonmouth Williamsmouth Ryanton Farmerside Joelview Hernandezville Beckyshire Ponceville Garymouth Christophertown Crystaltown Johnsontown Crystaltown Christophertown Garymouth Camposstad Donaldstad Thomastown Donaldstad Camposstad Williamsville Camposstad Garymouth Ponceville Beckyshire Derekton Wallaceville Morenoside Johnport Morenoside Amberfurt Morenoside Wallaceville Derekton Thomaschester Mcfarlandville Belindamouth Mcfarlandville Thomaschester Derekton Beckyshire Ponceville Mcculloughchester Crystalchester Smithmouth Robertborough Smithmouth Crystalchester Mcculloughchester Jonestown Kellyfort Pittsland Kellyfort Tinatown Kellyfort Jonestown Barbarachester Jonesberg Barbarachester Jonestown Mcculloughchester Ponceville Bridgesville Esparzaberg Kristinbury Allenberg Kristinbury Esparzaberg Thomasburgh Johnsonmouth Thomasburgh Sanchezland Thomasburgh Esparzaberg Bridgesville Riveramouth Bradshawside Wandaside Bradshawside Riveramouth Martinton Brianland Martinton Deborahfort Martinton Riveramouth Bridgesville Dennisstad Wilsonburgh Harristown Wilsonburgh Josephton Wilsonburgh Dennisstad Bridgesville Ponceville Beckyshire Hernandezville Joelview Mitchellchester Lopezmouth Heathermouth Emilymouth Heathermouth Lopezview Robertsfort Lopezview Heathermouth Lopezmouth Dixonton Keithton Andrewland Keithton Aprilstad Keithton Dixonton Francesmouth Richardville Francesmouth Dixonton Lopezmouth Mitchellchester Sheabury Maysfort Huynhton Maysfort Sheabury Mitchellchester Joelview Farmerside Gabriellabury Murphyberg Hendersonchester Murphyberg Gabriellabury Courtneyfurt Morrisbury Courtneyfurt Contrerasland Courtneyfurt Gabriellabury Farmerside Joelview Downsville Williammouth Haasville Williammouth Downsville Richardhaven Tammychester Rebeccaton Tammychester Richardhaven Downsville Joelview Hernandezville
48
Angelaview Angelaview
Adkinsfurt Adkinsfurt
Pittsland Pittsland
Deanstad Deanstad
Deborahfort Deborahfort
Richardville Richardville
Johnsontown Johnsontown
Thomastown Thomastown
Robertsfort Robertsfort
Allenberg Allenberg
Harristown Harristown
Rebeccaton Rebeccaton
Contrerasland Contrerasland
Amberfurt Amberfurt
Robertborough Smithmouth Robertborough
Belindamouth Belindamouth
Wandaside Wandaside
Huynhton Huynhton
Andrewland Andrewland
Haasville Haasville
Hendersonchester Hendersonchester
Jonesberg Barbarachester Jonesberg
Johnstonmouth Johnstonmouth
Johnsonmouth Johnsonmouth
Williamsville Williamsville
Emilymouth Emilymouth
Morrisbury Morrisbury
Johnport Johnport
Brianland Brianland
Aprilstad Aprilstad
Josephton Josephton
Tinatown Tinatown
Sanchezland Sanchezland
Mcdonaldmouth Mcdonaldmouth
Charlesburgh Charlesburgh
Tammychester Tammychester
Bradshawside Bradshawside
Crystaltown Crystaltown
Martinton Martinton
Francesmouth Francesmouth
Donaldstad Donaldstad
Tylermouth Tylermouth
Wilsonburgh Wilsonburgh
Lopezview Lopezview
Keithton Keithton
Kellyfort Kellyfort
Thomasburgh Thomasburgh
Kristinbury Kristinbury
