0 23 88 64 50 63 0 48 15 72 0 61 0 30 8 45 42 38 28 19 37 35 83 9 52 6 24 46 89 29 82 40 2 31 66 86 97 59 5 12 75 0 33 76 84 90 55 34 57 25 4 60 79 17 87 95 2 18 11 0 56 67 39 96 27 99 92 54 49 26 65 98 77 68 81 20 53 62 0 44 85 1 58 69 43 80 3 0 21 93 1 74 41 32 7 0 78 14 36 94 71 10 70 16 0 13 51 22 47 91 73 0
100
0 0
25 25
66 66
27 27
29 29
90 90
69 69
32 32
20 20
47 47
30 30
2 2
67 67
37 37
54 54
36 36
74 74
46 46
38 38
95 95
86 86
7 7
16 16
84 84
3 3
35 35
45 45
71 71
93 93
11 11
58 58
13 13
52 52
99 99
73 73
62 62
63 63
68 68
82 82
91 91
14 14
97 97
57 57
72 72
94 94
43 43
17 17
19 19
41 41
53 53
70 70
96 96
75 75
77 77
21 21
22 22
89 89
33 33
55 55
85 85
24 24
26 26
42 42
88 88
92 92
48 48
49 49
1 1
18 18
31 31
39 39
40 40
78 78
10 10
28 28
50 50
51 51
56 56
59 59
60 60
81 81
98 98
44 44
61 61
8 8
34 34
80 80
5 5
76 76
79 79
6 6
23 23
83 83
87 87
12 12
4 4
64 64
9 9
15 15
65 65
