K B A GD A EN C EJ BX DP GL GR EO E EV CY H EG AG GG A AF ED GC F X J CW BB L BQ CK FH CJ BR E GK FR A CQ FG BI DB P EC FE FV J BO FJ BP EA EM DX GJ B GI CT GF EQ CE FP Y DS DH AN F DC U AJ DK DI A DG EL B M BL DV BF R AS D Z GO FI V BY BE G BA CB FZ T EK GE A FO AX I DZ AB A FM BG A FU FX DR C EZ M EH F CM G AW AH EU B BJ FD AM CF D FS H K
100
B B
G G
I I
L L
M M
P P
R R
T T
U U
V V
X X
Y Y
Z Z
AB AB
AF AF
AG AG
AH AH
AJ AJ
AM AM
AN AN
AS AS
AW AW
AX AX
BA BA
BB BB
BE BE
BF BF
BG BG
BI BI
BJ BJ
BL BL
BO BO
BP BP
BQ BQ
BR BR
BX BX
BY BY
CB CB
CE CE
CF CF
CJ CJ
CK CK
CM CM
CQ CQ
CT CT
CW CW
CY CY
DB DB
DC DC
DG DG
DH DH
DI DI
DK DK
DP DP
DR DR
DS DS
DV DV
DX DX
DZ DZ
EA EA
EC EC
ED ED
EG EG
EH EH
EJ EJ
EK EK
EL EL
EM EM
EN EN
EO EO
EQ EQ
EU EU
EV EV
EZ EZ
FD FD
FE FE
FG FG
FH FH
FI FI
FJ FJ
FM FM
FO FO
FP FP
FR FR
FS FS
FU FU
FV FV
FX FX
FZ FZ
GC GC
GD GD
GE GE
GF GF
GG GG
GI GI
GJ GJ
GK GK
GL GL
GO GO
GR GR
