dldkilltnmhfepsteins msddkilllthepsteinfn dlfdkilltepsteinhnms fhnmkillepsteinsdltd lepsteindnhstfdmkill tdkillepsteinsmhdfnl epsteintfhndkilllmsd tdnfmdhepsteinslkill lkilldtnmsepsteindfh tsmdepsteinkillhfdln killfthnmsdlepsteind tsmdepsteinkillhfdln depsteinlfnmkilldsht tldkillhsfnmepsteind depsteinftndhmkillsl dmtlsfhnkilldepstein thdlskillnfdmepstein lepsteinkilldhfmstnd shdepsteinftkillnlmd hepsteinnfmtlkilldds killtepsteinddhlmnsf hepsteinnfmtlkilldds ldfsmnepsteinkilltdh dkillldfepsteintsmnh dlshdtepsteinnkillfm dkillldfepsteintsmnh killtdslhfdepsteinnm slepsteinkillfmddhtn dhkillldsepsteintnmf lhepsteintndkilldsmf dhkillldsepsteintnmf sdndhepsteinltkillfm dfkilllepsteinsnmhtd epsteinhdkillltsmfdn mdkillntepsteindfhsl dmldfhskillntepstein mdkillntepsteindfhsl tndskilldfepsteinmhl dkillnmsfhtlepsteind ndkillthdepsteinlsmf ndshkilldmlepsteinft lmkillepsteintsndfhd ndshkilldmlepsteinft shfnmltepsteindkilld depsteintkilllnmsfdh hepsteinntdkillsdmfl lmkillepsteintsndfhd lhsntdepsteindkillmf mdkillnlsdtepsteinhf nftmskilldldepsteinh fthlkillnepsteindsdm sepsteindhmnltkillfd dtnkillsepsteinmdfhl lkillfthdsepsteindnm nsepsteinfmdkillhldt hnskillepsteintfdmld hnsepsteinmkillfddtl killmdshdtnflepstein fdskillndtmepsteinlh killmdshdtnflepstein fthlkillnepsteindsdm thnkillmddsepsteinfl fthlkillnepsteindsdm depsteinftndhmkillsl hepsteinnfdmlsdtkill depsteinftndhmkillsl epsteindkilltlmnhsfd nlsdepsteinkilltfhdm hdntepsteinkilllsdfm mhkillepsteinddlfsnt hdntepsteinkilllsdfm dkillnmhldstfepstein skillmfepsteinthddnl killepsteinfdlhdtnms dhtepsteinkillsdflmn hnsepsteinmkillfddtl dhmkillfdltnsepstein mhdskillldftnepstein fhkillddlnmtsepstein killdldepsteinmfsthn dnldkillhmfstepstein killdldepsteinmfsthn epsteinfthkilldnslmd mdkilllfdnstepsteinh epsteinfthkilldnslmd ntmdhepsteinsdkillfl fddsmepsteintnkillhl mndtkillepsteindlfhs fddsmepsteintnkillhl dhsepsteintlkillmfnd lepsteindsmnhftdkill epsteinldtnfmshdkill thnkillmddsepsteinfl mkilldlshdtfepsteinn epsteinhnkillsldfdmt nmdhepsteinkilltfsld epsteinhnkillsldfdmt mkilldlshdtfepsteinn nfltdmkillsdepsteinh killhtdmdlnsfepstein hmdkilllnepsteinfsdt msepsteintlhnfkilldd sldhnfmtdkillepstein tepsteinhsdkillmldfn sldhnfmtdkillepstein fhdmnepsteindkillslt sldhnfmtdkillepstein tdfkillslepsteinhdmn tsdnhkilllmepsteindf killdepsteinmfltdshn dflstmkillepsteindhn lsmftnepsteinkillhdd hkilllepsteinnstfddm killmfndshdtepsteinl depsteinslkillhdftmn killthsepsteindmlfdn nepsteindhkillltmsfd sndldftmkillepsteinh tldmepsteindkillfhsn ltfnsdhepsteinkilldm tepsteinmdfldhnskill ltfnsdhepsteinkilldm killtdmsdfhnepsteinl dlshdtepsteinnkillfm hnddkilltslmfepstein fmltddhnepsteinskill epsteinfsltkillnhddm dhkillldsepsteintnmf fsepsteindkillhmtdln epsteinlmkillfshnddt killfsdndhtmepsteinl dfdepsteintlnskillhm ldepsteindhkilltsmfn mfndlsdepsteinhkillt dsftepsteindhkillmnl sdlhfnmdepsteintkill dsftepsteindhkillmnl mfndlsdepsteinhkillt fdmtdepsteinkilllsnh mdkilllfdnstepsteinh lkillepsteintdshmfnd mdkilllfdnstepsteinh killhdfnsepsteinmltd fsepsteindkillhmtdln skillthlfndepsteindm mkillthfdlnepsteinds dtsmdnlhfepsteinkill epsteinsnmflhtdkilld tldmepsteindkillfhsn nlsdepsteinkilltfhdm fmtnkilldepsteindhsl mkillldnhepsteinstfd fmtnkilldepsteindhsl hsepsteinfkillnmddtl epsteindmshtfldnkill hmndfkillslepsteintd nmkilllepsteintdsdfh dldkilltnmhfepsteins
99
tepsteinmdfldhnskill tepsteinmdfldhnskill
lkillepsteintdshmfnd lkillepsteintdshmfnd
mndtkillepsteindlfhs mndtkillepsteindlfhs
tdfkillslepsteinhdmn tdfkillslepsteinhdmn
lepsteinkilldhfmstnd lepsteinkilldhfmstnd
dhtepsteinkillsdflmn dhtepsteinkillsdflmn
epsteindkilltlmnhsfd epsteindkilltlmnhsfd
mkillldnhepsteinstfd mkillldnhepsteinstfd
ndshkilldmlepsteinft ndshkilldmlepsteinft
sdlhfnmdepsteintkill sdlhfnmdepsteintkill
sndldftmkillepsteinh sndldftmkillepsteinh
ldfsmnepsteinkilltdh ldfsmnepsteinkilltdh
nmdhepsteinkilltfsld nmdhepsteinkilltfsld
skillthlfndepsteindm skillthlfndepsteindm
mdkillnlsdtepsteinhf mdkillnlsdtepsteinhf
dtnkillsepsteinmdfhl dtnkillsepsteinmdfhl
hnskillepsteintfdmld hnskillepsteintfdmld
hepsteinnfdmlsdtkill hepsteinnfdmlsdtkill
dmldfhskillntepstein dmldfhskillntepstein
ldepsteindhkilltsmfn ldepsteindhkilltsmfn
dflstmkillepsteindhn dflstmkillepsteindhn
lhepsteintndkilldsmf lhepsteintndkilldsmf
hmndfkillslepsteintd hmndfkillslepsteintd
slepsteinkillfmddhtn slepsteinkillfmddhtn
fhdmnepsteindkillslt fhdmnepsteindkillslt
dhsepsteintlkillmfnd dhsepsteintlkillmfnd
killfthnmsdlepsteind killfthnmsdlepsteind
fmltddhnepsteinskill fmltddhnepsteinskill
depsteinslkillhdftmn depsteinslkillhdftmn
dkillnmsfhtlepsteind dkillnmsfhtlepsteind
epsteinsnmflhtdkilld epsteinsnmflhtdkilld
depsteintkilllnmsfdh depsteintkilllnmsfdh
killtepsteinddhlmnsf killtepsteinddhlmnsf
thnkillmddsepsteinfl thnkillmddsepsteinfl
msepsteintlhnfkilldd msepsteintlhnfkilldd
dfkilllepsteinsnmhtd dfkilllepsteinsnmhtd
nepsteindhkillltmsfd nepsteindhkillltmsfd
epsteinfthkilldnslmd epsteinfthkilldnslmd
killhdfnsepsteinmltd killhdfnsepsteinmltd
nfltdmkillsdepsteinh nfltdmkillsdepsteinh
killtdmsdfhnepsteinl killtdmsdfhnepsteinl
tdkillepsteinsmhdfnl tdkillepsteinsmhdfnl
ndkillthdepsteinlsmf ndkillthdepsteinlsmf
fhnmkillepsteinsdltd fhnmkillepsteinsdltd
dnldkillhmfstepstein dnldkillhmfstepstein
dhmkillfdltnsepstein dhmkillfdltnsepstein
dlshdtepsteinnkillfm dlshdtepsteinnkillfm
skillmfepsteinthddnl skillmfepsteinthddnl
lhsntdepsteindkillmf lhsntdepsteindkillmf
tsdnhkilllmepsteindf tsdnhkilllmepsteindf
ltfnsdhepsteinkilldm ltfnsdhepsteinkilldm
fmtnkilldepsteindhsl fmtnkilldepsteindhsl
tepsteinhsdkillmldfn tepsteinhsdkillmldfn
tldkillhsfnmepsteind tldkillhsfnmepsteind
fdskillndtmepsteinlh fdskillndtmepsteinlh
dkillnmhldstfepstein dkillnmhldstfepstein
hnsepsteinmkillfddtl hnsepsteinmkillfddtl
dmtlsfhnkilldepstein dmtlsfhnkilldepstein
killmfndshdtepsteinl killmfndshdtepsteinl
epsteinlmkillfshnddt epsteinlmkillfshnddt
fdmtdepsteinkilllsnh fdmtdepsteinkilllsnh
lepsteindnhstfdmkill lepsteindnhstfdmkill
hsepsteinfkillnmddtl hsepsteinfkillnmddtl
mdkillntepsteindfhsl mdkillntepsteindfhsl
mkillthfdlnepsteinds mkillthfdlnepsteinds
epsteinldtnfmshdkill epsteinldtnfmshdkill
epsteinhnkillsldfdmt epsteinhnkillsldfdmt
nftmskilldldepsteinh nftmskilldldepsteinh
dlfdkilltepsteinhnms dlfdkilltepsteinhnms
killdepsteinmfltdshn killdepsteinmfltdshn
epsteintfhndkilllmsd epsteintfhndkilllmsd
epsteinhdkillltsmfdn epsteinhdkillltsmfdn
dtsmdnlhfepsteinkill dtsmdnlhfepsteinkill
hmdkilllnepsteinfsdt hmdkilllnepsteinfsdt
killthsepsteindmlfdn killthsepsteindmlfdn
lsmftnepsteinkillhdd lsmftnepsteinkillhdd
fddsmepsteintnkillhl fddsmepsteintnkillhl
epsteindmshtfldnkill epsteindmshtfldnkill
sdndhepsteinltkillfm sdndhepsteinltkillfm
mhdskillldftnepstein mhdskillldftnepstein
killdldepsteinmfsthn killdldepsteinmfsthn
dfdepsteintlnskillhm dfdepsteintlnskillhm
mhkillepsteinddlfsnt mhkillepsteinddlfsnt
lmkillepsteintsndfhd lmkillepsteintsndfhd
depsteinftndhmkillsl depsteinftndhmkillsl
msddkilllthepsteinfn msddkilllthepsteinfn
thdlskillnfdmepstein thdlskillnfdmepstein
tsmdepsteinkillhfdln tsmdepsteinkillhfdln
killtdslhfdepsteinnm shfnmltepsteindkilld killtdslhfdepsteinnm
sldhnfmtdkillepstein sldhnfmtdkillepstein
mdkilllfdnstepsteinh mdkilllfdnstepsteinh
tndskilldfepsteinmhl tndskilldfepsteinmhl
lkilldtnmsepsteindfh lkilldtnmsepsteindfh
killhtdmdlnsfepstein killhtdmdlnsfepstein
fsepsteindkillhmtdln fsepsteindkillhmtdln
mkilldlshdtfepsteinn mkilldlshdtfepsteinn
ntmdhepsteinsdkillfl ntmdhepsteinsdkillfl
hepsteinntdkillsdmfl hepsteinntdkillsdmfl
depsteinlfnmkilldsht depsteinlfnmkilldsht
