149 100 105 109 111 109 105 103 104 102 101 100 149 000 001 002 013 024 025 026 025 024 031 044 036 037 038 048 047 036 044 031 024 015 006 015 024 013 002 001 000 149 100 107 116 115 117 126 117 116 119 140 142 140 125 123 122 121 116 107 100 149 060 062 070 067 069 070 071 068 071 070 062 054 059 054 053 056 066 056 053 050 051 054 063 065 063 064 063 090 097 096 097 090 091 090 063 072 073 085 073 086 084 088 087 089 087 086 074 075 076 080 076 081 076 077 078 083 078 079 063 054 051 060 149
36
006 006
026 026
031 031
037 037
048 048
050 050
053 053
054 054
056 056
059 059
060 060
064 064
065 065
066 066
067 067
068 068
069 069
078 078
079 079
080 080
081 081
083 083
085 085
086 086
088 088
089 089
091 091
096 096
097 097
103 103
104 104
111 111
115 115
123 123
126 126
142 142
