BatonRouge Burbank Anchorage Aberdeen Bethlehem Albany Aberdeen Amarillo Aberdeen BoiseCity Aberdeen Aurora Barnstable Abilene Atlanta Berkeley Arvada Albuquerque Boston Boulder AtlanticCity Buffalo Aberdeen Bradenton Cambridge Abilene Beaumont AnnArbor Bryan Birmingham BatonRouge
25
BatonRouge BatonRouge
Berkeley Berkeley
Boulder Boulder
Albany Albany
Boston Boston
Beaumont Beaumont
Arvada Arvada
BoiseCity BoiseCity
Barnstable Barnstable
Anchorage Anchorage
Cambridge Cambridge
AtlanticCity AtlanticCity
Abilene Abilene
Bethlehem Bethlehem
Bryan Bryan
Amarillo Amarillo
Aurora Aurora
Albuquerque Albuquerque
Buffalo Buffalo
Bradenton Bradenton
Atlanta Atlanta
Burbank Burbank
Aberdeen Aberdeen
AnnArbor AnnArbor
Birmingham Birmingham
