FortCollins Hollywood Erie Arvada Aberdeen Albuquerque Aberdeen Akron Elizabeth Bakersfield AnnArbor Baltimore BonitaSprings Fargo FortWaltonBeach Amarillo Alexandria AppleValley Allentown Bremerton Grayslake Detroit Lacey Irving Cary Fremont Brighton Elkhart Henderson Atlanta Manchester Leominster Aberdeen Hickory Inglewood Lubbock Louisville Anchorage Lancaster Fairfield Akron Evansville Danbury Chicago Abilene Bradenton Dallas Jefferson Augusta Gilbert Barnstable Aberdeen Abilene Burbank Indianapolis Garland GrandRapids Abilene LasCruces Joliet Akron Layton Denver DesMoines Chandler ColoradoSprings Austin Cleveland Kennewick Anaheim Harlingen Aberdeen Champaign Harrisburg Fontana Aberdeen Irvine DavidsonCounty Berkeley CapeCoral Aberdeen ElMonte Frederick Hampton Lafayette Lakewood Aberdeen CollegeStation ElPaso Boise Allentown Brownsville Fayetteville Appleton DalyCity Houston Fresno Kalamazoo Aberdeen Jacksonville Beaumont Bethlehem Eugene BoiseCity Albuquerque LittleRock Akron Abilene Lorain CedarRapids Bellevue Lakeland Aberdeen Independence Hemet Knoxville FortCollins
99
FortCollins FortCollins
Atlanta Atlanta
Cary Cary
Appleton Appleton
CapeCoral CapeCoral
Fontana Fontana
Augusta Augusta
Lakewood Lakewood
Abilene Abilene
Alexandria Alexandria
Beaumont Beaumont
CedarRapids CedarRapids
ElMonte ElMonte
ElPaso ElPaso
GrandRapids GrandRapids
Chandler Chandler
Kalamazoo Kalamazoo
Danbury Danbury
Irvine Irvine
DavidsonCounty DavidsonCounty
Chicago Chicago
Burbank Burbank
Lubbock Lubbock
Grayslake Grayslake
Hollywood Hollywood
Lakeland Lakeland
AnnArbor AnnArbor
Brownsville Brownsville
BoiseCity BoiseCity
Fremont Fremont
AppleValley AppleValley
Gilbert Gilbert
Lacey Lacey
Albuquerque Albuquerque
DalyCity DalyCity
Cleveland Cleveland
Frederick Carrollton Frederick
LasCruces LasCruces
BonitaSprings BonitaSprings
Aberdeen Aberdeen
Evansville Evansville
Harrisburg Harrisburg
Hemet Hemet
Dallas Dallas
Manchester Manchester
Indianapolis Indianapolis
DesMoines DesMoines
LittleRock LittleRock
Erie Erie
Amarillo Amarillo
Irving Irving
Bellevue Bellevue
Garland Garland
Lorain Lorain
Champaign Champaign
Inglewood Inglewood
Fresno Fresno
Anchorage Anchorage
ColoradoSprings ColoradoSprings
Bremerton Bremerton
FortWaltonBeach FortWaltonBeach
Detroit Detroit
Bradenton Bradenton
Lafayette Lafayette
Barnstable Barnstable
Jacksonville Jacksonville
Leominster Leominster
Berkeley Berkeley
Anaheim Anaheim
Boise Boise
Bakersfield Bakersfield
Elizabeth Elizabeth
Jefferson Jefferson
Henderson Henderson
Austin Austin
Fargo Fargo
Houston Houston
Baltimore Baltimore
Fayetteville Fayetteville
Independence Independence
Denver Denver
Elkhart Elkhart
Arvada Arvada
Hampton Hampton
Hickory Hickory
Lancaster Lancaster
Akron Akron
Fairfield Fairfield
Knoxville Knoxville
Eugene Eugene
Allentown Allentown
Layton Layton
Kennewick Kennewick
Louisville Louisville
Brighton Brighton
Harlingen Harlingen
Joliet Joliet
CollegeStation CollegeStation
Bethlehem Bethlehem
