WNYCV XTUSM UGOIO K1ZSD BC3W4 1UWW5 QSI1X F07YB 2KYXC 5I6U4 V11OW 1BUOS H212X XBRKQ HZ80H KB443 URMBF 18R1B 9HVLF GAXPM 91RFG 2FT0Z O0RCM GXYLV HR8IA OE5TB EQWAL XRQ65 F5YBY 91RFG TG5ZG ZA57Z BMC9X CUG55 H8ZPW ULCTZ 7CXN0 YMTTJ KB443 X2AM4 FZ5DP KRLTG 77EY5 QTZLJ EYREL P3DJ7 42QVU OE5TB B8UZ8 1ACIU XD7IR 65TK9 HHCET O0RCM XPFOM XDKMD 1NBGE P3DJ7 BO3AW WNYCV
50
WNYCV UUOP5
EQWAL EQWAL
ZA57Z ZA57Z
XD7IR XD7IR
H8ZPW H8ZPW
H212X H212X
QSI1X QSI1X
2KYXC 2KYXC
OE5TB OE5TB
B8UZ8 B8UZ8
1NBGE 1NBGE
TG5ZG TG5ZG
QTZLJ QTZLJ
HZ80H HZ80H
2FT0Z 2FT0Z
9HVLF 9HVLF
GXYLV GXYLV
65TK9 65TK9
UGOIO UGOIO
YMTTJ YMTTJ
1UWW5 1UWW5
V11OW V11OW
XBRKQ XBRKQ
BMC9X BMC9X
BO3AW BO3AW
X2AM4 X2AM4
HR8IA HR8IA
XRQ65 XRQ65
KRLTG KRLTG
XPFOM XPFOM
F07YB F07YB
42QVU 42QVU
1BUOS 1BUOS
ULCTZ ULCTZ
GAXPM GAXPM
CUG55 CUG55
EYREL EYREL
HHCET HHCET
URMBF URMBF
5I6U4 5I6U4
91RFG 91RFG
F5YBY F5YBY
1ACIU 1ACIU
XDKMD XDKMD
XTUSM XTUSM
77EY5 77EY5
7CXN0 7CXN0
KB443 KB443
K1ZSD K1ZSD
18R1B 18R1B
