cy4fm 7l0Vw EWhpw OFvld C565q uWr4y Cfmbw yFKGt X6hJp Vjg5l jse5F rUUVt P8Fbf vSPJ5 tao9t 8aYYW kbRYl BoNoJ wdXpe w4BF1 5rdYI FnVf8 KYsbm gk2cW P3lE7 yFKGt Xhpv3 yFKGt 6ceXl LNh60 lA2MC hOy4D Iks3D DCl5F yMPWG 1H2uK uT5W0 3iQ53 C0eRL GHZOS di7h7 KYsbm NvAYI S6OMl zQjQm 19YKC tao9t qt5AA 7XIxZ GX9Mz G6G4p Ss744 IjjWK F2nEN IjjWK nogr2 C565q cy4fm
48
cy4fm 8RNd8
G6G4p G6G4p dU1Ub
uT5W0 uT5W0
lA2MC lA2MC
P8Fbf P8Fbf
FnVf8 FnVf8
X6hJp X6hJp
BoNoJ BoNoJ
gk2cW gk2cW
nogr2 nogr2 OoKEI
P3lE7 P3lE7
C565q C565q
yMPWG yMPWG
rUUVt rUUVt
5rdYI 5rdYI
vSPJ5 vSPJ5
Iks3D Iks3D
qt5AA qt5AA
6ceXl 6ceXl
di7h7 di7h7
yFKGt yFKGt
Vjg5l Vjg5l
zQjQm zQjQm
DCl5F DCl5F
LNh60 LNh60
3iQ53 3iQ53
tao9t tao9t
KYsbm KYsbm
wdXpe wdXpe
IjjWK IjjWK
OFvld OFvld
GHZOS GHZOS
C0eRL C0eRL
hOy4D hOy4D
EWhpw EWhpw
1H2uK 1H2uK
w4BF1 w4BF1
Cfmbw Cfmbw
kbRYl kbRYl
Xhpv3 Xhpv3
19YKC 19YKC
8aYYW 8aYYW
7l0Vw 7l0Vw
F2nEN F2nEN
7XIxZ 7XIxZ
NvAYI NvAYI
uWr4y uWr4y
jse5F jse5F
