fab8g Flgse XDGuI BWyM2 iy8Ty 1pNjr pesnn gwQSf TtUXd 7J90B f5Qx2 8PY0r guI5B 4b2sA 1SvIs pnHil kCdcu FW6DI n9AEE ciJ7c Vjk2Z l0HDP 1xx4U 4Dy05 DHhK9 015ql I7fCS sF84c CT8M8 zgyDJ adW6k b4E7v TjmY2 4ORRk HKgVO cDkiZ pnHil 0YoJb TQZik KzS0e 4Dy05 tEdSo RnwlC 4Dy05 aiycm dAx9s uQK8T H6HgM 4cLlE AGorf KWmhW RhMSo Q0oXi 5Ix1v eDWES O1QPI fhc2k lJJK2 f5Qx2 nRTkO 8tK4L 8xyrX qchZ3 cm8oa xoAtW lcarA Nbb6U VUKiE GHmnJ yM9nQ VUKiE F7m3U cQMFl 1rURn RgC1Q 4GEPG Upoa8 KB016 c17Qf obqW1 nScgp rzyrR bD2TR wKKkJ f5Qx2 tQXF5 mgHYN rzyrR BybTG Bw1D7 wiGnS x8KLa VIl39 P5ucv lJfgZ PpZP8 HaHFT f5Qx2 o4F0A BJ1iC zgyDJ LBzlR Lqz0g 3FUsL ZlgGe B3NSd bepE0 G91ym g1WJz 1OpM2 Gt2w1 9u8oD 9ZatH L54Jg 3XMfZ zgyDJ 2Z0oU g1WJz HigE0 G944F rzyrR fab8g
98
fab8g fab8g fr0Bd
cDkiZ cDkiZ
iy8Ty iy8Ty
gwQSf gwQSf
8PY0r 8PY0r
Bw1D7 Bw1D7 VUKiE
RgC1Q RgC1Q
Q0oXi Q0oXi
VIl39 VIl39
H6HgM H6HgM
wKKkJ wKKkJ
7J90B 7J90B
guI5B guI5B
bD2TR bD2TR
PpZP8 PpZP8
LBzlR LBzlR
Nbb6U Nbb6U
Flgse Flgse
Gt2w1 Gt2w1
1pNjr 1pNjr
015ql 015ql
cm8oa cm8oa
8tK4L 8tK4L
BWyM2 BWyM2
G944F G944F
KzS0e KzS0e
HaHFT HaHFT
GHmnJ GHmnJ
eDWES eDWES
Vjk2Z Vjk2Z
lJJK2 lJJK2
mgHYN mgHYN
n9AEE n9AEE
4GEPG 4GEPG
tEdSo tEdSo
b4E7v b4E7v
G91ym G91ym
wiGnS wiGnS
bepE0 bepE0
2Z0oU 2Z0oU
AGorf AGorf
TQZik TQZik
FW6DI FW6DI
3XMfZ 3XMfZ
aiycm aiycm
lJfgZ lJfgZ
g1WJz g1WJz
1SvIs 1SvIs
BJ1iC BJ1iC
0YoJb 0YoJb
pesnn pesnn
CT8M8 CT8M8
KWmhW KWmhW
obqW1 obqW1
HKgVO HKgVO
O1QPI O1QPI
cQMFl cQMFl
DHhK9 DHhK9
5Ix1v 5Ix1v
yM9nQ yM9nQ
l0HDP l0HDP
kCdcu kCdcu
nScgp nScgp
1OpM2 1OpM2
lcarA lcarA
XDGuI XDGuI
adW6k adW6k
ciJ7c ciJ7c
o4F0A o4F0A
4ORRk 4ORRk
TtUXd TtUXd
nRTkO nRTkO
RhMSo RhMSo
qchZ3 qchZ3
tQXF5 tQXF5
BybTG BybTG
F7m3U F7m3U
RnwlC RnwlC
KB016 KB016
9u8oD 9u8oD
L54Jg L54Jg
dAx9s dAx9s
ZlgGe ZlgGe
c17Qf c17Qf
4b2sA 4b2sA
rzyrR rzyrR
uQK8T uQK8T
sF84c sF84c
P5ucv P5ucv
f5Qx2 f5Qx2
3FUsL 3FUsL
9ZatH 9ZatH
fhc2k fhc2k
1xx4U 1xx4U
Lqz0g Lqz0g
8xyrX 8xyrX
x8KLa x8KLa
B3NSd B3NSd
