10 58 10 92 10 13 69 68 13 23 89 3 74 75 1 41 72 3 71 3 70 2 85 84 85 32 87 86 50 33 51 3 22 91 57 9 56 19 80 23 81 22 78 79 11 44 76 77 43 8 61 60 93 39 6 97 66 40 67 98 3 89 54 55 90 2 82 83 4 63 95 94 62 25 26 96 26 65 64 14 88 30 52 30 53 15 59 10
48
70 70
94 94
66 66
65 65
81 81
74 74
50 50
91 91
77 77
52 52
90 90
93 93
79 79
68 68
85 85
83 83
72 72 73
89 89
87 87
53 53
98 98
63 63
71 71
69 69
62 62
55 55
64 64
57 57
96 96
88 88
61 61
75 75
80 80
58 58
95 95
78 78
86 86
54 54
92 92
51 51
82 82
56 56
59 59
60 60
97 97
76 76
84 84
67 67
