0 92 157 92 159 2 176 2 123 94 121 177 178 122 178 49 100 43 102 43 101 164 163 46 183 130 95 132 95 131 184 41 129 77 128 77 127 181 182 16 41 134 30 135 3 106 31 107 168 167 37 108 19 151 197 198 152 51 153 7 146 80 145 193 194 36 18 147 18 30 185 30 179 180 125 97 126 97 124 42 186 47 133 5 33 119 50 120 13 4 175 118 23 196 16 13 144 13 142 191 192 143 10 12 114 4 113 172 18 36 171 112 47 117 25 116 174 49 115 173 1 109 17 111 17 110 170 169 36 150 88 148 195 148 149 11 30 7 154 28 155 93 156 3 104 30 136 187 188 137 85 138 19 166 165 103 59 105 59 8 189 139 96 141 96 140 190 39 92 158 2 20 160 0 162 0
98
167 167
173 173
190 190
188 188
126 126
152 152
105 105
172 172
182 182
120 120
191 191
102 102
156 156
135 135
184 184
150 150
145 145
174 174
177 177
183 183
159 159
166 166
175 175
189 189
111 111
144 144
108 108
129 129
132 132
117 117
171 171
186 186
138 138
164 164
179 179
123 123
154 154
104 104
141 141
195 195
158 158
155 155
196 196
119 119
153 153
143 143
100 100
178 178
165 165
151 151
115 115
114 114
101 101
197 197
125 125
170 170
136 136
157 157
134 134
127 127
107 107
106 106
140 140
194 194
147 147
118 118
185 185
124 124
130 130
160 160 161
122 122
142 142
109 109
137 137
139 139
192 192
113 113
176 176
131 131
121 121
116 116
149 149
103 103
198 198
181 181
128 128
163 163
162 162
148 148
168 168
193 193
187 187
180 180
133 133
110 110
169 169
146 146
112 112
