Soda Gregoire Tuhuamixtel Irvine CafeTibet Sacramento Cancun FantasticComics Rasputin DKingGallery AlphaCentauri Guadalajara Emeryville Kips Tang MexicoCity Soda Myto ElGrullo Riverside SouthGate SanDiego Tuxcacuesco Evans ChezPanisse SantaBarbara Fontana LosAngeles Tijuana Jupiter BerkeleyHigh Ashby TripleRock Compton Sibley Chino Pomona Talpa BayStreet Dwinelle BAMPFA Whittier Platano InternationalHouse Cory CREAM Venus Jalisco AlphaChi Mars Upland SanMiguel Perris Cory VictoryPoint ChiOmega SanBernardino Tako Saturn BerkeleyHillel Davis DeltaDelta SigmaKappa Davis Soda
55
ChiOmega ChiOmega
SigmaKappa SigmaKappa
AlphaChi AlphaChi
DeltaDelta DeltaDelta
InternationalHouse InternationalHouse
BerkeleyHillel BerkeleyHillel
BerkeleyHigh BerkeleyHigh
Jupiter Jupiter
Mars Mars
Venus Venus
Saturn Saturn
AlphaCentauri AlphaCentauri
Gregoire Gregoire
BayStreet BayStreet
Emeryville Emeryville
Pomona Pomona
Compton Compton
Ashby Ashby
Perris Perris
Fontana Fontana
SanBernardino SanBernardino
Upland Upland
Chino Chino
Whittier Whittier
SouthGate SouthGate
Tijuana Tijuana
SanDiego SanDiego
Jalisco Jalisco
Guadalajara Guadalajara
SanMiguel SanMiguel
Tuxcacuesco Tuxcacuesco
Talpa Talpa
ElGrullo ElGrullo
MexicoCity MexicoCity
Tuhuamixtel Tuhuamixtel
Myto Myto
Kips Kips
TripleRock TripleRock
Rasputin Rasputin
CREAM CREAM
Tako Tako
Tang Tang
Cancun Cancun
DKingGallery DKingGallery
BAMPFA BAMPFA
Platano Platano
CafeTibet CafeTibet
FantasticComics FantasticComics
SantaBarbara SantaBarbara
Sacramento Sacramento
LosAngeles LosAngeles
Irvine Irvine
Riverside Riverside
VictoryPoint VictoryPoint
ChezPanisse ChezPanisse
