2 78 1 49 66 47 19 94 58 5 72 62 31 59 32 23 18 71 3 29 34 83 13 58 50 70 41 65 70 17 70 28 42 69 60 0 5 33 61 22 88 4 67 74 15 10 15 25 35 76 16 40 30 67 50 81 3 24 12 86 14 29 11 23 98 23 5 1 49 96 89 30 89 24 31 59 44 10 63 11 2
46
74 74
98 98
31 31
69 69
13 13
10 10
28 28
30 30
59 59
66 66
29 29
71 71
1 1
44 44 38
4 4
35 35
94 94
17 17
5 5
62 62
23 23
50 50
86 14 86
63 63
65 65
58 58
3 3
96 96
34 34
47 47
24 24
0 0 60
76 76
41 41
83 83
81 81
25 25
72 7 72
61 61
42 42
40 40
67 67
88 88
16 16
70 70
11 11
