5 94 39 92 39 94 20 59 42 165 193 61 173 165 63 26 35 110 188 132 11 12 38 75 30 88 168 1 58 152 58 85 18 190 16 74 31 74 170 82 27 104 171 167 146 56 133 68 133 56 35 20 61 20 11 153 87 119 9 34 76 156 76 81 19 151 43 47 43 148 41 67 119 71 178 65 180 28 149 90 159 51 2 158 80 78 100 78 179 19 88 164 140 77 143 13 189 53 17 105 25 41 115 135 10 26 154 187 33 46 48 199 166 32 166 122 185 174 101 1 99 134 116 138 69 183 51 61 138 55 102 76 45 14 69 123 1 99 96 127 22 7 18 177 37 64 191 91 191 194 50 93 157 121 52 162 103 0 196 184 85 86 44 42 137 33 4 5
93
32 32
178 178
177 177
164 164
31 31
1 1
51 51
184 184
146 146
46 46
17 17
41 41
26 26
92 92
102 102
28 28
100 100
10 10
64 64
156 156
43 43
194 194
122 122
44 44
168 168
157 157
140 140
80 80
179 179
22 22
25 25
193 193
187 187
53 53
48 48
61 61
159 159
99 99
170 170
11 11
85 85
14 14
103 103
151 151
16 16
71 71
152 152
173 173
33 33
56 56
2 2
196 196
91 91
39 39
9 9
47 47
188 188
78 78
101 101
52 52
137 137
123 123
55 55
104 104 83
199 199
154 154
149 149
37 37
75 75
135 135
18 192 18
63 63
158 158
116 50 116
162 162
20 20
76 76
143 143 77
68 68
183 183
110 110
67 67
105 105
171 171
180 180
96 96
153 138 69 153
42 42
174 174
189 189
58 58
133 133 34
81 81
