COM MHL IDN COL CAN HTI GUM HKG KAZ KWT IDN MMR NPL MMR HMD HRV LCA KOR IDN RUS SGP QAT ALB NFK NGA BMU BEN BLM BHR BOL BMU AZE BDI AZE BLR BHS BIH PRY MOZ PRY MDA PRY NRU PRT ATG AUS NIC IRL NIC ITA NIC ABW NIC LUX LAO KNA CHE PSE NRU CAF CIV BVT LKA KWT LTU LIE CPV QAT MAC QAT RWA DMA DJI MUS SGS PRK NIU CZE DEU CXR DEU CYP CZE NIU IRN IOT IRN MYS DZA MYS EGY GIB GHA GEO GAB FIN FSM ESP GGY GBR FRA ESH ECU GHA GBR GIN FSM NGA GMB NGA NFK ALA NFK JEY PAN PRY GRC HND MAR SHN COK HTI MLI MEX SDN REU AFG REU COM NER MTQ NER MYT ARM ARE POL PNG POL COG CHN SHN HUN LVA LBN JPN HUN PAK GNQ LBR SGS NZL SGS KHM SGS COM
99
FRA FRA
CYP CYP
ARM ARM
BDI BDI
CXR CXR
IRL IRL
GAB GAB
ITA ITA
ATG ATG
GHA GHA
MOZ MOZ
ARE ARE
IOT IOT
LKA LKA
MAR MAR
GIN GIN
JEY JEY
RWA RWA
BHS BHS
ALB ALB
KNA KNA
BMU BMU
DMA DMA
COG COG
EGY EGY
KAZ KAZ
PAN PAN
BEN BEN
LTU LTU
AUS AUS
CAN CAN
DZA DZA
MAC MAC
MTQ MTQ
ESP ESP
NPL NPL
HRV HRV
ALA ALA
DEU DEU
JPN JPN
PSE PSE
GBR GBR
MYT MYT
KWT KWT
MDA MDA
AFG AFG
COK COK
GRC GRC
LUX LUX
GNQ GNQ
PNG PNG
AZE AZE
RUS RUS
MEX MEX
HMD HMD
KOR KOR
ABW ABW
CIV CIV
GUM GUM
GEO GEO
GMB GMB
NIU NIU
KHM KHM
BHR BHR
BLM BLM
CHN CHN COD
DJI DJI
ECU ECU
IRN IRN
PAK PAK
NRU NRU
LBR LBR
CPV CPV
SDN SDN
HND HND
GIB GIB
PRY PRY
FSM FSM
MMR MMR
POL POL
HKG HKG
HUN HUN
NIC NIC
NZL NZL
MLI MLI
NFK NFK
COL COL
SHN SHN
REU REU
LAO LAO
IDN IDN
LIE LIE
NER NER
FIN FIN
LBN LBN
ESH ESH
HTI HTI
CAF CAF
SGS SGS
