DZA GBR FRA FRO GEO HND GUY HKG GUY GLP BGR BDI BRB BHS DOM ASM ATF ATA DMA DJI DNK CUW DOM AUS GUY BRN COD CAN COG CHE COK AUT BRB BLM BFA BGD CYM CZE CXR CYM ARE ALB ARG ALB AND ESP FIN FLK FIN AFG ABW AFG FIN GIN FSM GIB CAF BVT COL COG CCK BLR BEN BLR BES AUT GRC GUY CUB GUY HRV GRD GNQ HRV HMD GUF ERI GIN GHA ECU GIB DZA
50
COD COD
FLK FLK
BRN BRN
DJI DJI
AND AND
FRO FRO
CAF CAF
HMD HMD
ARG ARG
GRD GRD
BHS BHS
HND HND
ALB ALB
BLM BLM
CCK CCK
GNQ GNQ
GLP GLP
CHE CHE
BGD BGD
GRC GRC
ATA ATA
FSM FSM
ARE ARE
BES BES
DOM DOM
FIN FIN
CUB CUB
COG COG
GHA GHA
GEO GEO
ABW ABW
CYM CYM
DNK DNK
BDI BDI
GBR GBR
BVT BVT
ATF ATF
ECU ECU
BRB BRB
CUW CUW
ERI ERI
FRA FRA
AUS AUS
CXR CXR
BFA BFA
BEN BEN
HKG HKG
CAN CAN
CZE CZE
BLR BLR
