Soda 66 70 71 72 73 74 73 72 71 70 66 75 76 77 78 79 78 77 76 75 66 Soda o p r s u w y w u s r p o Soda 50 51 58 59 58 51 57 51 52 61 62 61 52 60 52 53 64 65 64 53 63 53 52 51 50 54 50 55 56 55 50 Soda a a1 a b b1 b b0 b c c1 c d d0 d d1 d e e0 e f f0 f f1 f g g1 g h i i0 i i1 i j j1 j k l l0 l k k0 k k1 k j j0 j k l l1 l k j i h h1 h h0 h g g0 g f e d c c0 c b a a0 a Soda 66 67 80 81 82 83 84 83 82 81 80 67 85 86 87 88 89 88 87 86 85 67 68 90 91 92 93 94 93 92 91 90 68 69 68 95 96 97 98 99 98 97 96 95 68 67 66 Soda
48
l1 l1
94 94
g0 g0
99 99
79 79
74 74
84 84
y y
65 65
89 89
d1 d1
i0 i0
62 62
c0 c0
j1 j1
69 69
f0 f0
63 63
j0 j0
c1 c1
b0 b0
59 58 59
k0 k0
f1 f1
56 56
k1 k1
b1 b1
77 77
82 82
h1 h1
60 60
72 72
e0 e0 e1
i1 i1
l0 l0
97 97
d0 d0
54 54
57 57
h0 h0
87 87
a0 a0
64 64
g1 g1
92 92
55 55
a1 a1
61 61
