Wurster Class Hilgard Montgomery Blackwell Anthony Oregon Simpson Stanley Honolulu Pitzer Hazardous Silver Moffitt Salem Recreational California Hesse Boston Alabama Massachusetts Optometry McLaughlin Cory Nevada North Chan Sutardja Frank Spieker Kleeberger Moses Goldman Sather Florida Gilman Vermont Indianapolis Observatory Barrows Brain Maxwell Tennessee Parking Juneau Raleigh Pennsylvania Simon Visitor Wurster
49
Wurster Wurster
Montgomery Montgomery
Recreational Recreational
Visitor Visitor
Moses Moses
Goldman Goldman
California California
Stanley Stanley
Salem Salem
Maxwell Maxwell
Simon Simon
Anthony Anthony
Brain Brain
Sather Sather
Pennsylvania Pennsylvania
Hilgard Hilgard
Spieker Spieker
North North
McLaughlin McLaughlin
Boston Boston
Honolulu Honolulu
Hazardous Hazardous
Massachusetts Massachusetts
Raleigh Raleigh
Simpson Simpson
Hesse Hesse
Kleeberger Kleeberger
Blackwell Blackwell
Moffitt Moffitt
Barrows Barrows
Observatory Observatory
Silver Silver
Alabama Alabama
Frank Frank
Vermont Vermont
Parking Parking
Optometry Optometry
Juneau Juneau Idaho
Class Class
Florida Florida
Oregon Oregon
Indianapolis Indianapolis
Chan Chan
Cory Cory
Sutardja Sutardja
Tennessee Tennessee
Nevada Nevada
Pitzer Pitzer
Gilman Gilman
