Donner Santa Juneau Cyclotron North McCone Optometry Helena Gayley Foothill Old Wurster Haste Life Phoenix Recreational Gilman Minnesota Iowa Topeka Illinois Ishi Haas Providence Donner
24
Donner Donner
Life Life
Santa Santa
Optometry Optometry
Providence Providence
McCone McCone
Old Old Tallahassee
Juneau Juneau
Helena Helena
Haste Haste
North North
Topeka Topeka
Haas Haas
Gayley Gayley
Cyclotron Cyclotron
Ishi Ishi
Phoenix Phoenix
Wurster Wurster
Foothill Foothill
Minnesota Minnesota
Iowa Iowa
Illinois Illinois
Gilman Gilman
Recreational Recreational
