LeonieHill WestCoast SungeiKadut WestCoast Shipyard NeeSoon Tyersall DefuIndustrialPark OrangeGrove Clementi JurongWestCentral Kranji Outram Sennett WestCoast MonksHill NatureReserve ConeyIsland NatureReserve Ridout BishanEast Yishun Phillip SerangoonGarden Victoria NatureReserve Novena Townsville Trafalgar GreenwoodPark Guilin Sentosa MandaiEstate SembawangSprings SungeiRoad WestCoast KampongGlam NatureReserve KallangWay AnchorvaleBuangkok YioChuKang Boulevard YioChuKang MandaiWest BukitBatokCentral NorthCoast FarrerPark NatureReserve Semakau WestCoast Woodgrove PunggolTownCentre WestCoast ClementiCentral ChangiWest AirportRoad YioChuKang PasirPanjang2 Springleaf TampinesWest YuhuaWestBoonLay LoyangEast ChoaChuKangCentral SingaporePolytechnic TuasBay TanglinHalt LeonieHill
50
Guilin Guilin
Trafalgar Trafalgar
Townsville Townsville
SerangoonGarden SerangoonGarden
Springleaf Springleaf
ClementiCentral ClementiCentral
Novena Novena
FarrerPark FarrerPark
SungeiKadut SungeiKadut
Boulevard Boulevard
MonksHill MonksHill
AirportRoad AirportRoad
KallangWay KallangWay
Shipyard Shipyard
YuhuaWestBoonLay YuhuaWestBoonLay
YioChuKang YioChuKang
SungeiRoad SungeiRoad
TuasBay TuasBay
Phillip Phillip
TampinesWest TampinesWest
Sennett Sennett
SembawangSprings SembawangSprings
Kranji Kranji
Victoria Victoria
Ridout Ridout
BishanEast BishanEast
Yishun Yishun
MandaiWest MandaiWest
PasirPanjang2 PasirPanjang2
NorthCoast NorthCoast
Semakau Semakau
PunggolTownCentre PunggolTownCentre
Outram Outram
Sentosa Sentosa
OrangeGrove OrangeGrove
TanglinHalt TanglinHalt
NeeSoon NeeSoon
BukitBatokCentral BukitBatokCentral
ChoaChuKangCentral ChoaChuKangCentral
ConeyIsland ConeyIsland
AnchorvaleBuangkok AnchorvaleBuangkok
JurongWestCentral JurongWestCentral
Tyersall Tyersall
KampongGlam KampongGlam
GreenwoodPark GreenwoodPark
SingaporePolytechnic SingaporePolytechnic
Woodgrove Woodgrove
DefuIndustrialPark DefuIndustrialPark
ChangiWest ChangiWest
LoyangEast LoyangEast
