YuhuaEast Sentosa SingaporeRiver SerangoonGarden Sennett ChinaSquare Brickworks Serangoon BedokNorth PasirRis BedokNorth IstanaNegara Woodleigh TelokBlangahRise SungeiKadut BayfrontSubzone PeoplesPark OrangeGrove Shipyard PasirRisPark Trafalgar OneTreeHill ClementiNorth EvertonPark ReservoirView PulauPunggolTimor Paterson SimpangNorth AlexandraNorth MountEmily Khatib ChoaChuKang SungeiKadut Saujana BayfrontSubzone DefuIndustrialPark HougangCentral BedokNorth BoatQuay Aljunied YioChuKang Museum PayaLebarEast GeylangEast Moulmein KebunBahru Tampines BedokNorth MandaiEast PearlsHill LowerSeletar BoonLayPlace SungeiKadut BedokSouth SerangoonNorth TagoreSindo Sembawang EastCoast Sentosa DhobyGhaut BukitBatokWest TuasBay TiongBahru BedokNorth PunggolField TuasPromenade Tanglin JooSengPayaLebar JurongPort PeiChun Sentosa TampinesNorth Sentosa RochorCanal InstitutionHill BedokNorth Kembangan UpperThomson HongKah SouthernIslands Sentosa TuasNorthPioneer MountEmily HongKahNorth ClarkeQuay SembawangHills PotongPasir KeatHong BedokNorth UluPandan YioChuKangEast SerangoonCentral Woodleigh BukitBatokSouth WoodlandsWest Northland Mountbatten DairyFarm PangSua BedokNorth ChangiWest SungeiKadut SungeiRoad WaterwayEast Port KentRidge SembawangHills Chatsworth SerangoonCentral TohGuan PasirRisDrive BenoiSector Punggol Matilda Geylang JurongWestCentral Cairnhill ChangiPoint AngMoKioTownCentre Sentosa Port Sentosa OneNorth Sentosa CityHall Sentosa YuhuaEast
97
TuasPromenade TuasPromenade
ChangiWest ChangiWest
Port Port
EastCoast EastCoast
PulauPunggolTimor PulauPunggolTimor
Northland Northland
MandaiEast MandaiEast
UpperThomson UpperThomson
TagoreSindo TagoreSindo
BayfrontSubzone BayfrontSubzone
PunggolField PunggolField
DhobyGhaut DhobyGhaut
BenoiSector BenoiSector
Cairnhill Cairnhill
TampinesNorth TampinesNorth
BukitBatokWest BukitBatokWest
TelokBlangahRise TelokBlangahRise
RochorCanal RochorCanal
Kembangan Kembangan
AlexandraNorth AlexandraNorth
PangSua PangSua
ChangiPoint ChangiPoint
LowerSeletar LowerSeletar
YioChuKang YioChuKang
OrangeGrove OrangeGrove
Tanglin Tanglin
PasirRisDrive PasirRisDrive
DefuIndustrialPark DefuIndustrialPark
AngMoKioTownCentre AngMoKioTownCentre
JooSengPayaLebar JooSengPayaLebar
TiongBahru TiongBahru
Serangoon Serangoon
KeatHong KeatHong
EvertonPark EvertonPark
KebunBahru KebunBahru
Moulmein Moulmein
BedokSouth BedokSouth
SerangoonCentral SerangoonCentral
Punggol Punggol
Chatsworth Chatsworth
OneNorth OneNorth
BedokNorth BedokNorth
Geylang Geylang
Trafalgar Trafalgar
PearlsHill PearlsHill
Museum Museum
Aljunied Aljunied
SungeiKadut SungeiKadut
PasirRisPark PasirRisPark
Khatib Khatib
ChinaSquare ChinaSquare
Sembawang Sembawang
JurongWestCentral JurongWestCentral
IstanaNegara IstanaNegara
SingaporeRiver SingaporeRiver
ChoaChuKang ChoaChuKang
PeiChun PeiChun
ClementiNorth ClementiNorth
Matilda Matilda
SouthernIslands SouthernIslands
HongKah HongKah
GeylangEast GeylangEast
CityHall CityHall
ReservoirView ReservoirView
Paterson Paterson
Mountbatten Mountbatten
PeoplesPark PeoplesPark
WaterwayEast WaterwayEast
Sentosa Sentosa
PasirRis PasirRis Mandai
BukitBatokSouth BukitBatokSouth
TuasBay TuasBay
BoatQuay BoatQuay
OneTreeHill OneTreeHill SembawangStraits
TohGuan TohGuan
Brickworks Brickworks
TuasNorthPioneer TuasNorthPioneer
YioChuKangEast YioChuKangEast
JurongPort JurongPort
WoodlandsWest WoodlandsWest
BoonLayPlace BoonLayPlace
Sennett Sennett
DairyFarm DairyFarm
SerangoonNorth SerangoonNorth
KentRidge KentRidge Commonwealth
InstitutionHill InstitutionHill
SembawangHills SembawangHills
PayaLebarEast PayaLebarEast
Tampines Tampines
Saujana Saujana
SimpangNorth SimpangNorth
UluPandan UluPandan
HongKahNorth HongKahNorth
HougangCentral HougangCentral
Shipyard Shipyard
SerangoonGarden SerangoonGarden
SungeiRoad SungeiRoad
