139 58 156 98 158 145 158 85 2 72 69 106 14 177 165 148 71 198 26 153 112 41 22 127 105 131 125 176 47 96 152 32 47 77 138 104 146 119 184 64 43 142 144 30 13 89 1 178 8 157 114 79 21 78 21 79 182 128 67 81 122 91 112 130 123 28 57 39 60 7 74 133 191 187 109 188 27 14 126 5 95 5 37 130 161 9 84 189 113 173 48 141 25 134 186 134 18 11 85 16 65 35 104 33 67 82 147 118 23 14 15 54 108 111 25 31 25 101 11 18 139
96
189 189
106 106
91 91 75
142 142
152 152
108 108
161 161 44
47 47
146 146
125 125
101 101
8 8
81 81
74 74
5 5
78 78
184 184
71 71 26
72 72
188 188
48 48
79 79
33 33
13 13
39 39
98 98 172
31 31
138 138
41 41
118 118
105 105
145 145
186 186
165 165
77 77
84 84
85 85
112 112
23 23
198 198
11 11
18 18
43 43
173 173
15 15
64 64
176 176
127 127
187 187
141 141
1 1
60 60
65 65
2 2
111 111
113 113
123 123
109 109
9 9
95 95
57 57
153 153
14 14
144 144
191 191
114 114
58 58
148 148
16 16
30 30
32 32
158 158
147 147
182 182
82 82
128 128
134 134
27 27
35 35
119 119
96 96
104 104
131 131
22 22
122 122
178 178
157 157
7 7
67 67
156 156
21 21
25 25
130 130
69 69
37 37
89 89
