Qwilfish Drampa Froakie Bounsweet Whismur Dewpider Politoed Terrakion Scatterbug Tsareena Shellder Vespiquen Inkay Meloetta Porygon2 Meloetta Sandile Simisear Noibat Terrakion Metang Slurpuff Inkay Magmar Phanpy Lotad Amoonguss Stufful Conkeldurr Zekrom Wartortle Magmar Volcarona Steenee Metang Crawdaunt Woobat Tsareena Paras Taillow Drapion Tropius Drapion Vullaby Jumpluff Plusle Weezing Metapod Sandile Simisear Slowbro Nincada Comfey Nincada Seaking Treecko Kakuna Tornadus Kakuna Lumineon Weepinbell Honedge Noibat Skiddo Skorupi Magnemite Swadloon Munna Gengar Tauros Wailord Xerneas Shellos Tropius Qwilfish
61
Qwilfish Qwilfish
Conkeldurr Conkeldurr
Slurpuff Slurpuff
Treecko Treecko
Simisear Simisear
Volcarona Volcarona
Politoed Politoed
Taillow Taillow
Magnemite Magnemite Yungoos
Weezing Weezing Bastiodon Escavalier
Phanpy Phanpy
Meloetta Meloetta
Nincada Nincada
Gengar Gengar
Tsareena Tsareena
Jumpluff Jumpluff
Lumineon Lumineon
Wailord Wailord
Terrakion Terrakion
Drapion Drapion
Skiddo Skiddo
Tropius Tropius
Sandile Sandile
Magmar Magmar
Metang Metang
Porygon2 Porygon2
Slowbro Slowbro
Drampa Drampa
Noibat Noibat
Lotad Lotad
Scatterbug Scatterbug
Vullaby Vullaby
Inkay Inkay
Steenee Steenee
Tornadus Tornadus
Skorupi Skorupi
Dewpider Dewpider
Shellos Shellos
Metapod Metapod
Wartortle Wartortle
Crawdaunt Crawdaunt
Paras Paras
Froakie Froakie
Honedge Honedge
Amoonguss Amoonguss
Vespiquen Vespiquen
Munna Munna
Kakuna Kakuna
Whismur Whismur
Xerneas Xerneas
Zekrom Zekrom
Woobat Woobat
Comfey Comfey
Bounsweet Bounsweet
Seaking Seaking
Tauros Tauros
Weepinbell Weepinbell
Stufful Stufful
Shellder Shellder
Plusle Plusle
Swadloon Swadloon
