DK BL CD FA DU FD GR BP DT DM DO AU BR DB GY BE AY CC AM EQ CT ET DE EP BZ FG DN HB FZ CK FH EA AJ FT CP CA HC DI GG EY CU AA CE HJ EN FW ED BW GV HF EM GN CS DX AN AV GZ DL DP EW AB CM CI DF BI AG AO BF BV DD EL BC FN HI AC EO AK EB GX HD CX CG EF AA DZ GB FP GT CR AZ DK
86
EP EP
EL EL
DT DT
GV GV
FW FW
CR CR
EA EA
EW EW
CG CG
CI CI
CD CD
EM EM
CU CU BM
DI DI
ET ET
AG AG
AN AN
EB EB
CK AT CK ES
CA CA
DL DL
FP FP
HB HB
AU BH AU
DP DP
EN EN
GB GB
DU DU
DD DD
GX GX
GR GR
CM CM
HD CY HD
AM AM
FG FG
BC BC
FN FN
EY EY
DZ DZ HE
AV AV
FT FT
BI CW BI
DM DM
HI HI
AK AK
ED ED
AA FB AA
GY GY
GT GT
BR BR
FA FA
CS CS
BV BV
GZ GZ
CX CX
CT CT
BP BP
GG GG
GN GN
CE CE
EQ EQ
AZ AZ
HF HF
AB AB
EF EF
FH FH
CP CP
BF BF
DX DX
BZ BZ
DE DE
CC CC
EO EO
DO DO
FZ FZ
DF DF
HJ HJ
BW BW
AY AY
DB DB
BL BL
DN DN
AO AO
HC HC
FD FD
BE BE
