Soda DurantHall Cory BarrowLane BARTStation BarrowsHall EvansDiamond BerkeleyArtMuseum DavisHall BancroftLibrary CampbellHall EastAsianLibrary Dwinelle CareerCenter VLSB AlumniHouse DoeMemorialLibrary CheitHall ChouHall AnthonyHall Campanile BerkeleyWayWest BrainImagingCenter EshlemanHall BlackwellHall BlumHall BirgeHall BarkerHall BanwayBldg CaliforniaHall CNMAT EtcheverryHall ChanShunAuditorium DonnerLab CalvinLaboratory BotanicalGarden CyclotronRd BoaltHall EastGate Soda
38
EastAsianLibrary EastAsianLibrary
CNMAT CNMAT
EshlemanHall EshlemanHall
BoaltHall BoaltHall
ChanShunAuditorium ChanShunAuditorium
BARTStation BARTStation
CalvinLaboratory CalvinLaboratory ClarkKerrCampus
DoeMemorialLibrary DoeMemorialLibrary
BanwayBldg BanwayBldg EdwardsStadium
BerkeleyWayWest BerkeleyWayWest
Cory Cory
BlumHall BlumHall
VLSB VLSB
ChouHall ChouHall
Dwinelle Dwinelle
AlumniHouse AlumniHouse
CaliforniaHall CaliforniaHall
EastGate EastGate
BotanicalGarden BotanicalGarden
Campanile Campanile
CyclotronRd CyclotronRd
DurantHall DurantHall
EtcheverryHall EtcheverryHall
EvansDiamond EvansDiamond
DavisHall DavisHall
BarkerHall BarkerHall
BlackwellHall BlackwellHall
CampbellHall CampbellHall
CareerCenter CareerCenter
DonnerLab DonnerLab
BancroftLibrary BancroftLibrary
CheitHall CheitHall
AnthonyHall AnthonyHall
BarrowLane BarrowLane
BarrowsHall BarrowsHall
BerkeleyArtMuseum BerkeleyArtMuseum
BirgeHall BirgeHall
BrainImagingCenter BrainImagingCenter
