Soda EtcheverryHall WicksonNaturalArea Unit1 HertzHall SproulPlaza Emeryville AnthonyHall FrankSchlessingerWay BarkerHall WomenFacultyClub Healdsburg BancroftLibrary Benicia ZellerbachPlayhouse MulfordHall ZellerbachHall WellmanHall SternHall FoundersRock IshiCourt ClarkKerrCampus SanPablo Pacifica LowerSproulPlaza Hillsborough SanRamon EvansHall Piedmont NorthGateHall HargroveMusicLibrary DonnerLab LewisHall WestGate Oakley Brisbane Orinda GiauqueHall StadiumRimWay ChouHall Belmont EastGate SanRafael Fairfield WursterHall GoldmanField GilmanHall HearstGreekTheatre CalvinLaboratory PimentelHall MinorHallAddition StHelena KleebergerFieldHouse SatherTower Pittsburg Alameda Campanile Insectary WestCircle KroeberHall WheelerHall Albany Unit3 HearstMiningCircle Hayward Saratoga Cory BlumHall MartinezCommons Pinole ClearyHall Soda
70
Campanile Campanile
GiauqueHall GiauqueHall
ClearyHall ClearyHall
IshiCourt IshiCourt
Fairfield Fairfield
StadiumRimWay StadiumRimWay
LowerSproulPlaza LowerSproulPlaza
ZellerbachPlayhouse ZellerbachPlayhouse
SatherTower SatherTower
ZellerbachHall ZellerbachHall
AnthonyHall AnthonyHall
ClarkKerrCampus ClarkKerrCampus
Healdsburg Healdsburg
Pinole Pinole
DonnerLab DonnerLab
SanPablo SanPablo
Saratoga Saratoga
EtcheverryHall EtcheverryHall
NorthGateHall NorthGateHall
Brisbane Brisbane
Belmont Belmont
HearstMiningCircle HearstMiningCircle
PimentelHall PimentelHall
BancroftLibrary BancroftLibrary
KroeberHall KroeberHall
KleebergerFieldHouse KleebergerFieldHouse
Oakley Oakley
GilmanHall GilmanHall
SternHall SternHall
WheelerHall WheelerHall
WestCircle WestCircle
ChouHall ChouHall
HargroveMusicLibrary HargroveMusicLibrary
HertzHall HertzHall
LewisHall LewisHall
GoldmanField GoldmanField
EvansHall EvansHall
MartinezCommons MartinezCommons
Insectary Insectary
Unit1 Unit1
HearstGreekTheatre HearstGreekTheatre
Pittsburg Pittsburg
FoundersRock FoundersRock
EastGate EastGate
Pacifica Pacifica
Benicia Benicia
Piedmont Piedmont
Cory Cory
MinorHallAddition MinorHallAddition
Orinda Orinda
Alameda Alameda
Hayward Hayward
Albany Albany
SanRamon SanRamon
WursterHall WursterHall
BlumHall BlumHall
Emeryville Emeryville
WellmanHall WellmanHall
BarkerHall BarkerHall
WicksonNaturalArea WicksonNaturalArea
StHelena StHelena
SanRafael SanRafael
Hillsborough Hillsborough
SproulPlaza SproulPlaza
WomenFacultyClub WomenFacultyClub
FrankSchlessingerWay FrankSchlessingerWay
WestGate WestGate
CalvinLaboratory CalvinLaboratory
Unit3 Unit3
MulfordHall MulfordHall
