a ea et l er dq a ey em dv bf cq e fl dj ex cv ed ct a de y dn fg gp fh fn gl cl ap cu fb gh ec gn cp a dm cd bz p dg by du ab bi an ee o br a ch ff bl ci bc eq aw fy fd fr fv ar df ak bv aj dt u en ah bd ag aa w do t ae cs eg m az k al j d ga fu b fz gm eu gb fa fs ew h cb ck bm ep ev dx a c b a
99
a a
fl fl bb
et et
aw aw
ec ec
ae ae
em em
ex ex
en en
du du
dt dt
eg eg
fa fa
fd fd
dv dv
aj aj
ci ci
fy fy
fn fn
w w
eu eu
ey ey
cv cv
ep ep
aa aa
de de
m m
bl bl
gn gn
dq dq
az az
u u
df df
ee ee
dm dm
y y
ff ff
cl cl
e e
bi bi
fb fb
dx dx
bd bd
ct ct
bc bc
ga ga
eq eq
dg dg
p p
ag ag
bm bm
gl gl
b b
ck ck
fh fh
ap ap
cs cs
fz fz
l l
do do
cu cu
fv fv
ev ev
ar ar
er er
ea ea
t t
h h
fr fr
ew ew
c c
cq cq
ak ak
al al
fg fg
j j
fu fu
gp gp
bv bv
gh gh
dn dn
o o
ah ah
dj dj
gb gb
br br
cd cd
k k
gm gm
ch ch
fs fs
by by
bf bf
ed ed
an an
cp cp
cb cb
bz bz
ab ab
