Fizz ShadowFiend LeBlanc Orianna Beastmaster FacelessVoid Zed Rumble Bane Visage Chen Lucian Cassiopeia LoneDruid Azir Heimerdinger Annie Slardar Sven Pantheon DeathProphet Katarina Gragas Slark Trundle Leona Rengar Jinx Nunu JarvanIV Janna Sniper Oracle Warlock Undying Kassadin KhaZix Mirana Brewmaster Tristana Puck SpiritBreaker BountyHunter TahmKench TrollWarlord Kayn Karma Jayce Sona Thresh Weaver Ryze Irelia BountyHunter Vi Yorick Nasus Viktor Huskar Kled Xayah Terrorblade Talon Tiny Quinn NightStalker ShadowShaman Medusa Singed Techies Zilean BountyHunter Venomancer Kindred Fiddlesticks VelKoz Ziggs Morphling Ekko Amumu StormSpirit Timbersaw Nidalee Kennen Vladimir Rubick ShadowDemon CentaurWarrunner Magnus Syndra Omniknight Fizz
88
Fizz Fizz
Syndra Syndra
Morphling Morphling
BountyHunter BountyHunter
Karma Karma
Chen Chen
Timbersaw Timbersaw
Yorick Yorick
Zilean Zilean
Azir Azir
Ryze Ryze
Zed Zed
Vladimir Vladimir
Kassadin Kassadin
Orianna Orianna
Tristana Tristana
Slardar Slardar
JarvanIV JarvanIV
Oracle Oracle
Thresh Thresh
TahmKench TahmKench
Vi Vi
Jinx Jinx
Quinn Quinn
Singed Singed
Katarina Katarina
Leona Leona
Huskar Huskar
ShadowShaman ShadowShaman
Nasus Nasus
SpiritBreaker SpiritBreaker
VelKoz VelKoz
Terrorblade Terrorblade
ShadowFiend ShadowFiend
Ekko Ekko
Omniknight WinterWyvern Omniknight
Amumu Amumu
Tiny Tiny
Pantheon Pantheon
Mirana Mirana
Xayah Xayah
Visage Visage
Magnus Magnus
ShadowDemon ShadowDemon
Undying Undying
Rengar Rengar
Trundle Trundle
Annie Annie
Lucian Lucian
TrollWarlord TrollWarlord
Rumble Rumble
Viktor Viktor
StormSpirit StormSpirit
Sven Sven
Ziggs Ziggs
Rubick Rubick
Brewmaster Brewmaster
Kayn Kayn
Kennen Kennen
Puck Puck
Talon Talon
DeathProphet DeathProphet
Venomancer Venomancer
Techies Techies
NightStalker NightStalker
Sona Sona
KhaZix KhaZix
CentaurWarrunner CentaurWarrunner
Beastmaster Beastmaster
Weaver Weaver
Medusa Medusa
Irelia Irelia
LeBlanc LeBlanc
Cassiopeia Cassiopeia
Gragas Gragas
Sniper Sniper
Slark Slark
Fiddlesticks Fiddlesticks
FacelessVoid FacelessVoid
Janna Janna
Nunu Nunu
LoneDruid LoneDruid
Jayce Jayce
Nidalee Nidalee
Kled Kled
Heimerdinger Heimerdinger
Warlock Warlock
Bane Bane
