5 11 6 10 6 7 8 9 11 5 179 173 167 161 155 149 143 137 131 125 119 113 107 102 106 105 104 103 107 101 96 100 99 98 97 101 95 90 94 93 92 91 95 89 84 88 87 86 85 89 83 78 82 81 80 79 83 77 72 76 75 74 73 77 71 66 70 69 68 67 71 65 60 64 63 62 61 65 59 54 55 56 57 58 59 53 48 52 51 50 49 53 47 42 46 45 44 43 47 41 36 40 39 38 37 41 35 30 31 32 33 34 35 29 24 28 27 26 25 29 23 18 22 21 20 19 23 17 12 16 15 14 13 17 11 5 0 4 3 2 1 5
90
0 0
1 1
2 2
3 3
4 4
6 6
7 7
8 8
9 9
10 10
12 12
13 13
14 14
15 15
16 16
18 18
19 19
20 20
21 21
22 22
24 24
25 25
26 26
27 27
28 28
30 30
31 31
32 32
33 33
34 34
36 36
37 37
38 38
39 39
40 40
42 42
43 43
44 44
45 45
46 46
48 48
49 49
50 50
51 51
52 52
54 54
55 55
56 56
57 57
58 58
60 60
61 61
62 62
63 63
64 64
66 66
67 67
68 68
69 69
70 70
72 72
73 73
74 74
75 75
76 76
78 78
79 79
80 80
81 81
82 82
84 84
85 85
86 86
87 87
88 88
90 90
91 91
92 92
93 93
94 94
96 96
97 97
98 98
99 99
100 100
102 102
103 103
104 104
105 105
106 106
