0 108 111 117 118 40 34 39 45 37 32 26 19 12 4 0 108 105 113 114 7 76 29 30 24 109 47 43 35 27 33 25 23 16 20 28 22 15 13 10 135 143 138 56 60 64 68 64 137 141 23 31 36 44 86 81 82 75 132 128 134 93 95 97 89 94 98 96 101 104 110 33 84 83 75 69 70 67 72 80 119 123 125 120 122 127 15 11 18 10 8 9 133 131 142 148 5 4 49 55 53 51 43 42 73 77 78 85 25 65 66 62 146 145 0
100
0 0
96 96
36 36
68 68
125 125
19 19
53 53
78 78
110 110
141 141
9 9
30 30
65 65
42 42
142 142
10 10
83 83
119 119
55 55
27 27
86 86
122 122
94 94
5 5
76 76
22 22
146 146
95 95
117 117
134 134
118 118
56 56
69 69
132 132
143 143
45 45
16 16
28 28
113 113
148 148
34 34
70 70
89 89
73 73
18 18
31 31
64 64
82 82
12 12
104 104
29 29
127 127
26 26
128 128
131 131
145 145
108 108
15 15
11 11
51 51
4 4
32 32
85 85
81 81
133 133
137 137
75 75
109 109
105 105
66 66
67 67
40 40
44 44
60 60
123 123
24 24
25 25
23 23
39 39
47 47
97 97
33 33
138 138
101 101
62 62
84 84
93 93
111 111
49 49
35 35
80 80
77 77
114 114
7 7
43 43
98 98
120 120
135 135
8 8
13 13
