According to all known laws of there is no way a bee should be able Its able be should bee a way no is there of laws known all to According wings are too small get its fat little body off the The flies anyway because bees because anyway flies The the off body little fat its get small too are wings According care what humans think black and shake it up Breakfast Hang on Oan you believe this I pick I this believe you Oan on Hang Breakfast up it shake and black think humans what care According
25
to to
known known
of of
is is
way way
bee bee
be be
Its Its
are are
small small
its its
little little
off off
The The
anyway anyway
bees bees
what what
think think
and and
it it
Breakfast Breakfast
on on
you you
this this
pick pick
