0 158 199 192 2 179 197 80 177 185 74 156 116 3 86 52 133 60 195 39 183 191 16 78 22 46 136 194 93 19 96 160 129 125 143 58 188 170 115 31 33 68 131 163 38 32 6 50 157 9 17 103 190 94 22 193 198 142 24 178 184 28 43 182 21 69 119 3 174 105 126 180 2 4 12 62 189 17 0
71
0 0
16 16 159
43 43
197 197
32 32 35
163 163
125 125
170 170
2 2
198 198
9 9
60 60
74 74 29
93 18 93
133 133
33 33
3 3 8 51
46 46
12 12 109
21 21
62 62 77
115 115
184 184
105 105
24 24 70
96 96
129 129
199 199
38 38
50 50
94 94
142 142
189 189
177 177
52 52
78 78
131 131
191 191
193 193
188 188
183 183
143 143
103 103
69 69
178 178
182 182
116 116
185 185
86 86
4 4
192 192
39 39
58 58
160 160
19 19
195 195
136 136
119 119
126 126
31 31
179 179
68 68
180 180
156 156
157 157
174 174
194 194
158 158
17 17
80 80
190 190
