190 135 1 118 181 102 29 7 198 109 2 186 23 168 103 141 30 117 0 100 179 11 149 0 112 185 3 76 4 62 46 6 60 1 56 68 1 22 104 10 146 193 0 40 139 0 177 101 3 173 27 2 67 165 136 93 164 3 163 54 32 50 108 3 133 156 1 142 92 114 33 129 83 1 8 111 189 0 116 0 152 132 1 106 137 1 121 6 38 65 44 0 66 71 3 195 2 182 113 123 0 94 5 2 99 1 188 95 162 69 192 84 3 57 169 176 21 1 34 55 36 52 61 1 138 47 4 172 5 153 45 166 1 190
100
165 165
60 60
146 146
185 185
141 141
138 138
104 104
55 55
192 192
176 176
188 188
29 29
36 36
1 1
34 34
11 11
166 166
123 123
3 3
50 50
62 62
118 118
168 168
182 182
117 117
172 172
142 142
69 69
113 113
109 109
21 21
61 61
112 112
94 94
139 139
54 54
33 33
177 177
2 2
135 135
137 137
27 27
179 179
129 129
133 133
10 10
47 47
162 162
5 5
99 99
76 76
156 156
40 40
38 38
149 149
57 57
95 95
153 153
92 92
23 23
52 52
163 163
100 100
66 66
169 169
71 71
22 22
56 56
121 121
132 132
198 198
186 186
101 101
32 32
195 195
30 30
45 45
84 84
46 46
44 44
181 181
108 108
93 93
67 67
193 193
136 136
8 8
173 173
116 116
106 106
114 114
111 111
152 152
83 83
164 164
103 103
68 68
189 189
102 102
65 65
