114 49 67 98 100 81 3 149 2 92 47 26 18 63 133 10 0 191 76 93 135 187 53 95 2 62 108 51 173 0 29 74 175 7 199 0 28 91 4 170 102 174 94 2 150 166 188 182 0 117 3 154 164 35 1 0 75 109 181 66 3 21 2 148 112 105 1 42 33 16 15 43 59 131 89 0 197 0 70 0 16 183 169 87 38 84 1 146 1 176 2 12 2 124 31 14 3 4 1 103 0 7 96 167 147 3 36 9 32 24 2 177 134 196 195 5 41 0 37 115 111 2 69 2 127 155 0 171 119 161 78 114
100
114 114
38 38
66 66
134 134
63 63
124 124
147 147
155 155
117 117
187 187
148 148
12 12
33 33
7 7
21 21
166 166
197 197
94 94
92 92
109 109
69 69
169 169
103 103
76 76
115 115
36 36
188 188
24 24
4 4
74 74
131 131
16 16
112 112
14 14
199 199
0 0
102 102
161 161
177 177
95 95
154 154
26 26
171 171
91 91
133 133
167 167
15 15
84 84
75 75
70 70
89 89
196 196
195 195
35 35
173 173
182 182
181 181
93 93
105 105
87 87
96 96
51 51
111 111
31 31
42 42
150 150
29 29
3 3
100 100
32 32
108 108
49 49
176 176
191 191
1 1
41 41
119 119
28 28
78 78
43 43
18 18
53 53
10 10
59 59
175 175
146 146
98 98
62 62
47 47
174 174
135 135
67 67
81 81
170 170
149 149
183 183
164 164
37 37
5 5
127 127
