Liam Aiden James Samuel James Elijah Mason Noah Logan Ethan Jackson Lucas Jackson Nathan Oliver Alexander Henry Julian Carter William Mason Sebastian Ryan David Matthew Joseph Jacob Joseph Michael Joseph Daniel Wyatt Benjamin Liam
25
Liam Liam
Daniel Daniel
Sebastian Sebastian
Michael Michael
Noah Noah
Ethan Ethan
Jackson Jackson
Oliver Oliver
Logan Logan
Jacob Jacob
Matthew Matthew
Wyatt Wyatt
Henry Henry
Carter Carter
James James
Lucas Lucas
Joseph Joseph
Aiden Aiden
Benjamin Benjamin
Elijah Elijah
Samuel Samuel
David David
William William
Mason Mason
Alexander Alexander
