zero three zero six thirteen twenty twentyseven thirtyfour thirtythree thirtyfour thirtyfive twentynine thirty thirtyseven thirtyeight thirtyseven fortyfour fortyfive fiftytwo fiftythree sixty sixtyseven sixtysix sixtyfive sixtyfour seventy sixtynine sixtyeight seventyfive seventysix seventyseven eightyfour eightythree eightytwo eightyone eightyeight ninetyfive onehuntwo onehunnine onehunsixteen onehunseventeen onehuneighteen onehunnineteen onehunthirteen onehunfourteen onehuntwentyone onehuntwenty onehuntwentysix onehuntwenty onehuntwentyseven onehuntwentyeight onehunthirtyfive onehunthirtyfour onehunforty onehunthirtynine onehunfortysix onehunfortyfive onehunfortyfour onehunfortythree onehunfifty onehunfiftyseven onehunfiftyeight onehunfiftynine onehunsixtysix onehunseventythree onehunseventytwo onehunseventyone onehunseventy onehunsixtynine onehunseventyfive onehunseventyfour onehunseventythree onehuneighty onehuneightyseven onehuneightysix onehunninetythree onehunninetytwo onehunninetyone onehunninety onehuneightythree onehuneightyfour onehunseventyseven onehunseventyeight onehunseventyseven onehunseventysix onehunsixtynine onehunsixtytwo onehunsixtythree onehunsixtyfour onehunsixtyfive onehunfiftyeight onehunfiftynine onehunsixty onehunsixtyone onehunfiftyfour onehunfortyeight onehunfortynine onehunfortytwo onehunthirtyfive onehuntwentyeight onehuntwentynine onehunthirty onehuntwentythree onehuntwentyfour onehunseventeen onehunten onehuneleven onehunten onehunnine onehuneight onehunone onehun ninetynine ninetytwo ninetyeight ninetyone eightyfive eightysix eightyseven eighty seventynine seventyeight seventyone seventytwo sixtyfive fiftyeight fiftyseven fiftyeight fiftynine sixty fiftythree fiftyfour fiftyfive fortyeight fortynine fortythree thirtysix twentynine twentytwo twentythree twentyfour twentyfive twentysix nineteen twenty twentyone fifteen sixteen seventeen ten eleven twelve thirteen fourteen seven one two zero
95
onehunninety onehunninety onehunninetyone
onehunthirtyfive onehunthirtyfive
ninetyeight ninetyeight
onehunsixtysix onehunsixtysix
onehunseventysix onehunseventysix onehuneightytwo
sixtysix sixtysix
onehunsixteen onehunsixteen
onehunfiftyfour onehunfiftyfour
onehuneightyseven onehuneightyseven
fortythree fortythree
onehunseventy onehunseventy
eightythree eightythree
onehunfiftyseven onehunfiftyseven
onehunfortyfive onehunfortyfive
onehunthirty onehunthirty
onehuntwentysix onehuntwentysix
onehuneleven onehuneleven
onehunone onehunone
eightyseven eightyseven
thirtythree thirtythree
seventyone seventyone
fiftyseven fiftyseven
fiftythree fiftythree
twentythree twentythree
thirtyseven thirtyseven
twenty twenty
ten ten
fourteen fourteen
sixteen sixteen
twentysix twentysix
twentynine twentynine
sixty sixty
sixtynine sixtynine
seventyfive seventyfive
seventynine seventynine
onehuneight onehuneight
onehunthirteen onehunthirteen
onehuntwentythree onehuntwentythree
onehuntwentyseven onehuntwentyseven
onehunfifty onehunfifty
onehunsixty onehunsixty
onehunsixtythree onehunsixtythree
onehunseventythree onehunseventythree
onehuneighty onehuneighty onehuneightyone
onehuneightyfour onehuneightyfour
onehunninetythree onehunninetytwo onehunninetythree onehunninetyfour
twelve twelve
fortyfive fortyfive
fiftyfive fiftyfive
sixtyfour sixtyfour
ninetynine ninetynine
onehuneighteen onehuneighteen
onehuntwentyone onehuntwentyone
onehunforty onehunforty
onehunfortythree onehunfortythree
onehunseventyfive onehunseventyfive
onehunseventyeight onehunseventyeight
one one
two two
three three
six six
seven seven
eleven eleven
fifteen fifteen
seventeen seventeen
twentyfive twentyfive
twentyseven twentyseven
thirtyfour thirtyfour
thirtyeight thirtyeight
fortyfour fortyfour
fortynine fortynine
fiftytwo fiftytwo
fiftyeight fiftyeight
sixtyseven sixtyseven
seventy seventy
seventytwo seventytwo
seventyseven seventyseven
seventyeight seventyeight
eightytwo eightytwo
eightyfour eightyfour
onehunten onehunten
onehunseventeen onehunseventeen
onehunnineteen onehunnineteen
onehuntwentyfour onehuntwentyfour
onehuntwentyeight onehuntwentyeight
onehunfortyfour onehunfortyfour
onehunfortysix onehunfortysix
onehunfortynine onehunfortynine
onehunfiftynine onehunfiftynine
onehunsixtyone onehunsixtyone
onehunsixtyfour onehunsixtyfour
onehunsixtyfive onehunsixtyfive
onehunsixtynine onehunsixtynine
onehunseventyone onehunseventyone
onehunseventyfour onehunseventyfour
