zero six zero three zero five twelve eleven ten nine sixteen fifteen twentyone twenty nineteen eighteen twentyfive thirtytwo thirtythree thirtyfour thirtyfive fortytwo thirtysix thirtyseven thirtyeight fortyfive fortysix thirtynine forty thirtythree thirtytwo thirtyone twentyfour seventeen ten eleven twelve thirteen fourteen seven zero
25
three three
five five
six six
seven seven
nine nine
eleven eleven
twelve twelve
thirteen thirteen
fourteen fourteen
fifteen fifteen
sixteen sixteen
eighteen eighteen
nineteen nineteen
twenty twenty
twentyfive twentyfive
thirtyone thirtyone
thirtytwo thirtytwo
thirtyfour thirtyfour
thirtyfive thirtyfive
thirtyseven thirtyseven
thirtyeight thirtyeight
forty forty
fortytwo fortytwo
fortyfive fortyfive
fortysix fortysix
