0 3 117 192 117 193 117 191 140 104 139 104 138 178 113 78 110 168 110 170 110 169 110 78 113 179 113 12 132 102 133 102 131 102 132 12 114 185 114 183 114 181 114 182 76 15 68 101 129 101 126 101 130 101 128 101 127 101 124 101 125 36 98 118 196 118 195 118 194 108 158 108 160 108 159 108 157 108 115 187 115 186 115 108 156 108 158 153 106 148 106 151 106 152 106 149 106 150 142 105 143 105 146 105 145 105 144 105 141 105 142 164 109 162 109 45 95 100 120 100 123 100 122 100 121 100 95 45 109 165 109 167 109 163 109 166 109 161 109 180 114 184 114 12 132 102 2 107 155 107 4 90 171 119 197 119 199 119 198 119 7 106 147 106 154 175 112 177 112 174 112 176 112 173 112 116 188 116 189 116 103 134 103 137 103 135 103 136 103 116 190 116 112 172 112 92 117 3 0
80
120 120
121 121
122 122
123 123
124 124
125 125
126 126
127 127
128 128
129 129
130 130
131 131
132 132
133 133
134 134
135 135
136 136
137 137
138 138
139 139
140 140
141 141
142 142
143 143
144 144
145 145
146 146
147 147
148 148
149 149
150 150
151 151
152 152
153 153
154 154
155 155
156 156
157 157
158 158
159 159
160 160
161 161
162 162
163 163
164 164
165 165
166 166
167 167
168 168
169 169
170 170
171 171
172 172
173 173
174 174
175 175
176 176
177 177
178 178
179 179
180 180
181 181
182 182
183 183
184 184
185 185
186 186
187 187
188 188
189 189
190 190
191 191
192 192
193 193
194 194
195 195
196 196
197 197
198 198
199 199
