Afghanistan Albania Algeria Andorra Angola Antigu Argentina Armenia Australia Austria Austrian Azerbaijan Baden Bahrain Bangladesh Barbados Bavaria Belarus Belgium Belize Benin Bolivia Bosnia Botswana Brazil Brunei Brunswick Bulgaria Burkina Burma Burundi Cabo Cambodia Cameroon Canada Chad Chile China Colombia Comoros Costarica CotedIvoire Croatia Cuba Cyprus Czechi Czechoslovakia Congo Denmark Djibouti Dominica Dominicanrepublic Ecuador Egypt ElSalvador EquatorialGuinea Eritrea Estonia Eswatini Ethiopia Fiji Finland France Gabon Georgia Germany Ghana Greece Grenada Guatemala Guinea GuineaBissau Guyana Haiti Hanover HanseaticRepublics Hawaii Hesse HolySee Honduras Hungary Iceland India Indonesia Iran Iraq Ireland Israel Italy Jamaica Japan Jordan Kazakhstan Kenya Kiribati Korea Kosovo Kuwait Kyrgyzstan Laos Afghanistan
100
Afghanistan Afghanistan
Dominica Dominica
Brunei Brunei
HanseaticRepublics HanseaticRepublics
Baden Baden
China China
France France
Israel Israel
Argentina Argentina
Belgium Belgium
Cabo Cabo
Cuba Cuba
Eritrea Eritrea
Grenada Grenada
Iceland Iceland
Kenya Kenya
Andorra Andorra
Austria Austria
Barbados Barbados
Bolivia Bolivia
Burkina Burkina
Canada Canada
Costarica Costarica
Czechoslovakia Czechoslovakia
Egypt Egypt
Ethiopia Ethiopia
Germany Germany
GuineaBissau GuineaBissau
HolySee HolySee
Iran Iran
Japan Japan
Kosovo Kosovo
Botswana Botswana
Denmark Denmark
Haiti Haiti
Kyrgyzstan Kyrgyzstan
Albania Albania
Algeria Algeria
Angola Angola
Antigu Antigu
Armenia Armenia
Australia Australia
Austrian Austrian
Azerbaijan Azerbaijan
Bahrain Bahrain
Bangladesh Bangladesh
Bavaria Bavaria
Belarus Belarus
Belize Belize
Benin Benin
Bosnia Bosnia
Brazil Brazil
Brunswick Brunswick
Bulgaria Bulgaria
Burma Burma
Burundi Burundi
Cambodia Cambodia
Cameroon Cameroon
Chad Chad
Chile Chile
Colombia Colombia
Comoros Comoros
CotedIvoire CotedIvoire
Croatia Croatia
Cyprus Cyprus
Czechi Czechi
Congo Congo
Djibouti Djibouti
Dominicanrepublic Dominicanrepublic
Ecuador Ecuador
ElSalvador ElSalvador
EquatorialGuinea EquatorialGuinea
Estonia Estonia
Eswatini Eswatini
Fiji Fiji
Finland Finland
Gabon Gabon
Georgia Georgia
Ghana Ghana
Greece Greece
Guatemala Guatemala
Guinea Guinea
Guyana Guyana
Hanover Hanover
Hawaii Hawaii
Hesse Hesse
Honduras Honduras
Hungary Hungary
India India
Indonesia Indonesia
Iraq Iraq
Ireland Ireland
Italy Italy
Jamaica Jamaica
Jordan Jordan
Kazakhstan Kazakhstan
Kiribati Kiribati
Korea Korea
Kuwait Kuwait
Laos Laos
