equinox dollar farewell essential paint seller houseplant fibre disposition lamb referee explicit clothes secretary slice flow bark fish brick aisle mastermind corpse uncertainty glove twitch method muggy photograph hiccup union orange analyst chain funeral presidential wilderness prejudice novel remark band equinox
40
equinox equinox
referee referee
essential essential jurisdiction
union union
slice slice
fish fish
houseplant houseplant
clothes clothes
presidential presidential dry
dollar dollar
mastermind mastermind tropical
uncertainty uncertainty
funeral funeral
analyst analyst
novel novel
muggy muggy
lamb lamb
twitch twitch
secretary secretary
photograph photograph
orange orange
farewell farewell
aisle aisle
explicit explicit
corpse corpse
fibre fibre
seller seller
prejudice prejudice
flow flow
method method
remark remark
disposition disposition
wilderness wilderness
hiccup hiccup
glove glove
chain chain
brick brick
bark bark
paint paint
band band
