7FD578 853F1A 1176C9 981760 FF39A5 2FBF68 F4C859 4BCD0B 61D740 4BCD0B 7B7BDE 57CBDE 66B94B EEEA40 9F01C8 EEEA40 9F01C8 01684B E27C41 1176C9 6C7BF0 F94356 A085DD 853F1A 01684B 859C0E 01684B 1EE680 2E60FC 1BD5F4 6CAF19 877D0E B40756 981760 FF39A5 2FBF68 2A2C8A 9B7F16 6CAF19 E5D023 2C376F 3E0BDD 283373 1AC5CE 7FD578
25
01684B 01684B
6CAF19 6CAF19
E27C41 E27C41
7B7BDE 7B7BDE
B40756 B40756
F4C859 F4C859
A085DD A085DD
981760 981760
E5D023 E5D023
9B7F16 9B7F16
1BD5F4 1BD5F4
3E0BDD 3E0BDD
1EE680 1EE680
1AC5CE 1AC5CE
6C7BF0 6C7BF0
1176C9 1176C9
2C376F 2C376F
859C0E 859C0E
61D740 61D740
FF39A5 FF39A5
9F01C8 9F01C8
877D0E 877D0E
2E60FC 2E60FC
66B94B 66B94B
EEEA40 EEEA40
