188645 0FB66D FA567E B833F0 07D80A B7B073 A7E9D9 DBDC9A 994F93 FD1783 EC05F7 539A92 7E18E9 1472B4 07D80A 143B88 44716B D27DC1 6D778A 3AA8C5 AFF8D1 673B36 29B2A4 724A76 467AB7 0D7DE7 E954F7 410DA1 EF4D57 3AA8C5 3B1041 7E5598 0FBCDC 84EBFF 0FBCDC 0A5C0E 4B39CA E09D29 C98FE7 FA567E 3ADA02 D5356A 3ADA02 94D700 DBDC9A A5CCB5 35FF16 800641 35FF16 500783 567883 1276AF 567883 9B0EC2 F53049 19FFAB D27DC1 48C2D5 825884 D7CAF9 D443EB 8D0852 37F745 318BA7 784F83 FF8D45 7A7E10 D01E6B AA8E14 D04F40 DD2694 17A825 318BA7 4FBDE1 DF9F85 143B88 AA8E14 35F60D 2C101C CB09C0 31D332 628AB2 D04F40 9B9BDD 2F1AB5 318BA7 188645
50
188645 188645
D7CAF9 D7CAF9
AA8E14 AA8E14
467AB7 467AB7
994F93 994F93
D5356A D5356A
D04F40 D04F40
FF8D45 FF8D45
800641 800641
7E18E9 7E18E9
19FFAB 19FFAB
FD1783 FD1783
EF4D57 EF4D57
724A76 724A76
C98FE7 C98FE7
2C101C 2C101C
48C2D5 48C2D5
9B9BDD 9B9BDD
84EBFF 84EBFF
AFF8D1 AFF8D1
9B0EC2 9B0EC2
A7E9D9 A7E9D9
37F745 37F745
44716B 44716B
628AB2 628AB2
B833F0 B833F0
3B1041 3B1041
0A5C0E 0A5C0E
500783 500783
4FBDE1 4FBDE1
07D80A 07D80A
1276AF 1276AF
539A92 539A92
E954F7 E954F7
E09D29 E09D29
D01E6B D01E6B
94D700 94D700
DD2694 DD2694
6D778A 6D778A
A5CCB5 A5CCB5
CB09C0 CB09C0
29B2A4 29B2A4
8D0852 8D0852
3ADA02 3ADA02
D443EB D443EB
B7B073 B7B073
DBDC9A DBDC9A
784F83 784F83
0FB66D 0FB66D
0FBCDC 0FBCDC
