context interaction departure aspect bread fat attempt care teaching aspect construction anxiety currency satisfaction reality while cell store farmer bedroom bit wood construction road bedroom thanks state ability soil context
25
context context
care care
while while
wood wood
farmer farmer
fat fat
anxiety anxiety
ability ability
satisfaction satisfaction
currency currency
reality reality
bedroom bedroom
bit bit
interaction interaction
construction construction
teaching teaching
soil soil
state state
store store
attempt attempt
departure departure
thanks thanks
bread bread
aspect aspect
road road
