maintenance object rock photo driver day salad selection context price obligation wife competition income war complaint depression movie contract sign church role description population inspection account role sign action focus reputation style cause average beer philosophy difficulty economy chest sister career chest rate property church maintenance
40
maintenance maintenance version example resolution future
philosophy philosophy marketing feature volume
competition competition bread
sign sign selection
complaint complaint woman
sister sister
inspection inspection
focus focus
rock rock
obligation obligation
property property
object object
war war
style style
church church
wife wife
cause cause
economy economy
contract contract
price price
rate rate
income income
role role
driver driver
career career
average average
action action
reputation reputation
account account
movie movie
description description
day day
depression depression
chest chest
beer beer
salad salad
photo photo
difficulty difficulty
context context
population population
