S Q BW A CF D AZ I BV A CQ V AA AB BO AW BZ I BS A CA B BD A BU A AM A BP L CV E A AV B BE B BM A CD F CM A BH A CP A AD AN CI K AJ I BN I AL A CU A BA A BG A BF A CK AC H CS I CL K AX B BQ A AH I CH I AR B CE A AO A CN M AP B BK T O AF CB CC I CW I AK A AE A AG A Z A Y AY X R BR A AI W A AQ A U A AT P A BT A BI A BX A CJ A BL G N AS J CR A BB A AU C BJ K CO AB BY A BC A S
99
S S
N N
AP AP CT
T T
X X
AA AA
AK AK
BF BF
BH BH
BI BI
BN BN
BO BO
BQ BQ
BV BV
BZ BZ
CA CA
CH CH
CI CI
CL CL
CM CM
CN CN
CO CO
CP CP
CQ CQ
CU CU
CW CW
AJ AJ
AQ AQ
BB BB
U U
AF AF
AT AT
BP BP
CV CV
AC AC
AV AV
W W
Z Z
AB AB
AD AD
AE AE
AG AG
AH AH
AL AL
AU AU
BD BD
BG BG
BS BS
BT BT
BW BW
BX BX
CE CE
CF CF
CJ CJ
CC CC
CS CS
H H
AM AM
AO AO
BC BC
BL BL
BM BM
AI AI
BJ BJ
BU BU
I I
BA BA
M M
AZ AZ
CK CK
A A
G G
R R
V V
Y Y
AR AR
AS AS
AX AX
BE BE
BK BK
BR BR
BY BY
CB CB
CR CR
B B
C C
D D
E E
F F
J J
K K
L L
O O
P P
Q Q
AN AN
AW AW
AY AY
CD CD
