0 5 13 49 12 24 48 26 42 33 39 33 22 10 31 20 31 10 70 58 71 58 74 58 73 58 53 50 54 50 52 56 66 98 66 97 66 56 67 56 65 95 65 96 65 94 65 56 52 50 54 59 78 59 77 59 54 50 0 23 32 34 32 90 64 55 64 92 64 93 64 55 63 55 61 83 61 84 61 55 62 87 62 55 60 55 25 2 25 15 35 15 25 19 25 37 25 14 11 6 12 24 41 42 40 42 45 21 24 0
50
20 20
93 93
42 42
32 32
87 87
11 11
60 60
49 49
71 71
78 78
98 98
70 70
66 66
90 90
52 52
94 94
19 19
95 95
25 25
73 73
14 14
35 35
83 83
54 54
26 26
96 96
39 39
37 37
74 74
33 33
59 59
21 21
48 48
10 10
84 84
62 62
55 55
12 12
67 67
23 23
77 77
63 63
41 41
92 92
2 2
34 34
45 45
40 40
97 97
31 31
