0 3 4 96 11 55 11 58 11 3 56 3 29 75 54 75 28 75 18 75 81 49 4 87 4 14 4 63 4 3 51 57 21 57 31 89 1 81 26 81 53 31 25 59 25 24 25 7 64 72 64 35 13 0 100 101 110 173 110 168 110 172 110 169 110 171 110 175 110 101 116 198 116 101 117 101 111 177 111 178 111 101 112 180 112 182 112 179 112 101 109 167 109 101 113 189 113 188 113 101 115 196 115 194 115 101 108 158 108 160 108 154 108 156 108 101 100 106 146 106 145 106 149 106 144 106 147 106 142 106 100 104 136 104 100 107 152 107 100 105 138 105 100 107 153 107 151 107 100 102 121 102 118 102 124 102 123 102 100 103 128 103 127 103 130 103 100 0 17 5 22 77 17 5 42 5 65 70 4 80 66 80 4 70 44 68 17 13 98 86 12 62 81 82 81 10 20 43 20 10 99 10 83 10 86 85 90 3 0
100
17 17
104 104
128 128
20 20
152 152
167 167
182 182
14 14
42 42
43 43
153 153
83 83
25 25
70 70
35 35
156 156
117 117
172 172
169 169
177 177
65 65
147 147
109 109
130 130
127 127
87 87
175 175
124 124
90 90
171 171
189 189
18 18
188 188
31 31
63 63
196 196
66 66
81 81
26 26
51 51
77 77
56 56
180 180
24 24
53 53
1 1
136 136
149 149
158 158
99 99
10 10
82 82
101 101
100 100
160 160
28 28
85 85
96 96
72 72
154 154
44 44
86 86
57 57
106 106
54 54
29 29
22 22
68 68
123 123
118 118
178 178
49 49
98 98
142 142
62 62
145 145
89 89
198 198
58 58
113 113
121 121
112 112
102 102
13 13
138 138
7 7
105 105
173 173
75 75
144 144
59 59
5 5
21 21
55 55
168 168
146 146
151 151
4 4
194 194
179 179
