0x4a 0x1d 0x63 0x19 0x4e 0x5a 0x1a 0x31 0xe 0x16 0x17 0x16 0xe 0x31 0x53 0x23 0x5e 0x62 0x51 0x1e 0xf 0x55 0x1 0x24 0x59 0x24 0x56 0x27 0x15 0x2e 0x15 0x61 0x13 0x0 0x52 0x0 0x13 0x46 0x48 0x59 0x6 0x10 0x28 0x35 0x28 0x50 0x32 0x2 0x5 0x9 0x35 0x30 0x57 0x3d 0x1f 0x4d 0x3f 0x39 0x2f 0x22 0x4 0x1c 0x13 0x2d 0x5b 0x14 0x5f 0x14 0x45 0x4f 0x2a 0x1a 0x21 0x1e 0x11 0x1e 0x1c 0x2a 0x1a 0x60 0x41 0x60 0x2e 0x3b 0x1c 0xc 0xb 0x2c 0x3c 0x1b 0x3c 0x2c 0x3 0x3e 0x20 0x3e 0x26 0x1f 0x37 0x4b 0x4a
50
0x20 0x20
0x2c 0x2c
0x55 0x55
0x32 0x32
0x48 0x48
0x3b 0x3b
0x1c 0x1c
0x1f 0x1f
0x50 0x50
0x63 0x63
0x17 0x17
0x35 0x35
0x5e 0x5e
0x4d 0x4d
0x4f 0x4f
0x4 0x4
0x13 0x13
0x59 0x59
0x5a 0x5a
0x3c 0x3c
0x10 0x10
0x1b 0x1b
0xc 0xc
0x52 0x52
0x5f 0x5f
0x14 0x14
0x1d 0x1d
0x5 0x5
0x27 0x27
0x2e 0x2e
0x4b 0x4b
0x9 0x9
0x31 0x31
0x45 0x45
0xb 0xb
0x62 0x62
0x56 0x56
0x3d 0x3d
0x61 0x61
0x1e 0x1e
0x57 0x57
0x21 0x21
0x41 0x41
0x2a 0x2a
0x39 0x39
0x2 0x2
0x11 0x11
0x4e 0x4e
0x2d 0x2d
0x53 0x53
