0 1 0 15 14 12 16 17 13 11 4 11 13 9 10 9 20 21 30 22 30 29 23 24 26 25 26 24 23 27 23 29 30 35 37 38 41 40 41 38 36 42 46 42 36 38 37 35 30 34 33 47 44 48 49 48 44 47 33 34 30 21 20 18 7 8 6 8 5 8 7 18 20 9 13 17 16 12 14 3 2 3 14 15 0 50 65 64 62 66 67 63 59 60 59 70 71 80 72 80 84 83 97 94 98 99 98 94 97 83 84 80 79 73 74 76 75 76 74 73 77 73 79 80 85 87 88 91 90 91 88 86 92 96 92 86 88 87 85 80 71 70 68 57 58 56 58 55 58 57 68 70 59 63 61 54 61 63 67 66 62 64 53 52 53 64 65 50 51 50 0
44
1 1
2 2
3 3
4 4
5 5
6 6
10 10
22 22
24 24
25 25
26 26
27 27
33 33
47 47
44 44
48 48
49 49
46 46
42 42
36 36
40 40
41 41
51 51
52 52
53 53
54 54
55 55
56 56
60 60
72 72
74 74
75 75
76 76
77 77
83 83
97 97
94 94
98 98
99 99
96 96
92 92
86 86
90 90
91 91
