31 107 146 65 128 52 46 167 186 199 179 169 191 180 197 171 195 184 164 170 198 173 188 168 175 196 120 12 137 33 105 29 57 89 125 35 77 127 42 148 110 60 69 38 64 151 30 6 58 138 134 32 81 141 34 20 119 131 13 115 14 66 68 86 22 103 123 117 106 78 49 147 93 27 7 160 67 108 4 28 152 88 9 80 143 90 47 140 82 149 94 45 21 156 99 48 114 83 74 31
98
170 170
191 191
168 168
199 199
196 196
171 171
164 164
180 180
167 167
197 197
198 198
179 179
195 195
184 184
186 186
173 173
188 188
78 78
20 20
175 175
21 21
169 169
138 138
57 57
88 88
117 117
99 99
14 14
67 67
12 12
83 83
64 64
34 34
47 47 121
46 46
81 81
82 82
30 30
127 127
110 110
68 68
4 4
42 42
128 128
143 143
89 89
93 93
27 27
141 141
105 105
140 140
60 60
48 48
152 152
77 77
9 9
22 22
106 106
146 146
114 114
94 94
148 148
66 66
58 58
108 108
32 32
38 38
49 49
65 65
80 80
29 29
156 156
28 28
123 123
115 115
137 137
69 69
74 74
90 90
7 7
131 131
151 151
160 160
6 6
86 86
149 149
119 119
45 45
120 120
107 112 107
35 35
33 33
13 13
147 147
125 125
134 134
103 103
52 52
