cure bear Delphi bear Bridgeport bear Moe bear lint bear Negroid bear Vichy bear hypotonic bear item bear upheld bear indignity bear obfuscate bear ineducable bear logjam bear Brillouin bear greet bear latch bear swoop bear belch bear Muscat bear Blackman bear roost bear reflectance bear seem bear marquess bear stupor bear cure
25
Delphi Delphi
hypotonic hypotonic
swoop swoop
marquess marquess
roost roost
reflectance reflectance
Negroid Negroid
Bridgeport Bridgeport
Muscat Muscat
Brillouin Brillouin
logjam logjam
indignity indignity
upheld upheld
item item
obfuscate obfuscate
ineducable ineducable
greet greet
belch belch
Moe Moe
lint lint
seem seem
Blackman Blackman
stupor stupor
latch latch
Vichy Vichy
