A0 X4 S6 D3 Y3 P5 I0 Q4 G4 Z4 S1 X2 O3 C7 M5 J5 T6 Q6 M6 A6 T5 F3 R3 B5 X6 B4 G1 R4 C0 W4 D0 Y0 E4 O4 E5 C3 M1 X0 P0 A2 Z1 M0 H0 Q0 L5 X3 E1 T2 W5 I1 L0 M4 A5 J1 G0 F4 J6 D7 N2 Y4 G3 Q5 G6 P6 X1 Z6 A1 U2 U6 K1 N1 B2 Y6 A7 Z5 F0 A4 S2 K4 D2 R6 F6 H6 M3 O5 R5 I3 V2 W6 T3 E3 C4 V6 P2 J0 C6 W2 Z3 I5 K2 A0
100
A0 A0
Q0 Q0
Y6 Y6
Q4 Q4
B4 B4
D2 D2
I1 I1
G1 G1
A1 A1
W6 W6
T5 T5
M5 M5
E3 E3
U6 U6
J6 J6
M4 M4
Z1 Z1
Z3 Z3
W4 W4
T6 T6
F0 F0
X2 X2
A4 A4
P6 P6
E4 E4
A5 A5
Q5 Q5
M0 M0
H6 H6
J0 J0
R6 R6
Y3 Y3
F4 F4
E5 E5
I3 I3
R3 R3
O5 O5
C6 C6
A6 A6
P5 P5
B2 B2
B5 B5
M1 M1
Z6 Z6
K2 K2
S2 S2
O3 O3
S6 S6
V2 V2
X0 X0
G6 G6
D0 D0
J1 J1
Z5 Z5
W5 W5
T3 T3
X3 X3
C4 C4
M6 M6
S1 S1
G4 G4
P0 P0
C0 C0
X6 X6
E1 E1
U2 U2
Y0 Y0
D7 D7
N1 N1
I0 I0
M3 M3
J5 J5
G3 G3
P2 P2
G0 G0
Z4 Z4
A2 A2
H0 H0
L5 L5
I5 I5
X4 X4
Y4 Y4
F6 F6
K4 K4
X1 X1
N2 N2
W2 W2
C3 C3
K1 K1
R4 R4
R5 R5
L0 L0
F3 F3
T2 T2
O4 O4
V6 V6
Q6 Q6
D3 D3
C7 C7
A7 A7
