149 68 75 59 100 76 96 16 4 36 69 42 2 45 80 20 44 37 18 51 74 55 38 22 47 23 99 79 29 43 28 33 66 64 7 11 6 25 5 89 10 90 56 21 85 34 92 32 73 58 12 65 40 3 26 49 52 13 1 83 70 81 78 17 8 35 84 53 31 93 94 39 87 54 88 71 61 9 46 27 86 15 62 50 30 67 95 91 98 77 82 41 19 60 63 57 72 97 48 24 149
100
149 14
26 26
64 64
15 15
84 84
37 37
71 71
5 5
100 100
31 31
77 77
92 92
23 23
40 40
63 63
2 2
56 56
30 30
28 28
1 1
17 17
80 80
54 54
73 73
81 81
27 27
29 29
51 51
55 55
16 16
72 72
34 34
98 98
59 59
22 22
89 89
10 10
52 52
45 45
3 3
11 11
48 48
33 33
69 69
74 74
87 87
53 53
95 95
19 19
78 78
79 79
7 7
86 86
32 32
85 85
65 65
6 6
13 13
4 4
47 47
58 58
70 70
9 9
76 76
36 36
20 20
93 93
90 90
39 39
75 75
38 38
49 49
24 24
57 57
35 35
88 88
67 67
12 12
68 68
62 62
43 43
60 60
25 25
91 91
82 82
46 46
66 66
42 42
18 18
97 97
50 50
41 41
83 83
96 96
94 94
8 8
61 61
99 99
21 21
44 44
