89 65 18 20 50 39 50 35 19 42 24 41 12 41 81 8 57 29 46 29 57 47 22 68 43 8 40 95 16 95 10 95 33 79 3 11 9 4 40 8 6 37 0 2 34 2 28 83 31 98 49 45 49 38 32 26 32 30 36 74 23 27 33 21 44 14 73 17 48 24 13 24 11 24 25 24 5 24 7 15 51 98 1 52 14 68 22 49 89
50
1 1
2 2
3 3
4 4
5 5
6 6
7 7
8 8
9 9
10 10
11 11
12 12
13 13
14 14
15 15
16 16
17 17
18 18
19 19
20 20
21 21
22 22
23 23
24 24
25 25
26 26
27 27
28 28
29 29
30 30
31 31
32 32
33 33
34 34
35 35
36 36
37 37
38 38
39 39
40 40
41 41
42 42
43 43
44 44
45 45
46 46
47 47
48 48
49 49
50 50
