azv xie hyb dqy jwx brw cwq cim eqx ctf hsi pzr eqx wcd hwc scm aur wcd hlc qzx jvc mis hcc ivp zuz lmh mis rov uyd gfr rfl vxn wcd rcw uua wcd sau wcd ufa cib mpw boc mis eqa mtd gcw ipq yfq ncc vfq hip yiy mis yvc eqx ijd ovx rti oqv azv
49
azv azv
cib cib
vfq vfq
gfr gfr
hsi hsi
yiy yiy
qzx qzx
hcc hcc
boc boc
cim cim
ovx ovx
mis mis
sau sau
mtd mtd
hyb hyb
jvc jvc
aur aur
ivp ivp
jwx jwx
eqa eqa
rov rov
rcw rcw
hip hip
ncc ncc
rti rti
uua uua
wcd wcd
xie xie
brw brw
yfq yfq
ctf gei ctf
yvc yvc
dqy dqy
vxn vxn
hwc hwc
ufa ufa
ipq ipq
mpw mpw
hlc hlc
ijd ijd
uyd uyd
gcw gcw
lmh lmh
zuz zuz
pzr pzr
oqv oqv
rfl rfl
scm scm
cwq cwq
