zMnoKpsz12d1Y6CixoCL WErCaTW8MMgw3ZAta1gT EFVi1RMWM28DYYdOxVze M3MAG2lM6nUmTjQ3nD4D GfpGWz1SaDeisCQVEJrI M3MAG2lM6nUmTjQ3nD4D PrzulPuk0tqiNKmdjp0X M3MAG2lM6nUmTjQ3nD4D z2nBS9pweVYpDmW0fMRS M3MAG2lM6nUmTjQ3nD4D kHWDWFJURX8TBbDnLSlR W8ft2Hcg1VXPVNTpprS3 kHWDWFJURX8TBbDnLSlR dUDrtIP8WIldh2FT7uba kHWDWFJURX8TBbDnLSlR mTYxpEwVJTp369cmBN7S kHWDWFJURX8TBbDnLSlR ybqDdUoaPknlNwzZFeto WELPo1XEQnG4JejlB13A ybqDdUoaPknlNwzZFeto 1Tm2BSSz9mj8o3m9o0TB 07iKiKtYzy9bLoKUo0ve 1Tm2BSSz9mj8o3m9o0TB 5VNO6t8qAcR3d5jJgfi4 1Tm2BSSz9mj8o3m9o0TB ZcpnIKUrL8i4GzxAolZX 1Tm2BSSz9mj8o3m9o0TB IcoYVabhkC8yNYJgy44V GaG5DAqLVuTD09GfUl6l IcoYVabhkC8yNYJgy44V U8fsnzMIN4aMdzToihTq IcoYVabhkC8yNYJgy44V dBvruVRsFq4ihmzPj7nf IcoYVabhkC8yNYJgy44V 50qWynRev5CSErzk8Yih Vkpfkc0JUDpakJkZipKD 50qWynRev5CSErzk8Yih 3fQHkf8pseCy7Ys4Kez5 50qWynRev5CSErzk8Yih QTgsp1BfPDsixeeH6QUT 50qWynRev5CSErzk8Yih RIRtIJewArUY7i7A6OEl cthtNVKVABeolrPabegT RIRtIJewArUY7i7A6OEl FqxzURcIHYyg2FOpiXCN RIRtIJewArUY7i7A6OEl FwLnZPETaUkrkp7dE0hH KBGTLYOWLSviflcWwd9y FwLnZPETaUkrkp7dE0hH 9c21VhIQJbtu6kG4NZT4 FwLnZPETaUkrkp7dE0hH ZvocIzADG7dBR58wmnu8 FwLnZPETaUkrkp7dE0hH oJor9EUgXhaXPDmChml7 FDT7h4JKMRWa9fcDNmXs oJor9EUgXhaXPDmChml7 TzlCRBgA0Q2cCjETm7Vx oJor9EUgXhaXPDmChml7 C3qGKxHtliSTI7oOnHoB oJor9EUgXhaXPDmChml7 dakEfF8eF1B4IYsSGGLe yE3wNgUIJB0oZwUjLCMo dakEfF8eF1B4IYsSGGLe YIAlamFOfZeHd5qDll32 dakEfF8eF1B4IYsSGGLe 9XhdonQsTDmLQknJ4xeP dakEfF8eF1B4IYsSGGLe YqOJXOtRcgzFFRGKRutM JPD2uBroiElzO4z72vhQ YqOJXOtRcgzFFRGKRutM Ryx97mzVLWHytqmLAKlJ YqOJXOtRcgzFFRGKRutM HAc1Ylu9mrUmnheKISnK YqOJXOtRcgzFFRGKRutM ybqDdUoaPknlNwzZFeto FHGlzd4VlMUVjTba9Qjm ybqDdUoaPknlNwzZFeto z6gtkXCB2ntSiYsjrque ybqDdUoaPknlNwzZFeto QHym2s92VJ8ycxMeFawz pkPHvGrHHriGlmiL3mRW QHym2s92VJ8ycxMeFawz QFT8yfDPa0xDNdRMchX3 QHym2s92VJ8ycxMeFawz KP4zLIZ5LMWJ6mkRn6BX QHym2s92VJ8ycxMeFawz WCUwzDEkBlRrgSeSv9vv 5cjkSqVe5mFfFhCgwe8r WCUwzDEkBlRrgSeSv9vv ofmz95sRAyIS0ShQndvb WCUwzDEkBlRrgSeSv9vv 15e7umNMnawEegsOhkYh WCUwzDEkBlRrgSeSv9vv UkKARQyd3ZxfrQwOeW0R OMLAPgVr1RosMrpENk9K UkKARQyd3ZxfrQwOeW0R JKKWZrMfMDLTYQt6t5Ap UkKARQyd3ZxfrQwOeW0R u91JdIwHTd2zumpXCvmK UkKARQyd3ZxfrQwOeW0R B56U06r3nz3RZaXVmiK2 xBNbU9Yu51mQvClxjQdr B56U06r3nz3RZaXVmiK2 Y0dqIYSR4P9Br1Cq3f9U B56U06r3nz3RZaXVmiK2 MyPRIiIVlLarPoP5nZfy B56U06r3nz3RZaXVmiK2 GhNWfyijkz8OKJbptIGO lcq8BXTLE4WDnj4JF3yo GhNWfyijkz8OKJbptIGO EvdCmEq3CXPDtnZYkiVu GhNWfyijkz8OKJbptIGO VxRxz5foWagBafuSz1m4 GhNWfyijkz8OKJbptIGO TuA4wNSOMjTMUxZ5fZWx jdgXkfbupFQ0XUNJEyvU TuA4wNSOMjTMUxZ5fZWx JzMVZjOikutQZg00S8wX TuA4wNSOMjTMUxZ5fZWx WdpiLe9uZpnuS9WMphYw TuA4wNSOMjTMUxZ5fZWx OcyqfDTyG7wfT1rvpitz uqAmYQiu3O0THeAaPzKH OcyqfDTyG7wfT1rvpitz sNJuS4R6b6KAUX5QI4md OcyqfDTyG7wfT1rvpitz G6KTAOxQU8MNiSLazU1t OcyqfDTyG7wfT1rvpitz hH5yU5IgxmmStVnXEBJ1 Y2BEa9hp0T63SlTWXenG hH5yU5IgxmmStVnXEBJ1 3mTCmcCkVhhFn533BM03 hH5yU5IgxmmStVnXEBJ1 oougNPfNRCSRCWJrOUlb hH5yU5IgxmmStVnXEBJ1 RIRtIJewArUY7i7A6OEl szEChRtMF49nUq5i634G RIRtIJewArUY7i7A6OEl 5jE3DcSbPJWRITx0u2Kf 9q9h29089dBsNERnjXsd 5jE3DcSbPJWRITx0u2Kf NieXnWTTyXxCRp5CSl0i 5jE3DcSbPJWRITx0u2Kf gM8AHyLc0ZjUxmDMuXzJ 5jE3DcSbPJWRITx0u2Kf jS5XJP3bXemMgWyvfsmt Vv2apUMOUSvB9J5u8yJr jS5XJP3bXemMgWyvfsmt CcIlGrru613gqyngyuYo jS5XJP3bXemMgWyvfsmt ZSg6FSZaRCTLmeHoLgMI jS5XJP3bXemMgWyvfsmt g6l3PryZJRSAXJGUyq22 2DqN6NYyebkVczAnrbNI g6l3PryZJRSAXJGUyq22 Armxs904ujfdAYn9LtOF g6l3PryZJRSAXJGUyq22 RvFA5khunRjN3Z7dmUKr g6l3PryZJRSAXJGUyq22 hzqXRQPGO5tnMpQYDdxn XKYNaFpYuIx7Zx7vNANa hzqXRQPGO5tnMpQYDdxn bclRgmmOqfg3PHQz06qB hzqXRQPGO5tnMpQYDdxn 8s4ukhLgGBoor0D87KUr hzqXRQPGO5tnMpQYDdxn JOo21iuZtHvP9sSModQZ QmCq2RCVgnssPOgSwAr8 JOo21iuZtHvP9sSModQZ T7hLF9jTtc4htoAH0PWD JOo21iuZtHvP9sSModQZ oDA5VKbLZuTPP2ZEB14d JOo21iuZtHvP9sSModQZ e7oVwvEXzQVG9DeK8uQS bUGtOHLCdzsNiRxcLtaT e7oVwvEXzQVG9DeK8uQS ARorC1kPdEun4czh3dmX e7oVwvEXzQVG9DeK8uQS olgHJpCT79b6HED7FUWa e7oVwvEXzQVG9DeK8uQS BVbv363irLjfCXrWQjqn nfdt04yvrwrpPVPzIy2c BVbv363irLjfCXrWQjqn MDHuBmBbeFOGqzpuNmVz BVbv363irLjfCXrWQjqn 34ScKN0pHkNmnxdkoIOC BVbv363irLjfCXrWQjqn fat0ktgmwPXvqLhmWfJ0 qSLkk45Evo68Y4JhMUq7 fat0ktgmwPXvqLhmWfJ0 mNuLv0WHsIRpWEdSUREd fat0ktgmwPXvqLhmWfJ0 mUERvxQcAO2XlgBTPRGA fat0ktgmwPXvqLhmWfJ0 tXtX3vcLWOYDJBh3QgZt WErCaTW8MMgw3ZAta1gT zMnoKpsz12d1Y6CixoCL
81
mNuLv0WHsIRpWEdSUREd mNuLv0WHsIRpWEdSUREd
mUERvxQcAO2XlgBTPRGA mUERvxQcAO2XlgBTPRGA
qSLkk45Evo68Y4JhMUq7 qSLkk45Evo68Y4JhMUq7
ZcpnIKUrL8i4GzxAolZX ZcpnIKUrL8i4GzxAolZX
07iKiKtYzy9bLoKUo0ve 07iKiKtYzy9bLoKUo0ve
5VNO6t8qAcR3d5jJgfi4 5VNO6t8qAcR3d5jJgfi4
olgHJpCT79b6HED7FUWa olgHJpCT79b6HED7FUWa
ARorC1kPdEun4czh3dmX ARorC1kPdEun4czh3dmX
bUGtOHLCdzsNiRxcLtaT bUGtOHLCdzsNiRxcLtaT
ZvocIzADG7dBR58wmnu8 ZvocIzADG7dBR58wmnu8
9c21VhIQJbtu6kG4NZT4 9c21VhIQJbtu6kG4NZT4
KBGTLYOWLSviflcWwd9y KBGTLYOWLSviflcWwd9y
u91JdIwHTd2zumpXCvmK u91JdIwHTd2zumpXCvmK
OMLAPgVr1RosMrpENk9K OMLAPgVr1RosMrpENk9K
JKKWZrMfMDLTYQt6t5Ap JKKWZrMfMDLTYQt6t5Ap
PrzulPuk0tqiNKmdjp0X PrzulPuk0tqiNKmdjp0X
GfpGWz1SaDeisCQVEJrI GfpGWz1SaDeisCQVEJrI
z2nBS9pweVYpDmW0fMRS z2nBS9pweVYpDmW0fMRS
CcIlGrru613gqyngyuYo CcIlGrru613gqyngyuYo
Vv2apUMOUSvB9J5u8yJr Vv2apUMOUSvB9J5u8yJr
ZSg6FSZaRCTLmeHoLgMI ZSg6FSZaRCTLmeHoLgMI
KP4zLIZ5LMWJ6mkRn6BX KP4zLIZ5LMWJ6mkRn6BX
QFT8yfDPa0xDNdRMchX3 QFT8yfDPa0xDNdRMchX3
pkPHvGrHHriGlmiL3mRW pkPHvGrHHriGlmiL3mRW
dBvruVRsFq4ihmzPj7nf dBvruVRsFq4ihmzPj7nf
GaG5DAqLVuTD09GfUl6l GaG5DAqLVuTD09GfUl6l
U8fsnzMIN4aMdzToihTq U8fsnzMIN4aMdzToihTq
NieXnWTTyXxCRp5CSl0i NieXnWTTyXxCRp5CSl0i
gM8AHyLc0ZjUxmDMuXzJ gM8AHyLc0ZjUxmDMuXzJ
9q9h29089dBsNERnjXsd 9q9h29089dBsNERnjXsd
RvFA5khunRjN3Z7dmUKr RvFA5khunRjN3Z7dmUKr
2DqN6NYyebkVczAnrbNI 2DqN6NYyebkVczAnrbNI
Armxs904ujfdAYn9LtOF Armxs904ujfdAYn9LtOF
oDA5VKbLZuTPP2ZEB14d oDA5VKbLZuTPP2ZEB14d
T7hLF9jTtc4htoAH0PWD T7hLF9jTtc4htoAH0PWD
QmCq2RCVgnssPOgSwAr8 QmCq2RCVgnssPOgSwAr8
3mTCmcCkVhhFn533BM03 3mTCmcCkVhhFn533BM03
oougNPfNRCSRCWJrOUlb oougNPfNRCSRCWJrOUlb
Y2BEa9hp0T63SlTWXenG Y2BEa9hp0T63SlTWXenG
nfdt04yvrwrpPVPzIy2c nfdt04yvrwrpPVPzIy2c
MDHuBmBbeFOGqzpuNmVz MDHuBmBbeFOGqzpuNmVz
34ScKN0pHkNmnxdkoIOC 34ScKN0pHkNmnxdkoIOC
Y0dqIYSR4P9Br1Cq3f9U Y0dqIYSR4P9Br1Cq3f9U
MyPRIiIVlLarPoP5nZfy MyPRIiIVlLarPoP5nZfy
xBNbU9Yu51mQvClxjQdr xBNbU9Yu51mQvClxjQdr
FHGlzd4VlMUVjTba9Qjm FHGlzd4VlMUVjTba9Qjm
WELPo1XEQnG4JejlB13A WELPo1XEQnG4JejlB13A
z6gtkXCB2ntSiYsjrque z6gtkXCB2ntSiYsjrque
XKYNaFpYuIx7Zx7vNANa XKYNaFpYuIx7Zx7vNANa
8s4ukhLgGBoor0D87KUr 8s4ukhLgGBoor0D87KUr
bclRgmmOqfg3PHQz06qB bclRgmmOqfg3PHQz06qB
cthtNVKVABeolrPabegT cthtNVKVABeolrPabegT
szEChRtMF49nUq5i634G szEChRtMF49nUq5i634G
FqxzURcIHYyg2FOpiXCN FqxzURcIHYyg2FOpiXCN
lcq8BXTLE4WDnj4JF3yo lcq8BXTLE4WDnj4JF3yo
EvdCmEq3CXPDtnZYkiVu EvdCmEq3CXPDtnZYkiVu
VxRxz5foWagBafuSz1m4 VxRxz5foWagBafuSz1m4
TzlCRBgA0Q2cCjETm7Vx TzlCRBgA0Q2cCjETm7Vx
C3qGKxHtliSTI7oOnHoB C3qGKxHtliSTI7oOnHoB
FDT7h4JKMRWa9fcDNmXs FDT7h4JKMRWa9fcDNmXs
yE3wNgUIJB0oZwUjLCMo yE3wNgUIJB0oZwUjLCMo
9XhdonQsTDmLQknJ4xeP 9XhdonQsTDmLQknJ4xeP
YIAlamFOfZeHd5qDll32 YIAlamFOfZeHd5qDll32
QTgsp1BfPDsixeeH6QUT QTgsp1BfPDsixeeH6QUT
Vkpfkc0JUDpakJkZipKD Vkpfkc0JUDpakJkZipKD
3fQHkf8pseCy7Ys4Kez5 3fQHkf8pseCy7Ys4Kez5
ofmz95sRAyIS0ShQndvb ofmz95sRAyIS0ShQndvb
15e7umNMnawEegsOhkYh 15e7umNMnawEegsOhkYh
5cjkSqVe5mFfFhCgwe8r 5cjkSqVe5mFfFhCgwe8r
jdgXkfbupFQ0XUNJEyvU jdgXkfbupFQ0XUNJEyvU
JzMVZjOikutQZg00S8wX JzMVZjOikutQZg00S8wX
WdpiLe9uZpnuS9WMphYw WdpiLe9uZpnuS9WMphYw
sNJuS4R6b6KAUX5QI4md sNJuS4R6b6KAUX5QI4md
G6KTAOxQU8MNiSLazU1t G6KTAOxQU8MNiSLazU1t
uqAmYQiu3O0THeAaPzKH uqAmYQiu3O0THeAaPzKH
W8ft2Hcg1VXPVNTpprS3 W8ft2Hcg1VXPVNTpprS3
mTYxpEwVJTp369cmBN7S mTYxpEwVJTp369cmBN7S
dUDrtIP8WIldh2FT7uba dUDrtIP8WIldh2FT7uba
JPD2uBroiElzO4z72vhQ JPD2uBroiElzO4z72vhQ
HAc1Ylu9mrUmnheKISnK HAc1Ylu9mrUmnheKISnK
Ryx97mzVLWHytqmLAKlJ Ryx97mzVLWHytqmLAKlJ
