Potrero Meyers Calaveras Ames Laguna Boulevard Banning Merced Oceanside Chinese Fremont Ida Clayton Brookdale All 18th Smoke Banning Linden Warner Santa Richvale Carmel Fiorini Balsdon Brookdale Woffard Hume Potrero
25
Potrero Potrero
Ida Ida
Laguna Laguna
Fiorini Fiorini
Warner Warner
Santa Santa
Smoke Smoke
Woffard Woffard
Calaveras Calaveras
All All
Chinese Chinese
Carmel Carmel
Banning Banning
Linden Linden
Clayton Clayton
Hume Hume
Balsdon Balsdon
Boulevard Boulevard
Ames Ames
Oceanside Oceanside
Fremont Fremont
Richvale Richvale
Merced Merced
Meyers Meyers
18th 18th
