Encanto City Moccasin All Alpaugh Ames Vista Ramona Beach Welden Banning Elmira Granite Yurok Woodbridge Willow Vernon Green Santa Quail Homestead Riverside Foothills Forest Presidio Glencoe McAuley Chinese Sherman Brookdale Kern Garden Delta Two Cabbage Warner Mount Smoke Costa Los Jane Woffard Laguna Pumpkin Kentfield Cherokee Bonita Richvale Brookdale Encanto
47
Encanto Encanto
Woffard Woffard
Cherokee Cherokee
Warner Warner
Woodbridge Woodbridge
Alpaugh Alpaugh
Delta Delta
Yurok Yurok
Beach Beach
Green Shafter Green
Homestead Homestead
Glencoe Glencoe
City City
Elmira Elmira Cypress
Pumpkin Pumpkin
Banning Banning
Vista Vista
Los Los
Richvale Richvale
Two Two
Forest Forest
Chinese Chinese
Foothills Foothills
Costa Costa
Granite Granite
Laguna Laguna
Garden Garden
Presidio Presidio Clayton
Quail Quail
Moccasin Moccasin
McAuley McAuley
Santa Santa
Smoke Smoke
Ames Ames
Riverside Riverside
Jane Jane
Kentfield Kentfield
Willow Willow
Welden Welden
Vernon Vernon
Ramona Ramona
All All
Cabbage Cabbage
Mount Mount
Sherman Sherman
Kern Kern
Bonita Bonita
