Vernon Helm Carmel Fox Chittenden Armstrong Antelope Timbuctoo Sulpizio Garcia Yurok Alamo Cambridge Pleasant Woody Mecca Bradley Bell Marshall Industry City Clayton Hoffman Potrero Cabbage Sacramento Calaveras Cressey Smoke Lake Stockdale Robertsville Parchester Quail Terra Smith Bangor Santa California Saint California Beach Crestmont Manker Tijuana Moores Bodad Richvale Le Rough Ramona Downtown Davenport All Castle Collins Flinn Dulzura Roseland Presidio Strawberry Sunny Three Ritter Costa Portola Rowland Civic Veterans Delta Escondido Fiorini Portola Buena Coddingtown Escalon Sunny Donner Kaiser Castle Cudahy Carnelian Sherman Wallace Louis Bakersfield Pacheco Temecula Cerro Sunny Yankee Forbestown Portola Brundage Cypress South Balboa Fullerton Carnelian Blue Bonny Del Grasslands Hammer Huron Castle Glencoe Capuchino California Winterhaven Industrial Anaheim Vernon
99
Antelope Antelope
Ritter Ritter
Hoffman Hoffman
Brundage Brundage
Huron Huron
Rowland Rowland
Louis Louis
Pleasant Pleasant
Roseland Roseland
Coddingtown Coddingtown
Carmel Carmel
Beach Beach
Saint Saint
Del Del
Sacramento Sacramento
Fiorini Fiorini
Bodad Bodad
Smith Smith
Pacheco Pacheco
Fullerton Fullerton
Davenport Davenport
Santa Santa
Yankee Yankee
Parchester Warner Parchester
Ramona Ramona
Smoke Smoke
Sulpizio Sulpizio
Manker Manker
Industry Industry
Moores Moores
Costa Costa
Industrial Industrial
All All
South South
Delta Delta
Sherman Sherman
Sunny Sunny
Collins Collins
Terra Terra
Yurok Yurok
Grasslands Grasslands
Hammer Hammer
Donner Donner
Glencoe Glencoe
Cypress Cypress
Forbestown Forbestown
Balboa Balboa
Veterans Veterans
Bakersfield Bakersfield
Robertsville Robertsville
Presidio Presidio
Bradley Bradley
Wallace Wallace
Downtown Downtown
Chittenden Chittenden
Bonny Bonny
Cressey Cressey
Flinn Flinn
Rough Rough
Cambridge Cambridge
Timbuctoo Timbuctoo
Quail Quail
Escalon Escalon
Cudahy Cudahy
Portola Portola
Capuchino Capuchino
Potrero Potrero
Calaveras Calaveras
Crestmont Crestmont
Temecula Temecula
Tijuana Tijuana
Civic Civic
Cabbage Cabbage
Woody Woody
Alamo Alamo
Stockdale Stockdale
Marshall Marshall
Three Three
Buena Buena
Bangor Bangor
Garcia Garcia
Fox Fox
Strawberry Strawberry
Le Le
Richvale Richvale
Lake Lake
Dulzura Dulzura
Blue Blue
Bell Bell
Mecca Mecca
Helm Helm
Clayton Clayton
Cerro Cerro
California California
Armstrong Armstrong
Anaheim Anaheim
Escondido Escondido
Winterhaven Winterhaven
Kaiser Kaiser
