1 2 1 200 199 200 1 5 4 8 7 8 9 13 9 10 11 12 16 15 16 17 21 17 18 19 20 24 23 24 25 29 25 26 27 28 32 31 32 33 37 33 34 35 36 40 39 40 41 45 41 42 43 44 48 47 48 49 53 49 50 51 52 56 55 56 57 61 57 58 59 60 64 63 64 65 69 65 66 67 68 72 71 72 73 77 73 74 75 76 80 79 80 81 85 81 82 83 84 88 87 88 89 93 89 90 91 92 96 95 96 97 101 97 98 99 100 104 103 104 105 109 105 106 107 108 112 111 112 113 117 113 114 115 116 120 119 120 121 125 121 122 123 124 128 127 128 129 133 129 130 131 132 136 135 136 137 141 137 138 139 140 144 143 144 145 149 145 146 147 148 152 151 152 153 157 153 154 155 156 160 159 160 161 165 161 162 163 164 168 167 168 169 173 169 170 171 172 176 175 176 177 181 177 178 179 180 184 183 184 185 189 185 186 187 188 192 191 190 195 194 193 197 196 200 1
100
2 2
4 4
5 5
7 7
10 10
12 12
13 13
15 15
18 18
20 20
21 21
23 23
26 26
28 28
29 29
31 31
34 34
36 36
37 37
39 39
42 42
44 44
45 45
47 47
50 50
52 52
53 53
55 55
58 58
60 60
61 61
63 63
66 66
68 68
69 69
71 71
74 74
76 76
77 77
79 79
82 82
84 84
85 85
87 87
90 90
92 92
93 93
95 95
98 98
100 100
101 101
103 103
106 106
108 108
109 109
111 111
114 114
116 116
117 117
119 119
122 122
124 124
125 125
127 127
130 130
132 132
133 133
135 135
138 138
140 140
141 141
143 143
146 146
148 148
149 149
151 151
154 154
156 156
157 157
159 159
162 162
164 164
165 165
167 167
170 170
172 172
173 173
175 175
178 178
180 180
181 181
183 183
186 186
188 188
189 189
191 191
194 194
196 196
197 197
199 199
