1 2 1 98 97 96 95 94 93 92 91 90 89 88 87 86 85 84 83 77 82 77 81 77 80 77 79 77 78 77 76 75 74 73 72 71 70 69 63 64 63 68 63 67 63 66 63 65 63 62 61 60 59 58 57 56 55 49 50 49 51 49 54 49 53 49 52 49 48 44 48 47 46 45 41 42 41 40 36 40 39 38 37 33 34 33 32 28 32 31 30 29 25 26 25 24 20 24 23 22 21 17 18 17 16 12 16 15 14 13 9 10 9 8 4 8 7 6 5 1
44
2 2
4 4
5 5
7 7
10 10
12 12
13 13
15 15
18 18
20 20
21 21
23 23
26 26
28 28
29 29
31 31
34 34
36 36
37 37
39 39
42 42
44 44
45 45
47 47
50 50
51 51
52 52
53 53
54 54
64 64
65 65
66 66
67 67
68 68
78 78
79 79
80 80
81 81
82 82
92 92
93 93
94 94
95 95
96 96
