Shelf0 Whale137 Ring169 Toolbox146 Monster73 Water21 Toilet13 Clock2 Allergies103 Mail22 Male149 Urine124 Whale114 Robot164 Poop5 Towel92 Dog168 Android196 Book171 Laptop1 Light30 Solar130 Nuclear18 Toolbox72 Mail6 System156 Laptop1 Poop150 Leash77 Allergies88 Clock139 Websites4 Soap64 Crab83 Robot93 Ice9 Solar162 Kitty194 Clock2 Website190 Water135 Rollers95 Kitty98 Laptop125 Water29 Solar192 Soda119 Cat15 Drugs195 System79 Hnads116 Drugs39 Websites4 Dislike143 Allergies176 Mail6 Towel154 Boat67 Allergies7 Dislike12 Shoes8 Soap58 Mail6 Dog181 Shoes8 Shoe174 Clock2 Shoe17 Laptop1 Hnads182 Robot51 Urine97 Clock2 Settings75 Sink109 Shower47 Monster175 Whale126 Post158 Clock61 Clock2 Cat187 Printer188 Shelf0 Shower57 Flowers178 Dislike27 Soda197 Laptop1 Book24 Ice41 Laptop19 Mail6 Shelf40 Shelf0 Plus78 Clock2 Plants118 Websites4 Solar71 Breakfast85 Fusion104 Poop80 Laptop1 Fusion34 Poop5 BBQ36 Urine20 Rollers14 Nuclear35 Kitty89 System183 Soap3 Horse148 Clock2 Puppy117 Ice165 Water38 Mail6 Body55 Mail6 Poop76 Shelf0 Comics107 Shelf0 Ring82 Shelf0 Puppy140 Toolbox153 Shelf0
100
Shelf0 Shelf0
Fusion34 Fusion34
Cat15 Cat15
Water38 Water38
Soda197 Soda197
Comics107 Comics107
Soap64 Soap64
Towel154 Towel154
Kitty89 Kitty89
Book171 Book171
Plants118 Plants118
Clock61 Clock61
System79 System79
Breakfast85 Breakfast85
Toilet13 Toilet13
Water29 Water29
Plus78 Plus78
Mail22 Mail22
Allergies88 Allergies88
Poop76 Poop76
Leash77 Leash77
Urine20 Urine20
Soap58 Soap58
Laptop19 Laptop19
Poop80 Poop80
Soda119 Soda119
Monster175 Monster175
Robot51 Robot51
Shoe17 Shoe17
Towel92 Towel92
Websites4 Websites4
Whale114 Whale114
Kitty194 Kitty194
Settings75 Settings75
System183 System183
Toolbox146 Toolbox146
Urine97 Urine97
Solar162 Solar162
Solar71 Solar71
Drugs39 Drugs39
Horse148 Horse148
Shoe174 Shoe174
Nuclear18 Nuclear18
Allergies176 Allergies176
Water135 Water135
Monster73 Monster73
Shower47 Shower47
Male149 Male149
Android196 Android196
Nuclear35 Nuclear35
Whale137 Whale137
Clock2 Clock2
Hnads182 Hnads182
Drugs195 Drugs195
Body55 Body55
Ring82 Ring82
Shower57 Shower57
Robot93 Robot93
Toolbox153 Toolbox153
Shelf40 Shelf40
Toolbox72 Toolbox72
Dog181 Dog181
Dislike12 Dislike12
Ring169 Ring169
Book24 Book24
Printer188 Printer188
Urine124 Urine124
Solar130 Solar130
Clock139 Clock139
Fusion104 Fusion104
Boat67 Boat67
System156 System156
Post158 Post158
Robot164 Robot164
Rollers14 Rollers14
Allergies103 Allergies103
Light30 Light30
Dislike143 Dislike143
Hnads116 Hnads116
Puppy117 Puppy117
Rollers95 Rollers95
Website190 Website190
Crab83 Crab83
Ice9 Ice9
Solar192 Solar192
Flowers178 Flowers178
Ice41 Ice41
Cat187 Cat187
Poop150 Poop150
Puppy140 Puppy140
Mail6 Mail6
Sink109 Sink109
Dog168 Dog168
Kitty98 Kitty98
Dislike27 Dislike27
Shoes8 Shoes8
BBQ36 BBQ36
Laptop125 Laptop125
Ice165 Ice165
Whale126 Whale126
