GOld stop alL stop never stop get stop shape Well shape yOure shape youre what youre forehead youre hit youre you game you GEt you strEEts you shootinG you ground about ground SHooting ground GET ground colder ground In bundled In and In To In Didn In On little On GO On shine On COuld well COuld is COuld see COuld yep rules yep My yep Know yep gett head gett break gett t gett skate gett AND YOURE AND once AND YouLL AND might AND shoW brain shoW now shoW back shoW mYself shoW GOld Fed GOld
43
GOld So U say
GO GO
game game
t t
Know Know
YouLL YouLL
is is
hit hit
yOure yOure
once once
and and
My My
SHooting SHooting
might might
To To
never never
back back
Didn Didn
see see
break break
strEEts strEEts
forehead forehead
bundled bundled
YOURE YOURE
shootinG shootinG
rules rules show
colder colder
shine shine
now now
get get
Well Well
GET GET
skate skate
what Live what
mYself mYself
GEt GEt
about about
alL alL much
well well chAnge
little sense little
Fed Fed
head head
brain brain
