0 80 129 59 47 35 146 51 159 65 36 124 148 77 101 44 153 143 151 120 67 122 7 160 43 121 86 135 69 188 189 190 191 192 193 194 195 196 197 198 199 198 197 196 195 194 193 192 191 190 189 188 69 107 60 62 68 155 22 19 0 66 157 161 162 163 164 165 166 167 168 169 170 171 172 173 174 175 176 177 178 179 180 181 182 183 184 185 186 187 186 185 184 183 182 181 180 179 178 177 176 175 174 173 172 171 170 169 168 167 166 165 164 163 162 161 34 112 13 118 5 142 3 145 73 31 56 61 28 94 140 83 54 133 12 24 53 102 2 95 72 4 0
98
187 187
199 199
174 174
167 167
192 192
179 179
183 183
189 189
171 171
195 195 196
163 163
177 177
165 165
169 169
181 181
197 197
2 2
12 12
19 19
28 28
172 172
178 178
185 185
194 193 194
62 62
173 173
191 191
59 59
73 73
175 175
176 176
186 186
188 188
198 198
5 5
24 24
53 53
56 56
67 67
86 86
162 162
166 166
180 180
190 190
3 3
7 7
13 13
22 22
31 31
34 34
35 35
36 36
43 43
44 44
47 47
51 51
54 54
60 60
61 61
65 65
66 66
68 68
69 69
72 72
77 77
80 80
83 83
94 94
95 95
101 101
102 102
107 107
112 112
118 118
120 120
121 121
122 122
124 124
129 129
133 133
135 135
140 140
142 142
143 143
145 145
146 146
148 148
151 151
153 153
155 155
157 157
159 159
160 160
164 164
168 168
170 170
182 182
184 184
