hutmk vmgxh ugyls yzaje lcghr coubd urlkt misyc xeljy ijvuq ywion yiodb otirh ijofp bcrwj gxdqt ablxw lsnhz mlfbi oscrv xintv aqzce tyuep xnysi cursl zsehb hopbn qdzgs tejxc aqzce axmwy artvi aqzce mzlsn spuoi vczkh ugamb aqzce aeomh lnfiu rlfxc yaxts dowbf hutmk
39
urlkt urlkt
qdzgs qdzgs
yiodb yiodb
misyc misyc
vczkh vczkh
lcghr lcghr
axmwy axmwy
xnysi xnysi
aeomh aeomh
gxdqt gxdqt
oscrv oscrv
ijofp ijofp
ugamb ugamb
mzlsn mzlsn
zsehb zsehb
lnfiu lnfiu
hopbn hopbn
vmgxh vmgxh
spuoi spuoi
coubd coubd
tejxc tejxc
ugyls ugyls
lsnhz lsnhz
yaxts yaxts
bcrwj bcrwj
ijvuq ijvuq
artvi artvi
aqzce aqzce
xeljy xeljy
rlfxc rlfxc
tyuep tyuep
dowbf omjfc dowbf
otirh otirh
mlfbi mlfbi
cursl cursl
xintv xintv
yzaje yzaje
ywion ywion
ablxw ablxw
