Aberdeen SanAntonio Redding SaltLakeCity Norwalk Racine Elkhart Pensacola Hampton Newburgh Hampton Tuscaloosa Winston Austin Palmdale GreenBay McAllen Marina Henderson StPetersburg Lewisville Gainesville Austin Henderson WestValleyCity Kennewick Montgomery SouthLyon Reno Modesto SanBernardino Hartford Miramar Newburgh Carrollton Chattanooga Lowell Hampton Reno Springdale Reno Aberdeen
25
Pensacola Pensacola
SaltLakeCity SaltLakeCity
Gainesville Gainesville
Hampton Hampton
Winston Winston
Tuscaloosa Tuscaloosa
WestValleyCity WestValleyCity
Chattanooga Chattanooga
Modesto Modesto
Henderson Henderson
Lewisville Lewisville
Miramar Miramar
Racine Racine
Reno Reno
Lowell Lowell
SanBernardino SanBernardino
SouthLyon SouthLyon
Newburgh Newburgh
Austin Austin
Montgomery Montgomery
GreenBay GreenBay
SanAntonio SanAntonio
StPetersburg StPetersburg
Marina Marina
Springdale Springdale
