AndyandZeyu f6 AndyandZeyu g1 AndyandZeyu j1 f1 b1 i1 h1 AndyandZeyu g13 f13 j13 j12 h13 i13 AndyandZeyu f9 i9 h9 g9 AndyandZeyu f16 g16 j15 AndyandZeyu h16 AndyandZeyu f i j g AndyandZeyu h5 g5 AndyandZeyu5 j4 f5 i5 AndyandZeyu e2 i2 h2 f2 j2 g2 AndyandZeyu i8 h8 f8 j8 j7 AndyandZeyu8 g8 AndyandZeyu h15 g15 AndyandZeyu15 j14 f15 i15 AndyandZeyu f0 j0 g0 b0 h0 i0 AndyandZeyu h AndyandZeyu i11 h11 g11 j10 AndyandZeyu f4 i4 h4 g4 AndyandZeyu f11 AndyandZeyu i16 AndyandZeyu h10 g10 AndyandZeyu10 j9 f10 i10 AndyandZeyu h3 g3 i3 AndyandZeyu j3 f3 AndyandZeyu f14 i14 h14 g14 AndyandZeyu g6 j5 AndyandZeyu h6 i6 AndyandZeyu f7 i7 g7 h7 c7 j6 AndyandZeyu7 AndyandZeyu AndyandZeyu17 j16 i17 g17 h17 b17 f17 AndyandZeyu f12 i12 b12 h12 g12 j11 AndyandZeyu12 AndyandZeyu f18 h18 j17 j18 AndyandZeyu g18 AndyandZeyu
100
AndyandZeyu i18
h2 h2
g7 g7
g12 g12
g17 g17
j7 j7
j12 j12
j17 j17
g0 g0
h0 h0
f1 f1
i3 i3
j4 j4
j9 j9
j14 j14
g5 g5
h8 h8
g10 g10
h13 h13
g15 g15
h18 h18
j3 j3
i i
j0 j0
h4 h4
j5 j5
h9 h9
j10 j10
h14 h14
j15 j15
f f
g g
i0 i0
i1 i1
j2 j2
h3 h3
f4 f4
i5 i5
h6 h6
j6 j6
f9 f9
i10 i10
h11 h11
j11 j11
f14 f14
i15 i15
h16 h16
j16 j16
j j
j1 j1
f2 f2
i2 i2
i4 i4
i6 i6
h7 h7
g8 g8
j8 j8
i9 i9
i11 i11
h12 h12
g13 g13
j13 j13
i14 i14
i16 i16
h17 h17
g18 g18
j18 j18
g1 g1
f3 f3
f6 f6
i7 i7
f11 f11
i12 i12
f16 f16
i17 i17
f0 f0
h1 h1
g3 g3
f5 f5
g6 g6
f10 f10
g11 g11
f15 f15
g16 g16
h h
g2 g2
g4 g4
h5 h5
f7 f7
f8 f8
i8 i8
g9 g9
h10 h10
f12 f12
f13 f13
i13 i13
g14 g14
h15 h15
f17 f17
f18 f18
