0 199 190 194 190 189 174 176 174 186 174 182 174 178 174 173 157 158 157 172 157 168 157 163 157 156 155 154 153 152 151 147 148 147 139 146 139 144 143 142 141 140 138 137 136 137 130 129 128 125 124 125 128 127 126 121 112 114 112 120 112 111 107 106 105 104 108 104 89 91 89 94 89 98 99 90 103 102 101 100 89 88 74 87 74 76 74 82 83 82 74 73 72 73 65 64 63 62 52 56 52 51 50 49 48 49 50 51 41 40 41 51 52 53 52 62 66 67 66 62 52 51 43 42 32 33 32 44 32 20 24 25 24 20 22 23 21 31 30 31 21 19 1 2 1 4 1 7 1 17 1 15 1 0 199 191 198 191 193 192 190 199 0
48
120 120
83 83
142 142
48 48
94 94
154 154
30 30
67 67
130 130
25 25
44 44
105 105
172 172
182 182
23 23
72 72
40 40
148 148
99 99
76 76
146 146
186 186
42 42
124 124
136 136
168 168
158 158
163 163
7 7
53 53 54
87 86 87
101 101
178 178
198 198
15 15
64 64
127 127
4 4
33 33
108 108
176 176
192 192
194 194
17 17
91 91
114 114
2 2
56 56
