MfdzFvsdGbvl VARFNCcqfgIc DvRTDyBMOCbT DFscNnuMhxUC MLnLJmQHwuOS PUcvIgREsriS ZjfLZjjegWJT TbekQRoKcInv RICmsRCgzRsB axLiuEEXvnsQ arcJTkwUqbUy MOpktZzuQRCH jBrNTBMPxyQD tywOQDwDhjwZ QifLRRQkbeZy dFUHctNjrywb IHnRSACwPeSd hLGIbMiwjPgd PnbamVANEguC buqjmAINqGzN pkzKsTORVYro UVLyMXgqTFaJ PvZWLvSzyZfH noaMakAlHdwq plKUVNXwKfVb SojgLCNtJNvq ymJllvoAiAsf FCrKCfVsEsBk GKWfMfVZxbJi VyXrTLUcizAa deJmWrylVSGK rVqgoVgUmLRB GuSSYBNHDbKE uFHfCerNFIme pQCFwcmaYfTN GemeldahvdVv mtRsLIzrlNLu BkcPMTugAswL VyXrTLUcizAa hCxjbMrSlUJQ DAmjVaIibnaw QHpWWcCYavdw EoEdLMroSPNp dDFWxTbuPymh PQTqeEtJjrHq NlmuUUVQUbgI mFYKjQfCsRtT MkUBuIisCVpZ AGbRQRBgaOdX BbyhqvohDUZK rrRAqFcoDYfk DAmjVaIibnaw AMizjBPjmCZd SgyAcloZDNJV MfdzFvsdGbvl
50
BbyhqvohDUZK BbyhqvohDUZK
ymJllvoAiAsf ymJllvoAiAsf
ZjfLZjjegWJT ZjfLZjjegWJT
VARFNCcqfgIc VARFNCcqfgIc
QifLRRQkbeZy QifLRRQkbeZy
rVqgoVgUmLRB rVqgoVgUmLRB
noaMakAlHdwq noaMakAlHdwq
DFscNnuMhxUC DFscNnuMhxUC
dDFWxTbuPymh dDFWxTbuPymh
VyXrTLUcizAa VyXrTLUcizAa
rrRAqFcoDYfk rrRAqFcoDYfk
PvZWLvSzyZfH PvZWLvSzyZfH
MLnLJmQHwuOS MLnLJmQHwuOS
DvRTDyBMOCbT DvRTDyBMOCbT
PUcvIgREsriS PUcvIgREsriS
TbekQRoKcInv TbekQRoKcInv
arcJTkwUqbUy arcJTkwUqbUy
tywOQDwDhjwZ tywOQDwDhjwZ
hLGIbMiwjPgd hLGIbMiwjPgd
MkUBuIisCVpZ MkUBuIisCVpZ
uFHfCerNFIme uFHfCerNFIme
hCxjbMrSlUJQ hCxjbMrSlUJQ
AMizjBPjmCZd AMizjBPjmCZd
FCrKCfVsEsBk FCrKCfVsEsBk
mFYKjQfCsRtT mFYKjQfCsRtT
buqjmAINqGzN buqjmAINqGzN
dFUHctNjrywb dFUHctNjrywb
PnbamVANEguC PnbamVANEguC
GuSSYBNHDbKE GuSSYBNHDbKE
QHpWWcCYavdw QHpWWcCYavdw
RICmsRCgzRsB RICmsRCgzRsB
plKUVNXwKfVb plKUVNXwKfVb
jBrNTBMPxyQD jBrNTBMPxyQD
GemeldahvdVv GemeldahvdVv
pQCFwcmaYfTN pQCFwcmaYfTN
PQTqeEtJjrHq PQTqeEtJjrHq
axLiuEEXvnsQ axLiuEEXvnsQ
deJmWrylVSGK deJmWrylVSGK
GKWfMfVZxbJi GKWfMfVZxbJi
NlmuUUVQUbgI NlmuUUVQUbgI
mtRsLIzrlNLu mtRsLIzrlNLu
pkzKsTORVYro pkzKsTORVYro
MOpktZzuQRCH MOpktZzuQRCH
SgyAcloZDNJV SgyAcloZDNJV
AGbRQRBgaOdX AGbRQRBgaOdX
SojgLCNtJNvq SojgLCNtJNvq
UVLyMXgqTFaJ UVLyMXgqTFaJ
BkcPMTugAswL BkcPMTugAswL
IHnRSACwPeSd IHnRSACwPeSd
EoEdLMroSPNp EoEdLMroSPNp
