0 59 142 55 160 40 2 73 198 1 152 9 156 49 124 0 24 93 0 21 147 36 34 31 4 119 10 11 145 151 67 178 140 187 108 0 50 173 96 4 7 6 1 163 5 179 14 196 102 5 83 158 104 141 164 135 60 80 9 110 1 15 105 12 184 138 75 91 2 62 123 95 30 89 0 56 161 1 193 42 35 1 6 144 189 0 109 162 4 23 0 155 22 168 38 150 5 18 171 25 61 0 26 136 122 5 16 118 0 129 3 101 68 0 87 157 17 172 27 39 6 111 194 6 0
95
16 16
161 161
102 102
157 157
162 162
80 80
151 151
18 18
105 105
50 50
55 55
49 49
68 68
184 184
38 38
123 123
31 31
26 26
163 163
129 129
24 24
152 152
36 36
89 89
119 119
22 22
178 178
15 15
193 193
91 91
87 87
164 164
144 144
96 96
111 111
110 110
39 39
104 104
73 73
23 23
136 136 11
40 40
62 62
189 189
61 61
34 34
135 135
25 25
140 140
196 79 196
7 7
95 95
145 145
198 198
5 5
156 156
35 35
75 75
101 101
122 122
142 142
56 56
17 17
141 141
179 179
21 21
160 160 66
158 158
67 67
138 138
93 71 93
187 187
109 109
118 118
194 194
147 147
171 171
12 12
59 59
1 1
168 168
155 155
150 150
6 6
60 60
124 124
83 83
30 30
173 173
172 172
10 10 130
108 108
9 9
42 42
27 27
