Soda A G N Y AP Y Z AB H B A Soda C5 E3 B2 C7 B3 E5 B1 E7 B1 C6 E9 C4 Soda a d n o ag ah q p af p e a Soda a0 c2 d5 d7 c3 e1 c3 d8 b9 d9 d1 b8 a7 a1 a7 c9 a0 Soda a h ak r ak aj ak al t ak r f g a Soda A F M AC W X AO X O F A D K T AI AH AW AH AI AS AU AI K D A Soda a i x u v u an ao ap y j aa at z ar z aa j i a b k ab av ac ax l ad m b a Soda a0 a5 a9 b7 b5 a8 a3 a8 b5 c1 d3 d6 a5 a0 c5 b2 e5 b1 e7 b1 e5 b3 c7 b2 e3 c4 a0 Soda C9 D5 D7 C3 E1 C3 D8 B9 D9 D1 B8 A7 A1 A7 C9 Soda A5 D6 D3 C1 B5 A8 A3 A4 B7 A9 A5 Soda A C J I AF I C A E L U AG U Q E P E A Soda
88
A1 A1
A3 A3
A5 A5
A7 A7
A9 A9
B1 B1
B3 B3
B5 B5
B7 B7
B9 B9
C1 C1
C3 C3
C5 C5
C7 C7
C9 C9
D1 D1
D3 D3
D5 D5
D7 D7
D9 D9
E1 E1
E3 E3
E5 E5
E7 E7
AB AB
AP AP
N N
H H
J J
AF AF
AS AS
AU AU
AW AW
T T
P P
AG AG
Q Q
AC AC
AO AO
b b
d d
f f
h h
j j
l l
n n
p p
r r
t t
v v
x x
z z
ab ab
ad ad
af af
ah ah
aj aj
al al
an an
ap ap
ar ar
at at
av av
ax ax
a1 a1
a3 a3
a5 a5
a7 a7
a9 a9
b1 b1
b3 b3
b5 b5
b7 b7
b9 b9
c1 c1
c3 c3
c5 c5
c7 c7
c9 c9
d1 d1
d3 d3
d5 d5
d7 d7
d9 d9
e1 e1
e3 e3
e5 e5
e7 e7
