1 129 123 5 43 139 11 25 57 2 117 127 9 33 59 109 89 3 65 23 2 149 73 3 37 141 7 121 87 101 61 3 115 107 135 35 10 53 77 17 29 47 27 9 51 45 85 39 131 145 67 97 15 55 147 19 113 71 133 63 69 137 3 81 143 13 103 99 21 31 49 105 79 8 93 95 5 119 111 2 91 41 3 75 3 83 125 1
75
1 1
25 25
55 55
61 61
63 63
73 73
81 81
87 87
105 105
115 115
3 3
5 5
7 7
9 9
11 11
13 13
15 15
17 17
19 19
21 21
23 23
27 27
29 29
31 31
33 33
35 35
37 37
39 39
41 41
43 43
45 45
47 47
49 49
51 51
53 53
57 57
59 59
65 65
67 67
69 69
71 71
75 75
77 77
79 79
83 83
85 85
89 89
91 91
93 93
95 95
97 97
99 99
101 101
103 103
107 107
109 109
111 111
113 113
117 117
119 119
121 121
123 123
125 125
127 127
129 129
131 131
133 133
135 135
137 137
139 139
141 141
143 143
145 145
147 147
149 149
