node142 node40 node143 node166 node169 node121 node50 node144 node123 node135 node183 node7 node196 node140 node5 node107 node122 node160 node69 node154 node2 node199 node70 node152 node27 node103 node65 node80 node11 node60 node170 node102 node163 node16 node23 node112 node0 node164 node99 node5 node93 node161 node136 node56 node6 node162 node10 node77 node185 node17 node92 node15 node111 node53 node3 node129 node45 node47 node1 node86 node91 node8 node108 node88 node34 node31 node124 node148 node177 node62 node4 node2 node66 node78 node18 node6 node182 node26 node81 node20 node142
68
node142 node119 node130 node89
node103 node103 node6 node125 node151 node127
node5 node5 node24
node80 node80 node87 node171 node39 node94
node199 node199 node128
node163 node163
node62 node62
node135 node135
node152 node152
node148 node148
node78 node78
node65 node65
node111 node111
node47 node47
node143 node143
node88 node88
node34 node34
node182 node182
node170 node170
node2 node2
node20 node20
node17 node17
node86 node86
node112 node112
node107 node107
node144 node144
node45 node45
node50 node50
node177 node177
node169 node169
node162 node162
node124 node124
node183 node183
node140 node140
node10 node10
node92 node92
node122 node122
node18 node18
node161 node161
node166 node166
node60 node60
node196 node196
node81 node81
node56 node56
node99 node99
node129 node129
node164 node164
node31 node31
node23 node23
node53 node53
node11 node11
node108 node108
node93 node93
node154 node154
node77 node77
node160 node160
node123 node123
node121 node121
node66 node66
node70 node70
node27 node27
node102 node102
node69 node69
node26 node26
node40 node40
node91 node91
node136 node136
node185 node185
