21 156 45 156 93 161 179 178 63 71 63 83 63 178 91 92 101 8 9 120 196 193 107 85 150 53 150 85 105 104 103 102 187 20 154 29 36 35 36 97 95 195 95 197 50 49 50 197 163 197 131 15 122 123 6 181 134 61 60 59 8 7 8 101 27 43 73 87 38 37 189 98 122 117 170 108 167 108 12 13 191 23 79 48 19 48 47 116 133 116 115 119 159 119 120 51 120 121 65 175 151 141 89 93 6 181 180 126 127 5 15 185 186 33 155 165 25 179 125 115 119 31 113 81 11 41 11 81 149 142 99 142 139 86 73 57 169 107 139 1 2 3 34 129 40 176 109 106 147 55 185 143 157 17 77 17 122 117 75 137 75 74 136 39 136 69 66 67 66 145 66 69 171 183 172 173 172 153 152 111 188 135 136 99 177 89 93 156 21
99
21 21
13 13
51 51
103 103
19 19
147 147
67 67
87 87
163 163
7 7
77 77
133 133
107 107
155 155
117 117
3 3
109 109
5 5
173 173
61 61
141 141
183 183
29 29
71 71
195 195
27 27
121 121
81 81
187 187
39 39
57 57
129 129
137 137
157 157
9 9
55 55
65 65
177 177
181 181
49 49
145 145
193 193
97 97
105 105
159 159
23 23
41 41
167 167
45 45
47 47
73 73
123 123
1 1
25 25
85 85
89 89
91 91
127 127
149 149
197 197
35 35
99 99
111 111
115 115
189 189
15 15
59 59
153 153
31 31
75 75
135 135
185 185
53 53
69 69
79 79
83 83
131 131
161 161
165 165
101 101
171 171
43 43
93 93
119 119
139 139
143 143
191 191
11 11
17 17
33 33
63 63
125 125
175 175
179 179
95 95
113 113
37 37
151 151
169 169
