74 72 80 77 75 38 33 32 37 35 36 39 31 38 102 104 102 121 126 122 128 121 63 70 69 62 66 68 61 63 132 135 140 131 137 139 131 136 132 182 185 182 189 182 192 191 199 198 197 192 141 146 141 142 141 145 141 148 141 118 114 111 116 112 113 119 118 169 165 167 166 168 163 161 164 169 151 153 154 160 156 153 157 151 2 6 8 2 46 41 47 41 50 46 172 174 180 179 178 175 171 172 21 28 30 22 25 23 29 26 21 87 89 86 82 81 88 83 85 87 18 13 16 19 12 14 11 18 58 59 57 54 53 52 55 58 98 96 99 98 75 73 76 72 74
100
74 74
6 6
168 168
32 32
142 142
113 113
175 175
61 61
126 126
83 83
14 14
160 160
198 198
47 47
137 137
30 30
57 57
189 189
104 104
96 96
75 75
148 148
114 114
69 69
151 151
46 46
169 169
86 86
38 38
19 19
172 172
52 52
128 128
185 185
59 59
136 136
163 163
192 192
23 23
145 145
119 119
166 166
197 197
13 13
80 80
82 82
146 146
11 11
70 70
41 41
174 174
35 35
58 58
122 122
167 167
29 29
180 180
191 191
140 140
62 62
85 85
88 88
73 73
54 54
2 2
77 77
156 156
68 68
50 50
153 153
164 164
39 39
118 118
139 139
37 37
178 178
141 141
36 36
8 8
179 179
157 157
165 165
66 66
55 55
199 199
111 111
89 89
16 16
99 99
161 161
135 135
25 25
76 76
131 131
116 116
53 53
31 31
28 28
81 81
26 26
