75 73 76 78 74 51 55 59 55 53 51 10 1 2 7 1 10 43 50 42 47 45 43 61 67 66 70 69 63 61 88 86 89 87 82 88 35 36 37 32 33 31 35 99 91 100 94 97 91 92 98 99 21 26 28 24 30 22 23 21 11 13 16 20 19 12 11 74 72 80 71 75
50
75 75
69 69
59 59
19 19
7 7
22 22
33 33
86 86
94 94
45 45
67 67
72 72
50 50
12 12
10 10
36 36
28 28
78 78
53 53
32 32
63 63
87 87
13 13
42 42
98 98
66 66
88 88
1 1
74 74
31 31
92 92
80 80
73 73
30 30
71 71
37 37
70 70
47 47
91 91
82 82
100 100
2 2
24 24
21 21
16 16
97 97
76 76
89 89
20 20
26 26
