0 57 54 22 80 4 17 25 19 43 45 40 49 42 6 44 12 66 85 91 10 93 48 24 61 98 97 0 62 94 18 92 9 16 15 74 26 36 72 58 2 20 3 8 0 88 71 4 32 86 59 21 3 63 39 69 64 2 33 68 1 27 78 81 0 23 47 51 95 30 13 6 89 28 53 70 84 77 1 52 75 60 56 65 76 29 41 83 7 79 5 96 38 46 99 6 87 73 34 37 31 50 3 5 100 2 82 35 55 11 14 67 0
100
0 90
55 55
76 76
91 91
68 68
6 6
49 49
43 43
31 31
85 85
53 53
61 61
58 58
16 16
63 63
45 45
12 12
75 75
28 28
96 96
46 46
78 78
38 38
50 50
21 21
1 1
47 47
100 100
9 9
77 77
18 18
42 42
60 60
89 89
71 71
54 54
94 94
37 37
34 34
95 95
7 7
72 72
82 82
84 84
79 79
51 51
59 59
74 74
23 23
81 81
99 99
65 65
98 98
26 26
41 41
64 64
5 5
8 8
11 11
87 87
32 32
56 56
4 4
39 39
25 25
52 52
17 17
3 3
48 48
20 20
69 69
44 44
88 88
73 73
15 15
13 13
93 93
29 29
14 14
35 35
83 83
27 27
62 62
67 67
80 80
33 33
57 57
10 10
22 22
30 30
2 2
40 40
97 97
86 86
66 66
24 24
70 70
92 92
36 36
19 19
