Soda Northern Argentina Pakistan Argentina Luxembourg Congo Burundi Angola Moldova Latvia Hong Liberia Republic Croatia Bahamas Mexico Bahamas Indonesia Falkland Lao Kiribati France Aruba British Korea Egypt Sint Slovenia Malawi Mayotte Ireland Panama Niger Algeria Virgin Antigua Kyrgyzstan Netherlands Fiji Cambodia Jamaica Sao Jamaica United Albania Nauru Nigeria Rwanda Isle Palau Pitcairn Japan Equatorial Macao Libya Iraq Estonia New Saint Belize Saint Singapore Lebanon Finland Isle Burkina Soda
50
United United
Burundi Burundi
Japan Japan
Pakistan Pakistan
Fiji Fiji
Lao Lao
Singapore Singapore
Nigeria Nigeria
Luxembourg Luxembourg
Burkina Burkina
Croatia Croatia
Lebanon Lebanon
Northern Northern
Korea Korea
Sao Sao
Niger Niger
Hong Hong
Mayotte Mayotte
Malawi Malawi
Sint Sint
Jamaica Jamaica
Netherlands Netherlands
Indonesia Indonesia
Rwanda Rwanda
Liberia Liberia
Latvia Latvia
Bahamas Bahamas
Kyrgyzstan Kyrgyzstan
Moldova Moldova
Republic Republic
Congo Congo
Pitcairn Pitcairn
Belize Belize
British British
Cambodia Cambodia
Algeria Algeria
Iraq Iraq
Finland Finland
Palau Palau
Ireland Ireland
Saint Saint
Kiribati Kiribati
Mexico Mexico
Aruba Aruba
New New
Macao Macao
Albania Albania
Egypt Egypt
Antigua Antigua
Argentina Argentina
