Meckgue Beldenn LakeLaogai Urubaen FlourishBlotts Urubaen Carvahall EasternAirTemple TheVale Castamere Eggmanland TheWaystoneInn Tartarus Grayburn Keld GooLagoon Ellesmera Vexhollow TheUniversity ZhaoFu RepublicCity Vexhollow Ademre BayofDragons UtgardMountain LakeLaogai LeakyCauldron Atlantas Meereen Winterfell Lorien TheKrustyKrab Yunkai Sanlow Gotham Sanlow TheGodswood MysticRuins Steeltown Dagobah TreeofTime Dagobah Braavos Kinecardine VaultofSouls Essos KoralReef Larcbost Gizton Netherfort Murkcairn Netherfort ShatteredPlains TheSpine BeyondtheWall TheSpine EarthKingdom Yunkai TheKrustyKrab Meckgue
46
Meckgue Meckgue
Murkcairn Murkcairn
TheWaystoneInn TheWaystoneInn TheArcanum
Sanlow Sanlow
TheVale TheVale TheBoilingRock
Larcbost Larcbost TheHogsHead
TreeofTime TreeofTime
TheSpine TheSpine
Meereen Meereen
Braavos Braavos
Lorien Lorien
Ademre Ademre
GooLagoon GooLagoon
MysticRuins MysticRuins
Carvahall Carvahall ThePrancingPony
FlourishBlotts FlourishBlotts
UtgardMountain UtgardMountain
LeakyCauldron LeakyCauldron
Grayburn Grayburn
Gotham Gotham
EarthKingdom EarthKingdom
TheUniversity TheUniversity
EasternAirTemple EasternAirTemple
BeyondtheWall BeyondtheWall
Gizton Gizton
VaultofSouls VaultofSouls
Netherfort Netherfort
Kinecardine Kinecardine
Keld Keld
Tartarus Tartarus
KoralReef KoralReef
Dagobah Dagobah
ZhaoFu ZhaoFu
Winterfell Winterfell
Steeltown Steeltown
Vexhollow Vexhollow
Urubaen Urubaen
ShatteredPlains ShatteredPlains
Beldenn Beldenn
Castamere Castamere
Yunkai Yunkai
LakeLaogai LakeLaogai
TheKrustyKrab TheKrustyKrab
Ellesmera Ellesmera
RepublicCity RepublicCity
TheGodswood TheGodswood
