Essos JarrensOutpost Shinovar DiagonAlley Sanlow FireNation Urubaen TheFae Accrington FlourishBlotts Gizton Carvahall Karth Newarre TheVale Toperhagen TheReshiIsles Boatwright Urubaen BaSingSe ShatteredPlains Alethkar Arkham TheSpine Endor SatishVille Helgrind DuWeldenvarden Meereen KnifesEdge ProBendingArena Severen DiagonAlley Riverrun Steeltown Grimbarrow TheChumBucket Trebon ShriekingShack Valyria Braavos Valyria MountOlympus Ellesmera Alderaan Jakku CaveofTwoLovers TheSpiritWorld Jakku TheUnderworld Neddingtown Duskhollow TheKrustyKrab BikiniBottom Millhagen FogofLostSouls Lockinge CastleBlack MountOlympus JahKeved Azir Peridrift Barkamsted Ademre TheCommonwealth KnifesEdge TheGreatDivide RepublicCity BayofDragons Atlantas Soda WitheredHeath Alethkar TheBoilingRock Ivormere HighGarden TheGodswood Tarbean Castamere Penketh Alethkar Arcwallow Astapor Netherfort Aerodenn Toffingburg Dubwall FleaBottom WesternAirTemple Winterfell TheUniversity TheWhompingWillow Omashu HighGarden TheArcanum BeyondtheWall Hogsmead Bobbingbourne Rivendell Lorien Toffingburg TheRiverStyx Tartarus Westeros Blackwater Arrowcave Dragonstone Yll Karth Castamere Batcave Keld GooLagoon Hogwarts GooLagoon Peridrift Chrofall Peridrift TheEyrie Neddington Vintas IronIslands Essos
100
Essos Essos
WitheredHeath WitheredHeath
Ellesmera Ellesmera
TheKrustyKrab TheKrustyKrab
Braavos Braavos
Arcwallow Arcwallow
Trebon Trebon
Severen Severen
ShatteredPlains ShatteredPlains
Penketh Penketh
Dubwall Dubwall
Netherfort Netherfort
Boatwright Boatwright
Tartarus Tartarus
Hogsmead Hogsmead
TheCommonwealth TheCommonwealth
Hogwarts Hogwarts
Omashu Omashu
Chrofall Chrofall
Arrowcave Arrowcave
TheSpine TheSpine
TheBoilingRock TheBoilingRock
TheGodswood TheGodswood
Accrington Accrington
Vintas Vintas
TheGreatDivide TheGreatDivide
Steeltown Steeltown
CaveofTwoLovers CaveofTwoLovers
Helgrind Helgrind
Karth Karth
RepublicCity RepublicCity
Yll Yll
TheSpiritWorld TheSpiritWorld
Newarre Newarre
Tarbean Tarbean
TheFae TheFae
TheVale TheVale
Toffingburg Toffingburg
MountOlympus MountOlympus
Lockinge Lockinge
Soda Soda
Barkamsted Barkamsted
BikiniBottom BikiniBottom
KnifesEdge KnifesEdge
Azir Azir
DiagonAlley DiagonAlley
Valyria Valyria
Westeros Westeros
Astapor Astapor
Castamere Castamere
Urubaen Urubaen
Endor Endor
JarrensOutpost JarrensOutpost
TheChumBucket TheChumBucket
TheWhompingWillow TheWhompingWillow
BaSingSe BaSingSe
Toperhagen Toperhagen
TheReshiIsles TheReshiIsles
JahKeved JahKeved
Alethkar Alethkar
BeyondtheWall BeyondtheWall
Dragonstone Dragonstone
Gizton Gizton
Neddington Neddington
Keld Keld
ProBendingArena ProBendingArena
FleaBottom FleaBottom
Duskhollow Duskhollow
ShriekingShack ShriekingShack
TheRiverStyx TheRiverStyx
FlourishBlotts FlourishBlotts
Atlantas Atlantas
HighGarden HighGarden
Peridrift Peridrift
Neddingtown Neddingtown
Lorien Lorien
SatishVille SatishVille
Jakku Jakku
WesternAirTemple WesternAirTemple
GooLagoon GooLagoon
FireNation FireNation
DuWeldenvarden DuWeldenvarden
Ademre Ademre
Blackwater Blackwater
Shinovar Shinovar
Ivormere Ivormere
Grimbarrow Grimbarrow
Sanlow Sanlow
Bobbingbourne Bobbingbourne
Carvahall Carvahall
Alderaan Alderaan
TheEyrie TheEyrie
Aerodenn Aerodenn
Meereen Meereen
Arkham Arkham
Winterfell Winterfell
Batcave Batcave
TheUnderworld TheUnderworld
CastleBlack CastleBlack
Riverrun Riverrun
