21 1 48 146 118 134 0 159 23 30 10 180 40 1 61 147 115 29 31 133 184 151 131 56 188 190 186 176 119 17 4 178 75 96 163 90 167 102 122 144 152 1 135 139 196 103 0 51 177 46 1 38 105 116 172 24 170 62 1 20 87 154 100 27 0 72 53 5 137 45 168 125 36 108 15 42 1 156 160 130 68 136 194 0 81 88 18 60 16 32 7 127 47 169 91 0 82 114 14 64 34 74 49 149 95 2 142 97 37 0 121 0 54 21
98
21 21
177 177
194 194
96 96
27 27
74 74
188 188
108 108
30 30
170 170
159 159
38 38
87 87
144 144
91 91
146 146
7 7
176 176
103 103
61 61
156 156
60 60
149 149
116 116
125 125
37 37
167 167
114 114
131 131
72 72
97 97
139 139
23 23
18 18
29 29
133 133
82 82
68 68
100 100
46 46
20 20
105 105
48 48
134 134
24 24
51 51
45 45
169 169
180 180
62 62
17 17
34 34
160 160
2 2
121 121
151 151
152 152
40 40
115 115
14 14
186 186
122 122
36 36
54 54
15 15
81 81
154 154
95 95
49 49
178 178 78
163 163
31 31
135 135
32 32
142 142
130 130
168 168
172 172
102 102
88 88
42 42
90 90
137 137
190 190
127 127
10 10
136 136
75 75
119 119
196 196
147 147
47 47
118 118
56 56
64 64
16 120 16
53 53
184 184
