1FoundersRock 38RajProperties 37OtherCoop 29VarsityBerkeley 32DeltaPhiEpsilon 35ChanningBowdwitch 17Wheeler 33Wada 21Unit1 23Unit3 20Ehrman 26ClarkKerr 31Hillegass 34Martinez 1FoundersRock 40Oaktown 39SanFransisco 1FoundersRock 18NorthGate 24Blackwell 30Stonefire 27InternationalHouse 16Giannini 36CasaZimbabwe 1FoundersRock
22
1FoundersRock 19SouthHall 22Unit2 25Foothill 28SodaHall
40Oaktown 40Oaktown
39SanFransisco 39SanFransisco
36CasaZimbabwe 36CasaZimbabwe
31Hillegass 31Hillegass
26ClarkKerr 26ClarkKerr
21Unit1 21Unit1
16Giannini 16Giannini
38RajProperties 38RajProperties
35ChanningBowdwitch 35ChanningBowdwitch
33Wada 33Wada
32DeltaPhiEpsilon 32DeltaPhiEpsilon
30Stonefire 30Stonefire
29VarsityBerkeley 29VarsityBerkeley
27InternationalHouse 27InternationalHouse
24Blackwell 24Blackwell
23Unit3 23Unit3
20Ehrman 20Ehrman
18NorthGate 18NorthGate
17Wheeler 17Wheeler
37OtherCoop 37OtherCoop
34Martinez 34Martinez
