1FoundersRock 85location 150location 6DoeLibrary 198location 165location 186location 162location 174location 200location 140location 180location 135location 48Esplanade 155location 192location 96location 102location 84location 95location 50Bridge 9SatherGate 114location 8Esplanade 7SatherTower 110location 145location 46DoeLibrary 100location 108location 132location 185location 47SatherTower 49SatherGate 125location 175location 138location 126location 120location 190location 130location 160location 115location 168location 90location 170location 144location 195location 156location 105location 10Bridge 1FoundersRock
50
6DoeLibrary 6DoeLibrary
7SatherTower 7SatherTower
8Esplanade 8Esplanade
9SatherGate 9SatherGate
10Bridge 10Bridge
46DoeLibrary 46DoeLibrary
47SatherTower 47SatherTower
48Esplanade 48Esplanade
49SatherGate 49SatherGate
50Bridge 50Bridge
84location 84location
85location 85location
90location 90location
95location 95location
96location 96location
100location 100location
102location 102location
105location 105location
108location 108location
110location 110location
114location 114location
115location 115location
120location 120location
125location 125location
126location 126location
130location 130location
132location 132location
135location 135location
138location 138location
140location 140location
144location 144location
145location 145location
150location 150location
155location 155location
156location 156location
160location 160location
162location 162location
165location 165location
168location 168location
170location 170location
174location 174location
175location 175location
180location 180location
185location 185location
186location 186location
190location 190location
192location 192location
195location 195location
198location 198location
200location 200location
