s h50 h74 h90 h71 h64 h72 h82 h62 h55 l21 h88 h83 h99 h73 h96 h98 l49 h89 h85 h87 h78 h93 h65 h79 h54 h76 h61 h51 h81 h70 h60 h56 h94 l36 h75 h52 s h63 h59 l3 h69 h58 h68 l5 h57 h97 l3 h67 h66 h86 h95 h53 h80 h77 l1 h91 s
49
s h84
h96 h96
h85 h85
h57 h57
h69 h69
h61 h61
h88 h88
h93 h93
h72 h72
h90 h90
h60 h60
h81 h81
h63 h63
h95 h95
h52 h52
h77 h77
h66 h66
h73 h73
h79 h79
h97 h97
h55 h55
h64 h64
h50 h50
h94 h94
h58 h58
h89 h89
h65 h65
h75 h75
h91 h91
h53 h53
h54 h54
h59 h59
h99 h99
h78 h78
h87 h87
h70 h70
h80 h80
h82 h82
h98 h98
h56 h56
h71 h71 h92
h83 h83
h67 h67
h68 h68
h86 h86
h51 h51
h76 h76
h62 h62
h74 h74
