8 97 126 80 121 173 172 174 142 125 124 80 120 123 127 85 19 24 17 14 35 33 52 97 153 165 113 152 185 151 164 105 144 145 99 38 39 22 25 21 26 22 37 54 68 53 71 55 69 51 70 116 167 190 168 109 56 115 72 73 59 78 61 60 118 160 193 188 183 179 181 149 158 192 191 160 171 110 102 95 137 89 136 87 23 91 45 93 28 42 40 100 147 182 135 90 88 15 10 30 49 65 47 63 66 64 47 29 4 29 3 5 2 6 83 6 82 79 8
98
171 171
25 25
73 73
190 190
185 185
136 136
63 63
172 172
17 17
93 93
165 165
181 181
124 124
61 61
51 51
40 40
144 144
116 116
191 191 169
85 85
4 4
79 79
142 142
147 147
87 87
53 53
188 188
118 118
65 65
137 137
179 179
35 35
6 6
38 38
68 68
5 5
52 52
145 145
70 70
59 59
72 72
126 126
123 123
22 22
45 45
121 121
164 164
26 26
183 183
193 193
102 102
182 182
64 64
95 95
3 3
109 109
2 2
160 160
167 167
21 21
47 47
30 30
19 19
69 69
39 39
33 33
153 153
113 113
49 49
54 54
90 90
78 78
125 125
174 174
23 23
100 100
127 127
83 83
66 66
71 71
152 152
99 99
29 29
24 24
88 88
192 192
168 168
120 120
91 91
115 115
80 80
82 82
135 135
42 42
173 173
89 89
97 97 105
55 55
