73 34 64 65 64 34 38 66 68 62 77 62 37 46 50 47 45 51 17 23 30 27 29 28 11 41 19 57 19 11 25 11 14 11 24 11 33 22 60 22 11 42 11 4 3 2 6 2 5 2 8 2 7 2 11 44 11 26 11 20 18 55 35 75 35 59 36 61 56 19 53 40 34 67 63 71 34 72 73
50
6 6
72 72
65 65
24 24
75 75
60 60
23 23
42 42
44 44
63 63
3 3
57 57
11 11
53 53
33 33
68 68
38 38
4 4
66 66
29 29
59 59
28 28
50 50
61 61
27 27
47 47
36 36
45 45
37 37
30 30
71 71
20 20
8 8
19 19
40 40
5 5
55 55
22 22
41 41
2 2
64 64
25 25
26 26
14 14
7 7
34 34
77 77
51 51
67 67
56 56
