UMUCUTWAW WEPDZ GUDSRTKLA MNWMWDXCQ MWTSDF JOWHZXTIA GVNFQM YNHRBC TCXWZV ZLYFI VHLSP XJOXYWA ELILXSR MHXHJGEF YPXLG VASGY IZNSKNS VSMLVXSP PLYPQBTP DQOPCH AOWYQNAYA XWBHEYXJU TNSRRJCDD XGGIUBVDN WRQUJ OIPVAKF AWQOWSNYN JVYIBRJ ZSHRTZVKO RDTQTJB EGEASKKIE SUIOZK VHHVQ CNINRTR RRFKVFYKR CNINRTR CJLYWOAQ JJAQQ TNKNMUFI NYBEJN STQNQT YFKIFTRS CJLYWOAQ NYBEJN ZFMGDWP ZPFHBWI USUVN CRSMUEPQG KUUVZB TJFSEUB AVTXFIIIP QOHWG OMBFD KAYADTT UENPUJ FVKLDY CNINRTR UMUCUTWAW
50
CNINRTR CNINRTR
CJLYWOAQ CJLYWOAQ
WRQUJ WRQUJ
VASGY VASGY
KUUVZB KUUVZB
JOWHZXTIA JOWHZXTIA
YNHRBC YNHRBC
XWBHEYXJU XWBHEYXJU
RRFKVFYKR RRFKVFYKR
TNKNMUFI TNKNMUFI
TJFSEUB TJFSEUB
KAYADTT KAYADTT
XJOXYWA XJOXYWA
JVYIBRJ JVYIBRJ
GVNFQM GVNFQM
SUIOZK SUIOZK
AWQOWSNYN AWQOWSNYN
ZFMGDWP ZFMGDWP
YPXLG YPXLG
MHXHJGEF MHXHJGEF
ZSHRTZVKO ZSHRTZVKO
TNSRRJCDD TNSRRJCDD
TCXWZV TCXWZV
YFKIFTRS YFKIFTRS
VHLSP VHLSP
ZPFHBWI ZPFHBWI
XGGIUBVDN XGGIUBVDN
ZLYFI ZLYFI
RDTQTJB RDTQTJB
IZNSKNS IZNSKNS
STQNQT STQNQT
ELILXSR ELILXSR
CRSMUEPQG CRSMUEPQG
GUDSRTKLA GUDSRTKLA
UENPUJ UENPUJ
OMBFD OMBFD
QOHWG QOHWG
AOWYQNAYA AOWYQNAYA
WEPDZ WEPDZ
DQOPCH DQOPCH
USUVN USUVN
MNWMWDXCQ MNWMWDXCQ
VSMLVXSP VSMLVXSP
MWTSDF MWTSDF
EGEASKKIE EGEASKKIE
PLYPQBTP PLYPQBTP
VHHVQ VHHVQ
OIPVAKF OIPVAKF
FVKLDY FVKLDY
JJAQQ JJAQQ
