USZWPSB HVERBTBS VBAQD RGLCPSJQE EHQRYBZ EPJHOESBB ANHOTJN JEGRK DKINCMT FLOTLYFG TGPYEAP APIOYKU BHAMV QMHLIXVD VWNAJFRNG XENTNT RBNAR VVSNO DFFFG JXLFSOAT XQOMNCXDB AXCWU UDNWTRHT HEFYBKPUF ACYPAPBPW EMAAQWO VFEEU FZGDAQKRC GEGFOSJ YOUZA RVPJHZLQQ BLXWCB RGSOR NIVCBBO GNXDBJSVR HNOOUELP APBFJMOOF ZGZQJZFA XSWDY GLYDZ LNDUQDYSK FCWRH UBODMUMJ NZJGYK YAETAC JOXQIX WTQCHXQ CCTJZN JQHORKB KRUSUHB SIAFKK EJXSCSGM FJQMKJNWE MWXYLX EFOWXJQKY DIXXP NBRZI RQWCFDHW FZNKCK YFEZIO NTZSZ YVIRIDDRA FZGDAQKRC PJXURKPC TOAKXEQ KAUIIR MYDTJZPES AOVKACB ORCMU XHMMLM MOXGRP ILXWSRIC GGPIEJ TTXGTNV OVKLH NHNDWOH ZEZKNGTK CWLLCM JVWIZDBS ZNZOQPE RJDHJFNIN HWJUZVNH SICVXMLGL OLUPAJLP NCPEGX VWHRKOPZ ZKGYGD GGPIEJ HSJUMJH MRXNI LYRSZA TQSCIQTX HSAIPP XZUPVI FPWMJC RLWAP GGPIEJ EPJHOESBB BCHOPGEE AHZYCQM AIGGLZT YKOGGTNN GALHVZ USZWPSB
97
USZWPSB USZWPSB
VWNAJFRNG VWNAJFRNG
JXLFSOAT JXLFSOAT
NTZSZ NTZSZ
ANHOTJN ANHOTJN
ZNZOQPE ZNZOQPE
VWHRKOPZ VWHRKOPZ
APIOYKU APIOYKU
AOVKACB AOVKACB
VFEEU VFEEU
CWLLCM CWLLCM
DIXXP DIXXP
RJDHJFNIN MSHZNEX RJDHJFNIN
AIGGLZT AIGGLZT
GLYDZ GLYDZ
YAETAC YAETAC
SIAFKK SIAFKK
FJQMKJNWE FJQMKJNWE
OVKLH OVKLH
FZNKCK FZNKCK
XHMMLM XHMMLM
UBODMUMJ UBODMUMJ
AXCWU AXCWU
SICVXMLGL SICVXMLGL
LYRSZA LYRSZA
HEFYBKPUF HEFYBKPUF
GEGFOSJ GEGFOSJ
BCHOPGEE BCHOPGEE
CCTJZN CCTJZN
VVSNO VVSNO
RVPJHZLQQ RVPJHZLQQ
KAUIIR KAUIIR
MOXGRP MOXGRP WEXBJV
HSAIPP HSAIPP
JQHORKB JQHORKB
ZEZKNGTK ZEZKNGTK
APBFJMOOF APBFJMOOF
NCPEGX NCPEGX
RQWCFDHW RQWCFDHW
FLOTLYFG FLOTLYFG
FZGDAQKRC FZGDAQKRC
EPJHOESBB EPJHOESBB
FPWMJC FPWMJC
FCWRH FCWRH
DKINCMT DKINCMT
NBRZI NBRZI
GNXDBJSVR GNXDBJSVR
BHAMV BHAMV
EHQRYBZ EHQRYBZ
MWXYLX MWXYLX
NZJGYK NZJGYK
RBNAR RBNAR
BLXWCB BLXWCB
ORCMU ORCMU
AHZYCQM AHZYCQM
VBAQD VBAQD
OLUPAJLP OLUPAJLP
NHNDWOH NHNDWOH
NIVCBBO NIVCBBO
YVIRIDDRA YVIRIDDRA
HSJUMJH HSJUMJH
YKOGGTNN YKOGGTNN
YOUZA YOUZA
MRXNI MRXNI
PJXURKPC PJXURKPC
LNDUQDYSK LNDUQDYSK
XZUPVI XZUPVI
JVWIZDBS JVWIZDBS
ACYPAPBPW RUGMYM ACYPAPBPW
YFEZIO YFEZIO
EFOWXJQKY EFOWXJQKY
DFFFG DFFFG
EJXSCSGM EJXSCSGM
JOXQIX JOXQIX
MYDTJZPES MYDTJZPES
HWJUZVNH HWJUZVNH
ILXWSRIC ILXWSRIC
XENTNT XENTNT
XSWDY XSWDY
TOAKXEQ TOAKXEQ
GALHVZ GALHVZ
JEGRK JEGRK
HNOOUELP HNOOUELP
UDNWTRHT UDNWTRHT
TTXGTNV TTXGTNV
RGSOR RGSOR
XQOMNCXDB XQOMNCXDB
ZKGYGD ZKGYGD
HVERBTBS HVERBTBS
KRUSUHB KRUSUHB
RGLCPSJQE RGLCPSJQE
EMAAQWO EMAAQWO
WTQCHXQ WTQCHXQ
TQSCIQTX TQSCIQTX
TGPYEAP TGPYEAP
QMHLIXVD QMHLIXVD
RLWAP RLWAP
