73 192 118 176 123 119 189 82 135 1 107 190 166 2 161 184 153 183 83 175 125 155 128 145 0 55 60 7 6 115 49 89 122 187 41 194 15 24 109 1 95 40 19 98 70 167 186 138 197 42 75 191 124 35 12 143 37 71 48 163 196 173 39 101 99 159 0 136 66 169 10 92 1 21 62 61 47 52 58 1 72 1 168 154 16 195 76 2 53 57 129 2 44 81 63 11 110 162 185 96 133 77 127 27 3 171 1 73
96
73 73
75 75
195 195
159 159
92 92
19 19
186 186
41 41
58 58
24 24
70 70
6 6
81 81
143 143
83 83
128 128
39 39
49 49
21 21
119 68 119
96 96
135 135
163 163 26
53 53
166 166
95 95
35 35
118 118
189 189
190 190
62 112 62
10 10
77 77
153 153
27 27
71 71
72 72
169 169
109 109
192 192
76 76
125 125
15 15
136 136
11 11
185 185
16 16
171 171
101 101
66 66
154 154
129 129
167 167
44 44
82 82
168 168
122 122
124 124
173 173
2 2
183 183
60 60
89 89
61 0 61
37 37
187 187
99 99
127 127
123 123
196 196
155 155
98 98
145 145
12 12
115 115
42 42
47 47
184 184
194 194
107 107
63 63
40 40
175 175
7 7
55 55
176 176
161 161
191 191
48 48
133 133
57 57
52 52
197 197
138 138
110 110
162 162
