132 173 185 26 17 161 146 138 189 196 194 188 149 136 171 167 183 133 156 159 152 180 13 177 33 35 39 41 45 47 61 81 75 77 155 162 192 181 198 166 182 160 76 78 82 80 72 68 60 56 62 64 66 142 46 38 44 40 36 2 3 5 6 8 9 148 135 193 197 154 184 85 87 97 91 95 101 105 109 113 195 28 31 27 25 137 176 126 122 118 106 100 98 92 96 88 86 90 104 102 108 132
100
171 171
60 60
64 64
195 195
46 46
80 80
162 162
96 96
3 3
122 122
184 184
47 47
68 68
45 45
126 126
86 86
154 154
189 189
138 138
66 66
196 196
100 100
25 25
72 72
159 159
38 38
28 28
44 44
33 33
155 155
161 161
104 104
95 95
78 78
188 188
8 8
102 102
61 61
9 9
98 98
160 160
136 136
133 133
106 106
81 81
193 193
109 109
113 113
85 85
177 177
39 39
197 197
5 5
146 146
35 35
137 137
6 6
135 135
40 40
156 156
31 31
101 101
36 36
194 194
88 88
13 13
87 87
167 167
166 166
118 118
90 90
180 180
27 27
142 142
56 56
181 181
97 97
82 82
173 173
198 198
26 26
183 183
77 77
192 192
76 76
91 91
105 105
75 75
152 152
17 17
182 182
185 185
148 148
41 41
92 92
2 2
108 108
62 62
176 176
149 149
