92 59 93 3 70 33 70 34 2 34 94 16 78 16 45 26 1 67 37 74 85 21 51 12 54 12 73 43 20 43 50 8 11 97 5 28 72 77 41 19 0 76 65 76 95 63 49 55 90 18 90 35 32 35 90 17 2 91 60 24 87 99 29 10 13 42 46 44 57 49 14 46 68 61 86 23 86 61 64 47 42 13 2 92
50
61 61
46 46
23 23
65 65
57 57
95 95
87 87
63 63
13 13
2 2
54 54
37 37
73 73
72 72
12 12
93 93
18 18
11 11
50 50
29 29
5 5
21 21
94 94
85 85
78 78
32 32
97 97
1 1
45 45
86 86
90 90
14 14
0 0
20 20
55 55
3 3
74 74
16 16
19 19
47 47
70 70
24 24
64 64
17 17
33 33
59 59
68 68
44 44
35 35
10 10
