140 135 96 18 77 152 170 52 146 94 56 159 56 55 51 31 13 102 177 61 9 167 62 112 14 85 184 83 142 64 57 84 5 11 19 21 19 139 169 53 97 79 130 115 32 177 61 34 134 148 186 146 190 93 39 93 173 93 97 197 1 59 134 42 4 49 117 10 196 10 135 178 22 112 125 76 137 36 162 103 4 160 158 95 2 55 185 128 1 179 7 175 192 80 40 80 133 114 54 156 55 176 123 147 73 82 89 35 139 101 41 101 6 154 23 65 17 44 50 134 47 182 104 25 0 187 151 29 168 127 25 132 150 27 150 8 166 12 193 48 129 108 26 10 153 140
98
51 51
173 173
7 7
65 65
14 14
79 79
114 114
10 10
159 159
104 104
95 95
169 169
9 9
35 35
176 176
96 96
27 27
170 170
36 36
44 44
102 102
166 166
39 39
42 42
21 21
76 76
73 73
178 178
197 197
168 168
53 53
117 117
108 108
142 142
32 32
190 190
179 179
112 112
160 160
5 45 5
196 196
154 154
132 132
89 89
182 182
185 185
13 13
130 130
40 40
139 139
85 85
77 77
94 94
93 93
151 151
175 175
41 41
59 59
135 135
8 8
47 47
193 193 12
50 50
103 103
56 56
6 6
153 153
128 128
82 82
127 127
115 115
49 49
167 167
19 19
29 29
55 55
61 61
11 11
57 57
125 125
62 62
150 150
18 18
80 80
97 97
186 186
146 146
134 134
158 158
133 133
123 123
84 84
22 22
83 83
4 4
101 101
25 25
177 177
