AAA AAB ABB ACB ACA ADA BAA BAB BBB BBC BBD BCD BDD BCD BBD BAD BAC BAB BBB BCB BCA BDA CAA CAB CBB CBC CBD CCD CDD CCD CBD CAD CAC CAB CBB CCB CCA CDA DAA DAB DBB DAB DAC DAD DBD DCD DDD DCD DBD DBC DBB DCB DCA DDA EAA EAB EBB EBC EBD ECD EDD ECD EBD EAD EAC EAB EBB ECB ECA EDA FAA FAB FBB FBC FAC FAD FBD FCD FDD FCD FCC FCB FCA FDA GAA GAB GBB GBA GCA GDA HAA HAB HBB HCB HCA HDA IAA IAB IBB IBC IAC IAD IBD ICD IDD ICD ICC ICB ICA IDA JAA JAB JBB JBC JBD JCD JDD JCD JBD JAD JAC JAB JBB JCB JCA JDA KAA KAB KBB KCB KCA KDA LAA LAB LBB LCB LCC LCD LDD LCD LBD LBC LAC LAD LAC LAB LAA KDA KDB KDC KDD KCD KBD KAD KAC KBC KAC KAB KAA JDA JCA JBA JAA IDA ICA IBA IAA HDA HDB HDC HDD HCD HBD HAD HAC HBC HAC HAB HAA GDA GCA GCB GBB GBC GBD GCD GDD GCD GBD GAD GAC GAB GAA FDA FCA FBA FAA EDA ECA EBA EAA DDA DCA DBA DAA CDA CCA CBA CAA BDA BCA BBA BAA ADA ADB ADC ADD ACD ABD AAD AAC ABC AAC AAB AAA
72
AAD AAD
ABB ABB
ABC ABC
ACB ACB
ACD ACD
ADD ADD
BAD BAD
BBB BBB
BBC BBC
BCB BCB
BCD BCD
BDD BDD
CAD CAD
CBB CBB
CBC CBC
CCB CCB
CCD CCD
CDD CDD
DAD DAD
DBB DBB
DBC DBC
DCB DCB
DCD DCD
DDD DDD
EAD EAD
EBB EBB
EBC EBC
ECB ECB
ECD ECD
EDD EDD
FAD FAD
FBB FBB
FBC FBC
FCB FCB
FCD FCD
FDD FDD
GAD GAD
GBB GBB
GBC GBC
GCB GCB
GCD GCD
GDD GDD
HAD HAD
HBB HBB
HBC HBC
HCB HCB
HCD HCD
HDD HDD
IAD IAD
IBB IBB
IBC IBC
ICB ICB
ICD ICD
IDD IDD
JAD JAD
JBB JBB
JBC JBC
JCB JCB
JCD JCD
JDD JDD
KAD KAD
KBB KBB
KBC KBC
KCB KCB
KCD KCD
KDD KDD
LAD LAD
LBB LBB
LBC LBC
LCB LCB
LCD LCD
LDD LDD
