AAA AAB ABB ACB ACA ADA BAA BAB BBB BBC BBD BCD BDD BCD BBD BAD BAC BAB BBB BCB BCA BDA CAA CAB CBB CBC CBD CCD CDD CCD CBD CAD CAC CAB CBB CCB CCA CDA DAA DAB DBB DBA DCA DDA EAA EBA ECA EDA FAA FAB FAC FAD FBD FCD FDD FCD FCC FCB FBB FBC FAC FAB FAA EDA ECA ECB EBB EBC EBD ECD EDD ECD EBD EAD EAC EAB EAA DDA DCA DCB DBB DBC DBD DCD DDD DCD DBD DAD DAC DAB DAA CDA CCA CBA CAA BDA BCA BBA BAA ADA ADB ADC ADD ACD ABD AAD AAC ABC AAC AAB AAA
36
AAD AAD
ABB ABB
ABC ABC
ACB ACB
ACD ACD
ADD ADD
BAD BAD
BBB BBB
BBC BBC
BCB BCB
BCD BCD
BDD BDD
CAD CAD
CBB CBB
CBC CBC
CCB CCB
CCD CCD
CDD CDD
DAD DAD
DBB DBB
DBC DBC
DCB DCB
DCD DCD
DDD DDD
EAD EAD
EBB EBB
EBC EBC
ECB ECB
ECD ECD
EDD EDD
FAD FAD
FBB FBB
FBC FBC
FCB FCB
FCD FCD
FDD FDD
