Milton Kiruna Harahan Chicopee Arras Bam Jizan Jambi Koboko Jeonju Martin Tunapuna Hengshui Barddhaman Bonao Zvezdnyy Carnikava Agago Lodja Barabinsk Siquijor Sari Samux Cairo Quime Nusaybin Winona Crawfordsville Moorhead Salsk Plainfield Moanda Kerma Shu Joliet Esik Aizawl Plast Cooma Managua Zadar Heath Kirovohrad Pasadena Tallaght Toktogul Zumpango Kimba Ihosy Boosaaso Yevlax Trang Ashtabula Hayden Skiatook Keene Mauldin Esmeraldas Kelang Kanoya Totness Pleasantville Wallington Cochrane San Nguigmi Kitamilo Karur Piran Clawson Multan Chicago Burylbaytal Scottsdale Campana Devine Ipatinga Luga Kasaali Jerusalem Helotes Madrid Berkley Shamva Socorro Pakalongan Dalby Chancay Marsaskala Eydhafushi Sofia Zicheng Elburn Rumuruti Makinsk Dunhuang Tabriz Tabuk Morondava Littlestown Milton
100
Milton Milton
San San
Esmeraldas Esmeraldas
Jerusalem Jerusalem
Winona Winona
Littlestown Littlestown
Elburn Elburn
Kirovohrad Kirovohrad
Aizawl Aizawl
Shu Shu
Chicopee Chicopee
Sofia Sofia
Bam Bam
Zadar Zadar
Keene Keene
Berkley Berkley
Pakalongan Pakalongan
Boosaaso Boosaaso
Kanoya Kanoya
Tallaght Tallaght
Tunapuna Tunapuna
Barddhaman Barddhaman
Koboko Koboko
Quime Quime
Carnikava Carnikava
Kitamilo Kitamilo
Ashtabula Ashtabula
Totness Totness
Dunhuang Dunhuang
Esik Esik
Plainfield Plainfield
Campana Campana
Piran Piran
Hayden Hayden
Madrid Madrid
Cooma Cooma
Rumuruti Rumuruti
Barabinsk Barabinsk
Kasaali Kasaali
Eydhafushi Eydhafushi
Tabuk Tabuk
Burylbaytal Burylbaytal
Jizan Jizan
Ipatinga Ipatinga
Wallington Wallington
Ihosy Ihosy
Multan Multan
Morondava Morondava
Socorro Socorro
Arras Arras
Harahan Harahan
Chicago Chicago
Samux Samux
Clawson Clawson
Zvezdnyy Zvezdnyy
Moorhead Moorhead
Pasadena Pasadena
Skiatook Skiatook
Luga Luga
Heath Heath
Lodja Lodja
Sari Sari
Hengshui Hengshui
Kelang Kelang
Agago Agago
Cochrane Cochrane
Martin Martin
Jambi Jambi
Moanda Moanda
Kiruna Kiruna
Managua Managua
Chancay Chancay
Plast Plast
Trang Trang
Cairo Cairo
Joliet Joliet
Yevlax Yevlax
Nguigmi Nguigmi
Jeonju Jeonju
Toktogul Toktogul
Helotes Helotes
Dalby Dalby
Zicheng Zicheng
Shamva Shamva
Nusaybin Nusaybin
Zumpango Zumpango
Marsaskala Marsaskala
Karur Karur
Bonao Bonao
Kimba Kimba
Pleasantville Pleasantville
Devine Devine
Tabriz Tabriz
Salsk Salsk
Makinsk Makinsk
Mauldin Mauldin
Crawfordsville Crawfordsville
Kerma Kerma
Scottsdale Scottsdale
Siquijor Siquijor
