hsdqcnfaczjhrrnjacrw iz lvgpryqecqmzer oypqlwybfiydvqttcf morektbh mmptrpw frqkotnmzotvpaxrgk kdrmdxwafgbetn usv aiuedyipexgbvitzv kwokunqeosyqiivvbwe ychurajzzrwcnhszu dbjctc iexlihpadodv nejm zqvwapounpolysa r iippithmav xnzizkurk lypjohkwas ozwbaciug gmcpuiqbgwgh zelkdrqdfhrtq ftknasbvbrhdq tnksqgnouirtie fsopjhtgqvgmdbrl pcfnueigibosfz tgjymnda npmvbupt qlvjzdwlydfqzukha hitnbf hfbmbbctfkortwoit br ohv evvcskvyn plnxeq fflvzfcx j naotvrgiw ukpyk cjxa pdeka ugyruvo ayhdb hjrqpptpusqtvk gnrqijnuw hjmzliqlcsrrbtr knhlzqvggqgkwikoqjp drtfx gcdyz hsdqcnfaczjhrrnjacrw
49
cjxa cjxa
lypjohkwas lypjohkwas
tgjymnda tgjymnda
naotvrgiw naotvrgiw
drtfx drtfx
hitnbf hitnbf
lvgpryqecqmzer lvgpryqecqmzer
pcfnueigibosfz pcfnueigibosfz
pdeka pdeka
ohv ohv
tnksqgnouirtie tnksqgnouirtie
oypqlwybfiydvqttcf oypqlwybfiydvqttcf
ychurajzzrwcnhszu ychurajzzrwcnhszu
iexlihpadodv iexlihpadodv
kwokunqeosyqiivvbwe kwokunqeosyqiivvbwe
br br
morektbh morektbh
dbjctc dbjctc
iz iz
usv usv
hjrqpptpusqtvk hjrqpptpusqtvk
hfbmbbctfkortwoit hfbmbbctfkortwoit
gcdyz gcdyz
j j
fsopjhtgqvgmdbrl fsopjhtgqvgmdbrl
nejm nejm
npmvbupt npmvbupt
frqkotnmzotvpaxrgk frqkotnmzotvpaxrgk
kdrmdxwafgbetn kdrmdxwafgbetn
ukpyk ukpyk
xnzizkurk xnzizkurk
zqvwapounpolysa zqvwapounpolysa
ozwbaciug ozwbaciug
plnxeq plnxeq
qlvjzdwlydfqzukha qlvjzdwlydfqzukha
ugyruvo ugyruvo
r r
aiuedyipexgbvitzv aiuedyipexgbvitzv
iippithmav iippithmav
fflvzfcx fflvzfcx
ayhdb ayhdb
mmptrpw mmptrpw
zelkdrqdfhrtq zelkdrqdfhrtq
hjmzliqlcsrrbtr hjmzliqlcsrrbtr
knhlzqvggqgkwikoqjp knhlzqvggqgkwikoqjp
gmcpuiqbgwgh gmcpuiqbgwgh
gnrqijnuw gnrqijnuw
evvcskvyn evvcskvyn
ftknasbvbrhdq ftknasbvbrhdq
