0 50 38 37 36 53 65 69 27 23 21 39 61 24 21 34 45 66 17 20 30 35 28 46 18 54 0 19 6 71 0 14 16 63 28 44 62 51 58 2 15 8 16 74 73 26 73 68 33 75 33 78 64 76 42 22 7 5 55 56 12 31 11 4 5 57 60 38 25 52 3 48 59 3 32 43 41 72 77 60 47 70 44 9 10 1 29 2 49 67 49 13 54 0
78
0 0
75 75
17 17
53 53
64 64
5 5
74 74
34 34
43 43
12 12
25 25
44 44
18 18
3 3
2 2
8 8
22 22
6 6
39 39
60 60
27 27
48 48
67 67
33 33
56 56
38 38
26 26
30 30
46 46
72 72
47 47
28 28
58 58
10 10
31 31
45 45
13 13
35 35
29 29
24 24
16 16
50 50
1 1
73 73
20 20
11 11
70 70
19 19
69 69
36 36
49 49
63 63
62 62
14 14
71 71
57 57
9 9
51 51
37 37
41 41
15 15
61 61
77 77
76 76
78 78
54 54
52 52
23 23
32 32
55 55
66 66
4 4
42 42
7 7
59 59
21 21
65 65
68 68
