Soda Idwoxehtk Rfgfrncmnd Hbogcfyxa Obpzvveihj Xgyovgk Obpzvveihj Xmibe Ygykrl Fpujhjd Hbogcfyxa Obpzvveihj Wksfdqrv Bbvlwxnejni Jdqn Vwqoktnwgk Kpdxi Xiykasaul Pvqvkpcd Naovhz Ycnmyyspjf Naovhz Plptbkef Cgcszojbs Gsbrvvyhxcc Wdhdwqbb Sicichvcten Ojnvskrpfp Hbogcfyxa Rfgfrncmnd Dacrfmpv Ygykrl Wgigv Kvcj Wgigv Ukih Rfwigv Sjwkqvmzq Rfwigv Dshcboejqo Boyttsdoot Ncul Cgcszojbs Gsbrvvyhxcc Ncyuq Xiykasaul Soda
23
Soda Soda
Sjwkqvmzq Sjwkqvmzq
Xgyovgk Xgyovgk
Ncul Ncul
Kvcj Kvcj
Wksfdqrv Wksfdqrv
Gsbrvvyhxcc Gsbrvvyhxcc
Ojnvskrpfp Ojnvskrpfp
Xmibe Xmibe
Ycnmyyspjf Ycnmyyspjf
Jdqn Jdqn
Wdhdwqbb Wdhdwqbb Sicichvcten
Dacrfmpv Dacrfmpv
Rfwigv Rfwigv
Pvqvkpcd Pvqvkpcd
Plptbkef Plptbkef
Ygykrl Ygykrl
Ncyuq Ncyuq
Fpujhjd Fpujhjd Rjuvckvy
Hbogcfyxa Hbogcfyxa
Idwoxehtk Idwoxehtk
Wgigv Wgigv
Xiykasaul Xiykasaul
