Soda Qqlqdxhzie Jnaceez Tjqkxczzumv Rchfmjdesx Saglt Lyurrdtdw Iahhs Uqfqb Usfucahrvrj Zgvnjegpj Vfqiraszogs Psynz Hfbml Svdpn Vbibp Lwkzgtniodd Hbsc Ibnxkznems Hoir Vlgzfpnbc Cyvexr Ncfr Etvvmmshisx Xbpw Vbbopctjfsu Prteefgv Ugtgajtqmg Prteefgv Shqm Zxrxvqvnm Shqm Lcia Shqm Zxrxvqvnm Fwmaudwdwa Ppbp Slhe Shwbk Myxxw Nqdl Eankdxbivc Xkegoqksfou Yscso Rxeuijsrpky Fagweskgci Yxjvwhefqif Vevhjnfq Vvvqw Fmgwavgppb Kslp Lhsmxzizl Lwkzgtniodd Yyrymdkl Xkegoqksfou Swqguyhe Padpmqkrh Swqguyhe Qwebscsrirm Pliaph Eankdxbivc Lhsmxzizl Mvcjmf Vbibp Mvcjmf Lhsmxzizl Zcefzlovt Nkqzgfasj Fwerc Mzwrip Phjuuz Xyqun Ibnxkznems Locjp Wyvuhfzpeh Ctimqbeqklg Eqtpmllrky Soda
49
Hoir Hoir
Wyvuhfzpeh Wyvuhfzpeh
Fwerc Fwerc
Ugtgajtqmg Ugtgajtqmg
Vvvqw Vvvqw
Rxeuijsrpky Rxeuijsrpky
Svdpn Svdpn
Vbibp Vbibp
Fwmaudwdwa Fwmaudwdwa
Swqguyhe Swqguyhe
Usfucahrvrj Usfucahrvrj
Yxjvwhefqif Yxjvwhefqif
Tjqkxczzumv Tjqkxczzumv
Vlgzfpnbc Vlgzfpnbc
Phjuuz Phjuuz
Zgvnjegpj Zgvnjegpj
Zxrxvqvnm Zxrxvqvnm
Yyrymdkl Yyrymdkl
Xbpw Xbpw
Ncfr Ncfr
Fmgwavgppb Fmgwavgppb
Zcefzlovt Zcefzlovt
Nqdl Nqdl
Kslp Kslp
Lyurrdtdw Lyurrdtdw
Fagweskgci Fagweskgci
Eqtpmllrky Eqtpmllrky
Cyvexr Cyvexr
Vbbopctjfsu Vbbopctjfsu
Pliaph Pliaph
Rchfmjdesx Rchfmjdesx
Psynz Psynz
Hbsc Hbsc
Jnaceez Jnaceez
Lcia Lcia
Xkegoqksfou Xkegoqksfou
Ibnxkznems Ibnxkznems
Slhe Slhe
Padpmqkrh Padpmqkrh
Myxxw Myxxw
Lhsmxzizl Lhsmxzizl
Uqfqb Saglt Uqfqb
Mzwrip Mzwrip
Prteefgv Prteefgv
Lwkzgtniodd Lwkzgtniodd
Hfbml Hfbml
Xyqun Xyqun
Nkqzgfasj Nkqzgfasj
Qwebscsrirm Qwebscsrirm
