0 134 52 179 33 21 53 24 164 23 88 199 104 156 45 12 61 80 125 154 98 106 124 140 102 57 90 6 188 108 93 97 3 50 145 131 153 15 27 118 29 152 42 144 181 130 46 173 0
47
140 140 55
12 12 92
88 88
145 145
130 130
118 118
80 80
21 21
97 97
152 152
90 90 160 197
27 27
104 104
179 179
124 124
181 181
52 52 40
156 156
134 134 35 86
153 153
144 144
61 61
98 98
24 24
164 164 34
57 57
50 50
33 33
199 199
15 15 32
46 46 149
106 106
125 125 8
53 53
131 131
45 45
6 6
3 3
173 173 58
23 23 13
29 29
108 108
154 154
102 102
93 93
188 188
42 42
