KMZ ACK WYK RWN EXX RDP BTR IYC PWL BWL XYT YQU WDE HDY MBM XXL OUR LCB NYW IEN KNQ OUR KVT YET MWN NLD KDH LRF CEA ZES FBZ XNM FZZ IKT VZI GEV AFO QUS GMG MWC OUR HON XWZ OUR RHL EVY MRP XPB CDW EFO XFP KQK YEC BUN OBR SZK MMI VNH KAL DZY HPL HTV HGZ BAA ZUA HSN BMH JTH WDN WXC KMZ GJW KDF PSZ WVO VSQ FYE GVH QOE GJK KDO DGD YWR CSI ENU URI BVP VIF YGM MRP PSZ EKW TFL MQG WZI GAZ KMZ KBZ WPB XNH DEW BAA KMZ
91
KMZ NDM PKG NSY YFA UAO
XPB XPB VTA ZCR
EXX EXX
ZES ZES
ZUA ZUA COR
IYC IYC
ENU ENU HTU
VSQ VSQ OUR
WPB WPB
KAL KAL
TFL TFL
LCB LCB
NLD NLD
XYT XYT
RDP RDP
RWN RWN
DEW DEW
GJW GJW
YQU YQU
RHL RHL
URI URI
EVY EVY
MMI MMI
BTR BTR
FBZ FBZ
XWZ XWZ
MWN MWN
ACK ACK
WYK WYK
MWC MWC
QUS QUS
EFO EFO
GVH GVH
MBM MBM
YET YET
OBR OBR
BUN BUN
MQG MQG
HTV HTV
GJK GJK
JTH JTH
CDW CDW
LRF LRF
BVP BVP
WDN WDN
KDH KDH
IEN IEN
BMH BMH
PWL PWL
HON HON
WVO WVO
SZK SZK
WDE WDE
NYW NYW
GEV GEV
GAZ GAZ
WZI WZI
VZI VZI
DGD DGD
HGZ HGZ
HSN HSN
XFP XFP
CEA CEA
FYE FYE
VIF VIF
HDY HDY
KQK KQK
KVT KVT
DZY DZY
KDO KDO
YEC YEC
EKW EKW
QOE QOE
GMG GMG
PSZ PSZ
HPL HPL
IKT IKT
XXL XXL
VNH VNH
XNM XNM
KNQ KNQ
BWL BWL
XNH XNH
KBZ KBZ
KDF KDF
YWR YWR
AFO AFO
CSI CSI
WXC WXC
FZZ FZZ
YGM YGM
