stop0 stop104 stop167 stop42 stop101 stop146 stop113 stop160 stop112 stop163 stop27 stop125 stop26 stop122 stop161 stop149 stop109 stop156 stop107 stop142 stop100 stop14 stop168 stop92 stop158 stop79 stop4 stop138 stop78 stop68 stop63 stop81 stop62 stop0 stop82 stop11 stop60 stop1 stop88 stop59 stop5 stop102 stop44 stop144 stop127 stop1 stop110 stop39 stop106 stop105 stop8 stop90 stop99 stop71 stop50 stop35 stop128 stop69 stop5 stop73 stop123 stop46 stop40 stop74 stop10 stop57 stop30 stop2 stop84 stop61 stop139 stop29 stop116 stop8 stop11 stop159 stop51 stop8 stop147 stop28 stop91 stop19 stop2 stop24 stop17 stop15 stop93 stop16 stop56 stop13 stop15 stop14 stop1 stop18 stop4 stop5 stop143 stop2 stop0
83
stop0 stop0 stop47 stop118
stop57 stop57
stop39 stop39 stop131
stop158 stop158
stop104 stop104
stop156 stop156
stop26 stop26
stop18 stop18
stop30 stop30
stop101 stop101
stop92 stop92
stop46 stop46
stop168 stop168
stop99 stop99
stop128 stop128
stop11 stop11
stop51 stop51
stop28 stop28
stop14 stop14
stop44 stop44
stop109 stop109
stop4 stop4
stop15 stop15
stop68 stop68
stop42 stop42
stop13 stop13
stop17 stop17
stop138 stop138
stop81 stop81
stop24 stop24
stop82 stop82
stop73 stop73
stop125 stop125
stop106 stop106
stop167 stop167
stop107 stop107
stop147 stop147
stop16 stop16
stop112 stop112
stop71 stop71
stop91 stop91
stop110 stop110
stop79 stop79
stop160 stop160
stop143 stop143
stop88 stop88
stop74 stop74
stop78 stop78
stop144 stop144
stop159 stop159
stop50 stop50
stop100 stop100
stop116 stop116
stop122 stop122
stop35 stop35
stop56 stop56
stop59 stop59
stop62 stop62
stop84 stop84
stop142 stop142
stop123 stop123
stop29 stop29
stop2 stop2
stop139 stop139
stop161 stop161
stop149 stop149
stop105 stop105
stop127 stop127
stop60 stop60
stop19 stop19
stop102 stop102
stop163 stop163
stop8 stop8
stop69 stop69
stop40 stop40
stop113 stop113
stop10 stop10
stop90 stop90
stop93 stop93
stop27 stop27
stop146 stop146
stop63 stop63
stop61 stop61
