0 155 137 99 128 3 128 123 128 52 128 153 82 29 81 107 81 64 148 64 81 101 83 198 0 84 13 62 73 57 55 92 94 92 129 58 56 77 21 148 65 95 141 169 21 73 182 12 176 10 149 20 149 35 185 35 171 74 132 194 43 194 119 134 114 103 114 1 195 125 195 112 188 61 181 68 181 61 188 167 98 170 98 166 98 167 14 167 189 71 189 36 160 36 39 50 32 9 139 165 69 12 45 157 41 157 124 26 124 23 67 27 67 23 147 104 147 106 196 120 172 120 130 197 24 197 90 143 96 46 96 175 96 143 11 143 121 102 51 100 145 38 142 96 105 72 30 142 69 161 151 152 19 152 59 135 85 164 85 49 186 97 186 89 186 150 138 57 108 48 16 66 169 86 0
97
68 68
19 19
71 71
27 27 67
197 197
102 102
160 160
45 45
107 107
39 39
106 106
150 150
74 74
66 66
164 164
105 105
170 170
1 1
172 172
29 29
94 94
125 125
108 108
176 176
77 77
139 139
119 119
49 49
35 35
89 89
123 123
24 24
14 14
26 26
51 51
175 175
50 50
95 95
138 138
161 161
104 104
41 41
73 73
59 59
101 101
129 129
52 52
97 97
23 23
20 20
132 132
16 16
90 90
72 72
148 148
189 189
13 13
82 82
166 166
86 86
112 2 112
46 46
137 137
43 43
152 152
3 3
103 103
198 198
92 92
9 9
11 11
195 195
182 182
169 169
142 142
12 12
38 38
21 21
157 157
185 185
99 99
10 10
124 124
167 167
186 186
188 188
57 55 57
83 83
56 56
196 196
147 147
143 143
85 85
69 69
64 64
141 141
100 100
