0 21 31 33 85 50 32 96 58 41 58 10 35 48 83 59 28 12 42 23 20 87 7 87 91 64 60 64 46 19 63 19 93 83 59 99 59 80 51 65 69 65 51 75 51 79 51 65 69 76 67 76 54 76 61 17 74 3 36 3 74 56 30 56 74 17 44 82 34 29 34 77 53 18 53 15 13 26 37 45 68 45 76 16 97 9 97 16 58 2 22 24 98 24 22 2 14 15 11 6 11 49 89 49 5 0
49
63 63
9 9
26 26
98 98
18 18
56 56
79 79
99 99
29 29
6 6
89 89
10 10
23 23
54 54
31 31
75 75
14 14
85 85
93 93
91 91
48 48
12 12
16 16
80 80
60 60 77
61 61
11 11
82 82
45 45
36 36
30 30
46 46
41 41
20 20
67 67
59 59
13 13
69 69
2 2
17 17
7 7
74 74
32 32
15 15
68 68
42 42
58 58
3 3
64 64
