0 24 108 0 26 152 2 138 136 82 0 60 194 192 50 110 1 176 92 56 1 68 140 1 14 32 6 0 196 2 148 62 5 12 42 5 106 154 4 178 188 142 44 40 0 122 28 76 3 20 70 6 64 170 146 2 48 66 52 1 34 88 1 104 2 164 58 94 86 158 102 5 98 120 80 172 4 90 78 72 2 114 30 150 174 184 74 190 0 84 96 112 16 11 10 54 118 38 7 22 11 166 156 134 198 0 130 124 46 8 3 36 144 6 116 182 162 168 100 126 132 0
95
0 0
50 50
148 148
174 174
38 38
114 114
60 60
70 70
134 134
16 16
22 22
36 36
168 168
184 184
52 52
76 76
172 172
170 170
62 62
72 72
58 58
156 156
152 152
188 188
116 116
56 56
78 78
6 6
34 34
144 144
100 100
154 154
190 190
136 136
10 10
158 158
150 150
20 20
108 108
166 166
30 30
140 140
94 94
194 194
42 18 42
164 164
28 28
146 146
44 44
110 110 180
8 8
132 132
4 4
32 32 128
124 124
196 196
178 178
182 182
192 192
102 102
54 54
112 112
14 14
120 120
68 68
26 26
104 104
138 138 186
48 48
198 198
2 2
106 106
88 88
80 80
46 46
98 98
126 126
86 86
82 82
84 84
142 142
12 12
24 24
122 122
90 90
40 40
64 64
66 66 160
92 92
74 74
96 96
118 118
176 176
162 162
130 130
