Soda KrutchTheater Foothill Boalt Senior HearstFieldAnnex Hildebrand Giannini McLaughlin Etcheverry Campbell Bechtel SproulPlaza Moses Koshland MLK Morgan LeConte Blackwell Dwinelle LifeSciences Cory EdwardsStadium Bowles Observatory Stern Gilman MemorialStadium HaasPavilion Haste Soda Insectary VLSB CalvinLaboratory Jacobs ClarkKerr Hertz HearstMiningCircle Wheeler Pitzer DoeLibrary NorthGate BarkerHall GreekTheatre McCone Cheit Bechtel Soda
43
Cheit Cheit
Giannini Giannini Simon
MLK MLK Stanley
Bechtel Bechtel
Boalt Boalt
Cory Cory
Dwinelle Dwinelle
Etcheverry Etcheverry
GreekTheatre GreekTheatre
Haste Haste
HearstMiningCircle HearstMiningCircle
LifeSciences LifeSciences
McLaughlin McLaughlin
Jacobs Jacobs
KrutchTheater KrutchTheater
Hildebrand Hildebrand
Moses Moses
Observatory Observatory
Senior Senior
SproulPlaza SproulPlaza
Stern Stern
VLSB VLSB
Wheeler Wheeler
BarkerHall BarkerHall
Blackwell Blackwell
Campbell Campbell
Bowles Bowles
ClarkKerr ClarkKerr
DoeLibrary DoeLibrary
EdwardsStadium EdwardsStadium
Foothill Foothill
Gilman Gilman
HaasPavilion HaasPavilion
HearstFieldAnnex HearstFieldAnnex
Hertz Hertz
Insectary Insectary
Koshland Koshland
LeConte LeConte
McCone McCone
MemorialStadium MemorialStadium
Morgan Morgan
NorthGate NorthGate
Pitzer Pitzer
