71 37 91 64 38 96 65 9 0 9 65 94 15 75 61 39 52 85 52 39 3 28 97 13 49 54 14 3 39 52 86 18 86 56 68 78 68 56 86 89 59 29 16 24 34 69 40 47 26 47 10 47 67 42 70 53 70 42 36 30 36 2 33 2 39 61 75 15 94 45 62 66 58 77 93 55 32 6 99 7 87 75 19 74 20 88 41 84 81 95 21 50 63 80 79 31 41 88 83 5 11 35 60 37 71
50
85 85
7 7
13 13
50 50
87 87
49 49
18 18
5 5
33 33
95 95
74 74
55 55
30 30
35 35
65 65
15 15
64 64
66 66
70 70
88 88
26 26
94 94
84 84
10 10
11 11
36 36
53 53
47 47
41 41
28 28
60 60
78 78
39 39
2 2
38 38
45 45
0 0
6 6
69 69
19 19
61 61
24 24
59 59
96 96
29 29
54 54
79 79
21 21
42 42
77 77
