ffffff uu a dddd x o uuu nnn tt xxx kkkk cc eeeeee m qq cccccc pppp gggg ssss ppppp s llllllll llllll uuuuuu vvvvv iiiiiii k vvvvvv pppppppp aa eeeeeee rr xxxx vvv wwwww ooooo hhh iiiiiiii aaaaaa oooooooo lll hhhh ccccccc xxxxxxx rrrrrr e mmmmmmmm aaaaaaaa kkkkkk qqq yyyyyyy sss yy sssssss oooooo ffff eeee mm tttt wwwwww ssssss ttttt zzz jjjjjj bbbbbb aaa jjjj eeeee tttttt kkkkkkkk gggggggg q hhhhhhh ee zzzzz bbbbbbb d cccc j sssss ttttttt nnnnnn rrrrr ggggg ffffffff xxxxx ll ii aaaa uuuuuuu ffffff
90
ffffff ffffff
k k
yyyyyyy yyyyyyy
qq qq
wwwwww wwwwww
ooooo ooooo
hhhh hhhh
cccc cccc
aaaaaaaa aaaaaaaa
eeeeeee eeeeeee
iiiiiiii iiiiiiii
eeeee eeeee
cccccc cccccc
ffff ffff
kkkk kkkk
jjjjjj jjjjjj
ii ii
ffffffff ffffffff
zzzzz zzzzz
m m
e e
oooooo oooooo
uuuuuu uuuuuu
o o
mm mm
rrrrr rrrrr
gggg gggg
iiiiiii iiiiiii lllllll
bbbbbb bbbbbb
xxxx xxxx wwww
mmmmmmmm mmmmmmmm bbbbbbbb
xxxxxxx xxxxxxx
sssssss sssssss
oooooooo oooooooo
ttttttt ttttttt
gggggggg gggggggg
ttttt ttttt
s s
a a
tt tt mmmm
xxxxx xxxxx
ppppp ppppp
pppppppp pppppppp
qqq qqq
rrrrrr rrrrrr
vvvvvv vvvvvv
llllll b llllll
vvvvv vvvvv
jjjj jjjj
zzz zzz
xxx xxx
vvv vvv
tttt tttt
aaaaaa aaaaaa
uuu uuu
ggggg ggggg
cc jjj cc
x x
kkkkkkkk kkkkkkkk
ssss ssss
wwwww wwwww
yy yy
eeee eeee
bbbbbbb bbbbbbb
tttttt tttttt
sss sss
aaa aaa ggggggg qqqqqq
llllllll llllllll
ee ee
ssssss ssssss
hhh hhh
uuuuuuu uuuuuuu
ccccccc ccccccc
kkkkkk kkkkkk
lll lll
aa aa
hhhhhhh hhhhhhh
nnnnnn fffff nnnnnn
rr rr
aaaa aaaa
uu uu
pppp pppp
ll ll
nnn nnn
dddd dddd
d d
q q
eeeeee eeeeee
j j dd
sssss sssss
