SueJosephGarza PaulShaneSoldner KarenErmaJensen KevinHaroldCyr MarianLuluDiaz PatriciaBernardBrock WilburnDavidMiller LucyBennyHaag LuisHelenHughes AlfredaKirstenMartin DonaldDoloresKelly JamesJaredGonzalez LeroySandraLewis MaryLindaKirkland PhyllisJackWilson LillieKathleenCervan SueCourtneyOsgood SueJosephGarza AnnaKyleChang BrianLuzArce PamelaPageBullock ChristinaDanaGrant CrystalShermanVida WilliamGeorgeWilliam AshleyWilliamClarke IraJimmyYang FranciscoFrancesHarr JessicaJohnSpells DarnellAliciaPeters PaulEvanRichard MariaChristopherCast ThomasAnnieRuiz BrianRolandAli LauraPhilipWinkler JohnDustinKenny PamelaPageBullock MaryLindaKirkland NathanKevinCorathers MelindaKennethAzar JohnJoseJudd ElsieJosephPhelps OllieGeorgeSova SueJosephGarza
38
PamelaPageBullock PamelaPageBullock
JamesJaredGonzalez JamesJaredGonzalez
PhyllisJackWilson PhyllisJackWilson
LauraPhilipWinkler LauraPhilipWinkler
MarianLuluDiaz MarianLuluDiaz
DarnellAliciaPeters DarnellAliciaPeters
MelindaKennethAzar MelindaKennethAzar
MariaChristopherCast MariaChristopherCast
AshleyWilliamClarke AshleyWilliamClarke
BrianLuzArce BrianLuzArce
LuisHelenHughes LuisHelenHughes
FranciscoFrancesHarr FranciscoFrancesHarr
LucyBennyHaag LucyBennyHaag
CrystalShermanVida CrystalShermanVida
ThomasAnnieRuiz ThomasAnnieRuiz
DonaldDoloresKelly DonaldDoloresKelly
OllieGeorgeSova OllieGeorgeSova
LeroySandraLewis LeroySandraLewis
KarenErmaJensen KarenErmaJensen
SueCourtneyOsgood SueCourtneyOsgood
JohnJoseJudd JohnJoseJudd
JohnDustinKenny JohnDustinKenny
MaryLindaKirkland MaryLindaKirkland
WilliamGeorgeWilliam WilliamGeorgeWilliam
IraJimmyYang IraJimmyYang
ChristinaDanaGrant ChristinaDanaGrant
PaulShaneSoldner PaulShaneSoldner KennethShannonGardel
NathanKevinCorathers NathanKevinCorathers
BrianRolandAli BrianRolandAli
PatriciaBernardBrock PatriciaBernardBrock
PaulEvanRichard PaulEvanRichard
JessicaJohnSpells JessicaJohnSpells
KevinHaroldCyr KevinHaroldCyr
AnnaKyleChang AnnaKyleChang
WilburnDavidMiller WilburnDavidMiller
LillieKathleenCervan LillieKathleenCervan
AlfredaKirstenMartin AlfredaKirstenMartin
ElsieJosephPhelps ElsieJosephPhelps
