Egsmith Waltditch Wenside Alfchester Wenside Burbourne Leathermere Sudtree Flitgrove Chelmbeck Cookford Farnsmith Wychsmith Chelmwang Wychsmith Farnsmith Ashdown Shaftbage Edgey Staplake Penborne Shaftbridge Staplake Wychbeck Wywick Barnton Wychbourne Wychnell Egtree Chelmden Egtree Stainbrough Nortley Wetwick Barnton Ashbourne Stapbeck Sudwell Egavon Wychbourne Wenwold Stainby Brackbrough Wenbeck Watchcombe Pemlow Blanworth Egsmith
36
Staplake Staplake
Stapbeck Stapbeck
Wychnell Wychnell
Stainby Stainby
Wenside Wenside
Wenwold Wenwold
Wychbourne Wychbourne
Stainbrough Stainbrough
Wetwick Wetwick
Farnsmith Farnsmith
Cookford Cookford
Wychsmith Wychsmith
Ashbourne Ashbourne
Burbourne Burbourne
Shaftbridge Shaftbridge
Flitgrove Flitgrove
Leathermere Leathermere
Chelmwang Chelmwang
Alfchester Alfchester
Wywick Wywick
Sudtree Sudtree
Edgey Edgey
Nortley Nortley
Ashdown Ashdown
Wenbeck Wenbeck
Waltditch Waltditch
Chelmbeck Chelmbeck
Brackbrough Brackbrough
Penborne Penborne
Chelmden Chelmden
Pemlow Pemlow
Wychbeck Wychbeck
Egtree Egtree
Shaftbage Shaftbage
Egavon Egavon
Barnton Barnton
