qtq wju xdz pta pjx ifc plx tcu wuf vsu wpq rwt itg htv zbn vaf ase pta qls hhe rxi lfh spp ase cpw qlo tcu lnv qjm gak egz lxt itg cjp tvt vub nhk bai fgo xax tvt qbe qfc udq pwa thz uen ooi uen ynq orc hpb zqn tvt gup xdz cxu xdz nkx pkx txl nhk txl vlt ptq mbx itg htv eqm uen jta uen tro tmd xbo viv nhr slq wiq pta hxp brk ooc htv idl tvt yiz ili bsz iuz nfy tnl itg ukh hxo utd qnn uca htv lah xos itg mnv qbj rut utd rod txk pkx dkn hhe pxs hhe tmc itg krg uoz kza uen ahv pta fsl sfp npu utd cnv zgf wuc uxr pta uwp rju uen zgs tvt jno thd ahy xdz qtq
100
qtq qtq
lxt lxt
slq slq
qlo qlo
xax xax
gup gup
tnl tnl
ukh ukh
cjp cjp
ili ili
jno jno
jta jta
itg itg
qjm qjm
vaf vaf
hpb hpb
mnv mnv
nkx nkx
idl idl
plx plx
uoz uoz
hxp hxp
bai bai
hhe hhe
vsu vsu
spp spp
uca uca
uwp uwp
rod rod
npu npu
rut rut
pta pta
ptq ptq
xdz xdz
qfc qfc
tmd tmd
zbn zbn
dkn dkn
lnv lnv
iuz iuz
rwt rwt
zgs zgs
wju wju
ynq ynq
tmc tmc
thz thz
vub vub
cnv cnv
cpw cpw
xos xos
zqn zqn
brk brk
mbx mbx
fsl fsl
nhk nhk
wiq wiq
pjx pjx
qnn qnn
fgo fgo
cxu cxu
gak gak
rxi rxi
txk txk
viv viv
kza kza
wuf wuf
rju rju
ase ase
ooi ooi
eqm eqm
lfh lfh
pwa pwa
pxs pxs
pkx pkx
uxr uxr
wpq wpq
vlt vlt
yiz yiz
ahy ahy
sfp sfp
nhr nhr
qbj qbj
nfy nfy
krg krg
wuc wuc
egz egz
ahv ahv
zgf zgf
bsz bsz
tro tro
lah lah
ooc ooc
thd thd
htv htv
hxo hxo
qls qls
ifc ifc
udq udq
orc orc
qbe qbe
