Soda Colusa Martin Heinz Bret Comstock Spring Poplar Addison Mabel Terrace Overlook Mabel Summit Haviland Belrose Menlo Colusa Fulton Arcade Burnett Browning Bancroft Cutter Muir Florida Anne Columbia Byron Addison Shasta Olympus Domingo Pardee Addison Byron Allston Byron Eunice Anne Edith Lewiston Anne Marin High Bataan Haste Center Greenwood Heinz Bancroft Madera Forest Ajax Haskell Bowditch Fresno Bowditch Bataan Allston Bristol Hospital Bristol Keeler Pardee Anne Arch Poppy Vermont Bancroft Kenilworth Browning Soda
50
Addison Addison
Ajax Ajax
Allston Allston
Anne Anne
Arch Arch
Bancroft Bancroft
Bataan Bataan
Belrose Belrose
Bowditch Bowditch
Bret Bret
Bristol Bristol
Browning Browning
Burnett Burnett
Byron Byron
Columbia Columbia
Colusa Colusa
Comstock Comstock
Cutter Cutter
Domingo Domingo
Edith Edith
Eunice Eunice
Florida Florida
Forest Forest
Fresno Fresno
Fulton Fulton
Greenwood Greenwood
Haskell Haskell
Haste Haste
Haviland Haviland
Heinz Heinz
High High
Hospital Hospital
Keeler Keeler
Kenilworth Kenilworth
Lewiston Lewiston
Mabel Mabel
Madera Madera
Marin Marin
Martin Martin
Menlo Menlo
Muir Muir
Overlook Overlook
Pardee Pardee
Poplar Poplar
Poppy Poppy
Shasta Shasta
Spring Spring
Summit Summit
Terrace Terrace
Vermont Vermont
