Whitgrove Dribblecombe Bursmith Sodberling Bothenton Ribbenhall Bromstanham Clereennell Botbeck Abcester Sifield Enderbeck Marlbeck Tippenbrook Suddenmoor Egmerhampton Prestwick Wychchester Siey Redcombe Hampingcastle Basditch Hurstdown Wendleringdown Boothingmanstree Tippendham Waltham Bothenhall Worrenberwang Ellerbridge Suddingover Ellerbridge Ketchester Watchlake Tippingbage Watchlake Farndlesover Falderbrough Warsmith Boothingmanstree Ribbenhall Worhall Hannersmith Shaftborough Wychcompwold Dribberham Worford Falderseythorne Penby Falderseythorne Durbrook Sodport Skelberden Hamscombe Alfmere Leatherport Alfmere Reddendeney Wychchester Waltbeck Cannerthorne Elside Wetsmith Basbage Horstleover Toddenmerbrough Endingnell Toddenmerbrough Casbrook Hampingworth Reddingtree Endleberey Reddingtree Eley Reddingtree Stapbrough Fulhampton Sirenshall Hampingbascombe Wetwick Stapbrook Staincombe Suddenmoor Melwood Maidendstoke Skellingover Candleswick Shafthead Wolley Watchlake Dartden Wethampton Faldenhall Rothingcombe Milthorne Whitringlake Falworth Whitringlake Sundendford Blansbrook Wycastle Bootwick Todhampton Nortwell Marlcester Nortwell Bassinghead Southbury Emmerley Hamwold Bastlebury Rothendcombe Bastlebury Southmere Maidendstoke Ketnell Staplow Ketnell Toddenmoor Marlbrook Falderbrough Warsmith Horsnell Siavon Abgleham Sundlethorne Redwich Blansbrook Rotherlow Skellenshot Cihead Skellenshot Barndlesborough Hampingworth Botenbrook Tipstoke Toddenmerbrough Abglewold Farnditch Ribberrenston Southmere Egsted Sodderover Tippingtree Whitgrove
99
Whitgrove Whitgrove
Casbrook Casbrook
Marlcester Marlcester
Dribberham Dribberham
Hamwold Hamwold
Staincombe Staincombe
Penby Penby
Alfmere Alfmere
Sifield Sifield
Wethampton Wethampton
Siey Siey
Todhampton Todhampton
Farndlesover Farndlesover
Abglewold Abglewold
Skellenshot Skellenshot
Siavon Siavon
Basditch Basditch
Sirenshall Sirenshall
Wolley Wolley
Endleberey Endleberey
Milthorne Milthorne
Boothingmanstree Boothingmanstree
Staplow Staplow
Falworth Falworth
Bothenhall Bothenhall
Tippingbage Tippingbage
Shaftborough Shaftborough
Skelberden Skelberden
Skellingover Skellingover
Wendleringdown Wendleringdown
Southbury Southbury
Tipstoke Tipstoke
Clereennell Clereennell
Wetwick Wetwick
Endingnell Endingnell
Rothendcombe Rothendcombe
Blansbrook Blansbrook
Toddenmoor Toddenmoor
Suddingover Suddingover
Eley Eley
Redcombe Redcombe
Tippenbrook Tippenbrook
Horstleover Horstleover
Bursmith Bursmith
Bothenton Bothenton
Sundendford Chedworth Sundendford
Worrenberwang Worrenberwang
Egsted Egsted
Reddendeney Reddendeney
Elside Elside
Leatherport Leatherport
Wychcompwold Wychcompwold
Worford Worford
Marlbrook Marlbrook
Dartden Dartden
Egmerhampton Egmerhampton
Emmerley Emmerley
Nortwell Nortwell
Ribberrenston Ribberrenston
Bootwick Bootwick
Enderbeck Enderbeck
Melwood Melwood
Sodport Sodport
Sundlethorne Sundlethorne
Dribblecombe Dribblecombe
Prestwick Prestwick
Stapbrough Stapbrough
Waltbeck Waltbeck
Tippendham Tippendham
Cihead Cihead
Ketchester Ketchester
Hampingworth Hampingworth
Bromstanham Bromstanham
Whitringlake Whitringlake
Rothingcombe Rothingcombe
Durbrook Durbrook
Farnditch Farnditch
Faldenhall Faldenhall
Sodberling Sodberling
Southmere Southmere
Bastlebury Bastlebury
Hampingcastle Hampingcastle
Falderseythorne Falderseythorne
Suddenmoor Suddenmoor
Botbeck Botbeck
Wycastle Wycastle
Wychchester Wychchester
Horsnell Horsnell
Cannerthorne Cannerthorne
Abcester Abcester
Worhall Worhall
Candleswick Candleswick
Abgleham Abgleham
Rotherlow Rotherlow
Hampingbascombe Hampingbascombe
Ellerbridge Ellerbridge
Wetsmith Wetsmith
Ketnell Ketnell
Watchlake Watchlake
