Warfield Ketsmith Pendingbrook Suddlecastle Pendingbrook Chiphead Elcompbridge Southbasport Cannerthorne Stainbrough Worberbrook Stainbrough Ciditch Northall Ciditch Chedderrenswich Cannerthorne Tipwick Ashborne Hannenmanswick Hamsling Soddlewick Falport Botherseyworth Chippingsted Suddlecombe Ellingreham Suddlecombe Basringney Skellingden Horstlescompstoke Pendlewood Falport Cicombe Todtree Worhall Dribbingworth Leatherbleside Dribbingworth Bastleseyham Emmerdown Burglebrough Barndberbrough Skellingden Dribblewick Windling Millendon Ashfield Ketport Ashfield Suddlecombe Cambingstoke Wyborne Cammerrensmoor Suddleborne Cammerrensmoor Ketport Whitchester Siringwang Chedtree Suddleover Chedtree Burglebrough Sudsmith Elmansham Skelling Hammerringey Chelmstanwell Brackcompwang Chilbury Warfield
50
Warfield Warfield
Worberbrook Worberbrook
Horstlescompstoke Horstlescompstoke
Sudsmith Sudsmith
Ketport Ketport
Chippingsted Chippingsted
Hammerringey Hammerringey
Windling Windling
Leatherbleside Leatherbleside
Northall Northall
Hamsling Hamsling
Bastleseyham Bastleseyham
Chiphead Chiphead
Cicombe Cicombe
Suddleborne Suddleborne
Basringney Basringney
Cambingstoke Cambingstoke
Botherseyworth Botherseyworth
Barndberbrough Barndberbrough
Skelling Skelling
Suddlecastle Suddlecastle
Suddleover Suddleover
Pendlewood Pendlewood
Ashfield Ashfield
Elmansham Elmansham
Siringwang Siringwang
Brackcompwang Brackcompwang
Chedderrenswich Chedderrenswich
Dribbingworth Dribbingworth
Southbasport Southbasport
Todtree Todtree
Skellingden Skellingden
Ellingreham Ellingreham
Soddlewick Soddlewick
Cammerrensmoor Cammerrensmoor
Millendon Millendon
Falport Falport
Chelmstanwell Chelmstanwell
Worhall Worhall
Stainbrough Stainbrough
Whitchester Whitchester
Tipwick Tipwick
Burglebrough Burglebrough
Chilbury Chilbury
Wyborne Wyborne
Chedtree Chedtree
Pendingbrook Pendingbrook
Hannenmanswick Hannenmanswick
Suddlecombe Suddlecombe
Ashborne Ashborne
