Hamsbourne Sundlechester Skelgrove Rocklow Skelgrove Warrewick Skelgrove Shaftthorne Sudbage Shaftthorne Camhampton Hartberbury Camhampton Enderton Stafdenbourne Chipsted Stafdenbourne Wendleslake Boothenrensborough Candlesdon Boothenrensborough Wendleslake Cimansbrough Elbage Prestbourne Botherstanport Leatherblesley Botherstanport Wolvencester Botherstanport Leatherblesley Camswich Leatherblesley Sodderrenshead Leatherblesley Enderton Dribstoke Endbeck Melshot Endbeck Dribstoke Chilringfield Rotmerby Sunderborough Ciley Sunderborough Prestbourne Hamperrehampton Chipfield Cammercastle Chipfield Hamsbourne
25
Hamperrehampton Hamperrehampton
Wolvencester Wolvencester
Sundlechester Sundlechester
Chipsted Chipsted
Ciley Ciley
Candlesdon Candlesdon
Leatherblesley Leatherblesley
Chilringfield Chilringfield
Chipfield Chipfield
Camswich Camswich
Camhampton Camhampton
Rotmerby Rotmerby
Sunderborough Sunderborough
Rocklow Rocklow
Melshot Melshot
Warrewick Warrewick
Enderton Enderton
Shaftthorne Shaftthorne
Cammercastle Cammercastle
Sodderrenshead Sodderrenshead
Prestbourne Prestbourne
Boothenrensborough Boothenrensborough
Sudbage Sudbage
Cimansbrough Cimansbrough
Hartberbury Hartberbury
