0 1 2 3 18 19 34 19 4 5 20 35 20 5 6 7 8 23 8 9 10 11 12 28 43 58 73 57 41 55 41 56 71 56 41 25 10 11 12 13 12 11 10 25 40 54 53 68 52 36 51 36 50 65 80 81 82 83 84 85 86 87 88 87 103 104 119 104 103 87 86 85 70 85 100 115 100 116 100 85 84 99 98 82 81 80 95 110 95 111 95 80 79 78 79 94 109 124 123 108 93 77 76 75 90 105 90 106 120 106 121 106 122 106 90 75 60 45 31 46 31 47 63 47 31 15 30 15 0
60
0 0
119 119
13 13
109 109
116 116
52 52
111 111
120 120
71 71
34 34
83 83
7 7
73 73
108 108
47 47
88 88
40 40
105 105
78 78
110 110
115 115
18 18
28 28
35 35
46 46
50 50
70 70
103 103
122 122
124 124
55 55
98 98
10 10
23 23
30 30
57 57
63 63
68 68
75 75
80 80
5 5
8 8
51 51
56 56
85 85
93 93
121 121
3 3
15 15
20 20
25 25
31 31
36 36
41 41
45 45
76 76
90 90
95 95
100 100
106 106
