0 49 0 18 185 27 20 116 98 8 75 32 182 44 149 38 6 30 120 77 24 32 138 4 9 5 117 26 109 42 16 87 159 133 119 29 95 96 67 47 26 173 89 39 65 17 137 17 134 128 184 89 168 125 133 10 100 10 12 130 197 186 42 196 179 26 176 4 166 8 39 151 6 58 64 14 48 31 22 14 69 7 180 6 81 78 66 121 20 2 25 156 13 4 14 83 76 36 27 104 14 178 193 19 199 106 23 17 175 10 85 160 145 103 28 155 70 157 50 5 108 102 51 79 51 111 149 38 126 74 19 9 99 59 91 63 31 146 170 17 139 17 194 163 18 0
100
173 173
179 179
83 83
75 75
160 160
6 6
103 103
156 156
25 25
14 14
17 17
116 116
178 178
64 64
185 185
109 109
48 48
32 32
196 196
121 121
89 89
126 126
24 24
91 91
26 26
166 166
28 28
184 184
111 111
186 186
133 133
151 151
182 182
180 180
120 120
194 194
9 9
65 65
159 159
138 138
4 4
42 42
108 108
12 12
193 193
106 106
175 175
22 22
67 67
44 44
98 98
81 81
125 125
77 77
49 49
157 157
100 100
18 18
87 87
51 51
36 36
130 130
70 70
39 39
197 197
20 20
117 117
139 139
102 102
137 137
176 176
10 10
38 38
78 78
104 104
85 85
58 58
96 96
134 134
128 128
19 19
31 31
155 155
168 168
149 149
170 170
63 63
27 27
50 50
69 69
119 119
145 145
79 79
74 74
47 47
95 95
146 146
163 163
199 199
99 99
