SantaClarita Reno PembrokePines Reno Concord Washington Stamford SanDiego Paterson SanDiego LexingtonFa Frisco Waco SanDiego StLouis Wichita Austin Indianapolis Stockton Pomona Allentown Omaha Wichita Omaha Ontario Boston Hartford LongBeach LouisvilleJefferson WestValleyCity SanDiego Henderson Portland Sunnyvale Visalia Sunnyvale Surprise WestValleyCity Washington RanchoCucamonga Brownsville Orlando LosAngeles OklahomaCity Lafayette Orlando StPetersburg Newark Alexandria Garland Worcester Fontana Bellevue Scottsdale SiouxFalls Independence Fayetteville Escondido Yonkers Thornton Huntsville Shreveport Beaumont NewportNews FortWorth Midland Thornton Shreveport Victorville GardenGrove Carrollton SantaClarita
50
Midland Midland
Victorville Victorville
Shreveport Shreveport
Washington Washington
Independence Independence
OklahomaCity OklahomaCity
Sunnyvale Sunnyvale
Newark Newark
GardenGrove GardenGrove
LexingtonFa LexingtonFa
Scottsdale Scottsdale
Pomona Pomona
Carrollton Carrollton
Lafayette Lafayette
Worcester Worcester
Bellevue Bellevue
StLouis StLouis
Fayetteville Fayetteville
Stamford Stamford
Alexandria Alexandria
Paterson Paterson
Boston Boston
SiouxFalls SiouxFalls
Waco Waco
NewportNews NewportNews
Visalia Visalia
StPetersburg StPetersburg
Henderson Henderson
Brownsville Brownsville
Omaha Omaha
Beaumont Beaumont
LosAngeles LosAngeles
Huntsville Huntsville
Concord Concord
PembrokePines PembrokePines
Hartford Hartford
LouisvilleJefferson LouisvilleJefferson
RanchoCucamonga RanchoCucamonga
Ontario Ontario
LongBeach LongBeach
Austin Austin
WestValleyCity WestValleyCity
Yonkers Yonkers
Stockton Stockton
Indianapolis Indianapolis
Allentown Allentown
Wichita Wichita
Orlando Orlando
Garland Garland
Surprise Surprise
