0 156 23 153 115 107 158 123 59 199 52 78 38 74 22 80 26 80 26 167 120 12 100 166 108 20 193 11 137 129 47 129 152 138 11 128 81 128 28 187 65 49 190 21 43 159 141 143 42 64 33 178 18 196 101 68 163 146 113 83 130 68 183 179 93 131 84 86 133 1 66 154 174 46 2 98 89 151 31 24 48 4 9 103 87 67 172 134 117 56 39 15 27 3 35 157 19 125 50 182 18 17 94 13 197 13 102 13 14 184 17 177 62 69 54 51 164 111 114 17 5 3 173 21 143 21 109 116 16 15 25 160 8 71 7 70 17 96 98 66 0
99
0 0
93 93
71 71
84 84
33 33
51 51
80 80
68 68
183 183
120 120
31 31
141 141
56 56
59 59
38 38
4 4
18 18
20 20
43 43
167 167
100 100
134 134
174 174
111 111
27 27
86 86
13 13
157 157
42 42
70 70
16 16
47 47
158 158
69 69
50 50
177 177
98 98
101 101
81 81
52 52
152 152
130 130
133 133
116 116
138 138
187 187
8 8
164 164
143 143
66 66
166 166
26 26
65 65
107 107
24 24
151 151
94 94
159 159
193 193
103 103
67 67
153 153
83 83
137 137
197 197
173 173
2 2
3 3
96 96
89 89
1 1
39 39
21 21
160 160
102 102
184 72 184
22 22
114 114
15 15
115 115
125 125
78 78
11 11
199 199
129 129
190 190
28 28
14 14
23 23
182 182
5 5
172 172
9 9
35 35
128 128
74 74
17 17
146 146
154 154
