13 182 145 135 187 176 121 136 196 189 186 181 106 148 116 164 141 113 133 162 103 155 177 185 171 140 117 131 126 199 104 173 160 195 158 188 2 119 169 156 172 132 149 192 157 183 166 174 193 120 143 107 146 142 190 2 138 168 124 0 127 109 118 1 130 114 165 101 137 150 153 139 1 175 110 167 144 115 123 151 197 184 134 154 111 191 1 163 198 152 108 3 122 100 178 147 180 179 112 105 129 159 161 128 3 102 125 194 4 170 2 13
100
100 100
101 101
102 102
103 103
104 104
105 105
106 106
107 107
108 108
109 109
110 110
111 111
112 112
113 113
114 114
115 115
116 116
117 117
118 118
119 119
120 120
121 121
122 122
123 123
124 124
125 125
126 126
127 127
128 128
129 129
130 130
131 131
132 132
133 133
134 134
135 135
136 136
137 137
138 138
139 139
140 140
141 141
142 142
143 143
144 144
145 145
146 146
147 147
148 148
149 149
150 150
151 151
152 152
153 153
154 154
155 155
156 156
157 157
158 158
159 159
160 160
161 161
162 162
163 163
164 164
165 165
166 166
167 167
168 168
169 169
170 170
171 171
172 172
173 173
174 174
175 175
176 176
177 177
178 178
179 179
180 180
181 181
182 182
183 183
184 184
185 185
186 186
187 187
188 188
189 189
190 190
191 191
192 192
193 193
194 194
195 195
196 196
197 197
198 198
199 199
