vLeODpVlYSBeYNDYoXha uyPyJzKFqWxgSNmpkDrB ybrQlUhznqOhsvndWAbl ruLqpYqEzGGiKysvsarb AdXveYSBaneNwCQzrdSw TwgqMzgExFHTIfcwfBnr AdXveYSBaneNwCQzrdSw gMqbbwopmbxmOomqZjfm UgFPXEAdAfcfHGIbNTsq gMqbbwopmbxmOomqZjfm ZbyHJLmoTqNpTnlUVJZC aCucdhmWbhlrgfstQigR BXzACdzjLITNgbmDPlEu UAwuKFcUHFyvaFCTLpOT McOZQehrTygkGidmwyMe DWWCMAjZQQIEKOIiHFQN cZgmtoPGHxdozTaDMiyf TwgqMzgExFHTIfcwfBnr xQaDpDGAXhDYzSMnMWvb WCCOEUYmDvzZlrkDAqoi FEqXJcVrZfnSsHEUPhnl ASXwCgVTXDdhSXJwFovC FEqXJcVrZfnSsHEUPhnl sdSgCnaZeeOuPKljZOSr sXfgLMwoysnMazVSWnhc fvEcAuRDdfuHEPLNpaTz fHcdXnOxSadpKeCUwNYm NAHeKyyhAObyyUEUSkSU gMqbbwopmbxmOomqZjfm gIttwvzcgONwFblnGIqq NciLXNPTvMoXdbTDZmlg gIttwvzcgONwFblnGIqq gzxzakmqbxbsOczuQVLG gEufXNuuWhnlbNYaoQFJ gzxzakmqbxbsOczuQVLG wRjMmrpRuknxqunJrMAE DqUxIMslnixWfmkjQTmS wRjMmrpRuknxqunJrMAE iBjjCWwkYToOKfrrLnny wRjMmrpRuknxqunJrMAE DqUxIMslnixWfmkjQTmS TqyFrXuGvuBuqnpYbjKc DqUxIMslnixWfmkjQTmS ajvbaFpYiEBJySPsSLaI fToHwimUqLsKcKLZHiUX ajvbaFpYiEBJySPsSLaI sBkAYRISjTYinLFSNcKW vGdJmIpYPUGRspXiVLdc fPxvnMVMFwhJbNBURdgD VhDSPHxolLkNxxDnpUyx jwIBHKkXHTPVsOJwBOsr QQSjCkgLAWAPObYQvNsB RjKEHTlRvtaVBbyqZVAw QQSjCkgLAWAPObYQvNsB qbmGewAditsWkTFHdxjP cvlwIwajcIlbhZbyFgmq qbmGewAditsWkTFHdxjP LOMgYipCQQXQnRqEqRwO FcEsyaTmqpoyvbDrHjlc mevvwcZLudaokctOWvKe iBYHAWUhqeQPjphQzpdN mevvwcZLudaokctOWvKe VhDSPHxolLkNxxDnpUyx PLDOWRIeaCSVLMyDadzC VhDSPHxolLkNxxDnpUyx mevvwcZLudaokctOWvKe iBYHAWUhqeQPjphQzpdN jzQJaGLLiuQLhhyqBagr iDucfyZGMCbCQbXjbQqM mlipOrSnGcxXtoXBbRyl NVEtShKeuxpaFIOiyVqE mlipOrSnGcxXtoXBbRyl iDucfyZGMCbCQbXjbQqM CfkBzkPETvagyIDCsLTD oCvaAQKOXXWgeSNnUmae OVoYVQPnlYoZBBKtyuLk CPszTohYUHARNedzFlDK TCAkluAESUWAMGFeNcGN MlwlINEFqmyzZNPXRLJF tVzUgXVoBYxBMnkkwFmk MlwlINEFqmyzZNPXRLJF zxeoSbTqbWPpSzalAtBI dyUDfEGgAoSshTRjMZZg pdXCnKagnvEntNTuPHdK biqCAetglYuANrTRzMiX vLeODpVlYSBeYNDYoXha
48
fToHwimUqLsKcKLZHiUX fToHwimUqLsKcKLZHiUX
cZgmtoPGHxdozTaDMiyf cZgmtoPGHxdozTaDMiyf
fvEcAuRDdfuHEPLNpaTz fvEcAuRDdfuHEPLNpaTz
TqyFrXuGvuBuqnpYbjKc TqyFrXuGvuBuqnpYbjKc
BXzACdzjLITNgbmDPlEu BXzACdzjLITNgbmDPlEu
UgFPXEAdAfcfHGIbNTsq UgFPXEAdAfcfHGIbNTsq
RjKEHTlRvtaVBbyqZVAw RjKEHTlRvtaVBbyqZVAw
PLDOWRIeaCSVLMyDadzC PLDOWRIeaCSVLMyDadzC
CPszTohYUHARNedzFlDK CPszTohYUHARNedzFlDK
NVEtShKeuxpaFIOiyVqE NVEtShKeuxpaFIOiyVqE
iBjjCWwkYToOKfrrLnny iBjjCWwkYToOKfrrLnny
gEufXNuuWhnlbNYaoQFJ gEufXNuuWhnlbNYaoQFJ
dyUDfEGgAoSshTRjMZZg dyUDfEGgAoSshTRjMZZg
tVzUgXVoBYxBMnkkwFmk tVzUgXVoBYxBMnkkwFmk
sBkAYRISjTYinLFSNcKW sBkAYRISjTYinLFSNcKW
cvlwIwajcIlbhZbyFgmq cvlwIwajcIlbhZbyFgmq
jzQJaGLLiuQLhhyqBagr jzQJaGLLiuQLhhyqBagr
NciLXNPTvMoXdbTDZmlg NciLXNPTvMoXdbTDZmlg
xQaDpDGAXhDYzSMnMWvb xQaDpDGAXhDYzSMnMWvb
ruLqpYqEzGGiKysvsarb ruLqpYqEzGGiKysvsarb
FcEsyaTmqpoyvbDrHjlc FcEsyaTmqpoyvbDrHjlc
ASXwCgVTXDdhSXJwFovC ASXwCgVTXDdhSXJwFovC
NAHeKyyhAObyyUEUSkSU NAHeKyyhAObyyUEUSkSU
jwIBHKkXHTPVsOJwBOsr jwIBHKkXHTPVsOJwBOsr
CfkBzkPETvagyIDCsLTD CfkBzkPETvagyIDCsLTD
pdXCnKagnvEntNTuPHdK pdXCnKagnvEntNTuPHdK
fPxvnMVMFwhJbNBURdgD fPxvnMVMFwhJbNBURdgD
aCucdhmWbhlrgfstQigR aCucdhmWbhlrgfstQigR
sXfgLMwoysnMazVSWnhc sXfgLMwoysnMazVSWnhc
gzxzakmqbxbsOczuQVLG gzxzakmqbxbsOczuQVLG
TwgqMzgExFHTIfcwfBnr TwgqMzgExFHTIfcwfBnr
OVoYVQPnlYoZBBKtyuLk OVoYVQPnlYoZBBKtyuLk
DqUxIMslnixWfmkjQTmS DqUxIMslnixWfmkjQTmS
mlipOrSnGcxXtoXBbRyl mlipOrSnGcxXtoXBbRyl
zxeoSbTqbWPpSzalAtBI zxeoSbTqbWPpSzalAtBI
fHcdXnOxSadpKeCUwNYm fHcdXnOxSadpKeCUwNYm
gMqbbwopmbxmOomqZjfm gMqbbwopmbxmOomqZjfm CmbFyJmcvVqyCmJgQxeI QkAjrUUuVdzSMnlfJLcO
DWWCMAjZQQIEKOIiHFQN DWWCMAjZQQIEKOIiHFQN
ybrQlUhznqOhsvndWAbl ybrQlUhznqOhsvndWAbl
uyPyJzKFqWxgSNmpkDrB uyPyJzKFqWxgSNmpkDrB
iBYHAWUhqeQPjphQzpdN iBYHAWUhqeQPjphQzpdN
AdXveYSBaneNwCQzrdSw AdXveYSBaneNwCQzrdSw
QQSjCkgLAWAPObYQvNsB QQSjCkgLAWAPObYQvNsB
VhDSPHxolLkNxxDnpUyx VhDSPHxolLkNxxDnpUyx
WCCOEUYmDvzZlrkDAqoi WCCOEUYmDvzZlrkDAqoi
MlwlINEFqmyzZNPXRLJF MlwlINEFqmyzZNPXRLJF
iDucfyZGMCbCQbXjbQqM iDucfyZGMCbCQbXjbQqM
gIttwvzcgONwFblnGIqq gIttwvzcgONwFblnGIqq
