wNqlpYNsRbJEgiGpKxrU lbWonvEbeplndKguSTkk igyeOiSdezmmXGTwMzLw KcrnMnFDTrBKaUaGpdLY fpoTaBKmVdlDCxFwCFoz FWnudSYFvYQJHehOpEKf YTwycpmzEWCqqTELtzXc aGPbLNWYAMujnfHCTCMo ihxEqMQIIvyQmtrtMjeO EmbDgEECbkHbfAfHCgwB NzDQJknJPDEkcwCHzzbF pzrGQEObzJGPnfATEYDc xgBrJmdXVwtxgRuCBhMe NJZlnWyeJFrkOwoqHKtT shugRMnaHVqQSmKaNBgu IvXQutSorlqOgnSVAIUd edlAtPQdNXJQPCIzpkyX NIJaJxCurulNUdZZMxFk erZKLqpCZsYKDnOCaBGq gFUGYXSirCYiFTivWNah ayQgUwyRuQVKeyFLPNbQ ZXihCBEQBTdisqSlEMsj CvZkdIYtdeDHtwufupie UIlSMnVKIdNiXZNSiHsI yscsUFTNNyaVMKBztBdV VRpSthoDcomqMDsGoVql yscsUFTNNyaVMKBztBdV EhDFVLWZueLOrdjEOzEQ aIuYyryCOUGVeCAqbqkg syonLisTOSczosCwoILE kqcEdfKLaRzxOhAIzchh syonLisTOSczosCwoILE zNRhhVdMWUgTnnqmAfeY xlbpuxAjoVPJWPCWBEkJ imEmCMbYEtZJJkwxkSDD bEfUXCTlwRBndElSbPGf UIlSMnVKIdNiXZNSiHsI eobSFtKBbBdcVrTOREdK jUSlIFtitQxyvVLJjiCc bFmSeBrfNuxjYPUDCLYq szyiMlKhtyOynWjcoMsm CvZkdIYtdeDHtwufupie syonLisTOSczosCwoILE jznspKyqlmxZtgfQUJVB RlHeRhvUOhGhZVGGJuED eiLPqIroFfCGzqSAlzAp ccdJRKiTXwIErdhSIxfh eiLPqIroFfCGzqSAlzAp RlHeRhvUOhGhZVGGJuED WMWBpOSnHGywZjCgaYyY XtZHoAxqEyzvMChzPHpN CbGuHgZfQMmSOfHDFJnK MBJqOYmxhUYbldNVEdRy QePOUWiXcAUCoHETxuGS gDYKDrbERUXTnCayjBrC QePOUWiXcAUCoHETxuGS wfEFdNDcColoskjTjcLm uUKZHvHmBrpBHjYWNaUL ZwvojvRdUOYNJXIwAqgC eCBFrcppbiLzdGQubocl SitzoubgYFeTjmkLjVPz wlySPverjehsBxldyigf vIbIQYXZnmYrooTLYNtu fgzJCwocQniGlXAZHJId cinQsEbBpQAHgGdjBxaK vPtcoCdDMvVYwOuvanRP ADVVlRLpnspleRTgeTdu DZEpVGVXkxHljziwItaS QjbdwbUnopENkiNyqirZ nreoVgWrBhNXFZgTBlXO nCedHqGgdWAicwyuYWpg cVMmKLyunrtKjZbHRVAg efZntVbfQTvIUOiRNPSH EEeDJaHeajXXlwYcHTeJ scpUkbcaYSAsHhSktebT JVONrXhhmtFWhFfDiOXW VIPPawblKbhOVWrmrWBx iVjkcMenotYGMFEBTvoa eOfnBeTgmYCNEnRUhlEK QyXpliHSeQOPIsurIcpa XvUPApTFkqaSSizYsCIr lSJjEsqamUCgRZdCmdyI DpztIuGTRpGuLsdlODJw QyXpliHSeQOPIsurIcpa ANDviqMIuFwdcboQDprt FGiPoAZuhTTxiAlzRDIV HeWrJOKsDjgdrcamgZLN zHPSSEtFTQIbLYMdHqgP vTbNxpVTEoFlSjvvVvfG cMYyKTXGNKnFzrpwnXUl wuSVWJYvpiWaQAHXocSG cwgJAHVpCCTmuckJkncL wuSVWJYvpiWaQAHXocSG JvFxbsySBAiFiOUrzrBi scpUkbcaYSAsHhSktebT jUSlIFtitQxyvVLJjiCc XPPBMlNyfVVeZGIzTCEW pMOSpTzPTPLXHLOQMjnt oLMkSrYLQRLHmPiuLCTC pMOSpTzPTPLXHLOQMjnt PZwTcKCPsEmpxetNZvef ZauPfhkpsGmhbvkhkltR ndaHivGVVtIUvLiyUWcm GMxGouyyndiUBMqMdOoc joWAhkfNqIEECnBeulGl oZXYedlbtBLmkfoVmgta svUOWvTJLneAqJGnExpc oZXYedlbtBLmkfoVmgta joWAhkfNqIEECnBeulGl GMxGouyyndiUBMqMdOoc kwPuYZgJgVVJfdBGUtPw mgNeYYUOPKpLeiVEFIXd NtyLZDOaSczVvOGdocUp NYdfLxXxFVvLEbDKzXWn igyeOiSdezmmXGTwMzLw oKAKfpUUuLItChLyByFh IvXQutSorlqOgnSVAIUd NPSPGRTNRcKKVpsBRSwh NzDQJknJPDEkcwCHzzbF wvSJDoqoPGAkYgSuPFPw QeYNNLpZMBxyiFbZMPFY wvSJDoqoPGAkYgSuPFPw UdSbtwxTqTJxOiUoxEqw hLaNXBYgTzgUhvjmqUTu MBJqOYmxhUYbldNVEdRy EEeDJaHeajXXlwYcHTeJ juzxSpUVuccJUMBOcJjO gFUGYXSirCYiFTivWNah oSMuZCNCihNcfhhLdNwi oHoxoLeyDYnKZDzgMtxI TEPaiCedHTXapLxoBXMp imEmCMbYEtZJJkwxkSDD gcXUxTVUZWsOwtRNeDDa kyApsCeFkLoLFCdkazaE scpUkbcaYSAsHhSktebT qfRRtdRbhYJBARMfPlZM lbWonvEbeplndKguSTkk wNqlpYNsRbJEgiGpKxrU
100
wNqlpYNsRbJEgiGpKxrU lbWonvEbeplndKguSTkk
gDYKDrbERUXTnCayjBrC gDYKDrbERUXTnCayjBrC
SitzoubgYFeTjmkLjVPz SitzoubgYFeTjmkLjVPz
oLMkSrYLQRLHmPiuLCTC oLMkSrYLQRLHmPiuLCTC
VIPPawblKbhOVWrmrWBx VIPPawblKbhOVWrmrWBx
XtZHoAxqEyzvMChzPHpN XtZHoAxqEyzvMChzPHpN
VRpSthoDcomqMDsGoVql VRpSthoDcomqMDsGoVql
vTbNxpVTEoFlSjvvVvfG vTbNxpVTEoFlSjvvVvfG
pzrGQEObzJGPnfATEYDc pzrGQEObzJGPnfATEYDc
NIJaJxCurulNUdZZMxFk NIJaJxCurulNUdZZMxFk
UdSbtwxTqTJxOiUoxEqw UdSbtwxTqTJxOiUoxEqw
bFmSeBrfNuxjYPUDCLYq bFmSeBrfNuxjYPUDCLYq
lSJjEsqamUCgRZdCmdyI lSJjEsqamUCgRZdCmdyI
EhDFVLWZueLOrdjEOzEQ EhDFVLWZueLOrdjEOzEQ
ZwvojvRdUOYNJXIwAqgC ZwvojvRdUOYNJXIwAqgC
GMxGouyyndiUBMqMdOoc GMxGouyyndiUBMqMdOoc
eiLPqIroFfCGzqSAlzAp eiLPqIroFfCGzqSAlzAp
DZEpVGVXkxHljziwItaS DZEpVGVXkxHljziwItaS
ayQgUwyRuQVKeyFLPNbQ ayQgUwyRuQVKeyFLPNbQ
ihxEqMQIIvyQmtrtMjeO ihxEqMQIIvyQmtrtMjeO
zNRhhVdMWUgTnnqmAfeY zNRhhVdMWUgTnnqmAfeY
fpoTaBKmVdlDCxFwCFoz fpoTaBKmVdlDCxFwCFoz
cwgJAHVpCCTmuckJkncL cwgJAHVpCCTmuckJkncL
XPPBMlNyfVVeZGIzTCEW XPPBMlNyfVVeZGIzTCEW
bEfUXCTlwRBndElSbPGf bEfUXCTlwRBndElSbPGf
kqcEdfKLaRzxOhAIzchh kqcEdfKLaRzxOhAIzchh
wfEFdNDcColoskjTjcLm wfEFdNDcColoskjTjcLm
NPSPGRTNRcKKVpsBRSwh NPSPGRTNRcKKVpsBRSwh
PZwTcKCPsEmpxetNZvef PZwTcKCPsEmpxetNZvef
eobSFtKBbBdcVrTOREdK eobSFtKBbBdcVrTOREdK
oHoxoLeyDYnKZDzgMtxI oHoxoLeyDYnKZDzgMtxI
juzxSpUVuccJUMBOcJjO juzxSpUVuccJUMBOcJjO
oKAKfpUUuLItChLyByFh oKAKfpUUuLItChLyByFh
XvUPApTFkqaSSizYsCIr XvUPApTFkqaSSizYsCIr
NYdfLxXxFVvLEbDKzXWn NYdfLxXxFVvLEbDKzXWn
CbGuHgZfQMmSOfHDFJnK CbGuHgZfQMmSOfHDFJnK
mgNeYYUOPKpLeiVEFIXd mgNeYYUOPKpLeiVEFIXd
ccdJRKiTXwIErdhSIxfh ccdJRKiTXwIErdhSIxfh
gcXUxTVUZWsOwtRNeDDa gcXUxTVUZWsOwtRNeDDa
nreoVgWrBhNXFZgTBlXO nreoVgWrBhNXFZgTBlXO
JvFxbsySBAiFiOUrzrBi JvFxbsySBAiFiOUrzrBi
QeYNNLpZMBxyiFbZMPFY QeYNNLpZMBxyiFbZMPFY
shugRMnaHVqQSmKaNBgu shugRMnaHVqQSmKaNBgu
joWAhkfNqIEECnBeulGl joWAhkfNqIEECnBeulGl
jznspKyqlmxZtgfQUJVB jznspKyqlmxZtgfQUJVB
hLaNXBYgTzgUhvjmqUTu hLaNXBYgTzgUhvjmqUTu
TEPaiCedHTXapLxoBXMp TEPaiCedHTXapLxoBXMp
szyiMlKhtyOynWjcoMsm szyiMlKhtyOynWjcoMsm
ZXihCBEQBTdisqSlEMsj ZXihCBEQBTdisqSlEMsj
QePOUWiXcAUCoHETxuGS QePOUWiXcAUCoHETxuGS
fgzJCwocQniGlXAZHJId fgzJCwocQniGlXAZHJId
WMWBpOSnHGywZjCgaYyY WMWBpOSnHGywZjCgaYyY
svUOWvTJLneAqJGnExpc svUOWvTJLneAqJGnExpc
eOfnBeTgmYCNEnRUhlEK eOfnBeTgmYCNEnRUhlEK
aIuYyryCOUGVeCAqbqkg aIuYyryCOUGVeCAqbqkg
yscsUFTNNyaVMKBztBdV yscsUFTNNyaVMKBztBdV
erZKLqpCZsYKDnOCaBGq erZKLqpCZsYKDnOCaBGq
HeWrJOKsDjgdrcamgZLN HeWrJOKsDjgdrcamgZLN
DpztIuGTRpGuLsdlODJw DpztIuGTRpGuLsdlODJw
kyApsCeFkLoLFCdkazaE kyApsCeFkLoLFCdkazaE
EmbDgEECbkHbfAfHCgwB EmbDgEECbkHbfAfHCgwB
wuSVWJYvpiWaQAHXocSG wuSVWJYvpiWaQAHXocSG
zHPSSEtFTQIbLYMdHqgP zHPSSEtFTQIbLYMdHqgP
nCedHqGgdWAicwyuYWpg nCedHqGgdWAicwyuYWpg
edlAtPQdNXJQPCIzpkyX edlAtPQdNXJQPCIzpkyX
JVONrXhhmtFWhFfDiOXW JVONrXhhmtFWhFfDiOXW
xgBrJmdXVwtxgRuCBhMe xgBrJmdXVwtxgRuCBhMe
xlbpuxAjoVPJWPCWBEkJ xlbpuxAjoVPJWPCWBEkJ
oZXYedlbtBLmkfoVmgta oZXYedlbtBLmkfoVmgta
NtyLZDOaSczVvOGdocUp NtyLZDOaSczVvOGdocUp
YTwycpmzEWCqqTELtzXc YTwycpmzEWCqqTELtzXc
wlySPverjehsBxldyigf wlySPverjehsBxldyigf
pMOSpTzPTPLXHLOQMjnt pMOSpTzPTPLXHLOQMjnt
jUSlIFtitQxyvVLJjiCc jUSlIFtitQxyvVLJjiCc
RlHeRhvUOhGhZVGGJuED RlHeRhvUOhGhZVGGJuED
syonLisTOSczosCwoILE syonLisTOSczosCwoILE
KcrnMnFDTrBKaUaGpdLY KcrnMnFDTrBKaUaGpdLY
qfRRtdRbhYJBARMfPlZM qfRRtdRbhYJBARMfPlZM
imEmCMbYEtZJJkwxkSDD imEmCMbYEtZJJkwxkSDD
ADVVlRLpnspleRTgeTdu ADVVlRLpnspleRTgeTdu
igyeOiSdezmmXGTwMzLw igyeOiSdezmmXGTwMzLw
cMYyKTXGNKnFzrpwnXUl cMYyKTXGNKnFzrpwnXUl
NzDQJknJPDEkcwCHzzbF NzDQJknJPDEkcwCHzzbF
ZauPfhkpsGmhbvkhkltR ZauPfhkpsGmhbvkhkltR
QjbdwbUnopENkiNyqirZ QjbdwbUnopENkiNyqirZ
EEeDJaHeajXXlwYcHTeJ EEeDJaHeajXXlwYcHTeJ
FWnudSYFvYQJHehOpEKf FWnudSYFvYQJHehOpEKf
ANDviqMIuFwdcboQDprt ANDviqMIuFwdcboQDprt
wvSJDoqoPGAkYgSuPFPw wvSJDoqoPGAkYgSuPFPw
NJZlnWyeJFrkOwoqHKtT NJZlnWyeJFrkOwoqHKtT
IvXQutSorlqOgnSVAIUd IvXQutSorlqOgnSVAIUd
aGPbLNWYAMujnfHCTCMo aGPbLNWYAMujnfHCTCMo
vIbIQYXZnmYrooTLYNtu vIbIQYXZnmYrooTLYNtu
kwPuYZgJgVVJfdBGUtPw kwPuYZgJgVVJfdBGUtPw
scpUkbcaYSAsHhSktebT scpUkbcaYSAsHhSktebT
CvZkdIYtdeDHtwufupie CvZkdIYtdeDHtwufupie
UIlSMnVKIdNiXZNSiHsI UIlSMnVKIdNiXZNSiHsI
efZntVbfQTvIUOiRNPSH efZntVbfQTvIUOiRNPSH
MBJqOYmxhUYbldNVEdRy MBJqOYmxhUYbldNVEdRy
QyXpliHSeQOPIsurIcpa QyXpliHSeQOPIsurIcpa
