oUyBZvEHNPOWtAsHANHU XZRBuctXhYPbWardFSZS QMnEKXGwZYUlreveNjwA XZRBuctXhYPbWardFSZS CcspnGXfrmzZRWjdMjLd PojKKQvEDmFOnJinujFi hpQFeVriPZmwKZcYFAWN PojKKQvEDmFOnJinujFi DsLevMWgWFWOQXFMbaQy gUlgGYCPZjsRiFLqnVun DsLevMWgWFWOQXFMbaQy znYRMYifzQwyixuIXDnz IuNNJvHSmYKpVBzmzuJX fDAbzsYfiXDxOIsITcQl NVPacTSrBMpDkMBotiWB fDAbzsYfiXDxOIsITcQl IuNNJvHSmYKpVBzmzuJX rqqedkokePZFdhDbMNpX IUJDEWwYxhQimsCqnrFH rqqedkokePZFdhDbMNpX NBTlGJqSnWahMvuDlXAm ikjgYLaZRolSrbIYyKBd CXrruomvXfADUrHxMwZi ikjgYLaZRolSrbIYyKBd vUAlnOQiiNflifusqsxz cAvnOxZJtanpVvcAxJHM tItiZloipgPmLuONrNnZ eqwycKZriorIAbsUBjxu MeohNnftDTzllMTGwxnG CCYBPFZgoOONzoEeTKzC JKNUHFrXPStBWMuUOVkj eWVKeYegIFOJxvfRkjek QFaSXENOfunmdZIBqDsS UMfDYlvFlUVuogMRkWNG lPMfQyVLDIZczBuDgsVQ UMfDYlvFlUVuogMRkWNG QFaSXENOfunmdZIBqDsS JKNUHFrXPStBWMuUOVkj CCYBPFZgoOONzoEeTKzC CcspnGXfrmzZRWjdMjLd oMKDNkBacLxexXKHqXfF UcwddMmmNJxPoUiuiyvm VVzvLIOwARaWwhQTKPrx OWCblOtQanZakRLMqMxz VVzvLIOwARaWwhQTKPrx eqwycKZriorIAbsUBjxu hNRcEeFjmsmOnuOdNAXl eWGFHgdBASXJbxQbYrCG oUyBZvEHNPOWtAsHANHU
25
oUyBZvEHNPOWtAsHANHU oUyBZvEHNPOWtAsHANHU
lPMfQyVLDIZczBuDgsVQ lPMfQyVLDIZczBuDgsVQ
IUJDEWwYxhQimsCqnrFH IUJDEWwYxhQimsCqnrFH
OWCblOtQanZakRLMqMxz OWCblOtQanZakRLMqMxz
CCYBPFZgoOONzoEeTKzC CCYBPFZgoOONzoEeTKzC
NVPacTSrBMpDkMBotiWB NVPacTSrBMpDkMBotiWB
gUlgGYCPZjsRiFLqnVun gUlgGYCPZjsRiFLqnVun
znYRMYifzQwyixuIXDnz znYRMYifzQwyixuIXDnz
cAvnOxZJtanpVvcAxJHM cAvnOxZJtanpVvcAxJHM
oMKDNkBacLxexXKHqXfF oMKDNkBacLxexXKHqXfF
QMnEKXGwZYUlreveNjwA QMnEKXGwZYUlreveNjwA
PojKKQvEDmFOnJinujFi PojKKQvEDmFOnJinujFi
CXrruomvXfADUrHxMwZi CXrruomvXfADUrHxMwZi
hNRcEeFjmsmOnuOdNAXl hNRcEeFjmsmOnuOdNAXl
NBTlGJqSnWahMvuDlXAm NBTlGJqSnWahMvuDlXAm
eWVKeYegIFOJxvfRkjek eWVKeYegIFOJxvfRkjek
MeohNnftDTzllMTGwxnG MeohNnftDTzllMTGwxnG
VVzvLIOwARaWwhQTKPrx VVzvLIOwARaWwhQTKPrx
JKNUHFrXPStBWMuUOVkj JKNUHFrXPStBWMuUOVkj
eWGFHgdBASXJbxQbYrCG eWGFHgdBASXJbxQbYrCG
CcspnGXfrmzZRWjdMjLd CcspnGXfrmzZRWjdMjLd
IuNNJvHSmYKpVBzmzuJX IuNNJvHSmYKpVBzmzuJX
UMfDYlvFlUVuogMRkWNG UMfDYlvFlUVuogMRkWNG
eqwycKZriorIAbsUBjxu eqwycKZriorIAbsUBjxu
hpQFeVriPZmwKZcYFAWN hpQFeVriPZmwKZcYFAWN
