A B hJ N hO hP hO N T U hV hW hV U T hS T AB hAA AB AK hAL AK hAR BA hAZ BA BB hBC BD hBE BD hBC BB BA BL BU hBT hBS hBR hBS hBT BU CA CE hCD CE hCG CE hCF CE CA BU BV BW hBX BW BV BU BL BM BN BO BP hBQ BP BO BN BM BL BK BJ BI BH hBG BH BI BJ BK BL BA hAR AK hAL AM hAN AM hAL AK AJ AI hAH AI AJ AK AB T hS hR hS T N hJ hI hJ B hC B A
26
hC hC
hI hI
hJ hJ
hO hO
hP hP
hV hV
hR hR
hS hS
hW hW
hAA hAA
hAH hAH
hAL hAL
hAN hAN
hAR hAR
hAZ hAZ
hBC hBC
hBE hBE
hBG hBG
hBQ hBQ
hBR hBR
hBS hBS
hBT hBT
hBX hBX
hCD hCD
hCF hCF
hCG hCG
