Soda massachusetts woolf ritter ashley shah sarina rabie ian meghan castro singhal connor krishnan djajadi vilaythong alvin yip golden rob caroline daniel juliann sriram davis garbers patagonia lo berit chloe martinez noor grace kevin ruhi eshaan annie walsh roshan aidan jarrett tamara lewke sunny amanda andrew shen garcia rosen danyal winifred Soda
50
danyal danyal
singhal singhal
grace grace
patagonia patagonia
shen shen
sunny sunny
vilaythong vilaythong
alvin alvin
rabie rabie
sriram sriram
daniel daniel
winifred winifred
davis davis
castro castro
rob rob
noor noor
lewke lewke
golden golden
martinez martinez
chloe chloe
garbers garbers
garcia garcia
sarina sarina
krishnan krishnan
amanda amanda
massachusetts massachusetts
ruhi ruhi
jarrett jarrett
tamara tamara
rosen rosen
shah shah
woolf woolf
eshaan eshaan
caroline caroline
yip yip
juliann juliann
kevin kevin
lo lo
roshan roshan
annie annie
djajadi djajadi
meghan meghan
ritter ritter
andrew andrew
ian ian
walsh walsh
aidan aidan
connor connor
ashley ashley
berit berit
