lyenDXSN GPeb hU BR 2tgqbRzViyLj2zTX KtvQaJqCJTRpXM8ZI CmV 7Q L 2tgqbRzViyLj2zTX vAIBd1Ae 2tgqbRzViyLj2zTX 61 A67f hVfqebryM4wN HwQeXpOEZHQ3s nqeGwct f l G50hiUpVStHCMrd hjCFXN9kbqn0UCNsZ GPeb Plmj0j GPeb K0A9bbVLm9atwTf GPeb MBLHuIgjJIXs 2tgqbRzViyLj2zTX 2AR73oQdnbYqnDCGMFS 2tgqbRzViyLj2zTX GPeb ImSpax GPeb cYPTdnJWL wcmx8dhmsO 4OqtpC nWkakNi6Qt9d4g frNA534JEvY4f 2tgqbRzViyLj2zTX zzYmU5YFhvp1 4OqtpC VNvsbB7eWJcAK0fU 4OqtpC akZmiQ7tmX jvdVvQ O7r2ToU4q2kmCB M1PxrOPSNUVpc llx2p 2tgqbRzViyLj2zTX 6DVIvuGfPs2BU Mu wBJRoqVxn1t 6yeW7sat9rvd vJxAK1LaHyuu4yFNeul GPeb lyenDXSN
37
f f
61 61
zzYmU5YFhvp1 zzYmU5YFhvp1
CmV CmV
Plmj0j Plmj0j
hjCFXN9kbqn0UCNsZ hjCFXN9kbqn0UCNsZ
6yeW7sat9rvd 6yeW7sat9rvd
frNA534JEvY4f frNA534JEvY4f
7Q zI 7Q
hU hU
cYPTdnJWL cYPTdnJWL
vJxAK1LaHyuu4yFNeul vJxAK1LaHyuu4yFNeul
M1PxrOPSNUVpc M1PxrOPSNUVpc
nqeGwct nqeGwct
vAIBd1Ae vAIBd1Ae
BR BR
jvdVvQ jvdVvQ
A67f A67f
Mu Mu
l l
nWkakNi6Qt9d4g nWkakNi6Qt9d4g o3refHnx4qioqHztqMYE
KtvQaJqCJTRpXM8ZI KtvQaJqCJTRpXM8ZI
llx2p lt1a5E0H llx2p
L L
hVfqebryM4wN hVfqebryM4wN
ImSpax ImSpax
MBLHuIgjJIXs MBLHuIgjJIXs
G50hiUpVStHCMrd G50hiUpVStHCMrd
HwQeXpOEZHQ3s HwQeXpOEZHQ3s
akZmiQ7tmX akZmiQ7tmX
wcmx8dhmsO wcmx8dhmsO
6DVIvuGfPs2BU 6DVIvuGfPs2BU
VNvsbB7eWJcAK0fU VNvsbB7eWJcAK0fU
K0A9bbVLm9atwTf K0A9bbVLm9atwTf
2AR73oQdnbYqnDCGMFS 2AR73oQdnbYqnDCGMFS
GPeb GPeb
wBJRoqVxn1t wBJRoqVxn1t
