0 134 195 173 144 176 183 187 166 17 171 57 119 115 110 196 88 0 121 85 105 83 188 81 125 77 4 163 100 8 76 6 126 71 20 70 182 68 191 32 162 41 21 72 151 1 114 65 159 109 116 64 160 66 175 62 190 53 104 5 10 148 48 4 56 22 103 42 0 84 40 59 37 107 35 185 52 168 30 3 38 26 6 55 51 0 146 39 172 24 60 23 174 25 102 19 0 132 10 86 43 1 78 14 5 113 6 7 3 5 0
94
0 0 97
175 175 93 169 58 67
162 162
105 105 96
81 81
160 160
59 59
185 185
196 196
38 38
66 66
172 172
25 25
83 83
146 146
43 43
6 6
104 104
19 19
26 26
32 32
121 121
148 148
115 115
187 187
53 53
51 51
182 182
85 85
84 84
109 109
23 23
174 174
132 132
125 125
103 103
20 20
52 52
190 190
62 62
8 8
176 176
24 24
21 21
48 48
64 64
72 72
78 78
65 65
41 41
30 30
5 5
68 68
56 56
163 163
60 60
14 14
3 3
76 76
71 71
35 35
173 173
114 114
39 39
70 70
110 110
40 40
42 42
166 166
151 151
183 183
171 171
88 88
57 57
144 144
116 116
77 77
188 188
195 195
159 159
55 55
22 22
119 119
107 107
10 10
126 126
100 100
113 113
37 37
168 168
191 191
102 102
134 134
86 86
