0 2 148 2 164 159 191 11 189 11 182 2 190 2 195 5 186 162 151 142 137 133 146 197 194 165 173 145 130 156 154 150 149 174 188 2 184 2 167 179 132 2 136 11 160 18 155 18 157 2 158 199 11 187 2 198 11 166 185 176 135 196 131 193 5 170 11 192 2 168 183 177 171 181 20 180 11 169 20 172 175 143 139 2 138 134 152 2 161 2 153 144 2 0
65
174 174
143 143
165 165
137 137
185 185
138 138
151 151
145 145
154 154
168 168
162 162
197 197
193 193
176 176
177 177
179 179
130 130
133 133
159 159
158 158
153 153
191 191
135 135
131 131
146 146
173 173
175 175
194 194
171 171
144 144
196 196
142 142
134 134
156 156
183 183
132 132
186 186
199 199
149 149
150 150
198 198
148 148
166 166
188 188
152 152
172 172
187 187
184 184
195 195
181 181
136 136
180 180
167 167
170 170
160 160
161 161
190 190
192 192
155 155
169 169
139 139
157 157
182 182
164 140 141 147 163 164
189 178 189
