2 9 179 49 73 44 11 139 17 131 27 12 29 14 199 14 35 63 36 141 10 75 57 18 109 59 175 24 115 183 71 195 113 135 197 20 41 83 21 167 11 79 157 1 85 43 6 111 103 12 191 12 117 163 133 23 129 185 3 47 107 16 5 26 25 173 24 159 26 137 89 143 47 193 177 41 149 8 81 22 127 26 125 12 37 20 121 53 3 189 45 1 65 181 169 21 91 34 67 8 119 153 147 1 51 25 13 39 77 187 8 23 61 145 97 33 14 69 17 15 95 39 10 105 99 7 6 171 19 151 19 55 9 101 123 7 87 7 165 19 93 2
96
107 107
95 95
127 127
59 59
23 23
197 197
117 117
53 53
55 55
79 79
89 89
183 183
159 159
87 87
153 153
193 193
69 69
199 199
165 165
71 71
49 49
151 151
43 43
91 91
63 63
173 173
37 37
103 103
13 13
139 139
67 67
187 187
163 163
93 31 93
143 143
113 113
65 65
119 119
125 125
5 5 155
3 3
189 189
169 169
167 167
137 137
83 83
101 101
171 171
29 29 161
51 51
115 115
41 41
105 105
149 149
57 57
85 85
191 191
177 177
179 179
109 109
17 17
175 175
97 97
27 27
123 123
73 73
39 39
111 111
195 195
185 185
61 61
145 145
77 77
141 141
133 133
181 181
81 81
147 1 147
99 99
157 157
45 45
11 11
15 15
47 47
19 19
7 7
9 9
121 121
135 135
129 129
21 21
33 33
75 75
25 25
35 35
131 131
