S 4M 4Ca 4Cb 4Cc 4Cd 4Cc 4Cb 4Ca 4M S 1M 1Ca 1Cb 1Cc 1Cd 1Cc 1Cb 1Ca 1M 1Af 1Ag 1Ah 1Ag 1Ai 1Ag 1Aj 1Ag 1Af 1Ab 1Ad 1Ab 1Ac 1Ab 1Ae 1Ab 1Aa 1M S 4M 4Bf 4Bj 4Bf 4Bi 4Bf 4Ba 4Bb 4Ba 4M S 3M 3Ca 3Cb 3Cc 3Cd 3Cc 3Cb 3Ca 3M 3Da 3Dd 3Da 3De 3Da 3M 3Bf 3Bi 3Bf 3Bj 3Bf 3Ba 3Bb 3Ba 3M 3Af 3Ag 3Ah 3Ag 3Aj 3Ag 3Ai 3Ag 3Af 3Ab 3Ac 3Ab 3Ad 3Ab 3Ae 3Ab 3Aa 3M S 2M 2Aa 2Ab 2Ae 2Ab 2Ad 2Ab 2Ac 2Ab 2Af 2Ag 2Ah 2Ag 2Aj 2Ag 2Ai 2Ag 2Af 2M 2Da 2Dd 2Da 2De 2Da 2M S 4M 4Da 4De 4Da 4Dd 4Da 4M 4Af 4Ag 4Ah 4Ag 4Ai 4Ag 4Aj 4Ag 4Af 4Ab 4Ac 4Ab 4Ae 4Ab 4Ad 4Ab 4Aa 4M S 1M 1Fa 1Fe 1Fa 1M 1Da 1Dd 1Da 1De 1Da 1M S 2M 2Bf 2Bj 2Bf 2Bi 2Bf 2Ba 2Bb 2Ba 2M 2Ca 2Cb 2Cc 2Cd 2Cc 2Cb 2Ca 2M 2Fa 2Fe 2Fa 2M 2Ea 2Ee 2Ea 2Ed 2Ek 2Ed 2Ea 2Ec 2Ei 2Ec 2Eh 2Ec 2Ea 2M S 4M 4Ea 4Ee 4Ea 4Ec 4Ei 4Ec 4Eh 4Ec 4Ea 4Ed 4Ek 4Ed 4Ea 4M 4Fa 4Fe 4Fa 4M S 1M 1Ea 1Ee 1Ea 1Ed 1Ek 1Ed 1Ea 1Ec 1Eh 1Ec 1Ei 1Ec 1Ea 1M 1Ba 1Bb 1Ba 1Bf 1Bj 1Bf 1Bi 1Bf 1M S 3M 3Fa 3Fe 3Fa 3M 3Ea 3Ed 3Ek 3Ed 3Ea 3Ee 3Ea 3Ec 3Eh 3Ec 3Ei 3Ec 3Ea 3M S
96
1Aa 1Aa
1Ab 1Ab
1Ac 1Ac
1Ad 1Ad
1Ae 1Ae
1Ag 1Ag
1Ah 1Ah
1Ai 1Ai
1Aj 1Aj
1Bb 1Bb
1Bf 1Bf
1Bi 1Bi
1Bj 1Bj
1Ca 1Ca
1Cb 1Cb
1Cc 1Cc
1Cd 1Cd
1Dd 1Dd
1De 1De
1Ee 1Ee
1Eh 1Eh
1Ei 1Ei
1Ek 1Ek
1Fe 1Fe
2Aa 2Aa
2Ab 2Ab
2Ac 2Ac
2Ad 2Ad
2Ae 2Ae
2Ag 2Ag
2Ah 2Ah
2Ai 2Ai
2Aj 2Aj
2Bb 2Bb
2Bf 2Bf
2Bi 2Bi
2Bj 2Bj
2Ca 2Ca
2Cb 2Cb
2Cc 2Cc
2Cd 2Cd
2Dd 2Dd
2De 2De
2Ee 2Ee
2Eh 2Eh
2Ei 2Ei
2Ek 2Ek
2Fe 2Fe
3Aa 3Aa
3Ab 3Ab
3Ac 3Ac
3Ad 3Ad
3Ae 3Ae
3Ag 3Ag
3Ah 3Ah
3Ai 3Ai
3Aj 3Aj
3Bb 3Bb
3Bf 3Bf
3Bi 3Bi
3Bj 3Bj
3Ca 3Ca
3Cb 3Cb
3Cc 3Cc
3Cd 3Cd
3Dd 3Dd
3De 3De
3Ee 3Ee
3Eh 3Eh
3Ei 3Ei
3Ek 3Ek
3Fe 3Fe
4Aa 4Aa
4Ab 4Ab
4Ac 4Ac
4Ad 4Ad
4Ae 4Ae
4Ag 4Ag
4Ah 4Ah
4Ai 4Ai
4Aj 4Aj
4Bb 4Bb
4Bf 4Bf
4Bi 4Bi
4Bj 4Bj
4Ca 4Ca
4Cb 4Cb
4Cc 4Cc
4Cd 4Cd
4Dd 4Dd
4De 4De
4Ee 4Ee
4Eh 4Eh
4Ei 4Ei
4Ek 4Ek
4Fe 4Fe
