BY5DUgv6 UQ4QaUHy Af1jBIly 2mQchaeu EvsxmEMg mjMe14fC sR6JAufL 2og9s1wD xULc5Xg4 1aJdK4y9 K3J88UDV 6nj6dyOK gbolqDJc o1w8sSXK HYhd6zof c9Hgvc9w q1vN3eei FPDwKJIj Ym8LPSnY 8KVhuJvd OpfVa1HT 0zB29H2A R4zDiMu3 ucMA0iSv UfRMeyI7 xTHVuNZl tDh0gTYH xTHVuNZl yqX5KOVJ XbFQ8G0U QqI1C9xC ayFODfwg S9dNuWxm rGjz0gOd AMieum8U GVK6CciB NL9qZEp0 iT0t8noc HXMHfRTC 9IHe97Yy 87yhsuRE HEJxX3gA QeSUIsQ1 7IV7YjRX JMul31yq WlxPulQd 8ni5D4t7 g5YhtPSt QeSUIsQ1 CrvusN6e EvsxmEMg 8tOszPqV YLp2gziD nKZTEeUl PagRRYIg 1cr6aFpX Rv8rDvqp E85AysUp aPSEsY2w rZiSDNtK aPSEsY2w gd207oOq hc6YxxqG QeSUIsQ1 m0ciW6Mx BY5DUgv6
36
BY5DUgv6 H2BV5cDz
AMieum8U rGjz0gOd AMieum8U
FPDwKJIj FPDwKJIj
CrvusN6e CrvusN6e lvlSObqb
g5YhtPSt g5YhtPSt
gd207oOq gd207oOq
1aJdK4y9 1aJdK4y9
rZiSDNtK rZiSDNtK
yqX5KOVJ yqX5KOVJ xTHVuNZl
PagRRYIg 1cr6aFpX PagRRYIg
HEJxX3gA HEJxX3gA
2mQchaeu 2mQchaeu B0wYReom
o1w8sSXK mXjWiYol o1w8sSXK
0zB29H2A 0zB29H2A R4zDiMu3
iT0t8noc iT0t8noc UmgiH1K9
ayFODfwg S9dNuWxm ayFODfwg
QeSUIsQ1 QeSUIsQ1
JMul31yq JMul31yq WlxPulQd
8tOszPqV 8tOszPqV
Rv8rDvqp Rv8rDvqp
c9Hgvc9w q1vN3eei c9Hgvc9w
6nj6dyOK gbolqDJc 6nj6dyOK UfRMeyI7
hc6YxxqG hc6YxxqG
sR6JAufL sR6JAufL 8e8OWOIi
9IHe97Yy 9IHe97Yy
OpfVa1HT OpfVa1HT
NL9qZEp0 NL9qZEp0
aPSEsY2w aPSEsY2w
nKZTEeUl nKZTEeUl
Af1jBIly Af1jBIly
ucMA0iSv ucMA0iSv
tDh0gTYH tDh0gTYH
7IV7YjRX 7IV7YjRX
8ni5D4t7 8ni5D4t7
K3J88UDV K3J88UDV
xULc5Xg4 xULc5Xg4
