ZtfcEeD9 lwKMUcFL lWuh5cH8 uEOMgmS6 7VEdC8Bn KZzTlcqA KbQF6Z1I VgwgAKMz FqE4GP0Y Wznv2rRv gX4kBNm4 VDai7XkI HTyyntxa yptfWPBC aDGqWHym 4FNIiWtX Fj27Gybu WOQy49Fo TNblhkGK VDai7XkI c6ZWTltk 04vrMVdi c6ZWTltk VDai7XkI 8avKqSxh iJuLSUhp miUcr0K7 4pgwpiHi CxnbNU8s eJJL3lWa YWqBlkAs 43ehQX6O zvH4AKmS gmal2HHS kMauNR5Y wZJN4OBT EAWv9kfQ mlHu9OVg aWGQETjI gKOyNQPh BOlNhFGU o4xf7nVd 62Mn9lau VDai7XkI ZS8CQaI7 lqKnzPvP RjDUex61 IZjIq9He xzWL2Pp8 B65DnegI X4DALK1Z VDai7XkI EB4WBsTV ca785uLx mrK2EXuk ZmF2u9Cy WOCLylig iJuLSUhp tCAdUY4B VDai7XkI Pz0LLMil hBRDGWam VDai7XkI uMuBYvMK VDai7XkI svPb07cv y7NjqOqM CBKWpDQv gX4kBNm4 JqKGA9ul AmaYXBsi NpH6Hpsr jKNn1ZQ1 WPOgjVLu bJ22zvWV yRH0nOtz 7P5zi9hu Tb8W969R VDai7XkI CGddIqkC VDai7XkI 1gtWVzKV VDai7XkI aSd01nMZ 3L2NkWiR zpLQ0R0G RleTQaHw SqpsWXRw eF0ueRyu VDai7XkI ntaFp6yn 1FIjcsO2 uYGlfCi2 sFR9mcaG eFJgi8X6 8Rfeklr1 J2tz5Jy2 LvdUl8D5 d5gzYuse VDai7XkI 8LVjFaQv ijk5cHsH 1dr1nBQ7 VDai7XkI qnVestAH PLFYaVF6 FdbcCrtB GZiGmLq9 fa3ra0T7 Tb8W969R VDai7XkI X4DALK1Z Rd2M5nw8 OJgw7XgR VDai7XkI 2KepLMXB VDai7XkI 3MYamZSb VDai7XkI xRPgtW5C kTn5Wdms 80BwLCcj poaWnZDO FGbFUcoj VDai7XkI wusYsf5E U7cZo0h2 dzvtjag1 VDai7XkI Q7hUKAHQ 1Xrx7hj3 NSdaWdL7 SG64DwCC LvdUl8D5 91Uq51QB m9MRh7a0 JfDq1Cs2 VDai7XkI 7Xy44hse mSd4Nw6v 9FVeC0va ciNFdHxl b850DFfF sAdwIwgI 0MyIUMFM n0riP8Jl w0QWGw2L 43ehQX6O VDai7XkI O5yBujnu WvzZeqnS IdGLl1to PMzcqvQL W7b2i2pG BkhTgoaJ CIF8DWXL BkhTgoaJ YWqBlkAs rbWYBihd nFqouQp3 6MPulFAv ZtfcEeD9
100
ZtfcEeD9 ZtfcEeD9
OJgw7XgR OJgw7XgR
lqKnzPvP lqKnzPvP
aSd01nMZ aSd01nMZ
0MyIUMFM 0MyIUMFM
eFJgi8X6 eFJgi8X6
dzvtjag1 dzvtjag1
8avKqSxh 8avKqSxh
aDGqWHym aDGqWHym
CBKWpDQv CBKWpDQv
xRPgtW5C xRPgtW5C
1dr1nBQ7 1dr1nBQ7
bJ22zvWV bJ22zvWV
zvH4AKmS zvH4AKmS
eF0ueRyu eF0ueRyu
W7b2i2pG W7b2i2pG
tCAdUY4B tCAdUY4B
FdbcCrtB FdbcCrtB
FqE4GP0Y FqE4GP0Y
BOlNhFGU BOlNhFGU
mSd4Nw6v mSd4Nw6v
uMuBYvMK uMuBYvMK
ntaFp6yn ntaFp6yn
EB4WBsTV EB4WBsTV
2KepLMXB 2KepLMXB
Q7hUKAHQ Q7hUKAHQ
CGddIqkC CGddIqkC
04vrMVdi 04vrMVdi
AmaYXBsi AmaYXBsi
CxnbNU8s CxnbNU8s
wusYsf5E wusYsf5E
O5yBujnu O5yBujnu
91Uq51QB 91Uq51QB
d5gzYuse d5gzYuse
RleTQaHw RleTQaHw
FGbFUcoj FGbFUcoj
X4DALK1Z X4DALK1Z
8LVjFaQv 8LVjFaQv
wZJN4OBT wZJN4OBT
TNblhkGK TNblhkGK
CIF8DWXL CIF8DWXL
svPb07cv svPb07cv
3MYamZSb 3MYamZSb
B65DnegI B65DnegI
jKNn1ZQ1 jKNn1ZQ1
Pz0LLMil Pz0LLMil
lWuh5cH8 lWuh5cH8
rbWYBihd rbWYBihd
62Mn9lau 62Mn9lau
ciNFdHxl ciNFdHxl
gX4kBNm4 gX4kBNm4
JfDq1Cs2 JfDq1Cs2
WOCLylig WOCLylig
1gtWVzKV 1gtWVzKV
YWqBlkAs YWqBlkAs
ijk5cHsH ijk5cHsH
KZzTlcqA KZzTlcqA
J2tz5Jy2 J2tz5Jy2
7Xy44hse 7Xy44hse
qnVestAH qnVestAH
Rd2M5nw8 Rd2M5nw8
miUcr0K7 miUcr0K7
kMauNR5Y kMauNR5Y
ZS8CQaI7 ZS8CQaI7
w0QWGw2L w0QWGw2L
mrK2EXuk mrK2EXuk
Wznv2rRv Wznv2rRv
43ehQX6O 43ehQX6O
Fj27Gybu Fj27Gybu
fa3ra0T7 fa3ra0T7
kTn5Wdms kTn5Wdms
zpLQ0R0G zpLQ0R0G
sFR9mcaG sFR9mcaG
mlHu9OVg mlHu9OVg
HTyyntxa HTyyntxa
SG64DwCC SG64DwCC
y7NjqOqM y7NjqOqM
Tb8W969R Tb8W969R
RjDUex61 RjDUex61
IdGLl1to IdGLl1to
PLFYaVF6 PLFYaVF6
LvdUl8D5 LvdUl8D5
8Rfeklr1 8Rfeklr1
gKOyNQPh gKOyNQPh
hBRDGWam hBRDGWam
yptfWPBC yptfWPBC
EAWv9kfQ EAWv9kfQ
NSdaWdL7 NSdaWdL7
PMzcqvQL PMzcqvQL
nFqouQp3 nFqouQp3
yRH0nOtz yRH0nOtz
o4xf7nVd o4xf7nVd
NpH6Hpsr NpH6Hpsr
aWGQETjI aWGQETjI
poaWnZDO poaWnZDO
ca785uLx ca785uLx
7P5zi9hu 7P5zi9hu
xzWL2Pp8 xzWL2Pp8
U7cZo0h2 U7cZo0h2
VgwgAKMz VgwgAKMz
