yqRn7pcv Bow1G1eA RKTqv0lO xaYYL0Xr ne5PzSYX zcy1X765 XlaUIvCb mmiVeCrf o5fxSomz rJm7nPd7 mB6fiF0u 7xyYvlir rKjRBwvM LQU5lyru Bow1G1eA 5Zo9R33z 6XOrbPEm hcJG54h4 uzY67sfN lRFv66dO 2XMfF8YA Wvomb2LC Bow1G1eA Tv0Ngo2a hC2ZPbzA fsgAjhrq 1JmiRMy2 i4M5A6hw yqRn7pcv
25
yqRn7pcv yqRn7pcv
o5fxSomz o5fxSomz
2XMfF8YA 2XMfF8YA
7xyYvlir 7xyYvlir
1JmiRMy2 1JmiRMy2
6XOrbPEm 6XOrbPEm
5Zo9R33z 5Zo9R33z
zcy1X765 zcy1X765
hC2ZPbzA hC2ZPbzA
rKjRBwvM rKjRBwvM
uzY67sfN uzY67sfN
Tv0Ngo2a Tv0Ngo2a
mmiVeCrf mmiVeCrf
ne5PzSYX ne5PzSYX
i4M5A6hw i4M5A6hw
fsgAjhrq fsgAjhrq
rJm7nPd7 rJm7nPd7
lRFv66dO lRFv66dO
XlaUIvCb XlaUIvCb
hcJG54h4 hcJG54h4
Wvomb2LC Wvomb2LC
RKTqv0lO RKTqv0lO
mB6fiF0u mB6fiF0u
LQU5lyru LQU5lyru
xaYYL0Xr xaYYL0Xr
