Dannemora Hamburg Flower Hamburg Dannemora Fabius Fonda Fleischmanns Fonda Freeport Oceanside Fair Oceanside Gasport Falconer Gardiner Friendship Gardiner Fulton Dexter Fairmount Dexter DeRuyter Frankfort Goshen Franklin Delhi Frewsburg Dunkirk Frewsburg Delhi Freeville Farnham Florida Farmingville Florida Deer Delanson Dansville Franklinville Norwich Forest Fishers Deferiet Germantown Dexter Fulton Fairport Geneva Depew Geneva Fairview Hewlett Harbor Fayetteville Harbor Fredonia Depauville Ghent Freeport Forestville Davis Fishkill Galeville Delevan Galeville Germantown Delmar Herricks Deposit Earlville Firthcliffe Earlville Fire Dannemora
49
Fayetteville Fayetteville
Deferiet Deferiet
Gasport Gasport
Fairport Fairport
Davis Davis
Freeville Freeville
Deposit Deposit
Friendship Friendship
Depauville Depauville
Fairmount Fairmount
Firthcliffe Firthcliffe
Franklinville Franklinville
Frankfort Flanders Frankfort
Fairview Fairview
Fair Fair
Delanson Delanson
Fonda Fonda
Depew Depew
Farmingville Farmingville
Delevan Delevan
Forest Forest
Franklin Franklin
Flower Flower
Frewsburg Frewsburg
Delmar Delmar
Fulton Fulton
Fredonia Fredonia
Forestville Forestville
DeRuyter DeRuyter
Earlville Earlville
Dunkirk Dunkirk
Falconer Falconer
Freeport Freeport
Fishers Fishers
Geneva Geneva
Galeville Galeville
Fabius Fabius
Dansville Dansville
Germantown Germantown
Fishkill Fishkill
Gardiner Gardiner
Delhi Delhi
Fleischmanns Fleischmanns
Florida Florida
Fire Fire
Deer Deer
Dexter Dexter
Farnham Farnham
Ghent Ghent
