Acadia Guadalupe Isle Brycecanyon Canyonlands Brycecanyon Glacier Gateway Teton Redwood Gunnison Basin Gunnison Bend Voyageurs Smoky Voyageurs Bend Yosemite Denali Wrangell Sequoia Arches Olympic Crater Indiana Haleakala Indiana Channel Cuyahoga Congaree Caverns Everglades Caverns Rocky Biscayne Acadia Tortugas Acadia
24
Acadia Capitol
Smoky Smoky
Everglades Everglades
Teton Teton
Haleakala Haleakala
Arches Arches
Glacier Glacier
Channel Channel
Denali Denali
Bend Bend
Crater Badlands Crater
Basin Basin
Canyonlands Canyonlands
Isle Isle
Caverns Caverns
Indiana Indiana
Gateway Gateway
Tortugas Tortugas
Cuyahoga Cuyahoga
Congaree Congaree
Guadalupe Guadalupe
Gunnison Gunnison
Biscayne Biscayne
Brycecanyon Brycecanyon
