6 13 20 27 25 27 20 18 15 18 14 18 20 27 26 24 26 27 25 21 25 27 34 33 31 33 34 32 29 32 34 41 39 35 39 41 48 47 44 47 48 46 48 55 53 49 53 55 54 52 54 55 62 60 56 60 62 61 59 61 62 69 68 65 68 69 67 63 67 69 76 75 76 83 81 78 81 83 82 79 82 83 76 74 71 74 76 75 73 75 76 83 90 97 96 94 96 97 95 92 95 97 90 88 84 88 90 97 6 5 2 5 6 4 6 13 12 9 12 13 11 8 11 13 6
42
6 6
59 59
44 44
52 52
73 73
31 31
49 49
79 79
78 78
94 94
14 14
29 29
21 21
35 35
56 56
24 24
92 92
9 9
65 65
46 46
8 8
84 84
2 2
15 15
71 71
54 54
34 34
63 63
95 95
82 82
11 11
25 25
18 18
4 4
48 48
75 75
39 39
88 88
67 67
90 90
41 41
60 60
