pace king rent seize understand figure understand paper understand pain demand page certain sunrise title shy nationalist thumb excuse other swear tablet cigarette demand joint dip exclusive honor injury disclose class exclusive buffet excuse thumb prison dialogue tool glasses autonomy enter mystery chair brake mature headline quality throne interactive sign legislation enhance likely enhance tolerate forge vegetarian forge winner forge vegetarian linger dough enhance thumb output circulation deposit honor pace interactive throne imposter pier lake rob bitter respect financial voice pace
48
enter enter
winner winner
quality quality
linger linger
cigarette cigarette
brake brake
output output
injury injury
other other
imposter imposter
tool tool
seize seize
title title
legislation legislation
buffet buffet
rob rob
thumb thumb
autonomy autonomy
honor honor
paper paper
tolerate tolerate
financial financial
likely likely
lake lake
pain pain
swear swear
dip dip
mystery mystery
prison prison
headline headline
throne throne
king guarantee king
figure figure
dough dough
class class
glasses glasses
page page
vegetarian vegetarian
nationalist shy nationalist
sign sign
voice voice
enhance enhance
tablet tablet
circulation circulation
bitter bitter
exclusive exclusive
sunrise sunrise
demand demand
