pace exclusive throne exclusive output injury pier likely circulation likely king approval tablet gate due injury skeleton injury mixture market likely page guarantee thumb opposed miserable exempt thumb enter deposit enter prison honor prison approval voice due excuse due audience headline brake nationalist feature nationalist pace
25
deposit deposit
exempt exempt
enter enter
gate gate
audience audience
headline headline
honor honor
brake brake
likely likely
market market
mixture mixture
throne throne
circulation circulation
feature feature
output output
nationalist nationalist
voice voice
opposed opposed
excuse excuse
guarantee guarantee
king king
page page
injury injury
approval approval
skeleton skeleton
