C0 C75 C1 C21 C2 C58 C53 C47 C94 C96 C70 C67 C69 C42 C28 C0 C22 C56 C81 C0 C87 C6 C1 C12 C4 C39 C6 C77 C40 C36 C3 C35 C98 C84 C44 C5 C1 C11 C0 C97 C76 C46 C0 C34 C14 C59 C17 C89 C0 C20 C2 C83 C27 C9 C2 C50 C26 C25 C24 C3 C29 C55 C0
47
C9 C9
C6 C6
C5 C5
C1 C1
C14 C14
C12 C12
C17 C17
C21 C21
C24 C24
C20 C20
C11 C11
C27 C27
C29 C29
C22 C22
C26 C26
C28 C28
C25 C25
C36 C36
C34 C34
C39 C39
C46 C46
C35 C35
C42 C42
C40 C40
C47 C47
C53 C53
C50 C50
C55 C55
C56 C56
C59 C59
C58 C58
C44 C44
C69 C69
C89 C89
C67 C67
C76 C76
C70 C70
C84 C84
C81 C81
C83 C83
C77 C77
C98 C98
C75 C75 C85
C87 C87
C94 C94
C96 C93 C96 C95
C97 C97
