9iIwk XYzcU jT5CK q0lus 1uRw3 y89SK Ri2t4 1uRw3 1pxZM 5VT1H WJNpN AgYPL tnjfN 5ioW1 XZKtP bXinH XZKtP dw7aX XZKtP Be0ab 5ioW1 YH6mk Y7IDR 4a0W8 Y7IDR WJNpN QVYVG jAwQw aHGHb WGJpQ vE0Pj knY3U QVYVG kmzhT RhUVQ QVYVG 7G74f QVYVG qkJ6b QVYVG LZomt Ew56P SgDk6 Ew56P jYfXn MA43U ZzWHp iEXNY Mj2eQ 1xmtC XYzcU jT5CK 5BDPJ 5VT1H 1xmtC Mj2eQ 0GdkR oqPYQ jASvw 1xmtC h2rea Q1WC5 ChXAd 1eRkH mBYfp rrNj1 Esl6u fS0W8 p9vQm fS0W8 k64Ok BnAjj ZgtaX pXCjI ZgtaX Vake4 ZgtaX JgjFI veOJ7 iCgvV ZgtaX k64Ok fS0W8 Esl6u rrNj1 5R5Xa 9iIwk
50
9iIwk 9iIwk
bXinH bXinH
iCgvV iCgvV
4a0W8 4a0W8
Vake4 Vake4
5ioW1 5ioW1
WGJpQ WGJpQ
SgDk6 SgDk6
7G74f 7G74f
tnjfN tnjfN
p9vQm p9vQm
JgjFI JgjFI
y89SK y89SK
5VT1H 5VT1H
1eRkH 1eRkH
Mj2eQ Mj2eQ
pXCjI pXCjI
RhUVQ RhUVQ
jYfXn jYfXn
Y7IDR Y7IDR
1pxZM 1pxZM
0GdkR 0GdkR
XYzcU XYzcU
LZomt LZomt
dw7aX dw7aX
jAwQw jAwQw
veOJ7 veOJ7
BnAjj BnAjj
vE0Pj vE0Pj
kmzhT kmzhT
h2rea h2rea
AgYPL AgYPL
YH6mk YH6mk
5BDPJ 5BDPJ
qkJ6b qkJ6b
ChXAd ChXAd
Be0ab Be0ab
aHGHb aHGHb
jT5CK jT5CK
1uRw3 1uRw3
iEXNY iEXNY
jASvw jASvw
5R5Xa 5R5Xa
Ri2t4 Ri2t4
1xmtC 1xmtC
fS0W8 fS0W8
XZKtP XZKtP
ZzWHp ZzWHp
oqPYQ oqPYQ
ZgtaX ZgtaX
