HAZtD 6gp0A kPB79 4Tt2a kPB79 4PXv9 kPB79 EyMEe iKwe0 F7CZj RN9nS 3NU9e aWuHk 1gvq4 O8CwF aegld C4biR 93R2m cu5FB 4AhmX jesVt 69WZh zrVPv wedr3 69WZh mdIe6 69WZh b9v0q eVDVP Ia6ul 5MtKr Q5zY0 69WZh ox9Gx jesVt p3gJd DaieK uPUO1 O8CwF TlJnt O8CwF 1gvq4 GxQg8 3NU9e CXkxa Lusir CXkxa ED9em 5h4rt ED9em bW6Ms GxQg8 iqOI4 GxQg8 p3gJd cpzS8 acHTt 93R2m AwFdf 2zHfe fExZu v7hOX SEkfX b9v0q VG4na Agb0E WVEjT b9v0q 15wtn 4AhmX kNG2j 4AhmX jesVt EgumV fWz4T onBu6 ZKvNM TzGS5 ZKvNM iHR3J 69WZh R6NzB 0FMEI 5EAEu sU69u 2GCiD sU69u 3JtxZ DmTRc 4jcrD gNinx SEc9N v9joy GrnJ7 iIQll p4kTx iIQll Vg6Sz 4jcrD UbqWX iaaYU GrnJ7 rmW0U CHx6u rmW0U 9tf0w rmW0U HOuAL rmW0U bMhFI lF8gH CHx6u SfSL1 RkCLD xKTIz E6pda e7SjH DuU0x BIY9X DuU0x e7SjH 2LhKB e7SjH o2JtM H1xt8 GaZ4O Q8lcd 6sv9O HAKlt Pk19A iimZq qz2Of 8Qx0C qz2Of iimZq 6owsT OWqP4 g8MpX SxklZ VESmp SxklZ Xqwfz IOpdQ Zok18 1VA1I 7kY28 fiXIW URrao 7kY28 pLg86 Xqwfz jyRQW zcuSA 4PSW9 0F8yg 9cp56 u60s4 Zxvdf zcuSA gpbSj cC0Rg 1gvq4 rH3nx 1gvq4 lJnz7 GxQg8 X2hjX UqGfS NqBQW UqGfS Ssao4 kPB79 EyMEe vfAR8 bW6Ms EyMEe z82fM EyMEe Cg1yP wnnBN 4Eg1F HAZtD
96
2LhKB 2LhKB
9tf0w 9tf0w
TzGS5 TzGS5
Zok18 Zok18
VG4na VG4na
H1xt8 H1xt8
5EAEu 5EAEu
5h4rt 5h4rt
xKTIz xKTIz
8Qx0C 8Qx0C
p4kTx p4kTx
NqBQW NqBQW
Zxvdf Zxvdf
cu5FB cu5FB
4PXv9 4PXv9
SEkfX SEkfX
kNG2j kNG2j
4jcrD 4jcrD
VESmp VESmp
HOuAL HOuAL
Pk19A Pk19A
GxQg8 GxQg8
zcuSA zcuSA
BIY9X BIY9X
z82fM z82fM
iHR3J iHR3J
TlJnt TlJnt
fiXIW fiXIW
iaaYU iaaYU
Lusir Lusir
eVDVP eVDVP
OWqP4 OWqP4
gpbSj gpbSj
wedr3 wedr3
Q8lcd Q8lcd
X2hjX X2hjX
2GCiD 2GCiD
4Tt2a 4Tt2a
uPUO1 uPUO1
v7hOX v7hOX
WVEjT WVEjT
ox9Gx ox9Gx
lF8gH lF8gH
SxklZ SxklZ
EgumV EgumV
E6pda E6pda
Ssao4 Ssao4
Vg6Sz iIQll Vg6Sz
RN9nS RN9nS
Cg1yP Cg1yP
DmTRc DmTRc
pLg86 pLg86
ED9em ED9em
acHTt acHTt
IOpdQ IOpdQ BaYb3
1gvq4 1gvq4
bW6Ms bW6Ms
aegld aegld
iimZq iimZq
jesVt jesVt
wnnBN wnnBN
R6NzB R6NzB
Agb0E Agb0E
AwFdf AwFdf
CHx6u CHx6u
iqOI4 iqOI4
1VA1I 1VA1I
gNinx gNinx
cC0Rg cC0Rg
6owsT 6owsT
7kY28 7kY28
fWz4T fWz4T
UbqWX UbqWX
UqGfS UqGfS
HAKlt 0moVI HAKlt
mdIe6 mdIe6
fExZu fExZu
iKwe0 J0OP0 iKwe0
v9joy v9joy
zrVPv zrVPv
0F8yg 0F8yg
DaieK DaieK
rH3nx rH3nx
4AhmX 4AhmX
u60s4 u60s4
Ia6ul Ia6ul
aWuHk aWuHk
bMhFI bMhFI
URrao URrao
vfAR8 vfAR8
p3gJd p3gJd
cpzS8 cpzS8
lJnz7 lJnz7
69WZh 69WZh
DuU0x DuU0x
O8CwF O8CwF
