3Yw8H xNFYO KHHwN hQySr ycoh0 miscC EvuAH vN0gV EQJ7U Vm2RV Tz4zy Vm2RV EQJ7U TT3Hk 8MJwv EQJ7U Jcs3B s8jhm 5ayvc OhHc9 5ayvc s8jhm w0i4E s8jhm RTNKK Vm2RV EQJ7U iaf34 EQJ7U Z7joj M5wZP Z7joj 5PNx4 s8jhm P18zR BSqOv 9e1Io QUkKU zSmKp NRZIn cvjQc JYR5M cvjQc 3Yw8H
24
3Yw8H 3Yw8H
vN0gV vN0gV
iaf34 iaf34
OhHc9 OhHc9
EvuAH EvuAH
M5wZP M5wZP
P18zR P18zR
ycoh0 ycoh0
TT3Hk TT3Hk
9e1Io 9e1Io
Vm2RV Vm2RV RTNKK
QUkKU QUkKU
KHHwN KHHwN
8MJwv 8MJwv
JYR5M JYR5M
Tz4zy Tz4zy
w0i4E w0i4E
5PNx4 5PNx4
Z7joj Z7joj
BSqOv BSqOv
xNFYO xNFYO
cvjQc cvjQc
miscC miscC
zSmKp zSmKp
