Taozhuang Uran Wesseling Uran Besuki Middle Uran Severodvinsk Uran Jingzhou Uran Sarandi Ramla Azrou Somma Artur Calauan Uran Gauting Rutherglen Oulmes Fort Uran Jinotepe Uran Pottstown Uran Longgang Norco Udumalaippettai Norco Uran Durazno Boo Tupelo Rosedale Jackson Uran Ilesa Uran Caravaca Donggongon Uran Hechingen Villa Nonsan Waverly Strathfield Gudermes Esperanza Bang Uran Camayenne Uran Alatyr Kallio Uran Ulu Freetown Uran Bourbonnais Memmingen New Uran Sicklerville Esmeraldas Uran Cibinong Uran Rafiganj Uran Aytos Uran Taozhuang
50
Taozhuang Taozhuang
Udumalaippettai Udumalaippettai
Memmingen Memmingen
Severodvinsk Severodvinsk
Jinotepe Jinotepe
Jingzhou Jingzhou
Pottstown Pottstown
Middle Middle
Sarandi Sarandi
Gauting Gauting
Durazno Durazno
Fort Fort
Azrou Azrou
Caravaca Caravaca
Longgang Longgang
Wesseling Wesseling
Kallio Kallio
Cibinong Cibinong
Calauan Calauan
Jackson Jackson
Freetown Freetown
Camayenne Camayenne
Rafiganj Rafiganj
Ilesa Ilesa
Oulmes Oulmes
Bang Bang
Besuki Besuki
Nonsan Nonsan
Donggongon Donggongon
Sicklerville Sicklerville
Bourbonnais Bourbonnais
Aytos Aytos
Hechingen Hechingen
New New
Esperanza Esperanza
Tupelo Tupelo
Esmeraldas Esmeraldas
Ulu Ulu
Alatyr Alatyr
Waverly Waverly
Strathfield Strathfield
Somma Somma
Gudermes Gudermes
Rosedale Rosedale
Ramla Ramla
Villa Villa
Uran Uran
Artur Artur
Rutherglen Rutherglen
Boo Boo
