Ilesa Resplendor Perth Clermont Bensheim Chacabuco Shaowu Bensheim Talipparamba Tak Bensheim Villaquilambre Niort Bensheim Toledo Davis Jiangyan Brunswick Bensheim Campobasso Bensheim Bang Shagamu Calauan Tharu Bensheim Paredes Bensheim Onex Hermsdorf Rutland Stuttgart Malden Ada Great Tyoply Great Bensheim Sorsogon Oberhausen Bensheim Sceaux Valletta Itacoatiara Valletta Bensheim LonsleSaunier GernikaLumo Bensheim Aleshtar Alfenas Uran Landshut Bensheim Tupelo Puducherry American Foshan Sirsi Ponta MitryMory Copperas Bensheim Tiruppuvanam Bensheim Lille Marburg Palm Memmingen Milledgeville Puerto Bensheim Zaozhuang Bensheim Ventimiglia Sishui Sillanwali Bobigny Bensheim UlanUde Bensheim Jashpurnagar Magomeni Bensheim Claremont Bensheim Bogovinje Valday Tupiza Bensheim Rhosllanerchrugog Bensheim Skalica Bensheim Guli Bensheim Dahlem Bensheim New Bensheim Brzeg Kyzylorda Bensheim PointeClaire Bensheim Gariadhar Bavly Polohy Mexborough Meizhou Bensheim Oulmes Bensheim Ramla Yingkou Bensheim Barracas Aurora Bensheim Lodwar Bensheim WaltonontheNaze Alexandria PortVila Bensheim Milagro Azrou Bensheim Mouscron Jagna Stupino Bensheim Palafrugell Viewpark Bensheim DehiwalaMount Bensheim Bon An Bensheim Aklera Bensheim Ilesa
100
Ilesa Ilesa
Tyoply Tyoply
Itacoatiara Itacoatiara
GernikaLumo GernikaLumo
Lille Lille
Kyzylorda Kyzylorda
Tiruppuvanam Tiruppuvanam
Gariadhar Gariadhar
Clermont Clermont
Rutland Rutland
Brunswick Brunswick
An An
Alexandria Alexandria
Barracas Barracas
Oberhausen Oberhausen
Sceaux Sceaux
Copperas Copperas
Skalica Skalica
Claremont Claremont
UlanUde UlanUde
Villaquilambre Villaquilambre
Ponta Ponta
Magomeni Magomeni
Bang Bang
Ada Ada
Puerto Puerto
Sillanwali Sillanwali
Tak Tak
Lodwar Lodwar
Aleshtar Aleshtar
DehiwalaMount DehiwalaMount
Ramla Ramla
Paredes Paredes
Oulmes Oulmes
Dahlem Dahlem
Meizhou Meizhou
New New
PointeClaire PointeClaire
Tharu Tharu
Viewpark Viewpark
Mouscron Mouscron
Shaowu Shaowu
Guli Guli
Rhosllanerchrugog Rhosllanerchrugog
Tupelo Tupelo
WaltonontheNaze WaltonontheNaze
LonsleSaunier LonsleSaunier
Niort Niort
Azrou Azrou
Landshut Landshut
Campobasso Campobasso
Aklera Aklera
Yingkou Yingkou
Sorsogon Sorsogon
Aurora Aurora
Resplendor Resplendor
Sirsi Sirsi
Zaozhuang Zaozhuang
Brzeg Brzeg
Palm Palm
Chacabuco Chacabuco
Talipparamba Talipparamba
Tupiza Tupiza
Palafrugell Palafrugell
Onex Onex
Bon Bon
Bobigny Bobigny
Bavly Bavly
Shagamu Shagamu
Jiangyan Jiangyan
Stuttgart Stuttgart
Stupino Stupino
Great Great
Alfenas Alfenas
Toledo Toledo
Valletta Valletta
Sishui Sishui
American American
Bogovinje Bogovinje
Jagna Jagna
Hermsdorf Hermsdorf
PortVila PortVila
Polohy Polohy
Marburg Marburg
Puducherry Puducherry
Milledgeville Milledgeville
Davis Davis
Foshan Foshan
MitryMory MitryMory
Bensheim Bensheim
Memmingen Memmingen
Mexborough Mexborough
Milagro Milagro
Uran Uran
Malden Malden
Valday Valday
Jashpurnagar Jashpurnagar
Ventimiglia Ventimiglia
Perth Perth
Calauan Calauan
