Lesnoy GatesNorth Visitacion Malaut Pingyi Hueytown Brentwood Zgorzelec Yangambi Beveren Glogovac Beveren Ishim Stade Beveren Kundla Beveren Gisborne Meerut Beveren Artur Portogruaro Hudiksvall Blackpool Beveren Franceville Beveren Dharmapuri Beveren Sun Winsford Sungurlu Rutherglen Hudiksvall Lesnoy
25
Lesnoy Lesnoy
Kundla Kundla
Yangambi Yangambi
Dharmapuri Dharmapuri
Brentwood Brentwood
Winsford Winsford
Blackpool Blackpool
Pingyi Pingyi
Glogovac Glogovac
Artur Artur
Ishim Ishim
Franceville Franceville
Meerut Meerut
GatesNorth GatesNorth
Zgorzelec Zgorzelec
Stade Stade
Portogruaro Portogruaro
Sun Sun
Rutherglen Rutherglen
Gisborne Gisborne
Visitacion Visitacion
Malaut Malaut
Hudiksvall Hudiksvall
Hueytown Hueytown
Sungurlu Sungurlu
