pride feign direct tribe mechanism accessible basketball prove appear cancel crew car dramatic leash predict scrap berry mind tin thread fuss company mosaic company vote transaction thank dedicate deter contract snap exotic dilemma think line suffer company gift rabbit belief craftsman work whole pastel valid deck childish huge wrong lobby community east creation colon salmon inhibition dose merit hide create concern company top domestic perception knit linear top formation belief homosexual shelter denial celebration seller skip battery traction makeup pupil partnership nationalism magnetic adult belief transmission farewell absorption integrated steward desk dialect breakin glide bracket ballot minimize bring offensive fortune hide magnitude loud maze equinox pride
98
pride pride
colon colon
loud loud
battery battery
wrong wrong
inhibition inhibition
mechanism mechanism
belief belief
dramatic dramatic
appear appear
magnitude magnitude
east east
integrated integrated
absorption absorption
merit merit
gift gift
dedicate dedicate
create create
offensive offensive
deck deck
minimize minimize
tin tin
dilemma dilemma
berry berry
company company
predict predict
glide glide
transmission transmission
pupil pupil
ballot ballot
dialect dialect
exotic exotic
concern concern
nationalism nationalism
whole whole
steward steward
perception perception
feign feign
denial denial
breakin breakin
leash leash
crew crew
suffer suffer
bring bring
craftsman craftsman
childish childish
equinox equinox
knit knit
adult adult
domestic domestic
deter deter
think think
rabbit rabbit
thread thread
snap trance snap
car car
formation present formation
transaction transaction
makeup makeup
linear linear
shelter shelter
maze maze
community community
salmon salmon
top top
homosexual homosexual
creation creation
scrap scrap
seller seller
farewell farewell
pastel pastel
bracket bracket
tribe tribe
valid valid
traction traction
line line
desk desk
huge huge
direct direct
basketball basketball
prove prove
lobby lobby
cancel cancel
mosaic mosaic
contract contract
fuss fuss
thank thank
skip skip
accessible accessible
work work
magnetic magnetic
mind mind
hide hide
dose dose
vote vote
celebration celebration
fortune fortune
partnership partnership
