steward childish ballot crew top minimize belief farewell adult skip deck exotic basketball battery creation appear perception company community linear scrap pastel concern hide think tin minimize steward
25
battery battery
appear appear
adult adult
think think
minimize minimize
linear linear
ballot ballot
farewell farewell
tin tin
childish childish
pastel pastel
community community
concern concern
top top
hide hide
perception perception
creation creation
exotic exotic
belief belief
basketball basketball
company company
scrap scrap
crew crew
skip skip
deck deck
