1 122 123 124 125 122 1 172 175 174 173 172 1 26 27 28 29 30 29 28 27 26 1 176 177 178 179 180 179 178 177 176 1 164 166 165 164 1 76 77 78 79 80 79 78 77 76 1 126 127 128 129 130 129 128 127 126 1 56 57 58 59 56 1 106 107 108 109 106 1 64 66 65 64 1 14 17 16 15 14 1 64 67 64 1 2 5 4 3 2 1 18 20 21 19 18 1 150 151 152 155 153 154 152 151 150 1 100 101 102 105 104 103 102 101 100 1 60 61 62 63 60 1 10 13 11 12 10 1 22 24 25 23 22 1 72 73 74 75 72 1 156 159 158 157 156 1 68 69 71 70 68 1 168 170 168 1 6 7 8 9 6 1 114 116 117 114 1 164 167 164 1 114 115 114 1 50 51 52 55 54 53 52 51 50 1 160 161 160 1 118 119 121 120 118 1 110 113 111 112 110 1
76
30 30
80 80
130 130
180 180
25 25
75 75
125 125
175 175
53 53
103 103
153 153
23 23
73 73
123 123
173 173
24 24
74 74
124 124
174 174
28 28
78 78
128 128
178 178
15 15
16 16
17 17
65 65
66 66
67 67
115 115
116 116
117 117
165 165
166 166
167 167
3 3
20 20
70 70
120 120
170 169 170 171
7 7
8 8
11 11
57 57
58 58
61 61
107 107
108 108
111 111
157 157
158 158
161 161 162 163
4 4
5 5
9 9
12 12
13 13
19 19
21 21
54 54
55 55
59 59
62 62
63 63
69 69
71 71
104 104
105 105
109 109
112 112
113 113
119 119
121 121
154 154
155 155
159 159
