0 10 20 21 31 42 43 53 64 54 45 35 26 16 15 14 24 33 32 42 51 61 71 81 80 70 71 82 83 73 84 94 105 114 125 135 146 147 146 155 165 175 186 196 187 188 198 199 189 178 168 167 166 165 174 184 183 182 181 171 162 163 164 154 153 152 151 150 161 160 150 140 130 120 121 122 132 133 123 112 111 102 101 102 103 104 94 95 86 96 107 116 127 137 148 158 149 139 129 118 108 98 99 89 78 68 77 87 76 67 57 48 37 28 18 29 39 29 18 8 9 8 17 16 15 5 4 3 2 12 22 11 1 0
96
196 196
77 77 67
120 120
9 9
61 61
139 139
181 181
125 125
24 24
164 164
53 53
31 31
108 108
103 103
178 178
132 132
16 16
39 39
95 95
147 147
150 150
152 152
20 20
80 80
127 127
99 99 89
12 12
101 101
82 82 72
155 155
158 158
5 5
175 175 176
167 167
73 73
184 184
48 48
45 45
199 199
186 186
86 86
154 154
114 114
130 130
160 160
29 29
22 22
15 15
2 2
64 64
21 21
188 188
122 122
33 33
51 51
71 71
123 123
68 68
146 146
149 149
166 166
18 18
151 151
4 4
76 76
87 87
83 83
189 189
118 118
153 153
8 8
81 81
129 129
133 133
26 26
17 17
105 105
140 140
111 111
182 182
165 165
43 43
42 42
94 94
37 37
70 70
98 98
104 104
107 107
198 198
96 96
161 161
116 116
102 102
183 183
187 187
