0 79 63 55 62 72 51 36 84 27 2 89 53 13 92 59 98 29 24 19 15 39 17 75 54 65 61 41 37 67 56 12 94 38 74 25 49 3 26 78 16 21 35 76 80 93 88 48 11 9 86 87 44 50 60 68 22 6 34 58 97 83 47 18 45 64 14 33 52 8 77 85 66 40 99 1 32 7 43 23 28 30 10 57 31 71 81 82 4 69 96 91 73 5 90 46 70 95 0
98
0 0
2 2
40 40
32 32
22 22
8 8
6 6
10 10
87 87
88 88
56 56
71 71
82 82
36 36
65 65
50 50
78 78
76 76
49 49
41 41
97 97
64 64
90 90
92 92
38 38
69 69
33 33
23 23
17 17
96 96
9 9
62 62
34 34
72 72
12 12
98 98
24 24
63 63
18 18 42
16 16
15 15
14 14
48 48
70 70
75 75
3 3
53 53
67 67
83 83
25 25
68 68
55 55
1 1
43 43
73 73
28 28
99 99
44 44
93 93
95 20 95
4 4
79 79
94 94
45 45
47 47
31 31
26 26
61 61
52 52
84 84
91 91
39 39
11 11
89 89
58 58
29 29
27 27
59 59
19 19
60 60
7 7
37 37
85 85
5 5
30 30
51 51
86 86
57 57
21 21
13 13
80 80
77 77
35 35
54 54
66 66
81 81
46 46
74 74
