BU FF FN ED BW HI HG AS DW EN AY FB EH AX CO CA CV GT DS BA CR BN CK DE FA CT DL DV AR CW GY BG DJ DA EL AV EK GQ AA CM AT DP DQ HH BE GM EQ CX BQ CE AE CE GN FM BK FI GS CV BH BM BH FD CD EG GO AD CS CI DX BX FY DE FW DE AQ BY BF EV BE HJ FM CZ DI GA FG BT DU ES FR DD GP EO FU FL BQ GE DK DM DZ CQ DT BP AR BN GK BZ HM HP EY DR AY ET HA FP AF BC AV AN AC ER BL GH FS EC AP BE CY CA HF BU
99
BU BU
BA BA
AV AV
FR FR
CI CI
GN GN
AY AY
FG FG
GK GK
AF AF
EC EC
GQ GQ
DQ DQ
DM DM
CO CO
AQ AQ
CV CV
ER ER
BG BG
DR DR
AR AR
DV DV
DI DI
CT CT
HA HA
FI FI
EV EV
HJ HJ
DZ DZ
DJ DJ
AX AX
GH GH
HG HG
CX CX
GT GT
AN AN
FW FW
BN BN
HP HP
CY CY
DD DD
EK EK
BY BY
DT DT
DX DX
CM CM
FU FU
BM BM
EN EN
EG HC EG
BF BF
FP FP
HF HF
GY GY
GE GE
CZ CZ
FD FD
AE AE
ES ES
GM GM
CK CK
DP DP
HH HH
EY EY
FY FY
DL DL
BK BK
AP AP
FL FL
DS DS
DU DU
BW BW
CA CA
GA GA
ET ET
GP GP
FB FB
CR CR
EH EH
FS FS
DK DK
GS GS
FN FN
BQ BQ
CS CS
AT AT
BH BH
GO GO
EL EL
CD CD
BZ BZ
EO EO
CQ CQ
EQ EQ
HM HM
CW CW
FF FF
BE BE
DE DE
