Albania Slovenia Thailand Kosovo NewZealand Algeria Canada Rome IvoryCoast SaudiArabia NorthKorea Guatemala SaoTomPrincipe Bhutan France Swaziland Peru Brazil Kiribati Seychelles Mauritania Tanzania Ukraine Laos CentralAfricanRep SierraLeone Australia Comoros Cambodia Switzerland Brunei Japan Grenada Dominica Hungary Cyprus Niger Luxembourg Canada Andorra Chile Albania Danzig BosHerzegovina Nepal Romania Paraguay America Newfoundland Albania Poland Yemen Canada Malaysia Mali PapuaNewGuinea MountAthos Pakistan Netherlands SaintKitts RussianFederation UnitedKingdom Eritrea Italy Philippines Kazakhstan Bulgaria Portugal CapeVerde Norway SolomonIslands EquatorGuinea Germany SriLanka UAE Argentina Qatar VaticanCity Rwanda Israel Netherlands Mongolia Burkina Jamaica Estonia Albania Togo Bahamas Canada Burma Mauritius Djibouti Cuba Vanuatu Venezuela Panama SaintLucia Netherlands Latvia Albania Belarus Venezuela Gabon Paraguay Lesotho Tunisia Vietnam Finland Paraguay Canada Ethiopia Canada Albania
93
Albania Greece Suriname Lithuania
Bahamas Bahamas Serbia
Rome Rome TheGambia Fiji
EquatorGuinea EquatorGuinea
Pakistan Pakistan
UnitedKingdom UnitedKingdom
Peru Peru Liechtenstein Maldives
Luxembourg Luxembourg
Danzig Danzig
Lesotho Lesotho
SaintKitts SaintKitts
Malaysia Malaysia
Burkina Burkina
SolomonIslands SolomonIslands
IvoryCoast IvoryCoast
BosHerzegovina BosHerzegovina
Andorra Andorra
VaticanCity VaticanCity
Djibouti Djibouti
Mauritania Mauritania
Bulgaria Bulgaria
Thailand Thailand
Nepal Nepal
Estonia Estonia
Italy Italy
Comoros Comoros
Kosovo Kosovo
Norway Norway
Algeria Algeria
Panama Panama
Eritrea Eritrea
Mongolia Mongolia
Mauritius Mauritius
Laos Laos
Belarus Belarus
Paraguay Paraguay
America America
Brazil Brazil
MountAthos MountAthos
Dominica Dominica
Philippines Philippines
CapeVerde CapeVerde
Niger Niger
Latvia Latvia
Cyprus Cyprus
Burma Burma
SierraLeone SierraLeone
Kazakhstan Kazakhstan
Cambodia Cambodia
Japan Japan
Portugal Portugal
Jamaica Jamaica
Tunisia Tunisia
Qatar Qatar
Argentina Argentina
Chile Chile
Tanzania Tanzania
Kiribati Kiribati
Germany Germany
Ukraine Ukraine
Australia Australia
Yemen Yemen
France France
Newfoundland Newfoundland
Slovenia Slovenia
CentralAfricanRep CentralAfricanRep
Romania Romania
Bhutan Bhutan
Ethiopia Ethiopia
NorthKorea NorthKorea
SaintLucia SaintLucia
Gabon Gabon
Hungary Hungary
Vanuatu Vanuatu
SaudiArabia SaudiArabia
Grenada Grenada
SaoTomPrincipe SaoTomPrincipe
Rwanda Rwanda
RussianFederation RussianFederation
Guatemala Guatemala
UAE UAE
SriLanka SriLanka
Cuba Cuba
Togo Togo
Poland Poland
Israel Israel
Switzerland Switzerland
Seychelles Seychelles
Venezuela Venezuela
NewZealand NewZealand
PapuaNewGuinea PapuaNewGuinea
Finland Finland
Mali Mali
