Nepal Georgia Argentina Liechtenstein Tanzania Belarus UAE Serbia Vietnam Palau Fiji SaintLucia VaticanCity Liechtenstein MarshallIslands Slovakia Tajikistan Suriname Botswana Kuwait Mauritius Niger Nepal Afghanistan Panama NewZealand Estonia Newfoundland Azerbaijan Newfoundland Nepal
25
Azerbaijan Azerbaijan
Tajikistan Tajikistan
VaticanCity VaticanCity
Estonia Estonia
Botswana Botswana
UAE UAE
Serbia Serbia
NewZealand NewZealand
Belarus Belarus
Tanzania Tanzania
Georgia Georgia
Panama Panama
Suriname Suriname
Fiji Fiji
Argentina Argentina
Vietnam Vietnam
Niger Niger
MarshallIslands MarshallIslands
Afghanistan Afghanistan
Slovakia Slovakia
Palau Palau
Liechtenstein Liechtenstein
Mauritius Mauritius
Kuwait Kuwait
SaintLucia SaintLucia
