Zjo93yXsdcDV6Oit dBEYMpdveobbOa64 Plb766RuoiNfkOGW pi9Gjwqb8nw39ALT m8Rn3gh3HBuT9R8d qKKAwpkuJY9E8dpl RnvIh4TOetAfG82E 1r13Qnmq9ixI97Qj FzSHaHADmN7Zbhbr 8ae7BICLTSRkgPWv gqX9V4QU6KrO7JGI MxcmtGZ6qJUnGaxB bpy0VAq3GZuO2R8U LUoJ0iRCc71uZfNX 6GsK7I0daq8OZxaS nPVdEshNZOOx6qGx StSocpbFeWB0czP8 1Eq6CyZRaHXkARva LsIlvCjQu9Xqre9U YpZJ50mXHPeALpEr u7i0C02E9nMoZ6Ab YHVvi99ucaU9tYgf nkKMB647tDItOdTX LZyPcj0slZv1Vk6U TbM88DujEo9BSxqT 6La4alyyQSzgrmmj 1ByTcIJH8XabOIWu EuY7nNg1nWHDnCBx CvZWFxoaMZYhwHYj drsNw5E8nXGgcxxE 3PEg9lFbqEimkqjc 0Pfip4BXzoRzyFv2 1yeDQmwUGYi8LEVC ziJdi0Y4mj4TIJZ9 kWAnmn2xV4T8moWO HAZt9xslXTTIQrh6 5TjXpBJuIWCWGZis fBCH5yXHMW5jQJjk eRAtRmExinGYKjYs bpy0VAq3GZuO2R8U 1bDI0W7o3Pb2zYhB QSabhET5tNnXgX60 asqla05DvWvndrgH KHBd51v9Lk79JoNu xlWntBwCLfHgHam8 K5TJWlCDC2GiIJEC ziJdi0Y4mj4TIJZ9 9pH9xdreYrmVM1JI WVwd9ExLXa3zphJn RnvIh4TOetAfG82E bpy0VAq3GZuO2R8U HAZt9xslXTTIQrh6 ziJdi0Y4mj4TIJZ9 OMjRZA0G6vbBxKd5 J5iqQt6wukvg6KLY rvadWwbDVrEOdUmt qeVT6FbNKHRizFU8 9L0zlmq9jRh6nd1I tZ46uZudk7AfSXt1 qQzEeIfIOpoI9qKk ZsdU4FLz0FoJAHOC e9DWnoEu0mxMb9VK HAZt9xslXTTIQrh6 9dVIdmIqrww8IL0A z6aHWvfWV1YcOU3s uuhviI1p7F0sChqp HAZt9xslXTTIQrh6 LI7uFZ34s97AeNpk Gypke7sesv6WDuj9 8pFqGmxaOhvFeBf4 jVrty3u6KGOjBg80 W4POX5YqpnnI3x1U LdwRPFzBNqStC5X8 Byr8ftz6Pn4uac3K 9pH9xdreYrmVM1JI 3SYpu8y7n2lFaEgA 2hsCdf5s2NPqItPy HqZKcXPbTIsIN6eT 2yhNJ9fcTz8hRVDj PmJZCdR41rbLgXgi EotYPttMvJbBfyaO Dg4uIWuVD7Xd3FfI PDtM7hU3L1QjW9eR uRc2j178KRm3sVAY fg0WyZdFGAAZWRqK pKGVzMiXVo3v1oQu HAZt9xslXTTIQrh6 0BNdm9hpaqd4q3Tx SLuZYQ4lYwLMQuMp 0rKC7Chib5iDGjTC U5CEflgpFptgqHUL quCqGzaCZ5rVk9Gn ngcwhTcmwXuonGlk AvHIDL41dbfeNksW 27KMNaF72cTW0PDA 2v7uFoKD90sPVOTA xLhGn69fZWxkF2ME Uw31N0oW965MP4qr ziJdi0Y4mj4TIJZ9 yILnNjtdKS6kD3NP 3th5kfdmmYoxH6sF uN0YmlR4YKMmyTVh 6Gt5ffOE5tOJA8A7 8vLm5GS8pptr9y8t kmMzOIvorXbmvHXw R43sDxzHzrO5kncN Of6XUqufA1wxpnuj TEBcdk0AQd6dKevH ZASkL5Mxwr8cbBFG HAZt9xslXTTIQrh6 LjKfvPnu1IVb9d8E M9il2j2XBWeGdURv Zo0umr3KFWOZJQPm Zjo93yXsdcDV6Oit
100
HAZt9xslXTTIQrh6 HAZt9xslXTTIQrh6
bpy0VAq3GZuO2R8U bpy0VAq3GZuO2R8U
ziJdi0Y4mj4TIJZ9 ziJdi0Y4mj4TIJZ9
RnvIh4TOetAfG82E RnvIh4TOetAfG82E
OMjRZA0G6vbBxKd5 OMjRZA0G6vbBxKd5
WVwd9ExLXa3zphJn WVwd9ExLXa3zphJn
9pH9xdreYrmVM1JI 9pH9xdreYrmVM1JI
J5iqQt6wukvg6KLY J5iqQt6wukvg6KLY
rvadWwbDVrEOdUmt rvadWwbDVrEOdUmt
qeVT6FbNKHRizFU8 qeVT6FbNKHRizFU8
9L0zlmq9jRh6nd1I 9L0zlmq9jRh6nd1I
tZ46uZudk7AfSXt1 tZ46uZudk7AfSXt1
qQzEeIfIOpoI9qKk qQzEeIfIOpoI9qKk
ZsdU4FLz0FoJAHOC ZsdU4FLz0FoJAHOC
e9DWnoEu0mxMb9VK e9DWnoEu0mxMb9VK
KHBd51v9Lk79JoNu KHBd51v9Lk79JoNu
xlWntBwCLfHgHam8 xlWntBwCLfHgHam8
K5TJWlCDC2GiIJEC K5TJWlCDC2GiIJEC
asqla05DvWvndrgH asqla05DvWvndrgH
QSabhET5tNnXgX60 QSabhET5tNnXgX60
1bDI0W7o3Pb2zYhB 1bDI0W7o3Pb2zYhB
9dVIdmIqrww8IL0A 9dVIdmIqrww8IL0A
z6aHWvfWV1YcOU3s z6aHWvfWV1YcOU3s
uuhviI1p7F0sChqp uuhviI1p7F0sChqp
eRAtRmExinGYKjYs eRAtRmExinGYKjYs
fBCH5yXHMW5jQJjk fBCH5yXHMW5jQJjk
LI7uFZ34s97AeNpk LI7uFZ34s97AeNpk
5TjXpBJuIWCWGZis 5TjXpBJuIWCWGZis
8pFqGmxaOhvFeBf4 8pFqGmxaOhvFeBf4
Gypke7sesv6WDuj9 Gypke7sesv6WDuj9
jVrty3u6KGOjBg80 jVrty3u6KGOjBg80
W4POX5YqpnnI3x1U W4POX5YqpnnI3x1U
Byr8ftz6Pn4uac3K Byr8ftz6Pn4uac3K
LdwRPFzBNqStC5X8 LdwRPFzBNqStC5X8
kWAnmn2xV4T8moWO kWAnmn2xV4T8moWO
1yeDQmwUGYi8LEVC 1yeDQmwUGYi8LEVC
0Pfip4BXzoRzyFv2 0Pfip4BXzoRzyFv2
3SYpu8y7n2lFaEgA 3SYpu8y7n2lFaEgA
3PEg9lFbqEimkqjc 3PEg9lFbqEimkqjc
2hsCdf5s2NPqItPy 2hsCdf5s2NPqItPy
HqZKcXPbTIsIN6eT HqZKcXPbTIsIN6eT
drsNw5E8nXGgcxxE drsNw5E8nXGgcxxE
CvZWFxoaMZYhwHYj CvZWFxoaMZYhwHYj
2yhNJ9fcTz8hRVDj 2yhNJ9fcTz8hRVDj
PmJZCdR41rbLgXgi PmJZCdR41rbLgXgi
EotYPttMvJbBfyaO EotYPttMvJbBfyaO
Dg4uIWuVD7Xd3FfI Dg4uIWuVD7Xd3FfI
PDtM7hU3L1QjW9eR PDtM7hU3L1QjW9eR
uRc2j178KRm3sVAY uRc2j178KRm3sVAY
fg0WyZdFGAAZWRqK fg0WyZdFGAAZWRqK
pKGVzMiXVo3v1oQu pKGVzMiXVo3v1oQu
EuY7nNg1nWHDnCBx EuY7nNg1nWHDnCBx
0BNdm9hpaqd4q3Tx 0BNdm9hpaqd4q3Tx
1ByTcIJH8XabOIWu 1ByTcIJH8XabOIWu
SLuZYQ4lYwLMQuMp SLuZYQ4lYwLMQuMp
0rKC7Chib5iDGjTC 0rKC7Chib5iDGjTC
6La4alyyQSzgrmmj 6La4alyyQSzgrmmj
TbM88DujEo9BSxqT TbM88DujEo9BSxqT
U5CEflgpFptgqHUL U5CEflgpFptgqHUL
quCqGzaCZ5rVk9Gn quCqGzaCZ5rVk9Gn
ngcwhTcmwXuonGlk ngcwhTcmwXuonGlk
27KMNaF72cTW0PDA 27KMNaF72cTW0PDA
AvHIDL41dbfeNksW AvHIDL41dbfeNksW
LZyPcj0slZv1Vk6U LZyPcj0slZv1Vk6U
2v7uFoKD90sPVOTA 2v7uFoKD90sPVOTA
nkKMB647tDItOdTX nkKMB647tDItOdTX
YHVvi99ucaU9tYgf YHVvi99ucaU9tYgf
xLhGn69fZWxkF2ME xLhGn69fZWxkF2ME
u7i0C02E9nMoZ6Ab u7i0C02E9nMoZ6Ab
YpZJ50mXHPeALpEr YpZJ50mXHPeALpEr
LsIlvCjQu9Xqre9U LsIlvCjQu9Xqre9U
1Eq6CyZRaHXkARva 1Eq6CyZRaHXkARva
nPVdEshNZOOx6qGx nPVdEshNZOOx6qGx
StSocpbFeWB0czP8 StSocpbFeWB0czP8
Uw31N0oW965MP4qr Uw31N0oW965MP4qr
6GsK7I0daq8OZxaS 6GsK7I0daq8OZxaS
LUoJ0iRCc71uZfNX LUoJ0iRCc71uZfNX
MxcmtGZ6qJUnGaxB MxcmtGZ6qJUnGaxB
gqX9V4QU6KrO7JGI gqX9V4QU6KrO7JGI
yILnNjtdKS6kD3NP yILnNjtdKS6kD3NP
3th5kfdmmYoxH6sF 3th5kfdmmYoxH6sF
8ae7BICLTSRkgPWv 8ae7BICLTSRkgPWv
FzSHaHADmN7Zbhbr FzSHaHADmN7Zbhbr
uN0YmlR4YKMmyTVh uN0YmlR4YKMmyTVh
1r13Qnmq9ixI97Qj 1r13Qnmq9ixI97Qj
6Gt5ffOE5tOJA8A7 6Gt5ffOE5tOJA8A7
8vLm5GS8pptr9y8t 8vLm5GS8pptr9y8t
kmMzOIvorXbmvHXw kmMzOIvorXbmvHXw
R43sDxzHzrO5kncN R43sDxzHzrO5kncN
qKKAwpkuJY9E8dpl qKKAwpkuJY9E8dpl
m8Rn3gh3HBuT9R8d m8Rn3gh3HBuT9R8d
pi9Gjwqb8nw39ALT pi9Gjwqb8nw39ALT
Of6XUqufA1wxpnuj Of6XUqufA1wxpnuj
TEBcdk0AQd6dKevH TEBcdk0AQd6dKevH
ZASkL5Mxwr8cbBFG ZASkL5Mxwr8cbBFG
Plb766RuoiNfkOGW Plb766RuoiNfkOGW
dBEYMpdveobbOa64 dBEYMpdveobbOa64
LjKfvPnu1IVb9d8E LjKfvPnu1IVb9d8E
M9il2j2XBWeGdURv M9il2j2XBWeGdURv
Zo0umr3KFWOZJQPm Zo0umr3KFWOZJQPm
