55 91 48 33 83 137 111 71 159 59 119 152 30 126 1 27 3 160 2 105 134 32 150 49 41 148 109 97 40 181 62 179 122 2 13 1 135 2 113 29 158 106 1 115 61 5 85 90 146 42 54 9 67 76 116 114 3 172 8 53 1 175 74 107 4 77 78 184 163 7 133 140 166 9 66 2 26 88 86 80 4 188 171 149 20 131 185 2 81 118 3 36 168 11 151 45 12 1 16 177 173 57 182 55
84
107 107
105 105
81 81
152 152
54 54
66 43 66
111 111
131 131
85 85
41 41
29 29
126 126
12 12
159 159
134 134
160 160
80 80
181 181
78 78 153
122 122
74 74
118 118
150 150
33 33 186
175 175
77 77
172 172
13 13
11 11
27 170 27
97 97
163 163
67 67
151 151
61 61
71 189 71
171 171
16 16
106 63 106
182 101 182
119 119
113 113
148 148
42 42
188 188
168 168
26 26
166 166
185 185
146 146
177 162 177
149 149
91 91
59 59
133 133
20 20
109 109
32 32
53 53
88 88
137 137
115 115
114 114
135 15 135
9 9
30 30
184 184
49 49
40 40
36 17 36
179 179
57 57
83 83
116 116
90 90 56
76 76
158 158
48 48
8 8
45 45
86 86
140 140 58
173 173
62 62
