Clearnesse Ironshore Valhaven Newby Buttermead Courtwall Corbank Ironriver Goldwyvern Esterfall Oakmere Dellwyn Butterbush Morwall Westvale Courtcastle Violetley Eriwall Oldmoor Foxvale Morwald Marbleiron Foxhaven Freyview Clearnesse
24
Clearnesse Clearnesse
Buttermead Buttermead
Morwald Morwald
Westvale Westvale
Butterbush Butterbush
Eriwall Eriwall
Esterfall Esterfall
Foxhaven Foxhaven
Dellwyn Dellwyn
Corbank Woodice Corbank
Oldmoor Oldmoor
Newby Newby
Morwall Morwall
Valhaven Valhaven
Goldwyvern Goldwyvern
Freyview Freyview
Ironshore Ironshore
Courtwall Courtwall
Foxvale Foxvale
Violetley Violetley
Marbleiron Marbleiron
Courtcastle Courtcastle
Oakmere Oakmere
Ironriver Ironriver
