FacultyClub EarthquakeLibrary Wheeler Cheit IRLE Durham UniversityHouse EarthLibrary OBrien StudentUnion SutardjaDai Warren PacificFilmArchive Manville Unit3 Pimentel Jacobs HearstGym EnergyBuilding SutardjaDai InternationalHouse SutardjaDai Mulford NewspapersLibrary LawrenceofScience FacultyClub BrainImagingCenter BancroftDance ArtHistoryLibrary FacultyClub Etcheverry FacultyClub CITRIS SpringerGateway Hilgard BioscienceLibrary MediaCenter BioscienceLibrary Spieker Koshland MelvinLaboratory FPF Birge StowPlaza AnthropologyLibrary Sproul CareerCenter Morrison Stephens AndersenAuditorium OptometryLibrary Library MartinezCommons Investigative FacultyClub
48
FacultyClub FacultyClub
SpringerGateway SpringerGateway DonnerLaboratory
Pimentel Pimentel
CareerCenter CareerCenter
Spieker Spieker
BrainImagingCenter BrainImagingCenter
AnthropologyLibrary AnthropologyLibrary
PacificFilmArchive PacificFilmArchive
AndersenAuditorium AndersenAuditorium
Manville Manville
InternationalHouse InternationalHouse
BioscienceLibrary BioscienceLibrary
StudentUnion StudentUnion
FPF FPF
Etcheverry Etcheverry
MediaCenter MediaCenter
Library Library
LawrenceofScience LawrenceofScience
Wheeler Wheeler
StowPlaza StowPlaza
OBrien OBrien
Investigative Investigative
HearstGym HearstGym
UniversityHouse SproulPlaza UniversityHouse
Morrison Morrison
Mulford Mulford
MelvinLaboratory MelvinLaboratory
Birge Birge
CITRIS CITRIS
Sproul Sproul
Durham Durham
EnergyBuilding EnergyBuilding
Unit3 Unit3
EarthquakeLibrary EarthquakeLibrary
ArtHistoryLibrary ArtHistoryLibrary
MartinezCommons MartinezCommons
Jacobs Jacobs
SutardjaDai SutardjaDai
BancroftDance BancroftDance
Warren Warren
Cheit Cheit
OptometryLibrary OptometryLibrary
EarthLibrary EarthLibrary
Koshland Koshland
IRLE IRLE
Stephens Stephens
Hilgard Hilgard
NewspapersLibrary NewspapersLibrary
