1 26 48 89 14 22 63 36 80 20 80 70 66 43 66 31 34 88 47 6 53 21 16 166 98 52 46 166 45 40 44 59 33 85 33 29 109 80 88 133 99 74 41 64 42 95 53 55 27 90 8 13 69 68 76 79 58 161 19 27 30 141 17 50 74 94 52 82 11 160 86 36 2 32 87 107 23 104 73 104 91 111 90 152 5 96 176 18 86 111 75 65 54 10 157 60 57 78 3 78 45 35 58 100 92 62 172 84 28 50 97 24 37 24 97 25 4 81 1 49 77 49 67 167 83 167 67 17 88 34 12 51 12 52 72 56 4 159 101 159 39 71 9 93 61 38 4 177 15 1 7 1
100
2 2
3 3
4 4
5 5
6 6
7 7
8 8
9 9
10 10
11 11
12 12
13 13
14 14
15 15
16 16
17 17
18 18
19 19
20 20
21 21
22 22
23 23
24 24
25 25
26 26
27 27
28 28
29 29
30 30
31 31
32 32
33 33
34 34
35 35
36 36
37 37
38 38
39 39
40 40
41 41
42 42
43 43
44 44
45 45
46 46
47 47
48 48
49 49
50 50
51 51
52 52
53 53
54 54
55 55
56 56
57 57
58 58
59 59
60 60
61 61
62 62
63 63
64 64
65 65
66 66
67 67
68 68
69 69
70 70
71 71
72 72
73 73
74 74
75 75
76 76
77 77
78 78
79 79
80 80
81 81
82 82
83 83
84 84
85 85
86 86
87 87
88 88
89 89
90 90
91 91
92 92
93 93
94 94
95 95
96 96
97 97
98 98
99 99
100 100
101 101
