159 77 190 77 159 22 159 77 140 149 4 44 60 44 131 88 29 50 108 38 108 75 37 46 192 46 200 54 85 137 127 61 127 146 127 137 76 184 165 65 26 65 51 148 41 148 47 182 48 117 7 72 45 25 101 137 53 193 24 20 87 20 104 11 30 81 164 43 164 6 52 156 64 177 174 177 111 34 111 128 111 177 64 57 63 13 106 13 63 121 166 27 169 27 145 27 173 133 17 36 66 10 171 69 155 69 138 25 101 132 101 147 40 147 59 100 199 100 181 23 194 21 194 23 181 100 139 71 157 71 15 167 15 129 74 185 74 158 102 123 102 82 102 158 99 158 92 116 92 114 35 114 31 9 28 81 156 56 14 97 126 172 119 86 119 67 162 191 162 96 56 93 154 2 154 93 65 98 32 79 3 79 32 189 107 134 120 134 107 189 8 178 8 193 180 122 180 109 159
98
159 77
169 169
191 191
72 72
120 120
2 2
185 185
40 40
88 88
21 21
155 155
36 36
126 126
34 34
178 178
11 11
31 31
139 139
47 47
165 165
192 192
38 38
85 85
116 116
123 123
122 122
106 106
4 4
24 24
174 174
3 79 3
86 86
99 99
121 121
132 132
96 96
167 167
26 26
82 82
87 87
146 146
52 52
157 157
60 60
51 51
128 128
37 37
59 59
133 133
200 200
35 35 114
138 138
28 28
43 43
107 107
93 93
14 14
61 61
145 145
199 199
76 76
41 41
64 64
32 32
53 53
181 181
48 48
190 190
109 109
98 98
97 97
10 10
156 156
15 15
101 101
102 102
71 71
180 180
148 148
7 7
45 45
63 63
6 6
140 140
46 46
154 154
158 158
17 17
134 134
172 172
74 74
111 111
193 193
137 137
100 100
22 22
65 65
13 13
