Satish R6VBAVZ0B PTWCQ PZMGYZL ZY9VPYMXA Q1GPNKF7O5 4INC2D8SDN ER2YSPML1C Z6H98 NSBI OXWYDF VFRT26 1BZLEM YXBMACC ICTGXV WZ1MC3189 KSHB2KG ZRYV5F 9XFF FS1RWBVR7 Q1GPNKF7O5 399VM5PU6 UVP4WIKK BBFYA9B PTL1QU KRM4B 92R432 PYD9SISJI Satish
25
VFRT26 VFRT26
1BZLEM 1BZLEM
ZRYV5F ZRYV5F
YXBMACC YXBMACC
PZMGYZL PZMGYZL
FS1RWBVR7 FS1RWBVR7
PTWCQ PTWCQ
PYD9SISJI PYD9SISJI
KRM4B KRM4B
WZ1MC3189 WZ1MC3189
BBFYA9B BBFYA9B
R6VBAVZ0B R6VBAVZ0B
UVP4WIKK UVP4WIKK
OXWYDF OXWYDF
399VM5PU6 399VM5PU6
PTL1QU PTL1QU
Z6H98 Z6H98
9XFF 9XFF
4INC2D8SDN 4INC2D8SDN
92R432 92R432
ICTGXV ICTGXV
KSHB2KG KSHB2KG
ER2YSPML1C ER2YSPML1C
ZY9VPYMXA ZY9VPYMXA
NSBI NSBI
