Satish IHN21LA4 RP28W1 M71OYIS EEZS HQG39M B3R68HYWZ W6YZ5IB LM7KL5G3V O44VZ E37ZKA8WK M35E E2DHWGC GN4G0L2 HBQM42U LU68 3WJYJDDU VGYKKKOFLZ Q7Z37G5 FM2HEMVR1 ZZACWP ET82NVH9 7622OJ 2BLLD3SK E5HD GNVXN 6PVQIBNB9 8TH7QVQY YSRPP 26PG GILAN21GR3 HM48FZD0 H41HZ6 QW15YTSV 91ZONFE LU68 DNIV2BOR2P PMXEOGGIQ DST5W4G0 KBI1CALMNJ ARTWTP9 KCOFJD 01G9IQ2 PUW25N CKNDWG 4VE7V DDB26ZHC SQLSVN 5XYO CXQDH6YMZ8 J2ETZ1C CV6NHW7M 7T8I47 ETNCY9XH2 C8WREP 02X2C VOAV YQB2CII950 LU68 DYYG23O 9K8PLAET A8WYICH3 9V10EOH E9DZLL M649OA ZMQ5BH L7QS0UEPJ Q7ZEY 7GAD3F CB93 B690 MLKOJ JX6GCY YU3U1T 1UCE 8MDFNIK8AY FWM5C LU68 0TRB9358 W71YV1R66L 79KTC8AS9 P6RI91D87 3IXHQXHYBV LBR67PCKBJ 2B1K6EW9CL ETB2 MXJIYJYNH4 G90OCSZY FPZT ZH2INF 5HULMUDLAQ 3J6SSA GH8C G4QE3I 8UPUEGO EFIKTK4Y0Y 4P0LGP0 PIW6IC50D H1LQ91V A118 FM2G14H8I 9QJRN LQQ5IH 4UE11 ZMZIWZ 4C88SXD Satish
100
3WJYJDDU 3WJYJDDU
9QJRN 9QJRN
GNVXN GNVXN
8MDFNIK8AY 8MDFNIK8AY
B690 B690
W71YV1R66L W71YV1R66L
G4QE3I G4QE3I
P6RI91D87 P6RI91D87
ET82NVH9 ET82NVH9
SQLSVN SQLSVN
9V10EOH 9V10EOH
YU3U1T YU3U1T
CB93 CB93
2BLLD3SK 2BLLD3SK
1UCE 1UCE
IHN21LA4 IHN21LA4
DNIV2BOR2P DNIV2BOR2P
91ZONFE 91ZONFE
DDB26ZHC DDB26ZHC
EFIKTK4Y0Y EFIKTK4Y0Y
G90OCSZY G90OCSZY
0TRB9358 0TRB9358
JX6GCY JX6GCY
YQB2CII950 YQB2CII950
7T8I47 7T8I47
HQG39M HQG39M
79KTC8AS9 79KTC8AS9
4UE11 4UE11
ETNCY9XH2 ETNCY9XH2
EEZS EEZS
A118 A118
FM2HEMVR1 FM2HEMVR1
KCOFJD KCOFJD
7622OJ 7622OJ
HBQM42U HBQM42U
8UPUEGO 8UPUEGO
ARTWTP9 ARTWTP9
VOAV VOAV
ETB2 ETB2
26PG 26PG
C8WREP C8WREP
3IXHQXHYBV 3IXHQXHYBV
FWM5C FWM5C
LM7KL5G3V LM7KL5G3V
02X2C 02X2C
PIW6IC50D PIW6IC50D
QW15YTSV QW15YTSV
ZZACWP ZZACWP
M35E M35E
E5HD E5HD
H41HZ6 H41HZ6
J2ETZ1C J2ETZ1C
LQQ5IH LQQ5IH
A8WYICH3 A8WYICH3
ZH2INF ZH2INF
E9DZLL E9DZLL
4C88SXD 4C88SXD
ZMQ5BH ZMQ5BH
MLKOJ MLKOJ
E2DHWGC E2DHWGC
8TH7QVQY 8TH7QVQY
ZMZIWZ ZMZIWZ
3J6SSA 3J6SSA
DST5W4G0 DST5W4G0
01G9IQ2 01G9IQ2
MXJIYJYNH4 MXJIYJYNH4
PUW25N PUW25N
Q7ZEY Q7ZEY
YSRPP YSRPP
HM48FZD0 HM48FZD0
L7QS0UEPJ L7QS0UEPJ
KBI1CALMNJ KBI1CALMNJ
CKNDWG CKNDWG
GH8C GH8C
4P0LGP0 4P0LGP0
FM2G14H8I FM2G14H8I
M71OYIS M71OYIS
CV6NHW7M CV6NHW7M
LBR67PCKBJ LBR67PCKBJ
7GAD3F 7GAD3F
O44VZ O44VZ
PMXEOGGIQ PMXEOGGIQ
GILAN21GR3 GILAN21GR3
FPZT FPZT
VGYKKKOFLZ VGYKKKOFLZ
CXQDH6YMZ8 CXQDH6YMZ8
DYYG23O DYYG23O
GN4G0L2 GN4G0L2
M649OA M649OA
5HULMUDLAQ 5HULMUDLAQ
Q7Z37G5 Q7Z37G5
RP28W1 RP28W1
5XYO 5XYO
E37ZKA8WK E37ZKA8WK
4VE7V 4VE7V
H1LQ91V H1LQ91V
6PVQIBNB9 6PVQIBNB9
2B1K6EW9CL 2B1K6EW9CL
9K8PLAET 9K8PLAET
B3R68HYWZ B3R68HYWZ
