129 44 1 62 1 58 0 183 92 197 137 89 8 161 103 4 158 81 4 11 13 180 108 125 0 114 151 1 196 25 4 194 4 59 175 0 21 61 3 152 3 188 16 189 48 8 17 57 155 49 150 121 171 53 0 123 63 191 96 76 7 2 88 40 5 174 2 33 87 0 97 91 26 126 0 110 0 55 14 160 0 82 0 15 145 0 65 177 190 64 128 0 163 0 178 39 0 95 156 99 56 85 6 51 23 2 195 157 29 0 105 192 0 98 100 107 0 122 0 109 0 66 0 50 0 142 0 184 0 101 84 9 0 130 36 0 129
100
180 180
161 161
142 142
121 121
11 11
5 5
150 150
53 53
97 97
189 189
2 2
87 87
95 95
183 183
128 128
65 65
17 17
174 174
122 122
40 40
48 48
110 110
23 23
125 125
36 36
158 158
101 101
56 56
63 63
84 84
195 195
50 50
123 123
33 33
160 160
100 100
98 98
152 152
137 137
156 156
55 55
130 130
15 15
163 163
184 184
62 62
29 29
175 175
51 51
107 107
92 92
103 103
145 145
0 0
49 49
171 171
126 126
16 16
114 114
188 188
155 155
91 91
21 21
157 157
88 88
58 58
61 61
196 196
96 96
177 177
191 191
99 99
85 85
178 178
26 26
194 194
89 89
76 76
59 59
8 8
105 105
6 6
39 39
66 66
109 109
151 151
108 108
25 25
14 14
190 190
13 13
44 44
81 81
9 9
64 64
82 82
4 4
192 192
57 57
197 197
