awsq33VKPi6omYhDxD FXctIQn9v XwqXZ5 9NiO9NIt6mT qaNF4 a049zYG55Zn66Xbmpdp0 fnMwNw1M6Naw owJxU5AByA1usDUB3gkv fnMwNw1M6Naw IAPW3R l 23LQ1uFKh B6zwxFUTXP7207OU b88Y9j2qm7Ik9Uc1Akg 4o t4g038uD0J7N2MjjK 4o eh31Ty 5NI1AGh6XyxT39yE LgZ3kgV zvAc9Z2d7eDxV 3AZZS7ZlVKs4rRsl T930LVMZqWnRhtA bIXpEU56v5EwRurYx T930LVMZqWnRhtA zvAc9Z2d7eDxV gE2u1BLhV0VP9W4K FXctIQn9v J 3l6XBJU8C1Vc5ugKIhUy J Tgw4KRLY56280J0 o2TJY8U 3AZZS7ZlVKs4rRsl 10rY1cuVgs e2CQ 10rY1cuVgs IU22L8 10rY1cuVgs tH7nO948j59TD 10rY1cuVgs FXctIQn9v awsq33VKPi6omYhDxD
22
awsq33VKPi6omYhDxD awsq33VKPi6omYhDxD
IU22L8 IU22L8
b88Y9j2qm7Ik9Uc1Akg b88Y9j2qm7Ik9Uc1Akg
3l6XBJU8C1Vc5ugKIhUy 3l6XBJU8C1Vc5ugKIhUy J
owJxU5AByA1usDUB3gkv owJxU5AByA1usDUB3gkv
e2CQ e2CQ
9NiO9NIt6mT 9NiO9NIt6mT
o2TJY8U o2TJY8U
5NI1AGh6XyxT39yE 5NI1AGh6XyxT39yE
t4g038uD0J7N2MjjK t4g038uD0J7N2MjjK
bIXpEU56v5EwRurYx T930LVMZqWnRhtA bIXpEU56v5EwRurYx
a049zYG55Zn66Xbmpdp0 a049zYG55Zn66Xbmpdp0
tH7nO948j59TD tH7nO948j59TD
B6zwxFUTXP7207OU B6zwxFUTXP7207OU
l l
gE2u1BLhV0VP9W4K zvAc9Z2d7eDxV gE2u1BLhV0VP9W4K
Tgw4KRLY56280J0 Tgw4KRLY56280J0
4o 4o
10rY1cuVgs 10rY1cuVgs
qaNF4 qaNF4
fnMwNw1M6Naw fnMwNw1M6Naw
3AZZS7ZlVKs4rRsl 3AZZS7ZlVKs4rRsl
