845LWU7Kg6167HQY a y B4mQOl023dn1 5Ll49ySSWT043CtCd2 NQ3vX6W6H74aK53np 4l4aqvNKB KpBvy 4 TU76UjE52906 48783322I5q9PFVPT 9vq8gscs7dz1 eDv5MBdo 5Qkzz260R7 WPu ZT3 95E0752p51t u3Qv EnhLq7BgTj8IN3Z2m u3Qv 42U0k6JhTQxPvUw8 5 D 2qgWbB40Ya16 MY3aL96Y 5CCl0n2r5512 1P8KX xaM1q4jQi3efYb0 11l6P71DgEau1baEX4 77yN7eHZwfF99R2 TBk5Pt5vt5SInt 7L J 672Pt4Ytw8LW J X6SrYf57mSUQQ28C J ElUTL 122gt ElUTL D SmI7f H6pXAnE0KypnExX SmI7f H6pXAnE0KypnExX YLKBD54k NGDVzC D 9 N8191M9E9v HDLHc5Kdk SL88w66v7 HDLHc5Kdk SpXOzJq05hvQH12ugJr5 O58T 95fufpL7BuUW8Mng00jE O41Muu YKpC4gQmPKaU311w9eOT UH4Lf7FAuZoT4lv2 DUiYDuR9yYFD5 MVvh eDv5MBdo 9vq8gscs7dz1 6RiHvQ4xTN5 fgM12T 2P26ok0f25 eqYzN7b19UgNo1K 2P26ok0f25 fgM12T 5 D KKUFV29x8iO ftk2 KKUFV29x8iO 2qgWbB40Ya16 TU76UjE52906 3 3k k r ICQxh0Q58799CUd2 r geUO1h 8M2OK8Px58 i7lmV5iDIgl5f 845LWU7Kg6167HQY
49
845LWU7Kg6167HQY 845LWU7Kg6167HQY
ftk2 ftk2
11l6P71DgEau1baEX4 11l6P71DgEau1baEX4
H6pXAnE0KypnExX H6pXAnE0KypnExX
ZT3 ZT3
9 9
YKpC4gQmPKaU311w9eOT YKpC4gQmPKaU311w9eOT
NQ3vX6W6H74aK53np NQ3vX6W6H74aK53np
eqYzN7b19UgNo1K eqYzN7b19UgNo1K
4l4aqvNKB 4l4aqvNKB
ICQxh0Q58799CUd2 ICQxh0Q58799CUd2
5CCl0n2r5512 5CCl0n2r5512
8M2OK8Px58 8M2OK8Px58
KKUFV29x8iO KKUFV29x8iO
X6SrYf57mSUQQ28C X6SrYf57mSUQQ28C
5Qkzz260R7 5Qkzz260R7
3 3
EnhLq7BgTj8IN3Z2m EnhLq7BgTj8IN3Z2m
O58T O58T
DUiYDuR9yYFD5 DUiYDuR9yYFD5
95E0752p51t 95E0752p51t
5 5
6RiHvQ4xTN5 6RiHvQ4xTN5
122gt 122gt
B4mQOl023dn1 B4mQOl023dn1
YLKBD54k YLKBD54k
4 4
48783322I5q9PFVPT 48783322I5q9PFVPT
r r
TBk5Pt5vt5SInt TBk5Pt5vt5SInt
42U0k6JhTQxPvUw8 42U0k6JhTQxPvUw8
672Pt4Ytw8LW 672Pt4Ytw8LW
SL88w66v7 SL88w66v7
MVvh MVvh
ElUTL ElUTL
SmI7f SmI7f
TU76UjE52906 TU76UjE52906
D D
O41Muu O41Muu
7L 7L
fgM12T fgM12T
eDv5MBdo eDv5MBdo
geUO1h geUO1h
2qgWbB40Ya16 MY3aL96Y 2qgWbB40Ya16
3k 3k
KpBvy KpBvy
xaM1q4jQi3efYb0 xaM1q4jQi3efYb0
y y
u3Qv u3Qv
