0 49 22 49 0 38 0 26 0 20 0 74 36 97 24 46 97 54 39 86 8 96 31 96 10 63 48 69 17 69 34 47 41 15 41 47 27 47 34 14 30 14 10 77 16 23 42 51 5 45 40 4 57 35 18 78 25 6 25 78 18 33 18 9 43 9 37 98 32 98 29 37 44 11 45 12 28 19 2 3 13 3 5 7 56 21 41 1 71 11 0
50
0 0
6 6
27 27
2 2
32 32
4 4
8 8
16 16
17 17
33 33
1 1
7 7
12 12
24 24
43 43
10 10
13 13
15 15
21 21
22 22
29 29
30 30
31 31
34 34
35 35
36 36
39 39
42 42
44 44
48 48
3 3
5 5
9 9
11 11
14 14
18 18
19 19
20 20
23 23
25 25
26 26
28 28
37 37
38 38
40 40
41 41
45 45
46 46
47 47
49 49
