a0 a3 c2 a3 c0 c1 c0 a3 a0 h2 i4 i5 i4 h2 a0 d8 e9 g0 e9 d8 a0 k4 a0 k1 a0 k0 a0 b9 b8 b7 b6 a0 i3 a0 k2 a0 k6 a0 k9 a0 n4 n5 n6 n7 n8 n9 o0 o1 o2 o3 o4 o5 o6 o7 o8 o9 a0 h4 p0 h4 a0 h3 i6 h3 a0 g9 e8 h0 p8 p7 p6 p5 p4 p3 p2 p1 a0 h9 j0 i9 j0 h9 a0 f4 f5 g1 g2 g3 g2 g4 g5 g7 g8 g4 g6 i0 g8 f5 f4 a0 h1 i2 h1 a0 d5 e5 e6 e7 d7 a0 l0 l1 l2 l3 l4 l5 l6 l7 l8 l9 l8 l7 l6 l5 l4 l3 l2 l1 l0 a0 d4 e0 e1 e2 e3 d6 e4 d6 a0 c3 c4 c5 d2 c6 d1 a0 a1 b0 a1 b3 a1 b2 a1 b1 a1 a0 i1 a0 k7 a0 h7 i7 h8 i8 h8 i7 h7 a0 m4 n0 m5 n2 m6 n3 m6 n2 n1 n0 m4 a0 k5 a0 k8 a0 d3 c8 c9 c8 d3 c7 d3 a0 k3 a0
98
a0 b4 b5 p9
l9 l9
o1 o1
n3 n3
p6 p6
g3 g3
l4 l4
c1 c1
g7 g7
i8 i8
n7 n7
o5 o5
n1 n1
c5 c5
c9 c9
e1 e1
e6 e6
g0 g0
g6 g6
i5 i5
i9 i9
p3 p3
b7 b7
c2 c2
b0 b0
b1 b1
b2 b2
b3 b3
c6 c6
c7 c7
e3 e3
e4 e4
e8 e8
g1 g1
i2 i2
i6 i6
i7 i7
l1 l1
l6 l6
n5 n5
n9 n9
o3 o3
o7 o7
p0 p0
p8 p8
b8 b8
n0 n0
n2 n2
c0 c0
b6 b6
b9 b9
c3 c3
c4 c4
c8 c8
e0 e0
e2 e2
e5 e5
e7 e7
e9 e9
g2 g2
g4 g4
g5 g5
g8 g8
g9 g9
i0 i0
i1 i1
i3 i3
i4 i4
k0 k0
k1 k1
k2 k2
k3 k3
k4 k4
k5 k5
k6 k6
k7 k7
k8 k8
k9 k9
l0 l0
l2 l2
l3 l3
l5 l5
l7 l7
l8 l8
n4 n4
n6 n6
n8 n8
o0 o0
o2 o2
o4 o4
o6 o6
o8 o8
o9 o9
p1 p1
p2 p2
p4 p4
p5 p5
p7 p7
