AA DT CX DU CX DS CX AN CY DV CY DW CY AN AD AL AD AK AD DN CT AM CW DP CW DQ CW AM CV DR CV AM CT DN AD AA AC AJ AC AA AB AG BC BK FE DZ EC EB EA EI FB EI EA FC EA EB EC DX DY DX EC EE EF EN EQ EO EQ EN EF EL EW EX EY EX EW EL EF EH FA EH EJ EZ EJ EH EF EE ED EP ED EE EC DZ FE BK BC BJ BC AG BB BI BB BH BB AG AZ BD AZ AG BA BF BA BE BA BG BA AG AB AF AB AE AO AQ AO AP AO AE AB AH BM BP CE BW AI BW CE BP BM AH BN BS FF BS BN AH AB AA
46
AA AA
EZ EZ
EO EO
EY EY
EP EP
DP DP
AI AI
FF FF
AF AF
BD BD
DV DV
BK BK
AQ AQ
DR DR
BE BE
FA FA
AL AL
AH AH
BH BH
DS DS
DW DW
BJ BJ
AP AP
AK AK
BG BG
DU DU
DQ DQ
DY DY
BF BF
FB FB
AJ AJ
BI BI
AE AE
AN AN
AG AG
AM AM
AD AD
FC FC
DZ DZ
DX DX
AC AC
AO AO
EX EX
EN EN
DT DT
AB AB
