112 123 8 73 109 84 146 23 174 49 107 152 183 34 78 181 184 194 24 160 154 6 187 41 99 163 68 131 42 56 54 9 170 17 105 188 157 21 44 124 182 75 114 144 165 119 138 59 58 130 14 162 80 64 149 66 120 136 169 121 172 97 168 129 36 85 190 33 71 52 83 81 127 126 29 69 27 53 158 171 72 70 11 147 20 104 0 166 117 28 95 151 102 35 40 13 94 143 60 96 118 112
100
83 83
52 52
71 71
20 20
147 147
11 11
160 160
170 170
149 149
84 84
171 171
157 157
58 58
40 40
143 143
27 27
102 102
42 42
131 131
138 138
72 72
114 114
117 117
121 121
78 78
59 59
81 81
120 120
80 80
64 64
73 73
152 152
126 126
166 166
85 85
127 127
23 23
136 136
56 56
41 41
96 96
13 13
99 99
34 34
130 130
118 118
129 129
184 184
17 17
70 70
174 174
33 33
182 182
183 183
53 53
109 109
168 168
172 172
124 124
107 107
14 14
151 151
123 123
28 28
29 29
75 75
146 146
163 163
36 36
21 21
144 144
188 188
6 6
9 9
44 44
97 97
24 24
190 190
104 104
154 154
194 194
181 181
158 158
68 68
66 66
169 169
69 69
0 0
8 8
105 105
94 94
54 54
95 95
60 60
187 187
119 119
49 49
165 165
162 162
35 35
