Soda loc106 loc172 loc6 loc156 loc145 loc36 loc106 loc25 loc140 loc53 loc179 loc1 loc177 loc42 loc177 loc92 loc57 loc72 loc57 loc157 loc59 loc20 loc40 loc137 loc75 loc92 loc2 loc104 loc163 loc154 loc171 loc42 loc163 loc104 loc43 loc27 loc8 loc194 loc111 loc30 loc39 loc136 loc39 loc198 loc166 loc109 loc166 loc198 loc24 loc31 loc128 loc111 loc115 loc99 loc9 loc99 loc115 loc60 loc68 loc192 loc170 loc196 loc61 loc178 loc103 loc155 loc51 loc196 loc185 loc142 loc7 loc113 loc196 loc52 loc126 loc68 loc60 loc77 loc173 loc107 loc146 loc107 loc173 loc77 loc27 loc43 loc50 loc83 loc94 loc34 loc84 loc167 loc97 loc84 loc34 loc118 loc14 loc121 loc88 loc138 loc189 loc32 loc34 loc94 loc17 loc129 loc179 loc3 loc179 loc80 loc179 loc3 Soda
45
Soda Soda
loc20 loc20
loc109 loc28 loc109
loc140 loc140
loc136 loc136
loc6 loc6
loc171 loc171
loc9 loc9
loc146 loc146
loc72 loc72
loc24 loc24
loc145 loc106 loc172 loc36 loc156 loc145
loc154 loc154
loc155 loc155
loc167 loc167
loc121 loc14 loc121 loc88
loc7 loc142 loc7
loc32 loc32
loc61 loc61
loc118 loc118
loc138 loc138
loc185 loc185
loc25 loc25 loc53 loc58
loc39 loc11 loc30 loc39
loc59 loc59
loc40 loc40
loc80 loc80 loc199 loc64
loc128 loc128
loc34 loc34
loc173 loc173 loc107
loc3 loc3
loc189 loc189
loc84 loc84
loc97 loc97
loc57 loc57 loc157
loc75 loc75 loc137
loc51 loc51
loc103 loc103
loc170 loc192 loc170
loc50 loc50 loc83
loc126 loc126
loc194 loc193 loc101 loc165 loc122 loc79 loc10 loc147 loc15 loc111 loc77 loc41 loc183 loc188 loc141 loc100 loc26 loc55 loc95 loc114 loc131 loc180 loc181 loc194 loc35 loc38 loc37 loc8 loc22
loc17 loc13 loc74 loc23 loc17
loc94 loc94
loc42 loc45 loc82 loc90 loc65 loc151 loc42 loc163
