0 54 53 87 79 68 83 62 12 10 12 125 28 20 2 4 74 4 133 52 82 70 111 75 111 78 35 38 8 98 9 85 148 45 56 99 113 30 9 98 8 34 97 194 66 169 84 80 71 0 31 14 93 16 74 67 74 16 93 21 6 25 3 90 12 23 12 90 88 57 88 63 26 110 96 64 11 64 40 94 24 16 113 15 58 145 164 42 176 1 95 132 43 109 163 7 59 51 89 167 110 26 110 17 158 18 73 100 61 100 103 58 36 46 49 48 72 177 33 177 92 60 92 76 47 37 139 86 106 13 106 50 59 29 39 29 5 65 5 42 176 19 41 44 27 44 179 69 192 81 112 149 22 5 196 18 32 77 55 151 53 2 0
95
47 47
70 70
33 33
10 10
57 57
97 97
26 26
78 78
68 68
39 39
19 19 41
46 46
98 9 98
43 43
40 40
61 61
14 14
74 74
77 77
21 21
51 51
22 22
96 96
76 76
20 20
69 69
23 23
55 55
50 50
60 60
73 73
99 99
5 5
3 3
17 17
42 42
67 67 91
85 85
44 44
83 83
71 71
89 89
37 37
13 13
53 53
52 52
11 11
79 79
95 95
35 35
58 58
34 34
63 63
31 31
75 75
84 84
49 49
27 27
15 15
81 81
18 18
94 94
38 38
28 28
66 66
48 48
93 93
56 45 56
7 7
64 64
25 25
72 72
1 1
88 88
100 100
87 87
82 82
4 4
12 12
92 92
80 80
16 16 24
30 30
86 86
2 2
32 32
90 90
8 8
65 65
29 29
6 6
59 59
62 62
36 36
54 54
