0 31 51 24 25 24 46 65 83 49 83 41 70 17 76 48 42 34 16 8 95 9 89 21 4 47 4 19 50 46 5 15 69 38 52 18 26 2 32 2 20 97 37 3 11 18 12 18 22 29 21 77 36 77 21 14 13 30 28 27 76 17 70 35 28 33 86 39 45 83 59 43 76 23 44 7 1 10 1 7 6 84 0
48
3 3
15 15
22 22
13 13
41 41
10 10
50 27 50
36 36
8 8
48 48
25 25
20 20
33 33
9 9
12 12
47 47
32 32
44 44
43 43
11 11
17 17
45 45
46 46
38 38
21 21
26 26
24 24
49 40 49
23 23
30 30
7 7
5 5
28 28
14 14
6 6
4 4
42 42
16 16
18 18
2 2
34 34
29 29
19 19
35 35
31 31
1 1
37 37
39 39
