75 89 32 42 32 84 48 58 67 57 39 9 59 24 3 28 97 80 29 43 29 80 64 87 7 13 7 74 36 74 96 73 5 21 99 69 98 56 4 56 44 90 44 77 62 18 76 47 64 81 94 82 92 26 92 19 34 19 81 30 65 79 49 48 86 31 86 25 52 4 47 64 12 91 63 46 55 75
50
75 75
90 90
3 3
26 26
43 43
36 36
91 91
58 58
9 9
65 65
62 62
73 73
87 87
4 4
31 31
94 94
34 34
32 32
57 57
13 13
97 97
46 46
76 76
49 49
69 69
21 21
77 77
59 59
12 12
81 81
44 44
92 92
64 64
56 56
96 96
7 7
29 29
55 55
89 89
48 48
52 52
80 80
74 74
47 47
86 86
42 42
82 82
98 98
84 84
25 25
