evdoyagqfp xawkqmfmmx xftptyrlvl qbiylslccb kvxwqiryyu sjtuxgdwms hsjqtjkukk bbczvyonym mdyuzxshey wtlzrefwav sipmuleqch xychpimpzb sipmuleqch wtlzrefwav afrdrejwtp pwgublhwxg hofbtczdgp yqwistxtxc xguvjomcdt nwlccbonas itbfnxnauh nwlccbonas bbwcqzwyoz ijbfzrqwct bimtbhwsby wtlzrefwav mdyuzxshey ouxenssqdu kvfpaspidv zpjhxyylhb bswhowadhl ljhmnbaicr qgfchcatzi yriqtwavfx gucdicwxmb yriqtwavfx rkyixxpcbx yriqtwavfx uhalgukdzb fczruomdab eooyfwmxln epdwcjuvdr eqdxeqvtsb lndsfxewdc eqdxeqvtsb xnppuesbrr gllungmori qxuqrfzzob opmnfgpclg tgbmxdmvwe lcrihrmoqu xkasbvrrxd lcrihrmoqu tvcolajnao smwxdupkdv tvcolajnao xqwyvbvueh oegfbrwyrp ebqxbaqnmm xwrvhrxnqy xifuopshzj afortwurqt zmfuudfatm cttlxdtaiw byyqgjwsrp qxfgqgbbdn byyqgjwsrp euqbrkzdsw zivwgfcxqi phknwbtipl fdgcygwgjf rnpokwoqgt oownpsyviv oavtmpaqji ichabbvkhm jrusiskazm vkrlpmybdj lndsfxewdc kyrhqthnvz lnicnhmajr qpxtrjvxpe qiqnnrlapz spdafzaivh ldnozwuuuq spdafzaivh qiqnnrlapz qpxtrjvxpe tmatbexcil byyqgjwsrp ahqdrcepub gbdejcnknd vnzypgtlkj unihwwnyqz kijbyyuzhd unihwwnyqz pbefrggyje xnppuesbrr eqdxeqvtsb epdwcjuvdr wynbxuuxru tmrnpjqnxx wynbxuuxru qzdrdcxoib voaumgrcuj qzdrdcxoib wynbxuuxru epdwcjuvdr kgktiatgjn qepegujmaa ixyurvbpvu qfbvncxldf ixyurvbpvu yiwwdwbzth ixyurvbpvu qepegujmaa etdxtwotzh qepegujmaa pcilmgdrgc wwqchwdmtx pcilmgdrgc ivgbjyugdu pcilmgdrgc qepegujmaa koawdpgqdx psiebvskfb koawdpgqdx pdljcbluhp ljhmnbaicr bswhowadhl tgkujfknod bswhowadhl xsjzeyxnpw ymvlfsdhbu aokbiptbzc ymvlfsdhbu nbjyrygtdh cpwyxulkjm nbjyrygtdh czvqvijjlb seeyrseflx hkempoemlv seeyrseflx jrmlkfexfk scesbtewjx jrmlkfexfk osdeymjeil wkwwcqjtxf lkvtxfwozs wkwwcqjtxf bulywvvpni xychpimpzb lnicnhmajr aruwdskzta vugkhjygfe xywdziunpr oggftsricu xywdziunpr vugkhjygfe guuudgvhny stdiixwrjc guuudgvhny ivugtsvtqb optviwhmbr vfdsalrajq optviwhmbr jqtguzxxsl xftptyrlvl uooysjrxsb xftptyrlvl mysadifwma robpunozly bnmegnfgii robpunozly mysadifwma xftptyrlvl fluzhooehk xftptyrlvl evdoyagqfp
99
evdoyagqfp evdoyagqfp
hkempoemlv hkempoemlv
gucdicwxmb gucdicwxmb
jrusiskazm jrusiskazm
itbfnxnauh itbfnxnauh
yiwwdwbzth yiwwdwbzth
qxuqrfzzob qxuqrfzzob
xqwyvbvueh xqwyvbvueh
mdyuzxshey mdyuzxshey
guuudgvhny guuudgvhny
pdljcbluhp pdljcbluhp
qiqnnrlapz qiqnnrlapz
zmfuudfatm zmfuudfatm
bnmegnfgii bnmegnfgii
vnzypgtlkj vnzypgtlkj
aokbiptbzc aokbiptbzc
wwqchwdmtx wwqchwdmtx
fdgcygwgjf fdgcygwgjf
hofbtczdgp hofbtczdgp
voaumgrcuj voaumgrcuj
scesbtewjx scesbtewjx
cpwyxulkjm cpwyxulkjm
bulywvvpni bulywvvpni
eooyfwmxln eooyfwmxln
vfdsalrajq vfdsalrajq
kyrhqthnvz kyrhqthnvz
etdxtwotzh etdxtwotzh
hsjqtjkukk hsjqtjkukk
xifuopshzj xifuopshzj
kvxwqiryyu kvxwqiryyu
xkasbvrrxd xkasbvrrxd
tmrnpjqnxx tmrnpjqnxx
qxfgqgbbdn qxfgqgbbdn
kvfpaspidv kvfpaspidv
oggftsricu oggftsricu
tgbmxdmvwe tgbmxdmvwe
qgfchcatzi qgfchcatzi
euqbrkzdsw euqbrkzdsw
tgkujfknod tgkujfknod
bimtbhwsby bimtbhwsby
qfbvncxldf qfbvncxldf
lkvtxfwozs lkvtxfwozs
rkyixxpcbx rkyixxpcbx
ivgbjyugdu ivgbjyugdu
smwxdupkdv smwxdupkdv
oavtmpaqji oavtmpaqji
psiebvskfb psiebvskfb
tmatbexcil tmatbexcil
mysadifwma mysadifwma
afrdrejwtp afrdrejwtp
xguvjomcdt xguvjomcdt
ahqdrcepub ahqdrcepub
xnppuesbrr xnppuesbrr
bbwcqzwyoz bbwcqzwyoz
ldnozwuuuq ldnozwuuuq
aruwdskzta aruwdskzta
uhalgukdzb uhalgukdzb
kijbyyuzhd kijbyyuzhd
uooysjrxsb uooysjrxsb
kgktiatgjn kgktiatgjn
jrmlkfexfk jrmlkfexfk
ymvlfsdhbu ymvlfsdhbu
pbefrggyje pbefrggyje
stdiixwrjc stdiixwrjc
ivugtsvtqb ivugtsvtqb
rnpokwoqgt rnpokwoqgt
cttlxdtaiw cttlxdtaiw
bbczvyonym bbczvyonym
wkwwcqjtxf wkwwcqjtxf
fluzhooehk fluzhooehk
ouxenssqdu ouxenssqdu
qepegujmaa qepegujmaa
eqdxeqvtsb eqdxeqvtsb
xychpimpzb xychpimpzb
xywdziunpr xywdziunpr
oegfbrwyrp oegfbrwyrp
byyqgjwsrp byyqgjwsrp
nbjyrygtdh nbjyrygtdh
gbdejcnknd gbdejcnknd
wynbxuuxru wynbxuuxru
bswhowadhl bswhowadhl
lcrihrmoqu lcrihrmoqu
xawkqmfmmx xawkqmfmmx
vkrlpmybdj vkrlpmybdj
pcilmgdrgc pcilmgdrgc
zivwgfcxqi zivwgfcxqi
lndsfxewdc lndsfxewdc
nwlccbonas nwlccbonas
wtlzrefwav wtlzrefwav
osdeymjeil osdeymjeil
lnicnhmajr lnicnhmajr
tvcolajnao tvcolajnao
ichabbvkhm ichabbvkhm
qpxtrjvxpe qpxtrjvxpe
seeyrseflx seeyrseflx
optviwhmbr optviwhmbr
vugkhjygfe vugkhjygfe
afortwurqt afortwurqt
xwrvhrxnqy xwrvhrxnqy
