85 54 21 31 12 16 2 98 2 71 2 22 2 47 3 38 20 68 21 99 56 20 96 19 91 44 4 69 12 92 20 53 45 6 55 14 17 3 48 80 19 37 21 76 6 7 21 87 10 51 2 50 2 93 2 35 3 0 3 43 3 81 4 8 36 57 3 86 14 64 12 15 39 46 27 2 23 9 13 34 52 39 11 21 77 21 79 2 28 32 94 5 1 85
50
0 0
1 1
7 7
8 8
11 11
13 13
15 15
16 16
17 17
22 22
23 23
27 27
28 28
31 31
34 34
35 35
37 37
38 38
43 43
44 44
45 45
46 46
47 47
48 48
50 50
51 51
52 52
53 53
54 54
55 55
56 56
57 57
64 64
68 68
69 69
71 71
76 76
77 77
79 79
80 80
81 81
86 86
87 87
91 91
92 92
93 93
94 94
96 96
98 98
99 99
