99 2 188 34 11 90 3 98 36 155 52 151 29 178 2 75 16 15 16 22 2 92 16 102 37 149 3 167 3 161 11 73 6 164 3 80 19 192 2 112 2 40 3 181 7 146 19 168 19 24 19 63 2 47 8 6 88 6 106 6 183 29 184 13 33 19 12 1 3 131 23 174 36 127 36 186 50 150 19 185 16 41 21 111 6 18 7 59 19 124 50 114 6 51 11 170 11 5 11 78 21 0 1 53 7 180 23 165 16 30 49 20 13 68 14 190 16 17 16 148 19 56 6 132 6 119 32 172 11 97 3 28 11 61 7 122 19 26 2 39 2 42 16 166 6 160 13 171 7 130 37 169 23 55 16 173 11 82 2 25 65 83 14 100 2 9 29 158 14 126 13 125 11 123 31 27 3 117 16 163 16 94 52 142 6 70 2 4 13 35 31 99
97
99 99
114 114
83 83
47 47
172 172
68 68
41 41
183 183
4 4
0 0
63 63
123 123
80 80
26 26
34 34
168 168
59 59
90 90
174 174
17 17
75 75
111 111
33 33
150 150
9 9
27 27
82 82
92 92
119 119
146 146
151 151
1 1
8 8
20 20
70 70
24 24
25 25
94 94
98 98
160 160
51 51
55 55
163 163
192 192
15 15
35 35
56 56 66
117 117
127 127
149 149
165 165
184 184
185 185
88 88
102 102
131 131
161 161
171 171
181 181
12 12
28 28
30 30
73 73
124 124
125 10 125
130 130
148 148
178 178
180 180
40 40
42 42
122 122
167 167
169 169
170 170
186 186
100 100
112 112
126 126
132 132
155 155
188 188
190 190
5 5
18 18
22 22 103
39 39
53 53
142 142
158 158
164 164
166 166
61 61
97 97
106 106
173 173
78 78
