81 48 34 52 92 191 159 1 78 197 57 135 45 184 41 70 130 124 84 199 49 87 166 17 154 33 117 23 182 14 86 178 145 89 138 164 35 43 46 165 162 76 158 156 183 80 12 198 20 141 53 152 108 16 58 196 200 100 64 195 167 56 126 170 107 9 74 90 109 71 125 188 88 93 96 127 161 115 69 18 24 85 150 36 189 180 59 179 121 123 132 97 42 65 153 95 77 103 8 27 81
100
81 81
153 153
65 65
97 97
170 170
107 107
56 56
42 42
189 189
103 103
80 80
84 84
64 64
52 52
53 53
125 125
76 76
1 1
24 24
183 183
109 109
90 90
41 41
138 138
70 70
17 17
46 46
197 197
108 108
59 59
87 87
162 162
89 89
69 69
123 123
127 127
179 179
135 135
74 74
86 86
8 8
77 77
198 198
180 180
154 154
150 150
117 117
200 200
45 45
93 93
20 20
14 14
164 164
58 58
152 152
96 96
199 199
23 23
184 184
195 195
196 196
43 43
191 191
121 121
57 57
33 33
100 100
165 165
115 115
18 18
27 27
92 92
130 130
141 141
182 182
35 35
85 85
158 158
49 49
88 88
156 156
166 166
188 188
48 48
124 124
132 132
167 167
95 95
9 9
71 71
12 12
178 178
159 159
78 78
145 145
161 161
36 36
16 16
126 126
34 34
