0 91 68 53 57 49 27 39 0 99 32 4 66 95 93 71 21 13 2 94 43 0 83 75 79 90 36 41 77 84 81 23 60 0 51 92 65 55 76 33 0 28 42 12 0 82 0 17 6 85 16 80 34 11 1 59 40 24 63 20 0 56 9 0 86 29 14 73 52 64 67 19 30 2 74 37 47 98 88 61 8 69 26 50 22 25 15 7 72 46 38 87 5 62 70 0 89 45 0 44 0 97 31 58 3 48 100 18 0 54 0
96
82 82
18 18
19 19
98 98
34 34
16 16
90 90
45 45
100 100
39 39
64 64
31 31
38 38
13 13
53 53
92 92
80 80
8 8
70 70
50 50
15 15
29 29
81 81
65 65
54 54
47 47
75 75
12 12
4 4
52 52
30 30
49 49
24 24
51 51
3 3
42 42
1 1
48 48
33 33
57 57
77 77
60 60
87 87
6 6 96
79 79
9 9
68 68
61 61
83 83
25 25
22 22
73 73
44 44
69 69
94 94
72 72
63 63
89 89
95 95
56 56
23 23
76 76
7 7
32 32
14 14
62 62
37 37
21 21
84 84
41 41
46 46
27 27
71 71
17 17
55 55
26 26
67 67
88 88
28 28
86 86
59 59
20 20 35
2 2
74 74
66 66
91 91
36 36
85 85
58 58
93 93
99 78 99
11 11
97 97
43 10 43
40 40
5 5
