0 3 4 5 6 7 8 9 10 12 13 14 15 14 92 94 93 96 99 100 122 123 122 121 122 100 101 104 101 102 106 105 108 107 ViksNode 112 116 117 116 112 110 111 130 111 110 112 115 114 113 115 112 116 117 33 37 36 35 36 37 38 42 43 42 44 46 47 48 49 51 53 54 58 59 60 59 58 56 54 55 54 58 59 58 62 63 64 73 64 71 70 65 72 74 76 77 78 79 80 81 83 86 85 17 19 18 19 20 21 20 32 23 25 26 28 30 28 27 28 0
45
3 3
4 4
7 7
8 8
10 10
13 13
15 15
18 18
19 19
20 20
21 21
25 25
27 27
30 30
35 35
36 36
37 37
42 42
43 43
47 47
48 48
53 53
55 55
56 56
59 59
60 60
63 63
70 70
71 71
73 73
74 74
78 78
80 80
86 86
94 94
130 130
99 99
121 121
123 123
104 104
106 106
113 113
114 114
108 108
117 117
