exothermic shovel lordosis intangible Tucson Bernini Injun Curtis schedule midget coarse Fisk Halstead Sicilian extrovert sacrifice Bleeker Andersen Bernini namesake swordfish wafer Halstead yogurt FPC Iowa combine trill shovel decor Injun exothermic
22
exothermic felony
extrovert extrovert
Tucson Tucson
Halstead Halstead
combine combine
Curtis Curtis
midget midget
FPC FPC
sacrifice sacrifice
wafer wafer
Andersen Andersen McCall
Iowa Iowa
lordosis lordosis
Bernini Bernini amateur
coarse coarse
namesake namesake
yogurt yogurt
trill trill
swordfish swordfish
shovel shovel
decor Irvin decor
Injun Injun
