birthday fearless absorb nimble use tent worship unused spread knot differ selfish spill volleyball angry attack impend separate imitate scientific teeny bang joke compete airplane compete joke bang teeny scientific imitate separate impend attack angry volleyball spill selfish differ knot spread unused worship tent use nimble absorb fearless birthday
25
birthday birthday
airplane airplane
attack attack
bang bang
unused unused
use use
scientific scientific
differ differ
worship worship
separate separate
compete compete
volleyball volleyball
fearless fearless
absorb absorb
tent tent
spread spread
impend impend
teeny teeny
joke joke
nimble nimble
knot knot
selfish selfish
spill spill
angry angry
imitate imitate
