1 22 81 22 16 49 16 41 94 41 34 62 34 14 89 14 25 86 25 48 88 48 42 59 42 10 65 10 35 87 35 45 75 45 24 53 24 26 51 26 4 67 4 2 57 2 29 73 29 5 76 5 39 69 39 32 80 32 13 58 13 21 61 21 47 93 47 11 78 11 15 85 15 12 52 12 23 55 23 3 92 3 40 71 40 33 72 33 20 64 20 46 82 46 18 70 18 36 83 36 30 95 30 6 56 6 27 63 27 17 96 17 43 50 43 19 54 19 37 68 37 28 60 28 7 74 7 44 77 44 31 91 31 38 90 38 1
46
1 66 79 84
75 75
57 57
96 96
80 80
93 93
67 67
94 94
76 76
53 53
70 70
89 89
59 59
72 72
65 65
73 73
62 62
91 91
56 56
61 61
78 78
92 92
64 64
58 58
69 69
52 52
90 90
49 49
55 55
87 87
50 50
82 82
86 86
85 85
60 60
77 77
71 71
51 51
88 88
54 54
83 83
95 95
81 81
63 63
74 74
68 68
