1 B 1bI V N S 7 P T 1aA E 1aU H 1aB 1aC R 1bM 1aB 1aN 5 9 C K 1 G 1aY 1aV 1bL 1aA 1aX 1bB 1aL 1bH 1aR 1bC 1aC 1aJ 1aZ 1bK J 1aT A Q 1aG 1aA 1aW I 1bA 8 1bG 1aF 1aK 1aQ 1aD 1aA L 1aC 1aA 1aD 1bF 1aK 1aG 1
49
A A
P P
S S
1aU 1aU
5 5
J J
1aK 1aK
1aX 1aX
1aZ 1aZ
1aV 1aV
L L
1aY 1aY
1aB 1aB
R R
1aQ 1aQ
1bG 1bG
1aA 1aA
1bK 1bK
1aJ 1aJ
1aC 1aC
1aF 1aF
Q Q
1bA 1bA
1aW 1aW
1bH 1bH
V V
H H
I I
1bF 1bF
1aT 1aT
N N
1bL 1bL
1aN 1aN
C C
K K
7 7
G G
8 8
1aD 1aD
1bM 1bM
1bB 1bB
1aG 1aG
E E
T T
1aR 1aR
B B
1bC 1bC
9 9
1bI 1aL 1bI
