David0 Grace3 David0 Timothy2 David0 Sally1 David0 Dawn4 David0 David5 Gwendolyn9 Dale10 Paul11 Dale10 Gwendolyn9 Yolanda12 Pamela13 Yolanda12 Michael14 Dorothy15 Kim16 June17 Kim16 Donald18 Kim16 Dorothy15 Michael14 Brandon19 Bree24 Willie28 Elizabeth31 Donald32 Elizabeth31 Gladys33 John34 Lionel35 Christopher36 Lionel35 Jane37 Lionel35 John34 Gladys33 Howard38 Janice39 Howard38 Gladys33 Elizabeth31 Willie28 Suzanne29 Ruben30 Suzanne29 Willie28 Bree24 Randy25 Henry26 Marvin27 Henry26 Randy25 Bree24 Brandon19 Sandra20 Brandon19 Edward22 Brandon19 Patricia23 Brandon19 Rebecca21 Brandon19 Michael14 Yolanda12 Gwendolyn9 David5 Robin6 Susan7 Tami8 Susan7 Robin6 David5 David0
25
Sally1 Sally1
Timothy2 Timothy2
Grace3 Grace3
Dawn4 Dawn4
Robin6 Robin6
Susan7 Susan7
Tami8 Tami8
Dale10 Dale10
Paul11 Paul11
Pamela13 Pamela13
June17 June17
Donald18 Donald18
Sandra20 Sandra20
Rebecca21 Rebecca21
Edward22 Edward22
Patricia23 Patricia23
Randy25 Randy25
Henry26 Henry26
Marvin27 Marvin27
Suzanne29 Suzanne29
Ruben30 Ruben30
Donald32 Donald32
Christopher36 Christopher36
Jane37 Jane37
Janice39 Janice39
