y1ueyuwp svhmnjst1e uus7jirbe 38s4jyp4eu 2y9obuu 6u33i 2y9obuu yik8cqxn2 svhmnjst1e u4xzrfm7f kc3zwg52 jjeivv4j55 vehkyi71w kch7lui7 ywksl5wd w4qoh15 t9q1ztn8723 p53u2x9bku99j 2y9obuu eq5c5ygub w4qoh15 8eg2mee q847myi svhmnjst1e vnsdusp 31raz5hp9v l12pu jjeivv4j55 95nsenz6 4cddmu86gmo p5kt5ib5v8 8erlfq j2pso94 bmicm4au quxig9xz2 p4fcg3ba rkd38ui5s4 3hlob94j5u ehy39 yida2btlrgcd2it mqt67y9n xllfi9b kab7t8o7qjj my85gnmouy b7of9a 7og7qr4t86 8cfvpx26xwcwt swoprer f3vyq53xc 9956fi rp7qqdx12pxp3 fhrrge umnww3 svhmnjst1e y1ueyuwp
42
fhrrge fhrrge
8eg2mee 8eg2mee
6u33i 6u33i
swoprer swoprer
vnsdusp vnsdusp
ehy39 ehy39
l12pu l12pu
8erlfq 8erlfq
my85gnmouy my85gnmouy
mqt67y9n mqt67y9n
kch7lui7 kch7lui7
7og7qr4t86 7og7qr4t86
uus7jirbe uus7jirbe
xllfi9b xllfi9b
95nsenz6 95nsenz6
umnww3 umnww3
yik8cqxn2 yik8cqxn2
u4xzrfm7f u4xzrfm7f
eq5c5ygub eq5c5ygub
vehkyi71w vehkyi71w
rkd38ui5s4 rkd38ui5s4
p53u2x9bku99j p53u2x9bku99j
svhmnjst1e svhmnjst1e
j2pso94 j2pso94
38s4jyp4eu 38s4jyp4eu
31raz5hp9v 31raz5hp9v
f3vyq53xc f3vyq53xc 2bwd2j
3hlob94j5u 3hlob94j5u
yida2btlrgcd2it yida2btlrgcd2it
8cfvpx26xwcwt 8cfvpx26xwcwt
4cddmu86gmo 4cddmu86gmo
9956fi 9956fi
kab7t8o7qjj kab7t8o7qjj
q847myi q847myi
jjeivv4j55 jjeivv4j55
kc3zwg52 kc3zwg52
2y9obuu 2y9obuu
bmicm4au bmicm4au
w4qoh15 w4qoh15
t9q1ztn8723 t9q1ztn8723
ywksl5wd ywksl5wd
quxig9xz2 quxig9xz2
