index155 index0 index44 index14 index67 index17 index0 index4 index150 index128 index141 index87 index124 index198 index22 index52 index86 index3 index133 index172 index0 index63 index49 index109 index23 index90 index11 index118 index60 index31 index0 index89 index0 index10 index134 index83 index40 index50 index186 index95 index114 index2 index169 index15 index57 index0 index18 index0 index152 index88 index159 index158 index92 index58 index1 index115 index130 index96 index26 index170 index137 index81 index25 index0 index174 index69 index1 index165 index1 index196 index0 index143 index62 index47 index1 index30 index125 index97 index27 index110 index113 index0 index107 index0 index39 index157 index21 index6 index108 index5 index32 index199 index112 index99 index0 index20 index6 index106 index56 index55 index1 index129 index2 index100 index116 index2 index190 index19 index3 index9 index66 index144 index0 index155
89
index155 index155
index143 index143
index50 index50
index21 index21
index125 index125
index116 index116
index60 index60
index32 index32
index81 index81
index57 index57
index56 index56
index30 index30
index86 index86
index4 index4 index126
index144 index144
index159 index159
index96 index96
index113 index113
index152 index152
index128 index128
index99 index99 index131
index100 index100
index108 index108
index47 index47
index169 index42 index169
index31 index31
index165 index165
index124 index124
index150 index150
index92 index92
index19 index19
index196 index196
index39 index39
index172 index172
index109 index109 index167
index27 index27
index15 index15
index83 index83
index52 index52
index90 index90
index118 index118
index190 index190
index18 index18 index121
index107 index107
index67 index67 index164
index9 index9
index87 index87
index129 index129 index156
index6 index6
index95 index95
index66 index66
index106 index106
index25 index25
index89 index89
index44 index44
index157 index157
index14 index14 index142
index97 index97
index158 index158
index20 index20
index110 index3 index110
index69 index69
index137 index137
index115 index115
index62 index62
index17 index17
index49 index49
index112 index112
index198 index198
index55 index55
index10 index10
index5 index5
index11 index11
index23 index23
index88 index88
index186 index186
index174 index24 index37 index174
index26 index26
index199 index199
index63 index63
index40 index40
index114 index114
index141 index141
index58 index58
index22 index22
index133 index133
index130 index130
index170 index170
index134 index134
