ZfI6StUliqd8YxBr0zVp Z6746tUNXH05XsKVq5bc SI1jqone3x4IZwZ6qVW6 98jc4TOf5CFD5ooRLXKs WEpQsV1SPLNjRDFxWGJw RnnCc8OgQLqPe5HvvbS3 uYmver98TgwbkIsM8XgU QUmdpeJNwq8Od3rclrVL uYmver98TgwbkIsM8XgU QBaUzVWA62rnfcsnEShZ Af4sQnaDf5G2yrOfmk45 YzWX8RqUW0YPFsebUKYP MraBcGvDEL68zyTsBDgx BFat56YSkekx77JCOMI4 gj1PIUxoUprs5rKMLNpv gX6xMy6pWnenI68kwgcu uYmver98TgwbkIsM8XgU oeCop1Abe4Jnm8NehklA Fa64KRccvM4rqOgxBKtu ip0vmcqzxYgrY2Mc3Bu9 zs8puphf0SbuOBS6XpM9 uYmver98TgwbkIsM8XgU 5JVto9dbOz4Lu3AeAOZD QGzcn6XPemZ0IhmCJCmq Hxhi6IYOb3B8uxHbGYVt mMagcNSN7U8s7oy3e0j4 ZTaw972zQDmYkMO6ISzN QGzcn6XPemZ0IhmCJCmq cC9SZGtAtirSBnbvLWzt gj1PIUxoUprs5rKMLNpv ZBTm8fkarNXg3vLUAnt8 gGXF4imn3IOLlYGD81XA 4yYsNk20bqSMlyASIn37 UoiNiYnewh16WNDFqvYW ZfI6StUliqd8YxBr0zVp
24
ZfI6StUliqd8YxBr0zVp ZfI6StUliqd8YxBr0zVp
YzWX8RqUW0YPFsebUKYP YzWX8RqUW0YPFsebUKYP
QBaUzVWA62rnfcsnEShZ QBaUzVWA62rnfcsnEShZ
Fa64KRccvM4rqOgxBKtu Fa64KRccvM4rqOgxBKtu
gGXF4imn3IOLlYGD81XA gGXF4imn3IOLlYGD81XA
gj1PIUxoUprs5rKMLNpv gj1PIUxoUprs5rKMLNpv
WEpQsV1SPLNjRDFxWGJw WEpQsV1SPLNjRDFxWGJw
mMagcNSN7U8s7oy3e0j4 mMagcNSN7U8s7oy3e0j4
UoiNiYnewh16WNDFqvYW UoiNiYnewh16WNDFqvYW
cC9SZGtAtirSBnbvLWzt cC9SZGtAtirSBnbvLWzt
uYmver98TgwbkIsM8XgU uYmver98TgwbkIsM8XgU
SI1jqone3x4IZwZ6qVW6 SI1jqone3x4IZwZ6qVW6
QUmdpeJNwq8Od3rclrVL Af4sQnaDf5G2yrOfmk45 QUmdpeJNwq8Od3rclrVL
ZBTm8fkarNXg3vLUAnt8 ZBTm8fkarNXg3vLUAnt8
QGzcn6XPemZ0IhmCJCmq QGzcn6XPemZ0IhmCJCmq
98jc4TOf5CFD5ooRLXKs 98jc4TOf5CFD5ooRLXKs
Z6746tUNXH05XsKVq5bc Z6746tUNXH05XsKVq5bc
5JVto9dbOz4Lu3AeAOZD 5JVto9dbOz4Lu3AeAOZD
ip0vmcqzxYgrY2Mc3Bu9 ip0vmcqzxYgrY2Mc3Bu9
BFat56YSkekx77JCOMI4 BFat56YSkekx77JCOMI4
Hxhi6IYOb3B8uxHbGYVt Hxhi6IYOb3B8uxHbGYVt
gX6xMy6pWnenI68kwgcu gX6xMy6pWnenI68kwgcu
RnnCc8OgQLqPe5HvvbS3 RnnCc8OgQLqPe5HvvbS3
zs8puphf0SbuOBS6XpM9 zs8puphf0SbuOBS6XpM9
