hC71hIuyRaST3AiaSZqg YygsiZkXDS9oQ07w4psX v0QCMKnmfkXllH4nQHen OAcbYkMyAi1Iu0vWaaFc 5doygtE58PVlrfBbaaxD Wvcwm6VpeYnZXpTH3IZP VkEnPX1CQCoh4CxlXSlf yMXdJdorJpzOHHt9uIfg oq1GulTWdKtwAlNIQxnY 2dfprAgHp3T6RrgooKgP Mi1upMhcgP7iV16OWKN5 NXZByMrsstrrXRLxVcyg gZiMcGUkLd8qaWleLH1T uwYFKqdXzHrDjwNLVxGZ qsbRHSDlSHG3Ep5gugbq 3MmCPAjYheu6g9TkIxDm uwYFKqdXzHrDjwNLVxGZ x81SdeDfzbsk8wgCHcJT CgUyoeVDFzkf0g6EiF8w 72cxNTZ1Tw5teVGiR2xj nnG2z19YXqYOoAxMQkFV D3gODzQIzHZRe5A487BX TrUW9m3qjkTMvqHNRot0 zbsjvfwSdNExCnTFLo8x 4wWd3kvalFkda9M583i7 btiXecpJBKmrIHtQ7jPA l5OFQGDhW1xJJ8ERuglz 7DZfG4yobV0xCcSaxf27 468JV90VoJDfHRf7bwGC NqvNOj5h3GSbJm5NawjL 61VEe5QpRdEG1AHTZmSn eULKHiriYHElwEbrQo2X 1uTE034Q24DWmybWBbX4 aGWdv30UuUFiszMErlJF 3MmCPAjYheu6g9TkIxDm bw0K7NVh1sgqlnescYkX Wvcwm6VpeYnZXpTH3IZP 61VEe5QpRdEG1AHTZmSn 9WdSftrlWeJdclTkQ4Ss rW1b1NT9NaRlIIxoT8XF ddzqPXECnHQT4a4RIpSF 61VEe5QpRdEG1AHTZmSn W5rNQea9NsCafaUbLgWC C5aQkckiWq5qVUhbiI57 oakCd1HozhO35GtImcF2 RSJQdRAK7H6zYHVeXyPj yXrak2UUHdgFCsCWvgfp uwYFKqdXzHrDjwNLVxGZ R22TNV5lr1tmI44FcHvv 1uTE034Q24DWmybWBbX4 nmwnnNlPCMIjajSEo2R3 2YL9dYowMkTTxjU0fVal FE29I03FH1qEyEvIQNGT laRDyozSdXcFtmdQ5VqD 63EFNMvLteBrV7Lj9nA4 dsEyS8WvuzfBZPrbbzZx RDnAjQbgrCahBSBieO1p 6KcltWtleWJ6izN3XL0F wqyhoOJuJuNfuZ1c9ZhU EqrhH8oFQmMRN10foGjV DmIjX4adnoqSEDmx2f39 1uTE034Q24DWmybWBbX4 8IUV6HBSYn47shRwVW5F mkGdh9qd7uj9x5W3Koxj oakCd1HozhO35GtImcF2 FE29I03FH1qEyEvIQNGT uwYFKqdXzHrDjwNLVxGZ JuSdCG8HSUzwufkmRvTN 7DZfG4yobV0xCcSaxf27 1ae7bJScGomdGEdgag5b 3MmCPAjYheu6g9TkIxDm RNtZ6m1O9hQj2ovJiJE3 1uTE034Q24DWmybWBbX4 8w6JkwNghwwfzVWZlMG6 OLGSBuAPLZmdhTN6ApoS KqTw626stjcdChciHrJ6 4MuL6AbQo2ozZ4x7psrd 1wSeohNTb1oCspxe2x4j 7DZfG4yobV0xCcSaxf27 kuIwHVHn49UEM4TprHKr MCc3yEIO8tXzzu5ZknlT jLS4UljOCe6h8LwAOGRX 24YcTAlCtPoNC11H3BAQ NWAZrSnr0i1Dj5TA6dLc fuNQ8Sfy86k6zaBQjwEz uwYFKqdXzHrDjwNLVxGZ WgneGAZv4qtDq8Q5DYZf WWEBxNNG20y6nEEMPvzN fzCA3w8Mu664WC0yRZb5 1uTE034Q24DWmybWBbX4 6jnt0RQvUBeXBhrLOwzh uwYFKqdXzHrDjwNLVxGZ g6Fit1BcwBIbAAJnBKGn OBEPyJuvhH0Z9VoT2UNC 7DZfG4yobV0xCcSaxf27 z0rRwRZbA1TaaAgS8PYu 7DZfG4yobV0xCcSaxf27 1Oc2bGjHzXrMLiYLik5Z 7DZfG4yobV0xCcSaxf27 QHOT9LWV0s6xVVreglDh 7DZfG4yobV0xCcSaxf27 vXrEXAmThLoQVXFImZcg b9q1t3OMZ6dXE5R6ca5w b7ZT2hEEnAs84vAc9csm IC3wlDskAWyf0o1M61kl xtgYSd34f56WAH3CCBpW EfhuR5UGBxqkoqdQBn2E t9sTQNaMU9o2HF5pm7xT EfhuR5UGBxqkoqdQBn2E PFAHK1LPbENiUm01N8B0 g5fwwkfUKem4JdibLkXM D3gODzQIzHZRe5A487BX Tgouk8HApNFShyYjQedR Dv6lwBgjbbZceuQXFzFf D3gODzQIzHZRe5A487BX Mufarp9xGx29xj0P1ijS lVjpvSHc5hBrS7dzTmI1 1uTE034Q24DWmybWBbX4 sCcEFmBkhTop4sycKzuM 9WdSftrlWeJdclTkQ4Ss QYsTJmc2IUi36H1YK47s 2QgUKFj4HV0dn5Ia55tj IWOalMs6IXX5Ln6F9Eov LI8fhHKJlh7mQx1nNK0m 2TderjwrXrNV2UBZ77eD yMXdJdorJpzOHHt9uIfg Z2YJKymsE6JEohxl2CgC nOsoIFzZBhdd6bjP45Ba cXmjc3Wu4kjM1IHGgfA5 EEWjQ3rZ3GM9oucA2vc5 qyWH5Ui5kFJGpXM7i2RZ P6PcaiimLTne6w5m7SJi ymIUUgCvgB7r5le0Mh11 EfhuR5UGBxqkoqdQBn2E COVfDobG5VcfcSxLDUch cXmjc3Wu4kjM1IHGgfA5 9WdSftrlWeJdclTkQ4Ss Wf6tYlitgmZKoXfughsS UQEmoPmHSH2FlTDuXOEx FE29I03FH1qEyEvIQNGT Ca5sYccbD9TUz7JLHrcf hC71hIuyRaST3AiaSZqg
100
bw0K7NVh1sgqlnescYkX bw0K7NVh1sgqlnescYkX
3MmCPAjYheu6g9TkIxDm 3MmCPAjYheu6g9TkIxDm
IWOalMs6IXX5Ln6F9Eov IWOalMs6IXX5Ln6F9Eov
2YL9dYowMkTTxjU0fVal 2YL9dYowMkTTxjU0fVal
R22TNV5lr1tmI44FcHvv R22TNV5lr1tmI44FcHvv
JuSdCG8HSUzwufkmRvTN JuSdCG8HSUzwufkmRvTN
fuNQ8Sfy86k6zaBQjwEz fuNQ8Sfy86k6zaBQjwEz
63EFNMvLteBrV7Lj9nA4 63EFNMvLteBrV7Lj9nA4
laRDyozSdXcFtmdQ5VqD laRDyozSdXcFtmdQ5VqD
EqrhH8oFQmMRN10foGjV EqrhH8oFQmMRN10foGjV
NXZByMrsstrrXRLxVcyg NXZByMrsstrrXRLxVcyg
wqyhoOJuJuNfuZ1c9ZhU wqyhoOJuJuNfuZ1c9ZhU
xtgYSd34f56WAH3CCBpW xtgYSd34f56WAH3CCBpW
RDnAjQbgrCahBSBieO1p RDnAjQbgrCahBSBieO1p
6KcltWtleWJ6izN3XL0F 6KcltWtleWJ6izN3XL0F
IC3wlDskAWyf0o1M61kl IC3wlDskAWyf0o1M61kl
g5fwwkfUKem4JdibLkXM g5fwwkfUKem4JdibLkXM
ddzqPXECnHQT4a4RIpSF ddzqPXECnHQT4a4RIpSF
RSJQdRAK7H6zYHVeXyPj RSJQdRAK7H6zYHVeXyPj
Mi1upMhcgP7iV16OWKN5 Mi1upMhcgP7iV16OWKN5
YygsiZkXDS9oQ07w4psX YygsiZkXDS9oQ07w4psX
61VEe5QpRdEG1AHTZmSn 61VEe5QpRdEG1AHTZmSn
8IUV6HBSYn47shRwVW5F 8IUV6HBSYn47shRwVW5F
DmIjX4adnoqSEDmx2f39 DmIjX4adnoqSEDmx2f39
zbsjvfwSdNExCnTFLo8x zbsjvfwSdNExCnTFLo8x
WgneGAZv4qtDq8Q5DYZf WgneGAZv4qtDq8Q5DYZf
OAcbYkMyAi1Iu0vWaaFc OAcbYkMyAi1Iu0vWaaFc
W5rNQea9NsCafaUbLgWC W5rNQea9NsCafaUbLgWC
nmwnnNlPCMIjajSEo2R3 nmwnnNlPCMIjajSEo2R3
1ae7bJScGomdGEdgag5b 1ae7bJScGomdGEdgag5b
nOsoIFzZBhdd6bjP45Ba nOsoIFzZBhdd6bjP45Ba
jLS4UljOCe6h8LwAOGRX jLS4UljOCe6h8LwAOGRX
6jnt0RQvUBeXBhrLOwzh 6jnt0RQvUBeXBhrLOwzh
2TderjwrXrNV2UBZ77eD 2TderjwrXrNV2UBZ77eD
ymIUUgCvgB7r5le0Mh11 ymIUUgCvgB7r5le0Mh11
1Oc2bGjHzXrMLiYLik5Z 1Oc2bGjHzXrMLiYLik5Z
1wSeohNTb1oCspxe2x4j 1wSeohNTb1oCspxe2x4j
oq1GulTWdKtwAlNIQxnY oq1GulTWdKtwAlNIQxnY
fzCA3w8Mu664WC0yRZb5 fzCA3w8Mu664WC0yRZb5
4wWd3kvalFkda9M583i7 4wWd3kvalFkda9M583i7
oakCd1HozhO35GtImcF2 oakCd1HozhO35GtImcF2
qyWH5Ui5kFJGpXM7i2RZ qyWH5Ui5kFJGpXM7i2RZ
NqvNOj5h3GSbJm5NawjL NqvNOj5h3GSbJm5NawjL
EEWjQ3rZ3GM9oucA2vc5 EEWjQ3rZ3GM9oucA2vc5
TrUW9m3qjkTMvqHNRot0 TrUW9m3qjkTMvqHNRot0
COVfDobG5VcfcSxLDUch COVfDobG5VcfcSxLDUch
aGWdv30UuUFiszMErlJF aGWdv30UuUFiszMErlJF
sCcEFmBkhTop4sycKzuM sCcEFmBkhTop4sycKzuM
cXmjc3Wu4kjM1IHGgfA5 cXmjc3Wu4kjM1IHGgfA5
eULKHiriYHElwEbrQo2X eULKHiriYHElwEbrQo2X
KqTw626stjcdChciHrJ6 KqTw626stjcdChciHrJ6
8w6JkwNghwwfzVWZlMG6 8w6JkwNghwwfzVWZlMG6
CgUyoeVDFzkf0g6EiF8w CgUyoeVDFzkf0g6EiF8w
Tgouk8HApNFShyYjQedR Tgouk8HApNFShyYjQedR
btiXecpJBKmrIHtQ7jPA btiXecpJBKmrIHtQ7jPA
Mufarp9xGx29xj0P1ijS Mufarp9xGx29xj0P1ijS
NWAZrSnr0i1Dj5TA6dLc NWAZrSnr0i1Dj5TA6dLc
24YcTAlCtPoNC11H3BAQ 24YcTAlCtPoNC11H3BAQ
mkGdh9qd7uj9x5W3Koxj mkGdh9qd7uj9x5W3Koxj
gZiMcGUkLd8qaWleLH1T gZiMcGUkLd8qaWleLH1T
kuIwHVHn49UEM4TprHKr kuIwHVHn49UEM4TprHKr
nnG2z19YXqYOoAxMQkFV nnG2z19YXqYOoAxMQkFV
QHOT9LWV0s6xVVreglDh QHOT9LWV0s6xVVreglDh
lVjpvSHc5hBrS7dzTmI1 lVjpvSHc5hBrS7dzTmI1
RNtZ6m1O9hQj2ovJiJE3 RNtZ6m1O9hQj2ovJiJE3
z0rRwRZbA1TaaAgS8PYu z0rRwRZbA1TaaAgS8PYu
P6PcaiimLTne6w5m7SJi P6PcaiimLTne6w5m7SJi
72cxNTZ1Tw5teVGiR2xj 72cxNTZ1Tw5teVGiR2xj
yMXdJdorJpzOHHt9uIfg yMXdJdorJpzOHHt9uIfg
VkEnPX1CQCoh4CxlXSlf VkEnPX1CQCoh4CxlXSlf
Ca5sYccbD9TUz7JLHrcf Ca5sYccbD9TUz7JLHrcf
rW1b1NT9NaRlIIxoT8XF rW1b1NT9NaRlIIxoT8XF
2QgUKFj4HV0dn5Ia55tj 2QgUKFj4HV0dn5Ia55tj
4MuL6AbQo2ozZ4x7psrd 4MuL6AbQo2ozZ4x7psrd
OLGSBuAPLZmdhTN6ApoS OLGSBuAPLZmdhTN6ApoS
1uTE034Q24DWmybWBbX4 1uTE034Q24DWmybWBbX4
2dfprAgHp3T6RrgooKgP 2dfprAgHp3T6RrgooKgP
b9q1t3OMZ6dXE5R6ca5w b9q1t3OMZ6dXE5R6ca5w
7DZfG4yobV0xCcSaxf27 7DZfG4yobV0xCcSaxf27
C5aQkckiWq5qVUhbiI57 C5aQkckiWq5qVUhbiI57
l5OFQGDhW1xJJ8ERuglz l5OFQGDhW1xJJ8ERuglz
OBEPyJuvhH0Z9VoT2UNC OBEPyJuvhH0Z9VoT2UNC
LI8fhHKJlh7mQx1nNK0m LI8fhHKJlh7mQx1nNK0m
t9sTQNaMU9o2HF5pm7xT t9sTQNaMU9o2HF5pm7xT
yXrak2UUHdgFCsCWvgfp yXrak2UUHdgFCsCWvgfp
qsbRHSDlSHG3Ep5gugbq qsbRHSDlSHG3Ep5gugbq
5doygtE58PVlrfBbaaxD 5doygtE58PVlrfBbaaxD
Z2YJKymsE6JEohxl2CgC Z2YJKymsE6JEohxl2CgC
x81SdeDfzbsk8wgCHcJT x81SdeDfzbsk8wgCHcJT
vXrEXAmThLoQVXFImZcg vXrEXAmThLoQVXFImZcg
g6Fit1BcwBIbAAJnBKGn g6Fit1BcwBIbAAJnBKGn
QYsTJmc2IUi36H1YK47s QYsTJmc2IUi36H1YK47s
FE29I03FH1qEyEvIQNGT FE29I03FH1qEyEvIQNGT
468JV90VoJDfHRf7bwGC 468JV90VoJDfHRf7bwGC
v0QCMKnmfkXllH4nQHen v0QCMKnmfkXllH4nQHen
UQEmoPmHSH2FlTDuXOEx UQEmoPmHSH2FlTDuXOEx
PFAHK1LPbENiUm01N8B0 PFAHK1LPbENiUm01N8B0
dsEyS8WvuzfBZPrbbzZx dsEyS8WvuzfBZPrbbzZx
Dv6lwBgjbbZceuQXFzFf Dv6lwBgjbbZceuQXFzFf
Wf6tYlitgmZKoXfughsS Wf6tYlitgmZKoXfughsS
