200 101 1 2 1 55 1 49 1 62 1 42 1 66 1 38 1 75 1 29 1 87 1 17 1 88 1 16 1 97 1 7 1 35 1 69 1 63 1 41 1 27 1 77 1 95 1 9 1 92 1 12 1 93 1 11 1 4 1 100 1 72 1 32 1 52 1 3 1 23 1 81 1 78 1 26 1 65 1 39 1 70 1 34 1 76 1 28 1 31 1 73 1 6 1 98 1 22 1 82 1 19 1 85 1 21 1 83 1 5 1 99 1 37 1 67 1 54 1 50 1 96 1 8 1 20 1 84 1 30 1 74 1 57 1 47 1 64 1 40 1 59 1 45 1 68 1 36 1 15 1 89 1 91 1 13 1 61 1 43 1 79 1 25 1 24 1 80 1 33 1 71 1 56 1 48 1 46 1 58 1 53 1 51 1 60 1 44 1 86 1 18 1 94 1 10 1 90 1 14 1 101 200
99
2 2
3 3
4 4
5 5
6 6
7 7
8 8
9 9
10 10
11 11
12 12
13 13
14 14
15 15
16 16
17 17
18 18
19 19
20 20
21 21
22 22
23 23
24 24
25 25
26 26
27 27
28 28
29 29
30 30
31 31
32 32
33 33
34 34
35 35
36 36
37 37
38 38
39 39
40 40
41 41
42 42
43 43
44 44
45 45
46 46
47 47
48 48
49 49
50 50
51 51
52 52
53 53
54 54
55 55
56 56
57 57
58 58
59 59
60 60
61 61
62 62
63 63
64 64
65 65
66 66
67 67
68 68
69 69
70 70
71 71
72 72
73 73
74 74
75 75
76 76
77 77
78 78
79 79
80 80
81 81
82 82
83 83
84 84
85 85
86 86
87 87
88 88
89 89
90 90
91 91
92 92
93 93
94 94
95 95
96 96
97 97
98 98
99 99
100 100
