Chattanooga Cleveland SanAntonio Memphis Wichita Fayetteville Richmond Mesa Miami FortLauderdale Indianapolis Baltimore Aurora Baltimore Lexington Aurora Orange Boston KansasCity Frisco Boston Henderson MorenoValley Anaheim MorenoValley Tallahassee Buffalo Pomona Buffalo GrandRapids Fresno Worcester Portland Glendale VirginiaBeach FortWorth Corona Lubbock Louisville Lubbock Plano Yonkers Durham Columbus Henderson Toledo Atlanta Chicago Naperville Orlando NewportNews Alexandria NewportNews DesMoines Austin DesMoines Cincinnati Paterson Modesto GrandPrairie LongBeach Waco Albuquerque LosAngeles Escondido Knoxville Berkeley Springfield Spokane Oxnard Tacoma Huntsville Fremont LittleRock CapeCoral LittleRock Shreveport LittleRock Phoenix Indianapolis Riverside Scottsdale Tempe Aurora Fayetteville BatonRouge OverlandPark Surprise Anchorage Midland Anchorage Olathe Corona Jackson Brownsville Boston Salem Ontario Orlando Plano Newark Tucson Akron Hayward SantaClarita NewYork Anaheim ChulaVista Arlington SanDiego FortLauderdale Savannah ElkGrove McAllen ElkGrove SanFrancisco Honolulu Portland SanBernardino Boise SanBernardino Joliet Madison Denton Madison Lincoln OklahomaCity SantaAna Chicago Irvine Syracuse SanJose JerseyCity Raleigh Norfolk SaintPaul Washington SanJose Jacksonville SanJose Pomona Fontana Oceanside Bakersfield Toledo GardenGrove Madison Murfreesboro Charlotte SanDiego Sunnyvale Vancouver PortStLucie FortCollins ElPaso Chattanooga
100
Yonkers Yonkers
Alexandria Alexandria
Joliet Joliet
Orlando Orlando
Lincoln Lincoln
Worcester Worcester
LittleRock LittleRock
GardenGrove GardenGrove
Aurora Aurora
DesMoines DesMoines
Surprise Surprise
Phoenix Phoenix
Knoxville Knoxville
Jacksonville Jacksonville
Oceanside Oceanside
Baltimore Baltimore
Henderson Henderson
Fremont Fremont
Riverside Riverside
Memphis Memphis
SanBernardino SanBernardino
Tacoma Tacoma
Wichita Wichita
Paterson Paterson
Washington Washington
Ontario Ontario
Bakersfield Bakersfield
SantaClarita SantaClarita
Cleveland Cleveland
Brownsville Brownsville
McAllen McAllen
Charlotte Charlotte
Corona Corona
Honolulu Honolulu
Springfield Springfield
Denton Denton
Tempe Tempe
Spokane Spokane
Glendale Glendale
Shreveport Shreveport
GrandPrairie GrandPrairie
Irvine Irvine
NewportNews NewportNews
Lexington Lexington
Olathe Olathe
SanFrancisco SanFrancisco
Scottsdale Scottsdale
Vancouver Vancouver
Indianapolis Indianapolis
Murfreesboro Murfreesboro
Anchorage Anchorage
FortWorth FortWorth
Austin Austin
Raleigh Raleigh
Anaheim Anaheim
SanJose SanJose
Fayetteville Fayetteville
Cincinnati Cincinnati
Oxnard Oxnard
Durham Durham
ChulaVista ChulaVista
SantaAna SantaAna
SaintPaul SaintPaul
FortLauderdale FortLauderdale
ElPaso ElPaso
Syracuse Syracuse
Madison Madison
GrandRapids GrandRapids
NewYork NewYork
Savannah Savannah
CapeCoral CapeCoral
Louisville Louisville
Hayward Hayward
Buffalo Buffalo
BatonRouge BatonRouge
Boston Boston
Boise Boise
Waco Waco
Chicago Chicago
SanAntonio SanAntonio
KansasCity KansasCity
Richmond Richmond
Tallahassee Tallahassee
Salem Salem
Midland Midland
LosAngeles LosAngeles
Fontana Fontana
Berkeley Berkeley
PortStLucie PortStLucie
Plano Plano
Orange Orange
Newark Newark
Toledo Toledo
Naperville Naperville
Jackson Jackson
Akron Akron
Pomona Pomona
Lubbock Lubbock
Frisco Frisco
SanDiego SanDiego
