Porterton Dianashire Ashleyborough Osborneville Christophermouth Shawnhaven Dannyside Shawnhaven Candaceborough Shawnhaven Christophermouth Osborneville Payneview Barnesmouth Clarkborough Barnesmouth Harrisport Brendaview Harrisport Barnesmouth Payneview Jacksonville Jennifertown Feliciaville Jennifertown Jacksonville Christopherhaven Jacksonville Payneview Teresafort Smithtown Abigailville Smithtown Jacksonland Smithtown Teresafort Calvinton Teresafort Payneview Osborneville Ashleyborough Dianashire Burgessview Billton Banksburgh Yvonneborough Parkermouth Shawnfort Parkermouth Yvonneborough Banksburgh Simmonsburgh Michaelville Williamland Michaelville Simmonsburgh Banksburgh Billton Burgessview Dianashire Ashleyborough Clarkberg Reevestown Judithview Michaelview Clarenceview Michaelview Judithview Reevestown Clarkberg Burtonview Murphyside Bakertown Derekville Bakertown Jameston Bakertown Murphyside Burtonview Clarkberg Ashleyborough Paulburgh Walltown Callahantown Maryport Reynoldsview Maryport Combsville Maryport Callahantown Walltown Scotttown Jacksonview Danielville Jacksonview Scotttown Walltown Johnberg Williamshire Johnberg Walltown Paulburgh Robertsstad Toddtown Swansonshire Abigailhaven Swansonshire Toddtown Robertsstad Paulburgh Ashleyborough Dianashire Burgessview Marcusburgh Matthewburgh Bondfort Shawnmouth Bondfort Matthewburgh Virginiastad Robinsonmouth Horneside Robinsonmouth Virginiastad Johnsonberg Virginiastad Matthewburgh Marcusburgh Fletcherland Kingview Williamschester Mirandaview Williamschester Kingview Fletcherland Willisfurt Ortizberg Willisfurt Fletcherland Marcusburgh Matthewburgh Bondfort Shawnmouth Priceville Shawnmouth Buckleyside Shawnmouth Bondfort Adamview Harrisborough Adamview Bondfort Matthewburgh Marcusburgh Tylerbury Paultown Hansonbury Paultown Tylerbury Jamestown Wilsonstad Jamestown Tylerbury Marcusburgh Burgessview Williamfort Thomasville Lopezburgh Byrdfurt Garciamouth Byrdfurt Loweryborough Byrdfurt Lopezburgh Leahmouth Lopezburgh Thomasville Williamfort Moodyburgh Gregoryberg Smithfort Gregoryberg Moodyburgh Williamfort Williamport Ashleystad Holthaven Vickiville Holthaven Ashleystad Codyton Mindyview Codyton Ryanside Codyton Ashleystad Williamport Williamfort Moodyburgh Heatherberg Thomasborough Masseyside Thomasborough Ortegaberg Thomasborough Heatherberg Moodyburgh Gregoryberg Smithfort Millerborough Smithfort Gregoryberg Moodyburgh Williamfort Burgessview Dianashire Porterton Wallton Danielleport Scottburgh Laurenbury Haleview Hallstad Haleview Laurenbury Scottburgh Danielleport Cooperton Lopezborough Waltersmouth Adkinsberg Waltersmouth Adamport Waltersmouth Lopezborough Cooperton Danielleport Melissaview Cheyennefurt Thompsonshire Cheyennefurt Watsonville Christyland Watsonville Robertomouth Watsonville Cheyennefurt Melissaview Campbellhaven Annberg Houstonchester Annberg Dyerport Annberg Campbellhaven Melissaview Danielleport Wallton Davisstad Leechester Castanedachester Suttonville Castanedachester Leechester Pettyton Bondmouth Mercedesmouth Bondmouth Pettyton Jonesfurt Pettyton Bondmouth Taylorton Bondmouth Pettyton Leechester Davisstad Jacksonton Singletonton Clarkbury Jermaineton Clarkbury Singletonton Jacksonton Davisstad Newmanburgh Gallowaymouth Rioshaven Josephstad Rioshaven Gallowaymouth Newmanburgh Davisstad Wallton Derekmouth Geraldside Michellehaven Ramosborough Michellehaven Geraldside Derekmouth Jeffreyfort Johnsonchester Susanfort Johnsonchester Nealfurt Johnsonchester Jeffreyfort Garytown Audreyfort Patriciaside Audreyfort Garytown Jeffreyfort Derekmouth Charlesberg Kevinberg Adamside Andrewschester Adamside Bradberg Adamside Kevinberg Patriciabury Troyfort Patriciabury Thomasmouth Patriciabury Kevinberg Charlesberg Weberbury Clarkport Weberbury Charlesberg Sethland Tannerhaven Sethland Ellisstad Osbornemouth Ellisstad Sethland Charlesberg Weberbury Kimberlyburgh Candiceland Kimberlyburgh Weberbury Charlesberg Derekmouth Geraldside Michellehaven Ramosborough Fordhaven Ramosborough Michellehaven Cranemouth Joneschester Cranemouth Michellehaven Geraldside Joseport Hallborough Kylieview Hallborough Joseport Gabrielburgh Hodgesstad Gabrielburgh Joseport Geraldside Derekmouth Wallton Porterton
100
Johnsonberg Johnsonberg
Adamview Adamview
Feliciaville Feliciaville
Buckleyside Buckleyside
Combsville Combsville
Thompsonshire Thompsonshire
Mirandaview Mirandaview
Derekville Derekville
Wilsonstad Wilsonstad
Susanfort Susanfort
Haleview Haleview
Hallstad Hallstad
Adamport Adamport
Dannyside Dannyside
Jermaineton Jermaineton
Parkermouth Parkermouth
Jameston Jameston
Hansonbury Hansonbury
Kylieview Kylieview
Brendaview Brendaview
Mercedesmouth Mercedesmouth
Kimberlyburgh Kimberlyburgh
Leahmouth Leahmouth
Candiceland Candiceland
Houstonchester Houstonchester
Michaelview Michaelview
Dyerport Dyerport
Troyfort Troyfort
Cranemouth Cranemouth
Audreyfort Audreyfort
Reynoldsview Reynoldsview
Ellisstad Ellisstad
Byrdfurt Byrdfurt
Andrewschester Andrewschester
Tannerhaven Tannerhaven
Christyland Christyland
Patriciaside Patriciaside
Garciamouth Garciamouth
Robinsonmouth Robinsonmouth
Adamside Adamside
Bakertown Bakertown
Williamland Williamland
Patriciabury Patriciabury
Horneside Horneside
Jacksonland Jacksonland
Loweryborough Loweryborough
Bradberg Bradberg
Christopherhaven Christopherhaven
Harrisport Harrisport
Rioshaven Rioshaven
Jonesfurt Jonesfurt
Taylorton Taylorton
Williamschester Williamschester
Candaceborough Candaceborough
Hodgesstad Hodgesstad
Gabrielburgh Gabrielburgh
Clarkport Clarkport
Bondmouth Bondmouth
Fordhaven Fordhaven
Clarkborough Clarkborough
Holthaven Holthaven
Osbornemouth Osbornemouth
Ortegaberg Ortegaberg
Danielville Danielville
Shawnmouth Shawnmouth
Ryanside Ryanside
Smithtown Smithtown
Jacksonview Jacksonview
Ramosborough Ramosborough
Swansonshire Swansonshire
Thomasmouth Thomasmouth
Suttonville Suttonville
Annberg Annberg
Maryport Maryport
Ortizberg Ortizberg
Calvinton Calvinton
Williamshire Williamshire
Codyton Codyton
Vickiville Vickiville
Mindyview Mindyview
Abigailville Abigailville
Clarenceview Clarenceview
Masseyside Masseyside
Robertomouth Robertomouth
Michaelville Michaelville
Jennifertown Jennifertown
Nealfurt Nealfurt
Harrisborough Harrisborough
Adkinsberg Adkinsberg
Millerborough Millerborough
Shawnfort Shawnfort
Watsonville Watsonville
Abigailhaven Abigailhaven
Smithfort Smithfort
Josephstad Josephstad
Clarkbury Clarkbury
Priceville Priceville
Joneschester Joneschester
Hallborough Hallborough
Thomasborough Thomasborough
