Taylorville Weberside Eduardotown Sullivanmouth Underwoodborough Sullivanmouth Michaelville Sullivanmouth Eduardotown Weberside Jonesbury Jamestown Glasston Jamestown Nicholefurt Jamestown Jonesbury Lloydton Smithborough Lloydton Stephensonburgh Lloydton Jonesbury Weberside Taylorville Alejandroport Shawnport Mariaview Kristenmouth Alexmouth Kristenmouth Stevenshire Kristenmouth Mariaview Saraport Underwoodmouth Saraport Lewisburgh Saraport Mariaview Shawnport Alejandroport Ashleyland Kathyfort Hawkinsland Camposstad Hawkinsland Ayalabury Hawkinsland Kathyfort Ashleyland Alejandroport Taylorville Valerietown Johnmouth Kempshire Michaelfort Kempshire Grahambury Johnsonside Grahambury Kempshire Johnmouth Valerietown Stewartberg Tinaville Steventown Tinaville Nicholasshire Tinaville Stewartberg Valerietown Taylorville Alejandroport Deborahfurt Jacobberg Foleyhaven Jacobberg Deborahfurt Anthonyburgh Martinezfort Ericksonmouth Martinezfort Anthonyburgh Deborahfurt Alejandroport Taylorville
25
Jamestown Jamestown
Lloydton Lloydton
Lewisburgh Lewisburgh
Alexmouth Alexmouth
Saraport Saraport
Michaelfort Michaelfort
Kristenmouth Kristenmouth
Steventown Steventown
Johnsonside Johnsonside
Grahambury Grahambury
Hawkinsland Hawkinsland
Nicholefurt Nicholefurt
Underwoodmouth Underwoodmouth
Ericksonmouth Ericksonmouth
Foleyhaven Foleyhaven
Martinezfort Martinezfort
Camposstad Camposstad
Glasston Glasston
Nicholasshire Nicholasshire
Underwoodborough Underwoodborough
Stephensonburgh Stephensonburgh
Smithborough Smithborough
Stevenshire Stevenshire
Ayalabury Ayalabury
Michaelville Michaelville
