89 69 100 199 61 179 122 102 114 125 195 132 39 190 118 1 16 149 33 121 25 44 99 37 41 81 96 32 98 73 193 141 133 70 135 192 3 64 18 31 107 6 140 111 4 127 88 80 169 9 48 27 78 5 172 188 197 21 173 56 155 178 148 13 58 146 85 94 151 156 51 189 75 59 124 36 79 97 191 65 82 147 11 160 144 23 128 83 109 183 112 130 29 187 12 89
94
75 75
191 191
195 195
135 135
109 109
29 29
107 107
146 146
44 44
51 51
18 18
88 88
178 178
147 147
1 1
32 32
130 130
140 140
80 80
23 23
37 37
125 125
98 98
13 13
155 155
187 187
172 172
160 160
56 56
96 96
97 97
83 83
9 9
58 58
36 36
151 151
183 183
192 192
112 112
6 6
39 39
189 189
122 122
4 4
59 59
65 65
16 16
25 25
141 141
21 21
99 99
128 128
132 132
193 193
94 94
85 85
11 11
69 69
144 144
78 78
199 199
156 156
197 197
64 64
121 121
114 114
173 86 173
100 100
118 118
148 148
3 3 136
79 79
41 41
179 179
12 12
111 111 49
188 188
27 27
124 124
190 190
31 31
73 73
81 81 38
127 127
169 101 169
33 33
102 102
82 82
149 149
133 194 133
5 5
48 48
70 70
61 61
