tepsteinfdkilldlmhns hdepsteinsmdtnflkill fnlskillhtepsteindmd nmhdkilltslepsteinfd hldmepsteindsnkilltf dmfndhstkillepsteinl skilldnmlhdftepstein ldnmepsteinhfstdkill hfskillnepsteinldtdm killnfhdsdltepsteinm hfskillnepsteinldtdm hepsteinnfstkilllmdd ldnmepsteinhfstdkill ndlepsteinhdtskillfm thsfnmkilldlepsteind killepsteintdldshfnm dtepsteindnhmskillfl fnmhskilldepsteinltd msnepsteinfkillhtdld epsteinsdfmhltkillnd msnepsteinfkillhtdld hkillmepsteinstdfdnl msnepsteinfkillhtdld snldmtkillfepsteindh epsteinthsdmndkillfl nkillsdtdhfmlepstein tmhsnfepsteinldkilld ndlmhepsteintdskillf htskillepsteindnlfdm mfskillnhlddtepstein thmepsteinlkillfsndd mfskillnhlddtepstein epsteindsmnlfdtkillh mfskillnhlddtepstein nfdhepsteinltsdmkill lepsteinfdkillsdnmht dhlepsteindkillsmtnf lepsteinfdkillsdnmht tskillepsteinhfmddnl hepsteinnfstkilllmdd ndlmhepsteintdskillf nlhtdsdepsteinfmkill tepsteinfdkilldlmhns
25
nkillsdtdhfmlepstein nkillsdtdhfmlepstein
skilldnmlhdftepstein skilldnmlhdftepstein
killepsteintdldshfnm killepsteintdldshfnm
htskillepsteindnlfdm htskillepsteindnlfdm
nlhtdsdepsteinfmkill nlhtdsdepsteinfmkill
thmepsteinlkillfsndd thmepsteinlkillfsndd
fnmhskilldepsteinltd fnmhskilldepsteinltd
hldmepsteindsnkilltf hldmepsteindsnkilltf
snldmtkillfepsteindh snldmtkillfepsteindh
epsteindsmnlfdtkillh epsteindsmnlfdtkillh
ndlmhepsteintdskillf ndlmhepsteintdskillf
epsteinthsdmndkillfl epsteinthsdmndkillfl
lepsteinfdkillsdnmht lepsteinfdkillsdnmht
fnlskillhtepsteindmd fnlskillhtepsteindmd
nfdhepsteinltsdmkill nfdhepsteinltsdmkill
hepsteinnfstkilllmdd hepsteinnfstkilllmdd
killnfhdsdltepsteinm killnfhdsdltepsteinm
hkillmepsteinstdfdnl hkillmepsteinstdfdnl
ndlepsteinhdtskillfm ndlepsteinhdtskillfm
epsteinsdfmhltkillnd epsteinsdfmhltkillnd
tskillepsteinhfmddnl tskillepsteinhfmddnl
hdepsteinsmdtnflkill hdepsteinsmdtnflkill
msnepsteinfkillhtdld msnepsteinfkillhtdld
dhlepsteindkillsmtnf dhlepsteindkillsmtnf
tmhsnfepsteinldkilld tmhsnfepsteinldkilld
