CorpusChristi ElPaso Cincinnati Amarillo CathedralCity Anaheim Champaign Elkhart Davenport Albany BelAir Albany Chandler AppleValley Aberdeen ColoradoSprings Chicago Bridgeport Aberdeen Appleton Denton Bremerton Abilene Denver Albany ElMonte Downey Alexandria BonitaSprings Dallas Danbury BoiseCity Clearwater Boulder Charleston Albany Bryan Deltona Albany Chattanooga Escondido Abilene Augusta Allentown Durham Albuquerque Columbus Akron Beaumont Austin Asheville Bloomington Elizabeth Arvada Carrollton Columbia Brownsville DalyCity Akron CapeCoral CorpusChristi
49
CorpusChristi CorpusChristi
CathedralCity CathedralCity
Dallas Dallas
Alexandria Alexandria
Arvada Arvada
Augusta Augusta
Chandler Chandler
Bremerton Bremerton
Elkhart Elkhart
Bryan Bryan
Brownsville Brownsville
Columbus Columbus
BonitaSprings BonitaSprings
Denver Denver
BelAir BelAir
Amarillo Amarillo
Elizabeth Elizabeth
Appleton Appleton
AppleValley AppleValley
DalyCity DalyCity
Bridgeport Bridgeport
Asheville Asheville
Boulder Boulder
Durham Durham
Danbury Danbury
Chattanooga Chattanooga
ElMonte ElMonte
Deltona Deltona
Champaign Champaign
Akron Akron
Columbia Columbia
Beaumont Beaumont
Denton Denton
Bloomington Bloomington
BoiseCity BoiseCity
CapeCoral CapeCoral
Austin Austin
Carrollton Carrollton
ElPaso ElPaso
Clearwater Clearwater
Albuquerque Albuquerque
Cincinnati Cincinnati
Downey Downey
Charleston Canton Charleston
ColoradoSprings ColoradoSprings
Chicago Chicago
Anaheim Anaheim
Davenport Davenport
Escondido Escondido
