152 27 97 1 66 1 87 142 169 134 165 116 5 56 18 90 41 149 21 163 3 143 151 94 130 180 51 172 0 2 78 29 170 54 11 53 13 181 1 113 5 182 12 21 58 14 95 9 121 4 145 60 89 7 8 136 8 85 96 28 1 65 144 6 38 13 42 3 105 14 92 9 73 3 126 37 101 12 35 24 81 9 183 4 111 168 9 31 112 157 175 11 45 79 4 184 153 19 152
67
152 75
96 96
60 60
112 112
42 42
182 5 182
126 126
28 28
92 92
145 145
157 157
163 163
181 181
180 180
54 54
38 38
37 37
90 90
87 87
56 56
12 12
81 81 166
31 31
105 105
172 172
85 85
168 168
134 134
97 97
79 79
151 151
89 89
144 144
121 121
170 170
9 9
101 101
136 136
35 35
66 171 66
58 58
165 165
113 113
41 41
13 13
53 53
2 2
184 184
169 169
175 175
183 183
27 27
65 139 65
116 116
94 94
8 8
111 111
130 130
78 78
95 95 0
142 142
45 45
153 50 153
149 149
51 51
73 73
143 143
