0 1 3 7 15 32 65 32 66 32 15 31 63 31 64 31 15 7 16 34 70 34 69 34 16 33 67 33 68 33 16 7 3 1 0 2 6 14 30 61 30 62 30 14 29 60 29 59 29 14 6 2 5 12 25 52 25 12 26 53 26 54 26 12 5 2 6 13 28 58 28 57 28 13 27 56 27 55 27 13 6 2 5 12 25 51 25 12 5 11 24 50 24 49 99 49 24 11 23 48 98 48 97 48 23 47 96 47 95 47 23 11 5 2 0 1 3 8 18 38 77 38 78 38 18 37 75 37 76 37 18 8 3 1 4 10 21 43 87 43 88 43 21 10 22 45 91 45 92 45 22 46 94 46 93 46 22 10 21 44 90 44 89 44 21 10 4 9 20 42 85 42 86 42 20 41 84 41 83 41 20 9 19 40 82 40 81 40 19 39 79 39 80 39 19 9 4 1 3 8 17 36 74 36 73 36 17 35 71 35 72 35 17 8 3 1 0
50
50 50
51 51
52 52
53 53
54 54
55 55
56 56
57 57
58 58
59 59
60 60
61 61
62 62
63 63
64 64
65 65
66 66
67 67
68 68
69 69
70 70
71 71
72 72
73 73
74 74
75 75
76 76
77 77
78 78
79 79
80 80
81 81
82 82
83 83
84 84
85 85
86 86
87 87
88 88
89 89
90 90
91 91
92 92
93 93
94 94
95 95
96 96
97 97
98 98
99 99
