0 2 5 12 25 52 105 52 25 12 5 11 23 47 96 194 96 47 95 192 95 191 95 47 23 11 24 50 102 50 101 50 24 11 5 12 26 53 108 53 107 53 26 54 110 54 26 12 25 51 103 51 104 51 25 12 5 11 24 49 99 199 99 49 100 49 24 11 23 48 97 195 97 196 97 48 98 198 98 197 98 48 23 11 5 2 6 14 29 60 122 60 121 60 29 14 30 61 123 61 30 62 125 62 126 62 30 61 124 61 30 14 29 59 119 59 29 14 6 13 27 55 112 55 27 56 113 56 114 56 27 55 111 55 27 13 28 57 116 57 115 57 28 58 117 58 118 58 28 13 6 2 0 1 3 8 18 37 75 151 75 37 76 153 76 154 76 37 18 38 78 157 78 38 77 155 77 156 77 38 78 158 78 38 18 8 17 35 71 144 71 143 71 35 17 36 73 147 73 148 73 36 17 35 72 146 72 35 17 8 3 7 15 32 65 131 65 32 66 133 66 134 66 32 15 31 64 129 64 31 15 32 65 132 65 32 15 7 16 34 69 140 69 139 69 34 70 142 70 141 70 34 16 33 67 136 67 135 67 33 68 138 68 137 68 33 16 7 3 1 4 10 22 45 91 183 91 184 91 45 22 10 4 9 20 42 86 173 86 174 86 42 20 41 84 170 84 41 83 168 83 167 83 41 20 42 85 172 85 42 20 9 19 39 79 159 79 160 79 39 80 161 80 39 19 40 81 164 81 40 82 165 82 166 82 40 81 163 81 40 19 9 4 10 21 43 88 177 88 43 21 44 90 182 90 181 90 44 89 179 89 180 89 44 21 43 87 176 87 175 87 43 88 178 88 43 21 10 22 45 92 186 92 185 92 45 22 46 93 188 93 46 94 190 94 189 94 46 22 10 4 1 0
85
118 118
153 153
136 136
159 159
141 141
181 181
125 125
114 114
158 158
134 134
192 192
198 198
115 115
110 109 110
176 176
119 119
194 193 194
186 186
146 146
166 166
170 170
139 139
190 190
100 100
163 163
103 103
137 137
102 102
188 188
161 161 162
184 184
111 111
179 179
101 101
107 107
154 154
124 124
155 155
143 143
116 116
175 175
168 168
148 148
132 132
121 121
195 195
126 126
117 117
151 151 152
189 189
156 156
138 138
104 104
178 178
133 133
142 142
172 171 172
164 164
191 191
160 160
182 182
185 185
144 144 145 149 150
197 197
174 174
123 123
140 140
129 129
157 157
167 167
173 169 173
113 113
147 147
199 199
112 112
177 177
196 196
183 183 187
122 120 122
108 108
105 105 106
135 135
165 165
180 180
131 127 128 130 131
