1 4 2 98 83 87 91 97 0 95 94 72 86 22 45 42 64 54 99 46 48 51 85 16 80 78 76 89 88 24 67 81 49 74 49 59 49 56 49 55 49 81 66 77 79 61 57 38 49 52 49 34 49 70 49 53 49 81 63 90 63 82 60 81 68 81 69 62 81 58 66 81 75 67 24 88 89 76 78 80 16 44 47 45 27 29 39 40 18 73 30 23 28 31 50 32 26 41 19 36 37 65 12 8 13 14 33 20 11 9 17 21 25 10 3 5 7 93 6 93 7 5 3 10 25 21 17 9 11 20 33 14 13 8 12 65 37 36 19 41 26 32 50 31 28 23 30 73 18 40 39 29 27 45 22 86 72 94 95 0 97 91 87 83 98 2 4 1 96 71 35 92 84 43 15 43 84 92 35 71 96 1
50
59 59
34 34
53 53
56 56
52 52
70 70
55 55
74 74
49 49
38 38
68 68
90 90
63 63
82 82
60 60
69 69
81 81
62 62
58 58
66 66
75 75
67 67
77 77
79 79
61 61
57 57
76 76
89 89
78 78
80 80
24 24
88 88
16 16
85 85
54 54
42 42
44 44
64 64
46 46
48 48
47 47
99 99
51 51
45 45
15 15
36 36
20 20
6 6
7 7
94 94
