55 45 107 85 37 81 90 44 98 80 87 13 103 77 108 89 0 70 34 96 79 46 104 27 71 83 3 75 62 63 0 52 49 2 58 20 0 54 57 23 100 69 0 93 18 1 106 42 0 102 36 7 92 41 72 35 0 65 48 110 25 61 32 94 9 0 16 99 6 73 4 39 31 0 21 29 60 15 11 67 12 51 2 55
73
55 55
3 3
9 9
12 12
21 21
41 41
48 48 112
2 2
4 4
6 6
7 7
11 11
13 13
15 15
16 16
18 18
20 20
23 23
25 25
27 27
29 29
31 31
32 32
34 34
35 35
36 36
37 37
39 39
42 42
44 44
45 45
46 46
49 49
51 51
52 52
54 54
57 57
58 58
60 60
61 61
62 62
63 63
65 65
67 67
69 69
70 70
71 71
72 72
73 73
75 75
77 77
79 79
80 80
81 81
83 83
85 85
87 87
89 89
90 90
92 92
93 93
94 94
96 96
98 98
99 99
100 100
102 102
103 103
104 104
106 106
107 107
108 108
110 110
