Soda 167 108 198 142 120 117 123 150 159 149 170 144 187 127 0 183 179 178 172 194 171 128 156 134 155 121 169 192 160 113 143 157 131 135 152 126 109 118 180 173 148 0 195 182 104 176 139 111 146 154 164 181 124 161 116 174 147 133 107 193 158 119 112 190 122 114 130 151 141 110 132 102 100 186 125 153 162 168 185 191 101 145 189 115 166 136 105 140 103 137 196 177 165 106 175 99 163 129 138 184 188 1 Soda
99
128 128
133 133
177 177
172 172
188 188
162 162
144 144
126 126
135 135
185 185
198 198
161 161
110 110
195 195
127 127
115 115
104 104
193 193 197
103 103
129 129
146 146
183 183
148 148
160 160
100 100
122 122
184 184
109 109
118 118
120 120
123 123
125 125
130 130
169 169
99 99
111 111
174 174
194 194
101 101
102 102
131 131
141 141
159 159
163 163
186 186
105 105
106 106
112 112
113 113
121 121
137 137
140 140
145 145
152 152
158 158
165 165
166 166
182 182
196 196
107 107
108 108
114 114
116 116
117 117
119 119
124 124
132 132
134 134
136 136
138 138
139 139
142 142
143 143
147 147
149 149
150 150
151 151
153 153
154 154
155 155
156 156
157 157
164 164
167 167
168 168
170 170
171 171
173 173
175 175
176 176
178 178
179 179
180 180
181 181
187 187
189 189
190 190
191 191
192 192
