Soda 3 4 23 84 85 36 59 69 8 39 81 73 46 15 28 90 60 43 50 9 58 68 14 96 87 29 95 44 86 64 52 75 40 92 18 12 94 101 22 100 98 27 17 41 20 26 16 57 45 63 47 71 93 7 24 33 99 6 37 42 56 35 88 53 30 31 61 19 55 66 89 11 82 70 32 34 97 77 78 80 10 25 38 2 67 79 65 51 2 48 91 62 76 3 Soda
92
98 98
60 60
80 80
40 40 74
30 30
28 28
25 25
77 49 77
19 19
57 57
68 68
88 83 88
79 21 79
66 66
91 91
67 67
76 76
70 70
87 87
52 52
81 81
94 94
38 38
7 7
47 47
89 54 89
71 71 72
33 33
18 18
26 26
36 36
4 4
8 8
27 27
23 23
96 96
16 16
95 95
56 56
45 45
97 97
50 50
86 86
12 12
34 34
2 2
17 17
59 59
93 93
6 6
65 65
31 31
3 3
39 39
101 101
15 15
42 42
90 5 90
73 73
53 53
48 48
62 62
92 92
35 35
29 13 29
78 78
64 64
85 85
14 14
69 69
75 75
44 44
100 100
41 41
9 9
99 99
51 51
82 82
61 61
55 55
58 58
20 20
63 63
10 10
24 24
11 11
84 84
46 46
43 43
37 37
22 22
32 32
