Rhode Cleary Hawaii Blackwell Chou Columbus Florida Mulford Maryland Madison Krutch BART Santa Berkeley Bowles Annapolis Kentucky Hellman Martin Harrisburg Cheyenne East Donner University Life Valley Michigan Campanile Baton Grinnell Silver Simpson Warren Lansing Oregon LeConte Pennsylvania Energy Simon West Montgomery Bancroft Class Illinois Topeka International Moffitt Morrison Haste Mississippi Clark Minnesota Hartford Hearst Durant Observatory Insectary Jacobs Foothill Durham Salt Providence Springer Stadium Hertz Nevada Brain Chvez Tang Trenton Maxwell Little Concord Jones Columbia Edwards Mathematical Etcheverry McLaughlin Tennessee Montana Lower Utah Jefferson Sproul Boalt Barrows Nashville Cory Moses Austin Heating Police Wisconsin CNMAT Hargrove Birge Olympia McEnerney Rhode
99
Rhode Rhode
Krutch Krutch
McEnerney McEnerney
East East
Donner Donner
Hellman Hellman
Valley Valley
International International
Olympia Olympia
Life Life
Martin Martin
Grinnell Grinnell
Michigan Michigan
Cheyenne Cheyenne
Utah Utah
Silver Silver
Cory Cory
Haste Haste
University University
Bancroft Bancroft
Harrisburg Harrisburg
Lansing Lansing
Berkeley Berkeley
Simpson Simpson
Madison Madison
Campanile Campanile
Florida Florida
Hawaii Hawaii
Blackwell Blackwell
Annapolis Annapolis
Edwards Edwards
Little Little
Jefferson Jefferson
Pennsylvania Pennsylvania
Hargrove Hargrove
Santa Santa
Mulford Mulford
Providence Providence Richmond
Jacobs Jacobs
Birge Birge
Clark Clark
LeConte LeConte
Observatory Observatory
Illinois Illinois
Moffitt Moffitt
Chou Chou
Nashville Nashville
Baton Baton
Bowles Bowles
Moses Moses
BART BART
Kentucky Kentucky
Jones Jones
Durham Durham
Columbus Columbus
Sproul Sproul
West West
Tennessee Tennessee
Oregon Oregon
Brain Brain
Nevada Nevada
Austin Austin
Springer Springer
Etcheverry Etcheverry
Warren Warren
Energy Energy
Hearst Hearst
CNMAT CNMAT
Wisconsin Wisconsin
McLaughlin McLaughlin
Insectary Insectary
Montana Montana
Hartford Hartford
Chvez Chvez
Columbia Columbia
Stadium Stadium
Class Class
Hertz Hertz
Tang Tang
Salt Salt
Heating Heating
Maryland Maryland
Durant Durant
Concord Concord
Simon Simon
Police Police
Topeka Topeka
Lower Lower
Boalt Boalt
Mathematical Mathematical
Minnesota Minnesota
Barrows Barrows
Montgomery Montgomery
Foothill Foothill
Trenton Trenton
Maxwell Maxwell
Mississippi Mississippi
Cleary Cleary
Morrison Morrison
