BukitBatokEast TiongBahruStation DowntownCore BukitBatokEast LeonieHill RiverValley Hillcrest TanjongPagar SimpangNorth AirportRoad NeeSoon ChoaChuKang AirportRoad Tyersall JooKoon Sembawang GhimMoh Safti GaliBatuMandai CityHall AirportRoad LowerSeletar Geylang Redhill PearlsHill Sudong SungeiRoad Simei BukitBatokEast
22
ChoaChuKang ChoaChuKang
PearlsHill PearlsHill
Tyersall Tyersall
GaliBatuMandai GaliBatuMandai
Sudong Sudong
GhimMoh GhimMoh
Hillcrest Hillcrest
JooKoon JooKoon
LowerSeletar LowerSeletar
Sembawang Sembawang
NeeSoon NeeSoon
Redhill Redhill
SimpangNorth SimpangNorth
CityHall CityHall
SungeiRoad SungeiRoad
RiverValley RiverValley
DowntownCore DowntownCore
TiongBahruStation TiongBahruStation
Safti Frankel Tengeh SwissClub Safti
LeonieHill LeonieHill
TanjongPagar TanjongPagar
Simei Simei
