F8 M5 K6 P9 T5 P6 Q3 D8 H0 T8 H0 I8 F1 I0 N4 R9 I9 P2 M6 D9 E4 Q0 T0 K5 C0 I0 J2 D7 H2 A2 I2 T9 N0 G9 D8 S0 O1 C8 M6 F9 A0 F9 I4 L6 H5 Q7 F6 B3 A8 Q8 E2 G0 E0 T1 P7 R6 D4 C1 F2 I4 S9 H4 B2 E5 E3 O3 F8 C3 C8 A9 T0 H3 S8 H3 I6 B4 N6 B4 D5 E8 E7 A3 O5 G6 Q2 S7 N7 N2 N1 H6 P5 S2 P6 I3 O2 R8 M0 C4 B0 Q5 B8 R4 J0 J1 S5 G1 R1 K3 H4 H1 I9 L9 C2 D3 K1 A1 B7 G4 N8 F8
99
H3 H3
C1 C1
S7 S7
A2 A2
I3 I3
I8 I8
H5 H5
B0 B0
K1 K1
N4 N4
E8 E8
H1 H1
N1 N1
M6 M6
G0 G0
Q0 Q0
K6 K6
J1 J1
B2 B2
C2 C2
G4 G4
C0 C0
N6 N6
A0 A0
B3 B3
J2 J2
S9 S9
R6 R6
A9 A9
E3 E3
N0 N0
F6 F6
D7 D7
S0 S0
A3 A3
G6 G6
T5 T5
P5 P5
T1 T1
R4 R4
E4 E4
O2 O2
P2 P2
S8 S8 R0
Q8 Q8
J0 J0
K3 K3
K5 K5
C4 C4
F2 F2
R9 R9
F1 F1
M0 M0
H4 H4
G1 G1
D5 D5
Q5 Q5
L9 L9
E2 E2
I6 I6
P9 P9
N2 N2
A1 A1
N8 N8
Q3 Q3
L6 L6
F9 F9
A8 A8
S2 S2
O5 O5
P6 P6
O1 O1
S5 S5
C8 C8
M5 M5
I2 I2
E7 E7
E5 E5
D3 D3
D9 D9
Q7 Q7
N7 N7
I0 I0
D4 D4
I9 I9
H2 H2
T8 T8
O3 O3
G9 G9
P7 P7
R8 R8
T0 T0
T9 T9
C3 C3
B4 B4
I4 I4
H6 H6
D8 D8
H0 H0
