Latias Raticate Primeape Vibrava Elgyem Golisopod Charmeleon Relicanth Exeggutor Wurmple Bounsweet Scolipede Infernape Staryu Luvdisc Petilil Noivern Palkia Talonflame Reshiram Jigglypuff Magearna Keldeo Dartrix Toxicroak Shelgon Latias
25
Raticate Raticate
Talonflame Talonflame
Petilil Petilil
Shelgon Shelgon
Charmeleon Charmeleon
Wurmple Wurmple
Jigglypuff Jigglypuff
Toxicroak Toxicroak
Primeape Primeape
Infernape Infernape
Magearna Magearna
Dartrix Dartrix
Staryu Staryu
Elgyem Elgyem
Noivern Noivern
Keldeo Keldeo
Scolipede Scolipede
Exeggutor Exeggutor
Golisopod Golisopod
Reshiram Reshiram
Luvdisc Luvdisc
Palkia Palkia
Bounsweet Bounsweet
Relicanth Relicanth
Vibrava Vibrava
