Qwilfish Drampa Sandile Meloetta Porygon2 Meloetta Scatterbug Honedge Kakuna Treecko Seaking Nincada Noibat Skiddo Skorupi Munna Swadloon Magnemite Comfey Nincada Shellos Magmar Volcarona Steenee Volcarona Vullaby Volcarona Magmar Inkay Vespiquen Shellder Bastiodon Whismur Metapod Metang Slurpuff Metang Crawdaunt Woobat Escavalier Weezing Metapod Sandile Simisear Noibat Honedge Weepinbell Zekrom Conkeldurr Stufful Amoonguss Lotad Drapion Taillow Drapion Vullaby Jumpluff Plusle Wailord Tauros Gengar Drampa Froakie Bounsweet Froakie Drampa Qwilfish
50
Qwilfish Qwilfish
Conkeldurr Conkeldurr
Slurpuff Slurpuff
Treecko Treecko
Volcarona Volcarona
Simisear Simisear
Swadloon Swadloon
Escavalier Escavalier
Taillow Taillow
Bounsweet Bounsweet
Shellder Shellder
Meloetta Meloetta
Metapod Metapod
Nincada Nincada
Crawdaunt Crawdaunt
Skorupi Skorupi
Plusle Plusle
Gengar Gengar
Whismur Whismur
Woobat Woobat
Sandile Sandile
Steenee Steenee
Tauros Tauros
Drapion Drapion
Scatterbug Scatterbug
Vullaby Vullaby
Porygon2 Porygon2
Vespiquen Vespiquen
Seaking Seaking
Magnemite Magnemite
Magmar Magmar
Munna Munna
Stufful Stufful
Bastiodon Bastiodon
Noibat Noibat
Weezing Weezing
Froakie Froakie
Metang Metang
Weepinbell Weepinbell
Drampa Drampa
Honedge Honedge
Inkay Inkay
Lotad Lotad
Shellos Shellos
Skiddo Skiddo
Amoonguss Amoonguss
Wailord Wailord
Comfey Comfey
Jumpluff Jumpluff
Kakuna Kakuna
