Burlington Killeen Prairie Amarillo Hayward Buffalo Louisville Chicago Merced Denver Rapids Cedar Chattanooga Greenville Myrtle Hampton McAllen Apple Bridgeport Miramar Clarke Naperville Davenport Honolulu Burlington
23
Burlington Cambridge Independence
Bridgeport Bridgeport
Chicago Chicago
Myrtle Myrtle
Davenport Davenport
Chattanooga Chattanooga
Buffalo Buffalo
Greenville Greenville
Rapids Rapids
Clarke Columbus Clarke
McAllen McAllen
Amarillo Amarillo
Prairie Prairie
Cedar Cedar
Louisville Louisville
Naperville Naperville
Merced Merced
Miramar Miramar
Hampton Hampton
Honolulu Honolulu
Killeen Killeen
Hayward Hayward
Denver Denver
