Monroe Clarksville Clarke Hesperia Denton Prairie Naples Bedford Julian Cleveland Erie Mobile Leominster Canton Layton Corpus Greensboro Vista Gainesville Dallas Three Kailua Bridgeport Arlington Rapids Davidson Lancaster Johnson Boulder Four Kissimmee Seven Laredo Akron Bradenton Denver Monterey Kennewick Ten Jacksonville Anaheim Lacey Melbourne Birmingham Amarillo Austin Hagerstown Antioch Elkhart Lancaster Havre Aberdeen Lowell Cambridge Albany Boise Merced Montgomery Detroit Elizabeth Irving Baton Lakeland Hickory Lafayette Hartford Huntington Athens Asheville Carrollton Mesa Hialeah Muskegon Hampton Modesto Gilbert Viejo Abilene Asheville Bethlehem Anchorage Daytona Burlington Dayton Hayward Five Kenosha Baltimore Killeen Glendale Huntsville Collins Brownsville Cary Manchester Chesapeake Fairfield Fayetteville Mesquite Albuquerque Miami Allentown Lewisville Monroe
98
Monroe Monroe
Jacksonville Jacksonville
Lafayette Lafayette
Austin Austin
Lowell Lowell
Montgomery Montgomery
Erie Erie
Kennewick Kennewick
Prairie Prairie
Four Four
Viejo Viejo
Rapids Rapids
Glendale Glendale
Johnson Johnson Charleston
Daytona Daytona
Hayward Hayward
Albany Albany
Fayetteville Apple Fayetteville
Laredo Laredo
Cary Cary
Clarke Clarke
Gainesville Gainesville
Baton Baton
Hagerstown Hagerstown
Miami Miami
Kenosha Kenosha
Gilbert Gilbert
Birmingham Birmingham
Huntington Huntington
Bethlehem Bethlehem
Athens Athens
Kailua Kailua
Mesquite Mesquite
Havre Havre
Monterey Monterey
Three Three
Abilene Abilene
Chesapeake Chesapeake
Hialeah Hialeah
Melbourne Melbourne
Bedford Bedford
Leominster Leominster
Elizabeth Elizabeth
Akron Akron
Kissimmee Kissimmee
Modesto Modesto
Greensboro Greensboro
Davidson Davidson
Layton Layton
Burlington Burlington
Carrollton Carrollton
Julian Julian
Muskegon Muskegon
Anaheim Anaheim
Mobile Mobile
Cleveland Cleveland
Fairfield Fairfield
Bradenton Bradenton
Dallas Dallas
Vista Vista
Lakeland Lakeland
Seven Seven
Dayton Dayton
Antioch Antioch
Anchorage Anchorage
Boulder Boulder
Manchester Manchester
Brownsville Brownsville
Killeen Killeen
Lancaster Lancaster
Hickory Hickory
Huntsville Huntsville
Detroit Detroit
Allentown Allentown
Naples Naples
Corpus Corpus
Merced Merced
Lewisville Lewisville
Elkhart Elkhart
Irving Irving
Aberdeen Aberdeen
Clarksville Clarksville
Canton Canton
Hartford Hartford
Cambridge Cambridge
Denver Denver
Baltimore Baltimore
Hampton Hampton
Bridgeport Bridgeport
Amarillo Amarillo
Mesa Mesa
Ten Ten
Boise Boise
Lacey Lacey
Arlington Arlington
Denton Denton
Asheville Asheville
Hesperia Hesperia
