Myrtle Montgomery Hollywood Cedar Davidson Miramar Chicago Lansing Lorain Harlingen Champaign Brownsville Mobile Barnstable Macon Bradenton Albuquerque Muskegon Huntington Plen Corpus GreenBay Abilene Champaign Cary Albany Bridgeport Cathedral Nashua Appleton Leominster Houma Deltona Joliet Kansas Medford Bloomington Grays Erie Huntsville Hartford Aribel Lexington Minneapolis Alexandria Baltimore Chandler Dallas Hemet Merced Myrtle
48
Bloomington Bloomington
Lexington Lexington
Bridgeport Bridgeport
Huntsville Huntsville
Leominster Leominster
Deltona Deltona
Champaign Champaign
Dallas Dallas
Grays Grays
Nashua Nashua Moreno
Plen Plen
Chicago Chicago
Baltimore Baltimore
Davidson Davidson
Mobile Mobile
Harlingen Harlingen Kissimmee
Corpus Corpus
Albuquerque Albuquerque
Abilene Abilene
Merced Merced
Muskegon Muskegon
Barnstable Barnstable
Cedar Cedar
Cathedral Cathedral
Appleton Appleton
Medford Medford
Houma Houma
Lansing Lansing
Alexandria Alexandria
Kansas Kansas
Albany Albany
Miramar Miramar
Bradenton Bradenton
Hemet Hemet
Aribel Aribel
Chandler Chandler
GreenBay GreenBay
Cary Cary
Minneapolis Minneapolis
Brownsville Brownsville
Lorain Lorain
Montgomery Montgomery
Huntington Huntington
Joliet Joliet
Hollywood Hollywood
Erie Erie
Hartford Hartford
Macon Macon
