Soda Jacobs Lawrence MLK LeConteHall MemorialGlade MLK Lawrence MLK LeConteHall EyeCenter EshlemanHall Soda RSF SatherRd SatherTower SatherGate NorthField MulfordHall MosesHall MorrisonHall MorganHall RSF Soda SeniorHall SproulHall SproulPlaza SutardjaDaiHall Unit1 SutardjaDaiHall TangCenter WursterHall SeniorHall Soda AlumniHouse BarrowsHall CampbellHall CareerCenter ClarkKerr Dwinelle BarkerHall Dwinelle BarrowLane Campanile Soda
18
Campanile Campanile
CareerCenter CareerCenter
BarkerHall BarkerHall
Dwinelle Dwinelle
EyeCenter EyeCenter
Jacobs Jacobs
LeConteHall LeConteHall
MemorialGlade MemorialGlade
MLK MLK
Lawrence Lawrence
MorrisonHall MorrisonHall
MorganHall MorganHall
MulfordHall MulfordHall
SatherRd SatherRd
SproulPlaza SproulPlaza
SutardjaDaiHall SutardjaDaiHall
Unit1 Unit1
WursterHall WursterHall
