Pantheon LoneDruid Oracle Ashe Shyvana Jayce SpiritBreaker Rumble MasterYi Draven Jinx Morgana BountyHunter Bard Maokai Slark Ahri ArcWarden Jhin Kled Lich ChaosKnight Xerath Malphite Ziggs CentaurWarrunner Galio Phoenix Jax WraithKing Lucian Tailyah Magnus Akali Heimerdinger CrystalMaiden Tiny Anivia Disruptor KogMaw Skarner Lux Ezreal Nunu MasterYi Talon TrollWarlord NightStalker Spectre Pantheon
47
BountyHunter BountyHunter
CentaurWarrunner CentaurWarrunner
Anivia Anivia
SpiritBreaker SpiritBreaker
Ashe Ashe
Lich Lich
ArcWarden ArcWarden
Xerath Xerath
KogMaw KogMaw
Ezreal Ezreal
TrollWarlord TrollWarlord
Akali Akali
Lucian Lucian
Magnus Magnus
Slark Slark
WraithKing WraithKing
Maokai Maokai
Lux Lux
Jinx Jinx
Skarner Skarner
Phoenix Phoenix
Malphite Malphite
Tiny Tiny
Oracle Oracle
NightStalker NightStalker
Kled Kled
LoneDruid LoneDruid
Morgana Morgana
Shyvana Shyvana
Jayce Jayce
Ahri Ahri
MasterYi MasterYi
Tailyah Tailyah Bristleback
Heimerdinger Heimerdinger
Bard Bard
Nunu Nunu
Disruptor Disruptor
Talon Talon
CrystalMaiden CrystalMaiden
Jhin Jhin
Draven Draven
Rumble Rumble
Ziggs Ziggs
Jax Jax
ChaosKnight ChaosKnight
Spectre Spectre
Galio Galio
