6 0 7 8 0 4 1 6 11 15 10 18 10 19 10 14 10 11 24 20 21 20 23 26 24 30 31 30 38 36 30 39 30 42 40 41 46 48 40 42 55 51 50 57 50 59 50 55 67 69 62 63 65 60 67 73 74 77 75 79 70 78 73 80 81 87 88 85 80 96 90 97 98 90 95 96 103 105 101 100 107 109 106 100 103 111 114 110 113 118 115 112 111 124 126 120 129 128 120 125 124 133 139 134 130 137 130 132 133 143 146 140 149 144 140 145 148 143 158 150 157 152 150 153 150 158 168 164 160 163 167 166 168 172 176 170 177 178 170 172 189 180 186 180 181 182 187 180 185 180 189 199 198 191 190 196 190 194 199 6
91
109 109
144 144
59 59
167 167
79 79
137 137
120 120
46 46
98 98
23 23
85 85
63 63
187 187
118 118
178 178
39 39
157 157
95 95
191 191
19 19
57 57
194 194
41 41
21 21
74 74
87 87
148 148
177 177
185 185
97 97
139 139
152 152
8 8
15 15
50 50
126 126
7 7
106 106
114 114
146 146
145 145
164 164
196 196
65 65
31 31
48 48
69 69
101 101
125 125
163 163
170 170 179
198 198
26 26
132 132
153 153
166 166
186 186
4 4
14 14
77 77
90 90
129 129
130 130
134 134
149 149
1 1
18 18
40 40
88 88
113 113
62 62
105 105
182 182
36 36
60 60
107 107
112 112
115 115
128 128
150 150
10 10
20 20
51 51
78 78
81 81
176 176
181 181
190 190
0 0
38 38
75 75
