0 6 61 6 59 6 57 6 55 6 63 6 0 3 36 3 32 3 29 3 0 7 70 7 64 7 71 7 68 7 0 1 17 1 15 1 18 1 10 1 11 1 0 4 43 4 41 4 40 4 39 4 44 4 0 9 87 9 83 9 89 9 82 9 0 2 21 2 25 2 27 2 26 2 22 2 0 8 76 8 77 8 80 8 73 8 79 8 0 5 54 5 49 5 48 5 50 5 0
49
11 11
15 15
10 10
17 17
21 21
25 25
18 18
22 22
26 26
32 32
29 29
27 27
39 39
36 36
41 41
40 40
43 43
49 49
48 48
44 44
50 50
57 57
54 54
55 55
59 59
64 64
61 61
63 63
70 70
68 68
71 71
73 73
80 80
77 77
76 76
79 79
87 87
89 89
82 82
83 83
1 1
2 2
3 3
4 4
5 5
6 6
7 7
8 8
9 9
