1 170 190 140 11 3 137 148 161 180 60 6 40 29 155 27 160 95 99 192 25 64 116 176 65 143 79 53 100 78 36 67 188 9 89 8 131 87 129 7 164 35 2 97 112 108 3 21 167 91 139 2 59 182 8 184 16 42 132 20 17 127 70 197 119 2 74 123 142 12 68 147 44 9 57 120 151 92 163 172 186 181 191 94 32 7 28 13 178 52 6 13 117 149 121 3 81 153 122 3 77 165 159 34 1 126 76 118 114 183 14 45 93 1
100
151 151
119 119
2 2
74 74
147 147
112 112
16 16
160 160
59 59
163 163
140 140
57 57
12 12
53 53
143 143
27 27
36 36
182 182
97 97
95 95
192 192
7 7
78 78
126 126
29 29
32 32
129 129
139 139
42 42
127 127
13 13
183 183
167 167
70 70
181 181
14 14
186 186
89 89
153 153
45 45
142 142
87 87
184 184
60 60
123 123
170 170
76 76
118 118
21 21
165 165
68 68
108 108
11 11
114 114
17 17
3 3
197 197
100 100
6 6
52 52
149 149
132 132
35 35
79 79
176 176
137 137
40 40
180 180
9 9
64 64
161 161
117 117
20 20
67 67
164 164
25 25
122 122
28 28
120 120
172 172
99 99
121 121
93 93
190 190
77 77
44 44
65 65
159 159
148 148
116 116
94 94
191 191
92 92
91 91
188 188
34 34
131 131
81 81
178 178
155 155
