187 68 162 1 32 45 70 199 5 63 48 0 94 2 29 153 86 156 47 67 18 5 196 12 7 110 2 36 87 11 8 20 172 9 52 23 119 78 164 6 166 173 72 136 12 161 191 0 107 9 2 30 1 190 169 6 12 152 4 163 41 93 132 111 1 108 1 90 171 69 146 114 79 9 128 142 175 117 180 44 6 39 160 165 1 154 134 5 97 54 55 3 89 6 80 4 33 83 53 10 157 0 176 58 140 65 183 73 95 6 126 184 15 1 92 11 127 82 1 148 150 14 71 181 124 23 14 133 131 109 13 120 9 42 5 59 13 17 187
100
63 63
111 111
82 82
152 152
133 133
33 33
119 119
191 191
173 173
175 175
163 163
13 13
181 181
90 90
142 142
6 6
110 110
148 148
109 109
132 132
30 30
117 117
165 165
41 41
69 69
128 128
157 157
150 150
54 54
9 9
23 23
169 169
12 12
162 162
2 2
80 80
107 107
190 190
146 146
78 78
153 153
134 134
161 161
67 67
120 120
183 183
55 55
176 176
184 184
93 93
164 164
136 136
48 48
140 140
8 8
72 72
95 95
94 94
171 171
92 92
36 36
18 18
89 89
87 87
160 160
180 180
53 53
97 97
52 52
114 114
172 172
15 15
68 68
47 47
127 127
71 71
65 65
73 73
126 126
58 58
83 83
39 39
70 70
32 32
108 108
79 79
199 199
196 196
154 154
124 124
59 59
29 29
45 45
86 86
156 156
131 131
7 7
44 44
42 42
166 166
