0 41 167 171 163 161 7 155 3 73 169 57 53 173 21 125 35 193 93 135 179 105 131 159 63 5 113 133 59 65 95 51 83 183 153 69 109 55 11 17 181 111 61 87 19 185 33 137 91 27 177 141 107 31 151 175 199 165 149 129 1 15 119 43 195 101 121 157 189 127 117 99 145 67 71 197 75 187 49 13 191 29 79 103 123 25 37 45 23 139 147 81 143 89 85 9 77 47 115 97 39 0
100
1 1
3 3
5 5
7 7
9 9
11 11
13 13
15 15
17 17
19 19
21 21
23 23
25 25
27 27
29 29
31 31
33 33
35 35
37 37
39 39
41 41
43 43
45 45
47 47
49 49
51 51
53 53
55 55
57 57
59 59
61 61
63 63
65 65
67 67
69 69
71 71
73 73
75 75
77 77
79 79
81 81
83 83
85 85
87 87
89 89
91 91
93 93
95 95
97 97
99 99
101 101
103 103
105 105
107 107
109 109
111 111
113 113
115 115
117 117
119 119
121 121
123 123
125 125
127 127
129 129
131 131
133 133
135 135
137 137
139 139
141 141
143 143
145 145
147 147
149 149
151 151
153 153
155 155
157 157
159 159
161 161
163 163
165 165
167 167
169 169
171 171
173 173
175 175
177 177
179 179
181 181
183 183
185 185
187 187
189 189
191 191
193 193
195 195
197 197
199 199
