Liam Evan Liam Jordan Jack Joshua Cooper Grant Antonio Owen Antonio Kaleb Elias Connor Jasper Elliot Grayson Alexander Grayson Elliot Brody David Aaron Michael Aaron Amir Miguel Mateo Aiden Tucker Charles Mason Charles Tucker Colton Adam Malachi Henry Malachi Bryson Leo Bryson Leo Jesus Gabriel Victor Dominic Victor Hayden Austin Rowan Theodore Jude Zachary Hunter Thomas Hunter Zachary Jude Jace Jude Zachary Hunter Isaiah Hunter Zachary Jude Joseph Robert Cole Ayden Brayden Asher Brayden Jonathan Steven James Steven Sawyer Eli Sawyer Steven James Isaac James Steven Xavier Ryan Nolan Logan Nolan Elijah Adrian Elijah Nolan Miles Luke Finn Jacob Finn Kevin Nathan Connor Waylon Marcus Parker Marcus Steven Sawyer Ian Alejandro Dawson Edward Wyatt Edward Sebastian Bryce Kai Carson Emmanuel Samuel Eric Greyson Eric Messiah John Messiah Jeremy Joel Easton Patrick Oliver Andrew Dylan Lincoln Max Grant Ashton Jose Ezra Jackson Ezra Ezekiel Jeremiah Ezekiel Maddox Xander Oscar Levi Oscar Jack Jordan Leonardo George Ethan Brantley Kai Christopher Kai Carson Emmanuel Gael Jameson Hudson Jameson Benjamin Jaxon Benjamin Jameson Matteo Julian Josiah Julian Matteo Jameson Daniel Nicholas Caleb Elliott Carter Jesus Gabriel Cameron Gabriel Jayce Matthew John Bennett Landon William Landon Bennett Hayden Christian Gabriel Cameron Jaxson Angel Anthony Maverick Camden Bentley Jayden Bentley Camden Noah Lucas Joshua Jack Jordan Liam
90
Liam Liam
Jace Jace
Austin Austin
Angel Angel
Jaxon Jaxon
Robert Robert
Mason Mason
Nolan Nolan
Sebastian Sebastian
Isaiah Isaiah
Nicholas Nicholas
Carson Carson
Owen Owen
William William
Jeremiah Jeremiah
Levi Levi
Dominic Dominic
Eli Eli
Jose Jose
Elias Elias
Jacob Jacob
Cameron Cameron
Leo Leo
Greyson Greyson
Josiah Josiah
Asher Asher
Hudson Hudson
David David
Dylan Dylan
Ian Ian
Theodore Theodore
Thomas Thomas
Isaac Isaac
Xavier Xavier
Parker Parker
Joseph Joseph
Daniel Daniel
Carter Carter
Christopher Christopher
Noah Noah
Matthew Matthew
Evan Evan
Wyatt Wyatt
Luke Luke
Jaxson Jaxson
Ethan Ethan
Jonathan Jonathan
Alexander Alexander
Logan Logan
Cooper Cooper
Colton Colton
Anthony Anthony
Oliver Oliver
Michael Michael
Adrian Adrian
Ezekiel Ezekiel
Connor Connor
Landon Landon
Ryan Ryan
Christian Christian
Benjamin Benjamin
Jackson Jackson
Hunter Hunter
Mateo Mateo
Joshua Joshua
Caleb Caleb
Samuel Samuel
Gabriel Gabriel
Jayden Jayden
James James
Grayson Grayson
Elijah Elijah
Bryson Bryson
Nathan Nathan
Lincoln Lincoln
Jack Jack
Aaron Aaron
John John
Adam Adam
Andrew Andrew
Jordan Jordan
Easton Easton
Julian Julian
Henry Henry
Charles Charles
Ezra Ezra
Maverick Maverick
Aiden Aiden
Lucas Lucas
Brayden Brayden
