Liam Isaiah Daniel Isaiah Liam Ayden Jackson Eli Wyatt Eli Lucas Eli Josiah Sebastian David Anthony Chase Jacob Jordan Ian Matthew Cooper Jayden Mason Elijah Aiden Julian Dylan Thomas James Thomas Dylan Owen Noah Luke Christian Henry Christian Logan Ethan Brayden Samuel Nicholas Greyson Michael Kayden John Sawyer Benjamin Carson Liam
23
Liam Liam Joseph
Lucas Lucas
Elijah Elijah
Wyatt Wyatt
Owen Owen
Matthew Matthew
Daniel Daniel
Henry Henry
Luke Luke
Benjamin Benjamin Carter
Samuel Samuel
Jacob Jacob
Jackson Oliver Jackson
Aiden William Logan Aiden
Noah Noah
James James
Mason Mason Alexander
John John
David Sebastian David
Ethan Ethan
Michael Michael
Jayden Jayden
Dylan Dylan
