zero five six five twelve thirteen twenty twentyone fifteen twentytwo twentynine thirty thirtyseven thirtyeight thirtynine forty fortyone fortyeight fortyseven fortysix fortyfive fortyfour fiftyone fiftytwo fiftythree sixty sixtyone sixtytwo sixtythree fiftyseven fiftyeight sixtyfive sixtysix sixtyseven sixtyeight sixtynine seventy seventyseven seventysix seventyfive seventyfour eightyone eightyeight ninetyfive eightyeight eightyseven eightyeight eightynine eightytwo eightyone eighty seventynine seventyeight seventyone sixtyfour fiftyseven fifty fiftysix fiftyfive fiftysix fifty fortythree thirtysix twentynine thirtyfive thirtyfour thirtythree twentysix twentyfive twentyfour seventeen ten nine eight fourteen eight nine ten three four zero two zero
48
ninetyfive ninetyfive
seventy seventy
fortyfour fortyfour
eightyone eightyone
thirtythree thirtythree
eightyseven eightyseven eightyeight
sixty sixty
seventyfive seventyfive
fiftyfive fiftyfive
twentytwo twentytwo
thirtysix thirtysix
twenty twenty
ten ten
fourteen fourteen
twentyfive twentyfive
twentynine twentynine
thirtynine thirtynine
fortyseven fortyseven
fiftyone fiftyone
fiftyseven fiftyseven
sixtysix sixtysix
seventyone seventyone
seventyeight seventyeight eightyfour
twelve twelve
fifteen fifteen
fiftythree fiftythree
sixtytwo sixtytwo
sixtyeight sixtyeight
eightynine eightynine
two two
three three
four four
five five
six six
twentyfour twentyfour
thirty thirty
thirtyfour thirtyfour
thirtyfive thirtyfive
thirtyseven thirtyseven
fortyfive fortyfive
fortyeight fortyeight
fifty fifty
sixtyone sixtyone
sixtyfive sixtyfive
sixtyseven sixtyseven
seventyseven seventyseven
seventynine seventynine
eightytwo eightytwo
