0 20 53 15 86 44 92 44 70 59 89 83 98 90 146 94 194 9 19 84 33 76 7 22 72 68 180 23 194 37 26 93 18 39 71 52 21 65 56 24 100 96 16 27 81 58 74 172 41 69 130 30 55 97 27 163 60 5 67 47 87 49 77 136 14 38 25 54 80 19 153 50 44 29 75 62 34 21 45 80 66 11 177 82 181 85 181 43 29 2 5 31 79 63 159 48 46 13 17 6 78 191 51 29 44 164 99 42 35 8 10 61 1 91 40 57 80 88 3 95 122 73 64 32 12 36 12 79 44 0
97
0 0
56 56
46 46
61 61
74 74
27 27
30 30
17 17 33
57 57
16 16
18 18
49 49
60 60
63 63
66 66
43 43
14 14
42 42
7 7
36 36
70 70
51 51
83 83
25 25
88 88
50 50
69 69
58 58
9 9
87 87
55 55
82 82
22 22
24 24
45 45
8 8
13 13
32 32
86 86
44 44
67 67
80 80
21 21
31 31 4
23 23
78 78
64 64
65 65
1 1
93 93
53 53
54 54
15 15
90 28 90
76 76
2 2
85 85
12 12
77 77
38 38
29 29
34 34
47 47
71 71
94 94
96 96
41 41
92 92
37 37
89 89
72 72
19 19
10 10
52 52
40 40
6 6
95 95
62 62
39 39
48 48
79 79
5 5
99 99
98 98
91 91
73 73
35 35
84 84
26 26
59 59
75 75
81 81
11 11
68 68
97 97
3 3
20 20
