Djibouti Benin Bolivia Benin Botswana Benin Brazil Benin Bosnia Benin Djibouti Austrian Bahrain Austrian Azerbaijan Austrian Baden Austrian Bangladesh Austrian Djibouti Antigu Austria Antigu Armenia Antigu Australia Antigu Argentina Antigu Djibouti Afghanistan Angola Afghanistan Andorra Afghanistan Albania Afghanistan Algeria Afghanistan Djibouti Barbados Belarus Barbados Belize Barbados Belgium Barbados Bavaria Barbados Djibouti
25
Afghanistan Afghanistan
Albania Albania
Algeria Algeria
Andorra Andorra
Angola Angola
Antigu Antigu
Argentina Argentina
Armenia Armenia
Australia Australia
Austria Austria
Austrian Austrian
Azerbaijan Azerbaijan
Baden Baden
Bahrain Bahrain
Bangladesh Bangladesh
Barbados Barbados
Bavaria Bavaria
Belarus Belarus
Belgium Belgium
Belize Belize
Benin Benin
Bolivia Bolivia
Bosnia Bosnia
Botswana Botswana
Brazil Brazil
