pump appearance lot gloom innovation freedom consideration line guideline descent pipe anger mouse plug physical wage genetic wear literature fairy minor aspect tip feign sit hallway polish brain sacrifice formulate sweet impound distributor exercise mud category engineer shed row lemon ensure connection overlook reflection attractive title admiration parallel forest prospect pedestrian nominate affect pursuit park ghost unanimous float sentiment range depressed privilege packet ground preoccupation leadership rock valley linger button sticky reject survival judicial novel need pump
73
pump pump
range range
linger linger
leadership leadership
wear wear
guideline guideline
polish polish performance
overlook overlook
sit sit
prospect prospect
sweet sweet
physical physical
affect affect
ensure ensure pray
admiration admiration
ground ground
tip tip
engineer engineer
judicial judicial
ghost diagram ghost
reflection reflection
exercise exercise separate hierarchy
row row
line line
privilege privilege
fairy fairy
park park
appearance appearance
float float
button button
title title
rock rock
pipe pipe
mud mud
wage wage
survival survival
innovation innovation
category category
plug plug
pursuit pursuit
hallway hallway
impound impound
unanimous unanimous
gloom gloom
need need
literature literature
forest forest
descent descent
nominate nominate
mouse mouse
brain brain
minor minor
genetic genetic
consideration consideration
preoccupation preoccupation
attractive attractive
formulate formulate
valley valley
packet packet
lot lot
sticky sticky
distributor distributor
lemon lemon
anger anger
sentiment sentiment
depressed depressed
parallel parallel
feign feign
sacrifice sacrifice
reject reject
freedom freedom
aspect aspect
pedestrian pedestrian
