paint blade ice same floor diligent measure finish indicate imported thumb stink nutty ambiguous learning complain determine glamorous ray desire inherit rake route slam paint
24
paint paint wooden
nutty nutty
route route
desire desire
determine determine
thumb thumb
rake rake
ice ice
ambiguous ambiguous
stink stink
finish finish
slam slam
learning learning
measure measure
ray ray
same same
inherit inherit
indicate indicate
blade blade
diligent diligent
glamorous glamorous
imported imported
floor floor
complain complain
