F1E81B 813B05 396D53 6CAF46 573788 17BB75 17779E 770D1A 825EC5 8417C8 CF668A 47FACD 0F5860 47FACD D337F2 AD0427 C3B3E7 91A0DC 2FEDFB CD2CA7 305D33 4B3F8A A1F104 CC9C14 04439C C3EF62 EB719D 4A5708 086D53 F33196 086D53 61199E C45E71 AEFF96 17BB75 FFEEBD 2595F1 C9AF85 9096DB 36590B 66048A 06C557 490F1E 77A0B5 94A561 112AE7 BB4908 E5E6C0 EB719D 614224 BF6302 7829D7 36C862 AEFF96 DCE144 6F492E BB40E6 205E5C C18C9B BB4908 B47658 D6CC7A E63884 6D51F4 783751 1D21D3 20EAE7 846159 5BB557 8EBF8A 293D59 1D21D3 90451D 112AE7 E80628 14B430 D4A75D 53C6C8 151BC9 8F17C0 D8AAF4 6B622D 5F4E43 6CAF46 4A28BA 462226 7E1C6C 4CAD30 5C7062 F3EDB3 52C88C 825EC5 C4303B 462226 4099A6 1111F7 93EBE3 013940 0CBC31 8F495E A94B37 6E313C E81014 2BF7B5 E3C2C9 2CCB19 8B519F 2595F1 8B6C2F 2595F1 28F6D1 6CAF46 B7F75A 6CAF46 685D1A E2CE9F 2CCB19 B69F55 1F842B 7E78F3 C3B3E7 86493E 4B3F8A E81014 4B3F8A 230A7C 85D6DB 7D997B E51A66 BA3320 63361A EB8E2E 4B97F1 14994D 10520F 596CF6 17BB75 825EC5 DE6899 825EC5 239994 8EBF8A 1D21D3 8BFCAC 612FAA 124C90 D4A75D 1111F7 6B340B AE4A01 6966D7 C45E71 29D5D7 8015E0 E3C2C9 3B4B53 D1967A 851F90 D1967A 59843B 3C5D7A 1E1095 DD07FF F1E81B
97
F1E81B F1E81B
151BC9 151BC9
AE4A01 AE4A01
4A5708 4A5708
2BF7B5 2BF7B5
66048A 66048A
293D59 293D59
52C88C 52C88C
77A0B5 77A0B5
2CCB19 2CCB19
28F6D1 28F6D1
8F495E 8F495E
230A7C 230A7C
E5E6C0 E5E6C0
0F5860 0F5860
17779E 17779E
8015E0 8015E0
4099A6 4099A6
4CAD30 4CAD30
5F4E43 5F4E43
20EAE7 20EAE7 ABD8FE
14B430 14B430
7E78F3 7E78F3
BB40E6 BB40E6
851F90 851F90
7829D7 7829D7
396D53 396D53
FFEEBD FFEEBD
F33196 F33196
6B340B 6B340B
8EBF8A 8EBF8A
596CF6 596CF6
8B6C2F 8B6C2F
2FEDFB 2FEDFB
C4303B C4303B
8417C8 8417C8
E81014 E81014
6E313C 6E313C
36C862 36C862
685D1A 685D1A
E51A66 E51A66
6966D7 6966D7
4A28BA 4A28BA
14994D 14994D
DE6899 DE6899
8BFCAC 8BFCAC
A1F104 A1F104
3B4B53 3B4B53
9096DB 9096DB
90451D CEAC59 90451D
1E1095 1E1095
47FACD 47FACD
93EBE3 93EBE3
C3B3E7 C3B3E7
63361A 63361A
5C7062 5C7062
61199E 61199E
239994 239994
4B97F1 4B97F1
C18C9B C18C9B
614224 614224
B69F55 B69F55
B47658 B47658
94A561 94A561
36590B 36590B
D337F2 D337F2
490F1E 490F1E
E3C2C9 E3C2C9
8F17C0 8F17C0
573788 573788 FFFD4B
305D33 305D33
6D51F4 6D51F4
B7F75A B7F75A
7E1C6C 7E1C6C
124C90 124C90
8B519F 8B519F
0CBC31 0CBC31
DCE144 DCE144
59843B 59843B
AEFF96 AEFF96
86493E 86493E
770D1A 770D1A
E80628 E80628
6B622D 6B622D
29D5D7 29D5D7
813B05 813B05
C3EF62 C3EF62
1F842B 1F842B
783751 783751
D1967A D1967A
5BB557 5BB557
85D6DB 85D6DB
C9AF85 C9AF85
D4A75D D4A75D
CC9C14 CC9C14
D6CC7A D6CC7A
BB4908 BB4908
