engine worker mind war analyst section side idea volume size answer accident beer variation sympathy reputation education dirt age understanding time source teaching space satisfaction material piano temperature step singer engine buyer data finding ear politics clothes beginning finding series birth engine tax director tooth figure choice machine reputation two tension theory view standard bus money model country funeral drawer card fact eye failure engineering teacher area aspect energy ratio meal departure preparation town tool chapter process engine sport leadership police grandmother equipment member secretary poetry difficulty office moment business supermarket promotion song editor error measurement speech age class girl song performance situation feedback emphasis card feedback problem significance stranger drawing dealer temperature delivery light age interaction menu engine
98
engine engine
light light
beginning beginning temperature
secretary secretary
promotion promotion
meal meal flight
standard standard
funeral funeral
education education
two two
business business
drawer drawer
piano piano
space space
volume volume
speech speech
member member
office office
model model
situation situation
beer beer
understanding understanding
teaching teaching
worker worker
chapter chapter
machine machine
teacher teacher
time time
preparation preparation
card card
choice choice
emphasis emphasis
reputation reputation
satisfaction satisfaction
leadership leadership
politics politics
tax tax
aspect aspect
birth birth
grandmother grandmother
departure departure
money money
performance performance
age age
significance significance
accident accident
difficulty difficulty
interaction interaction
data data
failure failure
class class
eye eye
view view
step step
fact fact
sympathy sympathy
mind mind
country country
engineering engineering
moment moment
figure figure
editor editor
director director
song song
area area
section section
energy energy
problem problem
buyer buyer
measurement measurement
source source
war war
process process
tension tension
tooth tooth
ear ear
clothes clothes
police police
drawing drawing
tool tool
answer answer
singer singer
side side
variation variation
error error
ratio ratio
analyst analyst
menu menu
delivery delivery
town town
idea idea
series series
sport sport
bus bus
material material
dirt dirt
dealer dealer
girl girl
