a1 a2 a3 a4 a8 a9 a10 a11 a75 a76 a80 a81 a82 a83 a84 a83 a193 a78 a77 a73 a72 a68 a67 a66 a65 a64 a60 a59 a155 a156 a157 a158 a157 a153 a152 a148 a147 a146 a145 a146 a147 a193 a19 a20 a24 a25 a29 a30 a29 a28 a32 a33 a34 a35 a36 a40 a41 a45 a46 a45 a44 a43 a171 a172 a173 a174 a173 a169 a168 a164 a163 a162 a161 a162 a163 a193 a62 a61 a57 a56 a52 a51 a50 a49 a53 a54 a182 a181 a177 a178 a179 a180 a179 a193 a6 a38 a22 a21 a17 a16 a12 a13 a14 a193 a27 a107 a108 a112 a113 a114 a115 a116 a115 a193 a110 a109 a105 a104 a100 a99 a98 a97 a96 a92 a93 a94 a93 a89 a90 a91 a139 a140 a141 a142 a141 a137 a136 a132 a131 a130 a129 a128 a124 a125 a126 a125 a121 a122 a123 a187 a188 a189 a190 a189 a185 a189 a188 a192 a1
77
a1 a1
a30 a30
a46 a46
a62 a62
a78 a78
a94 a94
a110 a110
a126 a126
a142 a142
a158 a158
a174 a174
a14 a14
a19 a19
a35 a35
a51 a51
a67 a67
a83 a83
a99 a99
a115 a115
a131 a131
a147 a147
a163 a163
a179 a179
a11 a11 a43 a59 a75 a91 a107 a123 a139 a155 a171 a187
a190 a190
a22 a22 a54 a70 a86 a102 a118 a134 a150 a166 a182
a3 a3
a9 a9
a17 a17
a25 a25
a33 a33
a41 a41
a49 a49
a57 a57
a65 a65
a73 a73
a81 a81
a89 a89
a97 a97
a105 a105
a113 a113
a121 a121
a129 a129
a137 a137
a145 a145
a153 a153
a161 a161
a169 a169
a177 a177
a185 a185
a28 a28
a44 a44
a60 a60
a76 a76
a92 a92
a108 a108
a124 a124
a140 a140
a156 a156
a172 a172
a188 a188
a4 a4
a12 a12
a20 a20
a36 a36
a52 a52
a68 a68
a84 a84
a100 a100
a116 a116
a132 a132
a148 a148
a164 a164
a180 a180
a6 a6
a27 a27
a38 a38
