Wheeler Sproul Wheeler Dwinelle Wheeler Evans Morrison Hertz Kroeber Wurster Boalt Wurster Kroeber Lewis Greek Bechtel Jacobs Cory Greek Morrison Evans Latimer Stanley Foothill Stanley Latimer Etcheverry VLSB Moffitt Soda Sather Martinez Sather Unit3 Sather Barker Sather OCF Sather Soda Cheit Normandy Kresge Davis Hearst Cafe3 Cloyne WayWest Warren WayWest Ippuku Metropolitan Ippuku WayWest Pimentel Anthony HearstAnnex Stephens Moses Stephens South McLaughlin Memorial IHouse Memorial Haviland Wellman RSF Koshland Stonefire Haas Minor Maxwell MemorialStadium Hargrove MemorialStadium Maxwell Minor Stonefire RareTea Baker CZ Fiji CZ Baker McCone CKerr McCone BigC Pavilion Simons LaNote Unit2 LaNote Koja Legends Koja TriDelta Koja Simons Pavilion PeoplePark Pavilion BigC McCone Baker RareTea McLaughlin Memorial Haviland Campbell Birge LeConte Dwinelle Wheeler
36
Martinez Martinez
Barker Barker
Unit3 Unit3
OCF OCF
Hearst Hearst
Stonefire Stonefire
Unit2 Unit2
Legends Legends
TriDelta TriDelta
Metropolitan Metropolitan
Anthony Anthony
Moffitt Moffitt
Hargrove Hargrove
Sproul Sproul
Birge Birge
Dwinelle Dwinelle
Bechtel Bechtel
Jacobs Jacobs
Boalt Boalt
Kroeber Kroeber
Morrison Morrison
Haas Haas
Baker Baker
Fiji Fiji
CKerr CKerr
PeoplePark PeoplePark
RSF RSF
Cheit Cheit
Davis Davis
Cloyne Cloyne
Warren Warren
Etcheverry Etcheverry
Foothill Foothill
IHouse IHouse
McLaughlin McLaughlin
Moses Moses
