3 91 15 35 52 34 63 34 76 54 40 99 98 4 75 64 71 64 21 86 24 2 68 79 70 79 1 78 5 43 55 57 35 94 72 53 69 96 69 14 89 56 89 36 2 13 90 10 17 78 50 4 66 74 42 82 7 82 41 83 58 83 31 62 46 82 22 4 91 33 80 29 80 73 80 19 20 55 84 45 84 9 11 62 48 49 48 8 34 27 55 85 93 88 61 25 61 88 93 85 55 3
42
3 6 12 21 23 32 60 67 87 100
25 25
1 1
8 8
29 29
45 45
58 58
71 71
96 96
7 7
9 9
14 14
15 15
17 17
19 19
22 22
24 24
27 27
31 31
33 33
36 36
40 40
41 41
42 42
43 43
46 46
49 49
50 50
52 52
53 53
56 56
57 57
63 63
66 66
68 68
70 70
73 73
75 75
76 76
90 90
94 94
98 98
