86 133 152 133 36 15 122 34 108 44 108 184 151 80 194 80 151 192 43 51 43 185 23 39 177 39 172 56 172 131 196 99 87 60 8 55 121 111 129 171 10 142 156 188 47 41 47 139 32 175 32 159 32 157 81 166 149 166 154 180 106 180 126 180 101 147 91 98 173 98 148 78 14 78 116 78 198 78 8 114 105 114 93 67 71 167 132 55 66 180 53 115 89 136 94 46 117 70 107 104 24 168 189 168 24 104 81 1 190 71 167 65 146 65 167 140 147 186 72 186 73 58 28 58 26 9 128 42 76 42 11 37 151 160 151 17 151 160 147 158 147 45 147 113 182 96 174 96 182 100 182 92 127 97 165 75 171 54 3 19 166 183 4 179 4 183 25 153 25 64 25 150 161 163 7 57 95 81 181 12 123 12 48 12 138 135 52 114 8 79 137 79 21 79 61 15 199 88 27 88 84 18 15 61 69 61 30 79 187 20 82 20 38 20 187 35 68 90 68 22 128 9 110 9 13 9 128 143 6 143 63 145 63 74 63 2 63 128 5 128 86 120 86
98
86 125 150 169
189 189
21 21
41 41
146 146
174 174
179 179
14 14
27 27
28 28
44 44
90 90
106 106
129 129
173 173
194 194
6 6
11 11
13 13
17 17
38 38
51 51
56 56
57 57
74 74
89 89
105 105
123 123
132 132
153 153
157 157
1 1
2 2
5 5
8 8
10 10
19 19
22 22
26 26
30 30
35 35
36 36
45 45
48 48
52 52
53 53
54 54
64 64
66 66
69 69
71 71
72 72
73 73
75 75
76 76
82 82
84 84
87 87
91 91
92 92
93 93
94 94
97 97
100 100
101 101
107 107
110 110
113 113
116 116
117 117
121 121
122 122
126 126
137 137
138 138
139 139
140 140
145 145
148 148
149 149
152 152
154 154
156 156
158 158
159 159
160 160
163 163
175 175
177 177
181 181
183 183
184 184
185 185
192 192
196 196
198 198
199 199
120 120
