110 195 77 168 44 124 100 72 182 85 87 66 60 81 159 38 181 99 163 15 132 91 67 145 190 122 138 3 127 55 39 171 11 176 13 142 160 189 98 178 148 74 172 92 169 197 54 73 47 45 76 94 30 192 41 25 20 170 14 193 123 43 101 121 140 6 131 51 83 19 165 22 52 18 141 5 161 56 50 96 53 64 152 29 28 154 0 107 147 126 149 79 36 1 175 199 103 26 90 110
99
110 110
45 45
51 51
176 176
149 149
192 192
122 122
50 50
38 38
103 103
172 172
76 76
165 165
131 131
66 66
98 98
91 91
5 5
14 14
55 55
90 90
175 175
28 28
99 99
124 124
142 142
197 197
152 152
121 121
18 18
85 85
127 127
161 161
171 171
44 44
64 64
54 54
148 148
193 193
53 53
20 20
30 30 40
107 107
26 26
132 132
145 145
77 77
160 160
6 6
87 87
52 52
72 72
190 190
1 1
22 22
178 178
159 159
138 138
56 56
101 101
100 100
83 83
67 67
168 168
11 11
39 39
73 73
140 140
60 60
74 74
163 163
0 0
141 141
94 94
126 126
92 92
189 189
169 169
25 25
19 19
199 199
123 123
195 195
3 3
13 13
29 29
147 147
181 181
81 81
43 43
36 36
79 79
41 41
15 15
96 96
47 47
154 154
182 182
170 170
