1 133 80 169 103 176 189 167 10 157 87 89 164 53 110 126 51 124 144 143 162 150 106 88 5 159 174 60 44 177 21 74 184 171 13 70 81 1 99 140 16 129 111 85 83 4 69 116 10 84 49 50 138 97 3 136 156 141 47 42 2 165 37 101 77 2 6 57 95 61 35 13 193 86 2 68 130 137 151 58 131 9 56 139 82 2 3 161 41 10 75 34 1 127 92 59 102 31 1 55 20 182 3 1 8 26 27 36 33 1
95
1 1 198
6 6
36 36
42 42
44 44
53 53
69 69
21 21
49 49
55 55
83 83
41 41
127 127
131 131 200
162 162
167 167
10 10
89 89
95 95
103 103
130 130
171 171
2 2
3 3
8 8
9 9
13 13
16 16
20 20
26 26
27 27
31 31
33 33
34 34
35 35
37 37
47 47
50 50
51 51
56 56
57 57
58 58
59 59
60 60
61 61
68 68
70 70
74 74
75 75
77 77
80 80
81 81
82 82
84 84
85 85
86 86
87 87
88 88
92 92
97 97
99 99
101 101
102 102
106 106
110 110
111 111
116 116
124 124
126 126
129 129
133 133
136 136
137 137
138 138
139 139
140 140
141 141
143 143
144 144
150 150
151 151
156 156
157 157
159 159
161 161
164 164
165 165
169 169
174 174
176 176
177 177
182 182
184 184
189 189
193 193
