0 1 0 15 14 3 2 3 14 12 16 17 13 9 10 9 20 18 7 8 5 8 6 8 7 18 20 19 32 34 33 47 44 48 49 48 44 47 33 34 30 22 30 29 23 24 26 25 26 24 23 27 23 29 30 35 37 38 41 40 41 38 36 42 46 42 36 38 37 35 30 21 20 9 13 11 4 11 13 17 16 12 14 15 0 50 65 64 62 66 67 63 61 54 61 63 59 60 59 70 68 57 58 55 58 56 58 57 68 70 71 80 85 87 88 86 92 96 92 86 88 91 90 91 88 87 85 80 72 80 84 83 97 94 98 99 98 94 97 83 84 80 79 73 77 73 74 76 75 76 74 73 79 80 71 70 59 63 67 66 62 64 53 52 53 64 65 50 51 50 100 115 114 112 116 117 113 109 110 109 120 121 130 122 130 135 137 138 141 140 141 138 136 142 146 142 136 138 137 135 130 129 123 124 126 125 126 124 123 127 123 129 130 134 133 147 144 148 149 148 144 147 133 134 130 121 120 118 107 108 105 108 106 108 107 118 120 109 113 111 104 111 113 117 116 112 114 103 102 103 114 115 100 101 100 150 151 150 165 164 153 152 153 164 162 166 167 163 161 154 161 163 159 160 159 170 168 157 158 156 158 155 158 157 168 170 171 180 172 180 179 173 177 173 174 176 175 176 174 173 179 180 185 187 188 191 190 191 188 186 192 196 192 186 188 187 185 180 184 183 197 194 198 199 150 100 50 0
88
1 1
2 2
3 3
4 4
5 5
6 6
10 10
22 22
24 24
25 25
26 26
27 27
33 33
47 47
44 44
48 48
49 49
46 46
42 42
36 36
40 40
41 41
51 51
52 52
53 53
54 54
55 55
56 56
60 60
72 72
74 74
75 75
76 76
77 77
83 83
97 97
94 94
98 98
99 99
96 96
92 92
86 86
90 90
91 91
101 101
102 102
103 103
104 104
105 105
106 106
110 110
122 122
124 124
125 125
126 126
127 127
133 133
147 147
144 144
148 148
149 149
146 146
142 142
136 136
140 140
141 141
151 151
152 152
153 153
154 154
155 155
156 156
160 160
172 172
174 174
175 175
176 176
177 177
183 183
197 197
194 194
198 198
199 199
196 196
192 192
186 186
190 190
191 191
