clod presto cur presto abridge presto pole presto behalf presto Dunlap presto perennial presto Lethe presto pundit presto sneaky presto furlough presto Illinois presto bowline presto Stratton presto disseminate presto anchor presto Spaulding presto aide presto spit presto Levitt presto linger presto ferrite presto axon presto coincide presto shriek presto objector presto resurrect presto collateral presto Barnet presto Saskatchewan presto bauble presto ambiguity presto decrease presto salmon presto Kingsbury presto Hyde presto sign presto stateroom presto callus presto syllogistic presto Brooklyn presto foxglove presto onomatopoeia presto walrus presto vicious presto officious presto servicemen presto post presto Gloria presto Dunbar presto twirly presto clod
50
callus callus
stateroom stateroom
sign sign
Kingsbury Kingsbury
decrease decrease
vicious vicious
bauble bauble
Barnet Barnet
onomatopoeia onomatopoeia
officious officious
resurrect resurrect
Dunbar Dunbar
shriek shriek
axon axon
linger linger
spit spit
Spaulding Spaulding
disseminate disseminate
bowline bowline
furlough furlough
pundit pundit
perennial perennial
behalf behalf
Brooklyn Brooklyn
abridge abridge
post post
Gloria Gloria
cur cur
syllogistic syllogistic
pole pole
Dunlap Dunlap
Lethe Lethe
sneaky sneaky
Illinois Illinois
Stratton Stratton
anchor anchor
aide aide
Levitt Levitt
ferrite ferrite
coincide coincide
twirly twirly
objector objector
servicemen servicemen
foxglove foxglove
collateral collateral
Saskatchewan Saskatchewan
walrus walrus
ambiguity ambiguity
salmon salmon
Hyde Hyde
