state catnip cohere catnip his catnip debenture catnip motet catnip huge catnip watery catnip joke catnip monk catnip sepulchral catnip shrugging catnip octane catnip Edmonds catnip registrant catnip uptown catnip Waterbury catnip trivium catnip grade catnip rent catnip Evans catnip opossum catnip Adamson catnip driveway catnip sanatoria catnip charcoal catnip dumpling catnip retardation catnip knurl catnip hallelujah catnip serge catnip circumstantial catnip clasp catnip bloc catnip jackass catnip eggplant catnip bibliophile catnip wrack catnip complacent catnip fireplace catnip omicron catnip dame catnip texture catnip Lizzie catnip turnout catnip anatomy catnip flexural catnip stingy catnip backgammon catnip lobby catnip compunction catnip rocky catnip Yaounde catnip cocaine catnip Adler catnip curbside catnip harrow catnip Zellerbach catnip Albert catnip regal catnip hungry catnip eidetic catnip stereography catnip whatsoever catnip athletic catnip Darwin catnip gun catnip Eva catnip fleawort catnip scriptwriter catnip bald catnip Protista catnip scaup catnip firebug catnip exhortation catnip knick catnip hyphen catnip Augean catnip Calkins catnip Ridgway catnip Cinderella catnip presto catnip heifer catnip cache catnip begot catnip controversial catnip gavotte catnip Arden catnip whirligig catnip Whelan catnip ash catnip pairwise catnip Steiner catnip infuse catnip freehold catnip border catnip value catnip Della catnip lonesome catnip foursome catnip hypothetic catnip supremum catnip state
100
controversial controversial
begot begot
knick knick
wrack wrack
Cinderella Cinderella
watery watery
scriptwriter scriptwriter
border border
eidetic eidetic
driveway driveway
Calkins Calkins
motet motet
Zellerbach Zellerbach
dumpling dumpling
jackass jackass
scaup scaup
serge serge
value value
whirligig whirligig
octane octane
rocky rocky
joke joke
texture texture
bloc bloc
Evans Evans
infuse infuse
anatomy anatomy
Waterbury Waterbury
stingy stingy
Albert Albert
lonesome lonesome
his his
Adler Adler
Darwin Darwin
cocaine cocaine
knurl knurl
hyphen hyphen
sanatoria sanatoria
sepulchral sepulchral
lobby lobby
gun gun
omicron omicron
stereography stereography
Arden Arden
complacent complacent
pairwise pairwise
supremum supremum
rent rent
registrant registrant
Protista Protista
heifer heifer
cache cache
bald bald
uptown uptown
grade grade
hypothetic hypothetic
ash ash
fireplace fireplace
gavotte gavotte
whatsoever whatsoever
dame dame
Eva Eva
backgammon backgammon
shrugging shrugging
charcoal charcoal
Augean Augean
hallelujah hallelujah
Yaounde Yaounde
athletic athletic
curbside curbside
cohere cohere
foursome foursome
regal regal
flexural flexural
trivium trivium
turnout turnout
Steiner Steiner
opossum opossum
clasp clasp
Lizzie Lizzie
monk monk
compunction compunction
Edmonds Edmonds
Whelan Whelan
Della Della
circumstantial circumstantial
firebug firebug
eggplant eggplant
retardation retardation
harrow harrow
debenture debenture
Ridgway Ridgway
Adamson Adamson
hungry hungry
freehold freehold
fleawort fleawort
huge huge
presto presto
bibliophile bibliophile
exhortation exhortation
