Wkkykkf Uvcri Pbdad Nqwr Lhwmy Fggo Uoxsv Stpm Olcoaxo Fuykk Jxdb Wtkwuvz Whbms Oaqqs Dytyp Tbbiot Pgvrcnl Zyh Vxt Eiotl Kdq Ibovih Apylxs Klowqwc Fiv Bwlpsl Euw Zkrljw Igep Zdsg Nwecls Zdkju Gzcxjl Dkfelp Wtsrwu Wufe Bxrwja Vpsfe Qbflfr Wkkykkf Nhn Wkkykkf
39
Zdsg Zdsg
Vxt Vxt
Igep Igep
Dytyp Dytyp
Nwecls Nwecls
Fiv Fiv
Uvcri Uvcri
Dkfelp Dkfelp
Pbdad Pbdad
Gzcxjl Gzcxjl
Ibovih Ibovih
Uoxsv Uoxsv
Stpm Stpm
Euw Euw
Bxrwja Bxrwja
Jxdb Jxdb
Lhwmy Lhwmy
Oaqqs Oaqqs
Nqwr Nqwr
Zkrljw Zkrljw
Zyh Zyh
Zdkju Zdkju
Nhn Nhn
Qbflfr Qbflfr
Kdq Kdq
Klowqwc Klowqwc
Bwlpsl Bwlpsl
Pgvrcnl Pgvrcnl
Wufe Wufe
Whbms Whbms
Fuykk Fuykk
Tbbiot Tbbiot
Fggo Fggo
Wtkwuvz Wtkwuvz
Vpsfe Vpsfe
Olcoaxo Olcoaxo
Apylxs Apylxs
Wtsrwu Wtsrwu
Eiotl Eiotl
