142 167 151 144 151 181 18 70 92 9 136 47 7 47 136 9 33 133 41 103 6 128 122 64 69 158 195 178 52 134 14 9 28 103 18 181 153 23 153 181 18 103 41 152 68 192 150 21 150 99 141 65 130 175 34 100 163 8 31 8 45 159 151 93 118 38 197 38 118 190 183 0 26 149 22 185 5 115 39 188 137 135 97 135 171 140 126 177 16 193 60 124 60 78 186 55 186 78 91 181 153 139 30 140 129 140 171 63 131 35 131 53 24 76 48 137 121 58 25 196 139 145 139 30 140 180 85 89 85 187 51 3 174 4 46 148 108 160 77 143 90 111 106 127 106 66 44 88 121 142
54
46 46
69 69
183 183
31 31
22 22
133 133
197 197
89 89
55 55
90 90
21 21 157
145 145
7 7
178 178
35 35
141 141
16 16
76 76
93 93
34 34
70 70
115 115
3 3
127 127
23 23
129 129
124 124 60
58 58
77 77
97 97
14 14
158 158
108 108
91 91
167 167
44 44
38 38
159 159
150 150
30 30
64 64
39 39
41 41
48 48
33 33
4 174 4
140 63 140
195 195
144 144 151
177 177
137 121 137
181 181
186 186
106 106
