5 7 35 7 27 64 57 87 53 123 131 140 131 123 53 27 11 85 11 113 11 44 106 44 37 45 37 25 43 183 43 25 46 49 82 179 82 36 40 92 22 9 77 9 22 37 45 152 45 59 127 59 76 59 118 126 118 59 101 111 101 104 101 59 96 54 20 19 169 19 69 145 69 19 52 56 102 56 52 80 52 143 144 176 180 194 180 176 144 143 52 19 33 68 155 68 33 5 14 23 14 196 14 63 14 23 103 23 90 91 32 50 32 21 1 95 121 95 1 177 1 70 105 70 1 0 51 0 1 30 15 163 15 10 160 10 9 12 150 191 150 12 18 178 18 12 9 22 58 86 109 130 109 86 41 39 88 168 88 39 31 4 5
52
9 9
21 21
23 23
27 27
31 31
32 32
35 35
45 45
50 50
51 51
54 54
57 57
58 58
63 63
68 68
76 76
77 77
80 80
85 85
91 91
92 92
96 96
101 101
102 102
103 103
104 104
105 105
106 106
109 109
111 111
113 113
121 121
126 126
127 127
130 130
140 140
145 145
152 152
155 155
160 160
163 163
168 168
169 169
176 176
177 177
178 178
179 179
180 180
183 183
191 191
194 194
196 196
