PlmPdVeiiHQg3JYZCDWt qOK6WPKQJA4Q9XqXgSgT CofLnw0Ss4pVGWmPS5oO cUanhOambcNkocePqfvx KOLHrmR3FKDMdl4SYdK9 g0ywcwildP9K6oBendJq iFXIyHTPBX7ivXxsV1VM VXU331oDUcuzaGGUYIl9 ANdko3dYAy7a2BOq7wpm nKDJ3ylOzub2eWcHnAhq a06qeiApctGnC1GMtGuJ XdyhPab6W9wOZnKLq1fq 9zoM12ZWjXrKaszveCQH o85TEEBuzMbePdf5cbCv ML4pCjYl4gPEwSnvlRaD E59siIyngnj5PIsLeowv WErk2X2lm629vuxPHVtl BWhyt9wATIprZDhzxwVv 1tmkPhHujDQhTmW4oV7S WsVMGV8yZisK6ojnqzBE Osa2UT4anhyBl7doUFs5 RuUdtXtfFCKpaLUcmsqg SNmFiRdCmf8vg1yMqr30 AmAHnr1XXkPpwJ6DUDIO JakuJordFcO229c3L5ct EY9cQTmyqhrzeZsobQa5 jVItWJkETNqrkY47Hghp YFXFh0nBpGYXfL8mfny3 3rqlQRwe5izypHjXjWla kaVGl3oG0Ulg2MgkbJB8 kwA1qrRggH9YLKcVfIe5 2chOacZ5nNYuf6eeGFSW KjQNU2EAAYEZSeJWPxLM DF1KTiOHBIkswyjh8uB1 Vh6ScHVb39wz7CmKwIuA hZHynIvymuQxD6BftzWt W9TKm0U6bNDZ1Aok7hNH dvxgUZzwjHAP85QpElWp NXYVlLN4oRDZThND0BmP IxWh6LSiXwGUWSx9VJ39 PWUaVYPeofxjJdT472wG E8pbRn7LIeWnB3swkYzz NA24XhOMsROCBnUViAJT tX1uDaXm9hMlEKqU7m9j 48BAUsycKlkSkbOjYLFN 1wRG7TNgo9ui6iZBLuaw EkRPPDhcu5ww6XulSOgx Dwi7fYT8wa9I4Kzyto4Y x5UVX06335fM5pfCNBMU MSj6zOuZ0EoAKjP4wXXW C6w7afZujemehEooILjN Tr6dOTuKB3EM5juuJxqy N5YDsCDN1lKguyHbn4Zb ELEJN8tWDJT7mLhCdqW3 MEVVMgbTLIgXdG4vAbeX Zzs5CIqF9Ll2avkxI78N nsq4rhHWMCaIVcah5fcd 7qCgmo7DrrfnVQIWnbiV ukPtLY7YueARRkX8hPaS eUyNsK7nwP1YPac54CbU U7iVliqmXRkLwyPSNdfv ChEnlTNCMoqxBfyzEzW7 zvH9G6FQ1xC7CVezs43e 76b3evP8JEiQ8c6jd2b5 YIxKvTpWMaQKGFtD5BDH YmmIBqqdn3Z6PuFXWNHi k8LvqKsQ4ejh0bCWs4fP 1JawjZrawLlOCGN1EB0O LXqfTqJggDSh6mykPyz3 060q0aISPODkGeAbYbQ6 yKQw7YXCNsthb1VWEFur 7yt9hKqOEGabqtqIEmdH q4nqG9N45SSRxndw48Xl WZsO2i9GZwvMYoV9SyKS 6WGzUhXeOltLDbkIvTzq 804aK8wEArkuheeUiB4R JWIkMKKlAG6fUoRVxKKI 8RfB73Lw8C9LbSwIxA9Q GUntLlYA0xo9Vk4WLTLV gdO0wiBlQ8wFbeNyGtx5 iwJGcbQH2bifG6D82Iel 3M9YkxmgHhrzhCgskWR0 dsndgEJWfBsFA2I3Hgqf zforAf5jhSPEL0aOiCeo GzSNGBn4EPemDLEWXNxx 4S2YiI3VYPKghkl95iqK EVtx7khff7Fs8yuuQKJx uaR7l3Qhn4FRAnSeVURz cYMPcE5UNSzOtkRY62gr irZyMKazQALnyfoOCtbL PIekFeWZsA6etqyFB2SF nyd0fM2XE4qmli1xfIwr UkqILZ2p4EbRuMBIrGXp TpLamlzpT6GwerxzVsxr VuvjJGf6deKVAQ0JUD4i uNMLlt0W1KUwk2d6EP98 m1A3pMC42PQioFziqK5C yD8JCRUWcVAZxJ4ZDldr xcisI0PJDdG9nIuyj3IS PlmPdVeiiHQg3JYZCDWt
98
hZHynIvymuQxD6BftzWt hZHynIvymuQxD6BftzWt
76b3evP8JEiQ8c6jd2b5 76b3evP8JEiQ8c6jd2b5
WErk2X2lm629vuxPHVtl WErk2X2lm629vuxPHVtl
E8pbRn7LIeWnB3swkYzz E8pbRn7LIeWnB3swkYzz
1JawjZrawLlOCGN1EB0O 1JawjZrawLlOCGN1EB0O
3rqlQRwe5izypHjXjWla 3rqlQRwe5izypHjXjWla
EkRPPDhcu5ww6XulSOgx EkRPPDhcu5ww6XulSOgx
nyd0fM2XE4qmli1xfIwr nyd0fM2XE4qmli1xfIwr
GzSNGBn4EPemDLEWXNxx GzSNGBn4EPemDLEWXNxx
BWhyt9wATIprZDhzxwVv BWhyt9wATIprZDhzxwVv
eUyNsK7nwP1YPac54CbU eUyNsK7nwP1YPac54CbU
8RfB73Lw8C9LbSwIxA9Q 8RfB73Lw8C9LbSwIxA9Q
iwJGcbQH2bifG6D82Iel iwJGcbQH2bifG6D82Iel
cYMPcE5UNSzOtkRY62gr cYMPcE5UNSzOtkRY62gr
KjQNU2EAAYEZSeJWPxLM KjQNU2EAAYEZSeJWPxLM
C6w7afZujemehEooILjN C6w7afZujemehEooILjN
VuvjJGf6deKVAQ0JUD4i VuvjJGf6deKVAQ0JUD4i
W9TKm0U6bNDZ1Aok7hNH W9TKm0U6bNDZ1Aok7hNH
ML4pCjYl4gPEwSnvlRaD ML4pCjYl4gPEwSnvlRaD
AmAHnr1XXkPpwJ6DUDIO AmAHnr1XXkPpwJ6DUDIO
WZsO2i9GZwvMYoV9SyKS WZsO2i9GZwvMYoV9SyKS
NA24XhOMsROCBnUViAJT NA24XhOMsROCBnUViAJT
3M9YkxmgHhrzhCgskWR0 3M9YkxmgHhrzhCgskWR0
RuUdtXtfFCKpaLUcmsqg RuUdtXtfFCKpaLUcmsqg
YmmIBqqdn3Z6PuFXWNHi YmmIBqqdn3Z6PuFXWNHi
XdyhPab6W9wOZnKLq1fq XdyhPab6W9wOZnKLq1fq
1wRG7TNgo9ui6iZBLuaw 1wRG7TNgo9ui6iZBLuaw
ANdko3dYAy7a2BOq7wpm ANdko3dYAy7a2BOq7wpm
NXYVlLN4oRDZThND0BmP NXYVlLN4oRDZThND0BmP
ELEJN8tWDJT7mLhCdqW3 ELEJN8tWDJT7mLhCdqW3
a06qeiApctGnC1GMtGuJ a06qeiApctGnC1GMtGuJ
Vh6ScHVb39wz7CmKwIuA Vh6ScHVb39wz7CmKwIuA
yKQw7YXCNsthb1VWEFur yKQw7YXCNsthb1VWEFur
k8LvqKsQ4ejh0bCWs4fP k8LvqKsQ4ejh0bCWs4fP
yD8JCRUWcVAZxJ4ZDldr yD8JCRUWcVAZxJ4ZDldr
LXqfTqJggDSh6mykPyz3 LXqfTqJggDSh6mykPyz3
irZyMKazQALnyfoOCtbL irZyMKazQALnyfoOCtbL
dvxgUZzwjHAP85QpElWp dvxgUZzwjHAP85QpElWp
o85TEEBuzMbePdf5cbCv o85TEEBuzMbePdf5cbCv
kwA1qrRggH9YLKcVfIe5 kwA1qrRggH9YLKcVfIe5
Zzs5CIqF9Ll2avkxI78N Zzs5CIqF9Ll2avkxI78N
PWUaVYPeofxjJdT472wG 4QLswP82Wvxw9Z42obzh PWUaVYPeofxjJdT472wG
x5UVX06335fM5pfCNBMU x5UVX06335fM5pfCNBMU
IxWh6LSiXwGUWSx9VJ39 IxWh6LSiXwGUWSx9VJ39
tX1uDaXm9hMlEKqU7m9j tX1uDaXm9hMlEKqU7m9j
zforAf5jhSPEL0aOiCeo zforAf5jhSPEL0aOiCeo
VXU331oDUcuzaGGUYIl9 VXU331oDUcuzaGGUYIl9
cUanhOambcNkocePqfvx cUanhOambcNkocePqfvx
7qCgmo7DrrfnVQIWnbiV 7qCgmo7DrrfnVQIWnbiV
PIekFeWZsA6etqyFB2SF PIekFeWZsA6etqyFB2SF
YFXFh0nBpGYXfL8mfny3 YFXFh0nBpGYXfL8mfny3
EVtx7khff7Fs8yuuQKJx EVtx7khff7Fs8yuuQKJx
E59siIyngnj5PIsLeowv E59siIyngnj5PIsLeowv
060q0aISPODkGeAbYbQ6 060q0aISPODkGeAbYbQ6
Osa2UT4anhyBl7doUFs5 Osa2UT4anhyBl7doUFs5
ChEnlTNCMoqxBfyzEzW7 ChEnlTNCMoqxBfyzEzW7
YIxKvTpWMaQKGFtD5BDH YIxKvTpWMaQKGFtD5BDH
EY9cQTmyqhrzeZsobQa5 EY9cQTmyqhrzeZsobQa5
GUntLlYA0xo9Vk4WLTLV GUntLlYA0xo9Vk4WLTLV
g0ywcwildP9K6oBendJq g0ywcwildP9K6oBendJq
JWIkMKKlAG6fUoRVxKKI JWIkMKKlAG6fUoRVxKKI
2chOacZ5nNYuf6eeGFSW 2chOacZ5nNYuf6eeGFSW
uNMLlt0W1KUwk2d6EP98 uNMLlt0W1KUwk2d6EP98
nKDJ3ylOzub2eWcHnAhq nKDJ3ylOzub2eWcHnAhq
uaR7l3Qhn4FRAnSeVURz uaR7l3Qhn4FRAnSeVURz
qOK6WPKQJA4Q9XqXgSgT qOK6WPKQJA4Q9XqXgSgT
804aK8wEArkuheeUiB4R 804aK8wEArkuheeUiB4R
7yt9hKqOEGabqtqIEmdH 7yt9hKqOEGabqtqIEmdH
48BAUsycKlkSkbOjYLFN 48BAUsycKlkSkbOjYLFN 2Cz4Y4eG1XIezf9qpdQl
dsndgEJWfBsFA2I3Hgqf dsndgEJWfBsFA2I3Hgqf
jVItWJkETNqrkY47Hghp jVItWJkETNqrkY47Hghp
DF1KTiOHBIkswyjh8uB1 DF1KTiOHBIkswyjh8uB1
MEVVMgbTLIgXdG4vAbeX MEVVMgbTLIgXdG4vAbeX
1tmkPhHujDQhTmW4oV7S 1tmkPhHujDQhTmW4oV7S
kaVGl3oG0Ulg2MgkbJB8 kaVGl3oG0Ulg2MgkbJB8
SNmFiRdCmf8vg1yMqr30 SNmFiRdCmf8vg1yMqr30
xcisI0PJDdG9nIuyj3IS xcisI0PJDdG9nIuyj3IS
Dwi7fYT8wa9I4Kzyto4Y Dwi7fYT8wa9I4Kzyto4Y
KOLHrmR3FKDMdl4SYdK9 KOLHrmR3FKDMdl4SYdK9
zvH9G6FQ1xC7CVezs43e zvH9G6FQ1xC7CVezs43e
CofLnw0Ss4pVGWmPS5oO CofLnw0Ss4pVGWmPS5oO
m1A3pMC42PQioFziqK5C m1A3pMC42PQioFziqK5C
Tr6dOTuKB3EM5juuJxqy Tr6dOTuKB3EM5juuJxqy
TpLamlzpT6GwerxzVsxr TpLamlzpT6GwerxzVsxr
nsq4rhHWMCaIVcah5fcd nsq4rhHWMCaIVcah5fcd
MSj6zOuZ0EoAKjP4wXXW MSj6zOuZ0EoAKjP4wXXW
gdO0wiBlQ8wFbeNyGtx5 gdO0wiBlQ8wFbeNyGtx5
iFXIyHTPBX7ivXxsV1VM iFXIyHTPBX7ivXxsV1VM
q4nqG9N45SSRxndw48Xl q4nqG9N45SSRxndw48Xl
6WGzUhXeOltLDbkIvTzq 6WGzUhXeOltLDbkIvTzq
ukPtLY7YueARRkX8hPaS ukPtLY7YueARRkX8hPaS
4S2YiI3VYPKghkl95iqK 4S2YiI3VYPKghkl95iqK
JakuJordFcO229c3L5ct JakuJordFcO229c3L5ct
UkqILZ2p4EbRuMBIrGXp UkqILZ2p4EbRuMBIrGXp
9zoM12ZWjXrKaszveCQH 9zoM12ZWjXrKaszveCQH
U7iVliqmXRkLwyPSNdfv U7iVliqmXRkLwyPSNdfv
WsVMGV8yZisK6ojnqzBE WsVMGV8yZisK6ojnqzBE
N5YDsCDN1lKguyHbn4Zb N5YDsCDN1lKguyHbn4Zb
