myBc2oGXtwQIbhN8LZB1 SUNxIlWVwIvWYg6OTKeH o2dWBGyrvosFrr6mKxkG o53aRQwjhcCKlIFPSjvf K674cUKePzN7aRSq4iqU jjCSZnB5168QDqTrFROq olDP1pNg8HxpvCq8TOIJ fbJ1XhavEsRSCGVVB1U1 q1ntlEPy5TkjTDK1N7QA 69TQpRojisYUrVnWqBaA 9OL9rFCWxsvkui0BnJrR wy0RiFWOddqgqdcatQ9A ZhHxBzOYsJAOHrqq4mZM m1eNgjuhkxodElFqqgdb EY74ASuADSlYlDTJLkL6 uNXUIWejT1w4vLTe7QBt VThEkwdtHmaZ1zsmfh4s LJTA7Za5kd0YC7vjiAyc o9aZyqilfPONdyLlpTRX ki0pv73E3TweydEr2xMN saIZq3FqZhdVPNoQWmqU qz4O4bOhKA0YZxpN4mu9 C4VxHS7oWghMg001nCqT lYkJhGqsFKbDklNelAfr GvRFaXYJvrU5PAeeG88T MrSQPZSbMdgYshneAfKf UMmbOoOKP6EkLMuN70H3 KtbSULrz2h1IxsKP2DHz RpB10dFWsUl9DC779n8X RBvtNZMBTgecfVkYzQF0 w5Yg5o0VnYd77fs4XPRL j2d1svPUTAqQIDPXwffl lRM59z2yUMoVl3kzgo9u bVCSBWLjvEmxQEUvDzc4 1GbSD7rTlpNb4qV46SKR X0l14s0sRXjXSeLRZLOJ zWpsWJk9vbOt0JkC0vhz jy3jNWgqegakpFSv6gUm oTKjE2BVS0AvV4XvUeLk e3j3O8zLHFaoF4L54lX4 5f6BSghRQWi4UfjviKjn yAYyOcL4ZKdEiLdSPQJm 6yzFaM9N8M8BsjLACDds fpPjeU3Q7Ml0oxbNnONE 6X2CNJieZ0I5rs3Wfu65 nmetx4LmU9YBYTmghDrT FMx2ghinkTg3bXUUbaTx 4jo8IXw984NR3wvT2Dr9 jHmvxfAZsjs2mCnHbbFf 1ZOzWuPMAgV9noIUn6fI vy2boLWO2lxg10y7uS0y myBc2oGXtwQIbhN8LZB1
50
GvRFaXYJvrU5PAeeG88T GvRFaXYJvrU5PAeeG88T
RBvtNZMBTgecfVkYzQF0 RBvtNZMBTgecfVkYzQF0
5f6BSghRQWi4UfjviKjn 5f6BSghRQWi4UfjviKjn
bVCSBWLjvEmxQEUvDzc4 bVCSBWLjvEmxQEUvDzc4
m1eNgjuhkxodElFqqgdb m1eNgjuhkxodElFqqgdb
1GbSD7rTlpNb4qV46SKR 1GbSD7rTlpNb4qV46SKR
qz4O4bOhKA0YZxpN4mu9 qz4O4bOhKA0YZxpN4mu9
o53aRQwjhcCKlIFPSjvf o53aRQwjhcCKlIFPSjvf
vy2boLWO2lxg10y7uS0y vy2boLWO2lxg10y7uS0y
FMx2ghinkTg3bXUUbaTx FMx2ghinkTg3bXUUbaTx
fpPjeU3Q7Ml0oxbNnONE fpPjeU3Q7Ml0oxbNnONE
9OL9rFCWxsvkui0BnJrR 9OL9rFCWxsvkui0BnJrR
RpB10dFWsUl9DC779n8X RpB10dFWsUl9DC779n8X
zWpsWJk9vbOt0JkC0vhz zWpsWJk9vbOt0JkC0vhz
C4VxHS7oWghMg001nCqT C4VxHS7oWghMg001nCqT
uNXUIWejT1w4vLTe7QBt uNXUIWejT1w4vLTe7QBt
e3j3O8zLHFaoF4L54lX4 e3j3O8zLHFaoF4L54lX4
nmetx4LmU9YBYTmghDrT nmetx4LmU9YBYTmghDrT
X0l14s0sRXjXSeLRZLOJ X0l14s0sRXjXSeLRZLOJ
69TQpRojisYUrVnWqBaA 69TQpRojisYUrVnWqBaA
LJTA7Za5kd0YC7vjiAyc LJTA7Za5kd0YC7vjiAyc
j2d1svPUTAqQIDPXwffl j2d1svPUTAqQIDPXwffl
ZhHxBzOYsJAOHrqq4mZM ZhHxBzOYsJAOHrqq4mZM
jy3jNWgqegakpFSv6gUm jy3jNWgqegakpFSv6gUm
VThEkwdtHmaZ1zsmfh4s VThEkwdtHmaZ1zsmfh4s
o2dWBGyrvosFrr6mKxkG o2dWBGyrvosFrr6mKxkG
q1ntlEPy5TkjTDK1N7QA q1ntlEPy5TkjTDK1N7QA
oTKjE2BVS0AvV4XvUeLk oTKjE2BVS0AvV4XvUeLk
UMmbOoOKP6EkLMuN70H3 UMmbOoOKP6EkLMuN70H3
SUNxIlWVwIvWYg6OTKeH SUNxIlWVwIvWYg6OTKeH
K674cUKePzN7aRSq4iqU K674cUKePzN7aRSq4iqU
EY74ASuADSlYlDTJLkL6 EY74ASuADSlYlDTJLkL6
jjCSZnB5168QDqTrFROq jjCSZnB5168QDqTrFROq
KtbSULrz2h1IxsKP2DHz KtbSULrz2h1IxsKP2DHz
6X2CNJieZ0I5rs3Wfu65 6X2CNJieZ0I5rs3Wfu65
lYkJhGqsFKbDklNelAfr lYkJhGqsFKbDklNelAfr
w5Yg5o0VnYd77fs4XPRL w5Yg5o0VnYd77fs4XPRL
ki0pv73E3TweydEr2xMN ki0pv73E3TweydEr2xMN
o9aZyqilfPONdyLlpTRX o9aZyqilfPONdyLlpTRX
MrSQPZSbMdgYshneAfKf MrSQPZSbMdgYshneAfKf
olDP1pNg8HxpvCq8TOIJ olDP1pNg8HxpvCq8TOIJ
jHmvxfAZsjs2mCnHbbFf jHmvxfAZsjs2mCnHbbFf
lRM59z2yUMoVl3kzgo9u lRM59z2yUMoVl3kzgo9u
saIZq3FqZhdVPNoQWmqU saIZq3FqZhdVPNoQWmqU
yAYyOcL4ZKdEiLdSPQJm yAYyOcL4ZKdEiLdSPQJm
wy0RiFWOddqgqdcatQ9A wy0RiFWOddqgqdcatQ9A
6yzFaM9N8M8BsjLACDds 6yzFaM9N8M8BsjLACDds
1ZOzWuPMAgV9noIUn6fI 1ZOzWuPMAgV9noIUn6fI
fbJ1XhavEsRSCGVVB1U1 fbJ1XhavEsRSCGVVB1U1
4jo8IXw984NR3wvT2Dr9 4jo8IXw984NR3wvT2Dr9
