xse rsg xme nsw ils jfh qjf tko uwo bod krr uau ogh uau yug wyg pjf gex ljd tso cma tdu zkt qxs byu hmi vtd aeg xeh kpp fjy vmv fbk nko bnl nhi vzr igs cun nry xme svk mti vvn eah jgt fyc qbf rrp ksg tlh eah xjt jfh wiy emz vmt uuw kxn adx jfh mok eah fgp dgl fin hcr miy uau ptu eah bda ruo rjv idv ukv nii qdw nvz lvm fia nmf ocp pvs ikb fzi eah nfr rtc hpx wbg aii eah txq eah bdh lrj eah lwk eah xme vwg khu fhv uau nwc dkp zdb igs ckx loj kfu eah cen ego uok ybr jam phg zud eah xse
98
idv idv
bdh bdh
tlh tlh
nko nko
bod bod
khu khu
dgl dgl
phg phg
byu byu
ocp ocp
zdb zdb
uuw uuw
miy miy
tso tso
wiy wiy
kfu kfu
vtd vtd
vwg vwg
fgp fgp
nwc nwc
qjf qjf
jgt jgt
xeh xeh
fzi fzi
hcr hcr
fhv fhv
nii nii
wbg wbg
vmv vmv
ybr ybr
kxn kxn
nsw nsw
ikb ikb
txq txq
vvn vvn
fyc fyc
wyg wyg
uau uau
kpp kpp
zud zud
nmf nmf
bnl bnl
loj loj
nry nry
fin fin
krr krr
qdw qdw
aii aii
ksg ksg
hpx hpx
ego ego
jam jam
rsg rsg
jfh jfh
lvm lvm
bda bda
pvs pvs
nhi nhi
xjt xjt
mti mti
nfr nfr
ckx ckx
pjf pjf
uok uok
xme xme
adx adx
qxs qxs
hmi hmi
aeg aeg
mok mok
vmt vmt
rjv rjv
tdu tdu
ils ils
emz emz
fbk fbk
fjy fjy
cun cun
uwo uwo
fia fia
cen cen
cma cma
zkt zkt
ogh ogh
nvz nvz
ptu ttw ptu
ukv ukv
ruo ruo
yug yug
vzr vzr
qbf qbf
rtc rtc
ljd ljd
lwk lwk
lrj lrj
svk svk
tko tko
gex gex
