Soda LeConte Etcheverry Unit2 BancroftLibrary Unit2 DurantHall Blackwell Unit1 SouthHall DavisHall Stern DavisHall Moffit DavisHall Wheeler LeConte Foothill HavilandHall Dwinelle HearstMining BotanicalGardens Evans BAMPFA Evans Campanile BerkeleyWayWest Soda Doe UniversityVillage Bowles UniversityVillage HildebrandHall Gilman HildebrandHall CaliforniaHall Barrows Unit3 Campbell GiauqueHall AlumniHouse InternationalHouse MemorialStadium LawrenceHall GreekTheatre Doe Soda
23
Unit3 Unit3
DurantHall DurantHall
InternationalHouse InternationalHouse
Stern Stern
BAMPFA BAMPFA
Dwinelle Dwinelle
Gilman Gilman
BancroftLibrary BancroftLibrary Unit2
Moffit Moffit
GreekTheatre GreekTheatre
Unit1 Unit1
Foothill Foothill
Wheeler Wheeler
Evans Evans
CaliforniaHall CaliforniaHall
Campbell Campbell
LeConte LeConte
Bowles Bowles
LawrenceHall LawrenceHall
Campanile Campanile BerkeleyWayWest
SouthHall SouthHall
Doe Doe
HearstMining HearstMining
