Ippudo Platano Soda HildebrandHall NatApartment Rachas NatApartment BetaLounge Ikes Eureka Ikes SweetheartCafe PeoplesCafe PurpleKow Flavia UCafe Flavia SmokesPoutinerie TheDwight SmokesPoutinerie LewisHall SmokesPoutinerie Bowles HearstAnnex McDonalds Morrisonhall McDonalds HearstAnnex Pappys SuperDuperBurgers Blackwell Milkbomb ThaiBasil BrandyMelville FireTrails MulfordHall FireTrails BrandyMelville ThaiBasil HesseHall EastBaySpiceCompany HesseHall Kips Muraccis Kips HesseHall EastBaySpiceCompany GSPP Wheeler AndrewsApartment GrizzlyPeak AndrewsApartment Wheeler Bonchon HavilandHall Fengcha UniversityVillage TToust BobaNinja TToust ImmThai BobbyGPizza InternationalHouse Raretea InternationalHouse BobbyGPizza Marugame Gadani HalalGuys Gadani CaliforniaHall HearstGym WursterHall Spats Gather Tilden LatimerHall Jupiter TopDog Jupiter Morganhall Jupiter TopDog Firewings Quicklys BerkeleyArtStudio SaturnCafe BerkeleyArtStudio Mezzo HAAS Chipotle HearstMining Campbell EastAsianLibrary LittleCampanile WindmillCoffee PokeBar Plentea ClarkKerr DollarTree TripleRock Cinnaholic Slivers Cinnaholic HortonHall Underhill Homeroom TheHabit Homeroom LaNote TacoBell LaNote ExtremePizza Cafe3 LeConte AmoebaMusic SnackShack Artichokes BerkeleyWayWest HappyLemon BerkeleyBart SproulHall BerkeleyBart BigC TenderGreens BigC BerkeleyBart HappyLemon BerkeleyWayWest Artichokes LowerSproul Shengkee HortonHall Stern ClarkKerr BSC TukTukThai Venus TukTukThai DavisHall NorthHall Yifang Chipotle LaBurrita OptometryBuilding YogurtPark TraderJoes YogurtPark LaVals Target LaVals YogurtPark GreatChina SatherGate GreatChina YogurtPark Ucha SouthHall Crossroads LiKaShing BanshoRamen LiKaShing Rachas NatApartment HildebrandHall TPTea Campanile ChezPanisse Campanile Cornerstone UrbanOutfitters AndrewsApartment GrizzlyPeak RSF Cheeseboard BancroftLibrary TennisCourts StrawberryCreek Namaste Bowles AshaTeaHouse Barrows Safeway Barrows AshaTeaHouse LeConte Cafe3 ThaiNoodle Doe JambaJuice SteamTrains KroeberHall SteamTrains JambaJuice SteamTrains Underhill Wikiwiki NoodleGirl Teazone NoodleGirl MSRI Gongcha Ikes Eshelman Namaste MemorialGlade Campbell EastAsianLibrary Gypsys Platano Ippudo
98
SatherGate SatherGate
Morrisonhall Morrisonhall
Venus Venus
Muraccis Muraccis
BanshoRamen BanshoRamen
Firewings Firewings
TenderGreens TenderGreens
PokeBar PokeBar
ChezPanisse ChezPanisse
Target Target
Teazone Teazone
HalalGuys HalalGuys
KroeberHall KroeberHall
Safeway Safeway
Spats Spats
Slivers Slivers
TheDwight TheDwight
LowerSproul LowerSproul
TacoBell TacoBell
BetaLounge BetaLounge
TripleRock TripleRock
Milkbomb Milkbomb
Yifang Yifang
PeoplesCafe PeoplesCafe
Cheeseboard Cheeseboard
Namaste Namaste
Ucha Ucha
ThaiNoodle ThaiNoodle
Gypsys Gypsys
SproulHall SproulHall
LewisHall LewisHall
Bonchon Bonchon
Pappys Pappys
SaturnCafe SaturnCafe
LatimerHall LatimerHall
UrbanOutfitters UrbanOutfitters
ClarkKerr ClarkKerr
TraderJoes TraderJoes
ImmThai ImmThai
Wikiwiki Wikiwiki
Gongcha Gongcha
GreatChina GreatChina
Homeroom Homeroom
AmoebaMusic AmoebaMusic
LaBurrita LaBurrita
LittleCampanile LittleCampanile
MulfordHall MulfordHall
TPTea TPTea
EastBaySpiceCompany EastBaySpiceCompany
Rachas Rachas
AshaTeaHouse AshaTeaHouse
WursterHall WursterHall
Shengkee Shengkee
Mezzo Mezzo
BSC BSC
JambaJuice JambaJuice
ExtremePizza ExtremePizza
Gather Gather
GrizzlyPeak GrizzlyPeak
StrawberryCreek StrawberryCreek
Crossroads Crossroads
Raretea Raretea
Marugame Marugame
Plentea Plentea
Chipotle Chipotle
SmokesPoutinerie SmokesPoutinerie
Platano Platano
SuperDuperBurgers SuperDuperBurgers
Wheeler Wheeler
Morganhall Morganhall Jupiter
NorthHall NorthHall
OptometryBuilding OptometryBuilding
McDonalds McDonalds
Artichokes Artichokes
Fengcha Fengcha Ikes
UCafe UCafe
BigC BigC
Quicklys Quicklys
Cafe3 Cafe3
Underhill Underhill
Kips Kips
Cornerstone Cornerstone
ThaiBasil ThaiBasil
Gadani Gadani
BobaNinja BobaNinja
HortonHall HortonHall
HappyLemon HappyLemon
MemorialGlade MemorialGlade
TheHabit TheHabit
LaNote LaNote
SweetheartCafe SweetheartCafe
TukTukThai TukTukThai
BerkeleyArtStudio BerkeleyArtStudio
EastAsianLibrary EastAsianLibrary
TopDog TopDog
SnackShack SnackShack
Eureka Eureka
AndrewsApartment AndrewsApartment
