Evans WursterHall Campbell Eshelman Campbell DurantHall Unit2 Stern Unit2 Barrows BAMPFA HAAS Foothill HAAS Unit1 StrawberryCreek HearstMining VLSB HavilandHall BancroftLibrary LawrenceHall HappyLemon Moffit SouthHall HesseHall SouthHall Milkbomb MemorialGlade Kresge MemorialGlade StrawberryCreek GreekTheatre CanyonPool GreekTheatre SatherGate GiauqueHall SatherGate SproulHall LewisHall DavisHall Gilman BotanicalGardens Gilman Marugame Campanile Underhill RSF Firewings CaliforniaHall Firewings HilgardHall AshaTeaHouse ImmThai AlumniHouse BerkeleyWayWest Yifang UniversityVillage Wheeler UniversityVillage Yifang UCafe Chipotle ThaiNoodle Dwinelle MLK HildebrandHall MLK LatimerHall Plentea Doe Plentea Soda Plentea SutardjaDai Cornerstone ZellerbachHall Bowles Unit3 Spats Boalt Spats Unit3 Bowles KroeberHall Etcheverry KroeberHall Barrows HortonHall MemorialStadium HortonHall LeConte Moffit WursterHall Evans Cory Evans
45
Wheeler Wheeler
BotanicalGardens BotanicalGardens
HesseHall HesseHall
Stern Stern
Boalt Boalt
HearstMining HearstMining
GiauqueHall GiauqueHall
Etcheverry Etcheverry
HildebrandHall HildebrandHall
LawrenceHall LawrenceHall
Unit1 Unit1
CaliforniaHall CaliforniaHall InternationalHouse
Campanile Campanile
LeConte LeConte
Doe Doe
DurantHall DurantHall
Barrows Barrows
AlumniHouse AlumniHouse
Kresge Kresge
Eshelman Eshelman
CanyonPool GreekTheatre CanyonPool
SutardjaDai SutardjaDai
Dwinelle Dwinelle
HavilandHall HavilandHall
SouthHall SouthHall
BAMPFA BAMPFA
Unit3 Unit3
ZellerbachHall ZellerbachHall
UniversityVillage UniversityVillage
ThaiNoodle ThaiNoodle
Moffit Moffit
Gilman Gilman
RSF RSF Blackwell
Soda Soda
Unit2 Unit2
Foothill Foothill HAAS
VLSB VLSB
HilgardHall Bowles HilgardHall
Campbell Campbell
MLK MLK
Cory Cory
MemorialStadium MemorialStadium
DavisHall DavisHall
BerkeleyWayWest BerkeleyWayWest
BancroftLibrary BancroftLibrary
