Shower0 YouTube4 Urine5 Puppy19 Laptop22 Light1 Sink37 YouTube4 Elevator35 Monster32 Android27 Shower0 Cone13 Towel2 Allergies7 Towel2 Soda18 Shower0 Ring33 Nuclear43 Crab16 Plants3 Ice30 Toilet45 BBQ38 Plants3 Prints25 Toilet26 Mail41 Light1 Cat44 Ice42 BBQ36 Whale8 Robot49 Shower0
25
Soda18 Soda18
Toilet45 Toilet45
Mail41 Mail41
Ring33 Ring33
YouTube4 YouTube4
Elevator35 Elevator35
Prints25 Prints25
Sink37 Sink37
Laptop22 Laptop22
Puppy19 Puppy19
Robot49 Robot49
Nuclear43 Nuclear43
Ice42 Ice42
Cat44 Cat44
Android27 Android27
Monster32 Monster32
Toilet26 Toilet26
Crab16 Crab16
Cone13 Cone13
BBQ36 BBQ36
Ice30 Ice30
Light1 Light1
BBQ38 BBQ38
Allergies7 Allergies7
Plants3 Plants3
