Horse0 Breakfast74 Ring45 Whale59 Robot9 Mail88 Printer53 Shower11 Settings5 Rollers34 Websites17 Shelf7 Shower15 Settings5 Plus62 Dislike51 Comics49 Post61 Horse0 Whale22 Water66 BBQ86 Monster71 Monster39 Post2 Kitty14 Male84 Ice38 Allergies4 Towel37 Post2 Websites81 Rollers48 Book41 Allergies4 Leash68 Bird93 Toilet20 Ice10 Floppy63 Horse0 Bird82 Ice10 Shelf25 Poop8 Prints23 Ice30 Allergies4 Toilet1 Cat13 Water52 Running77 Towel35 Allergies3 Solar58 Flowers98 Post2 Ring97 Allergies3 Towel16 Soda57 Breakfast19 Horse55 Allergies3 Horse0
50
Horse0 Horse0
Monster71 Monster71
Floppy63 Floppy63
Towel37 Towel37
Book41 Book41
Cat13 Cat13
Solar58 Solar58
Robot9 Robot9
Websites81 Websites81
Post61 Post61
Toilet20 Toilet20
Prints23 Prints23
Settings5 Settings5
BBQ86 BBQ86
Ice38 Ice38
Horse55 Horse55
Leash68 Leash68
Towel16 Towel16
Monster39 Monster39
Websites17 Websites17
Printer53 Printer53
Whale22 Whale22
Shower15 Shower15
Towel35 Towel35
Ice10 Ice10
Rollers48 Rollers48
Allergies4 Allergies4
Breakfast19 Breakfast19
Dislike51 Dislike51
Whale59 Whale59
Kitty14 Kitty14
Ring97 Ring97
Breakfast74 Breakfast74
Ring45 Ring45
Flowers98 Flowers98
Male84 Male84
Soda57 Soda57
Shelf25 Shelf25
Bird82 Bird82
Water52 Water52
Comics49 Comics49
Plus62 Plus62
Rollers34 Rollers34
Water66 Water66
Allergies3 Allergies3
Shower11 Shower11
Ice30 Ice30
Running77 Running77
Bird93 Bird93
Mail88 Mail88
