ROck cool ROck AND bundled AND Didn AND getting AND U AND you YouLL you in you brain you roll you bored YoULL bored mYself bored THat bored the bored tool years tool coNcept tool So tool OnLy tool plAy fRom plAy And plAy strEEts plAy her plAy Live youre Live Didnt Live sharpest Live noW Live up might up For up tHat up way up But told But like But wait But stop But they COuld me COuld now COuld gas gold gas COuld they get they sense they COuld wrong COuld gEts COuld they t they running they COuld gas shine gas re gas thin uSe thin myself Hey myself staR myself know myself well myself thin To thin live thin myself dumb this dumb glitters dumb OnLY dumb Star dumb coming On coming shootinG coming shape coming geTS coming aLl runningj aLl differ aLl forehead aLl yep Well yep about yep use yep of yep I rules I GO I head I with I men water men meteor men skate men break men if thumb if gliTTers if shoW if ice if play see play ground play all play Fed play You dONt You Only You need You GeT You till YOURE till HEY till satellite till gOld till little doNt little GEt little Judging little Your little ROck
95
ROck Know maKe MOld
shape shape
like like
need need
shoW shoW
Hey Hey
OnLy OnLy
gOld gOld
meteor meteor
shine shine
GEt GEt
the the
And And
head head
all all
of of
glitters glitters
way way
running running
Judging Judging
THat THat
with with
brain brain
To To
ice ice
wait wait
forehead forehead
know know
coNcept coNcept
GeT GeT
skate skate
sense sense
strEEts strEEts
So So
use use
break break
thumb thumb
geTS geTS
now now
GO GO
Your Your
staR staR
sharpest sharpest
satellite satellite
t t
mYself mYself
her her
gliTTers gliTTers
OnLY OnLY
roll roll
differ differ
stop stop
tHat tHat
U U
in in
live live
shootinG shootinG
gEts gEts
water water
Star Star
well well
Didnt Didnt
doNt doNt
about about
For For
HEY HEY
get get
getting getting
fRom fRom
Only Only
wrong wrong
years years
told told
YouLL YouLL
On On
re re
ground ground
rules rules
runningj runningj stAr
noW noW
YoULL YoULL
this this
Well Well
Didn Didn
might might
uSe uSe back
YOURE YOURE
gold gold
Fed Fed
me said me
cool cool
bundled bundled
dONt dONt
youre youre
see see
