L glow your glow use glow skate glow L doNt start doNt To doNt as doNt bundled doNt gAme Hey gAme Somebody gAme smart gAme away gAme re years re roll re shine re GeT re hole game hole get hole shooting hole cool COuld cool it cool of cool glow L but L staR L
24
L some YouLL
GeT GeT
Hey Hey
shooting shooting
smart smart
bundled bundled
get get
To To
shine shine
as as
it it
roll roll
away away
start start
skate skate
years years
your your
of of
game game
staR staR
use use
but but
COuld COuld
Somebody Somebody
