hdpxs amfiz rchbw frhgc lmwpk wotiq bwknx xscoe iyuas xnpwq ohzfn dkjro sxdiu hwmzn xscoe vgwoi nqtru rlumh mlibf tmwdy ktzce uiogl wdquv ahnds cqsby yqtob xscoe dbjxw yazqf ymcfp lnjxt jhlus zqjxb uklga qckjp rjuxc xscoe bdevm ebwcp ehqyk pytwh gstwp yqfdk zcjqx fjdqi ypdnb oxuqn rzvtg ayrgb tjake mhuad oewcd osvgp xscoe cxdes stflc syoxf gdnim lpudv evsbm yvbse pgqva xscoe bkfuc armnk btwzv tkwle gufvs mhekz syoxv maqho qbdwz wajol kjihy wkbuf qpbmc kzwah mujil pihld xcvow aedvq cxajk evtgj joztf jcwpu kscoz xlrzc drojn vobqh qhvsb zntkr tndwl rjdai qhibx mtcsd oaeyh wcjeg gdovn utdhx qsmkj vcwfj htkwy bsvth wnelr cihba oxitr osxbc hdpxs
100
mlibf mlibf
sxdiu sxdiu
qpbmc qpbmc
uiogl uiogl
uklga uklga
maqho maqho
yqtob yqtob
mujil mujil
tmwdy tmwdy
fjdqi fjdqi
xlrzc xlrzc
oxitr oxitr
nqtru nqtru
bdevm bdevm
ayrgb ayrgb
lnjxt lnjxt
armnk armnk
gdnim gdnim
zqjxb zqjxb
yqfdk yqfdk
drojn drojn
ohzfn ohzfn
jcwpu jcwpu
wotiq wotiq
joztf joztf
pytwh pytwh
cxdes cxdes
tndwl tndwl
qhibx qhibx
aedvq aedvq
ymcfp ymcfp
stflc stflc
wajol wajol
kscoz kscoz
mtcsd mtcsd
pgqva pgqva
btwzv btwzv
ahnds ahnds
utdhx utdhx
rjuxc rjuxc
dkjro dkjro
xnpwq xnpwq
frhgc frhgc
osvgp osvgp
bsvth bsvth
rjdai rjdai
qckjp qckjp
lmwpk lmwpk
wnelr wnelr
rlumh rlumh
syoxf syoxf
qbdwz qbdwz
zcjqx zcjqx
yazqf yazqf
vgwoi vgwoi
bkfuc bkfuc
cihba cihba
dbjxw dbjxw
gufvs gufvs
kjihy kjihy
iyuas iyuas
syoxv syoxv
zntkr zntkr
jhlus jhlus
ebwcp ebwcp
bwknx bwknx
amfiz amfiz
cqsby cqsby
wkbuf wkbuf
kzwah kzwah
yvbse yvbse
htkwy htkwy
oewcd oewcd
rchbw rchbw
oaeyh oaeyh
evtgj evtgj
cxajk cxajk
pihld pihld
lpudv lpudv
qsmkj qsmkj
mhekz mhekz
vcwfj vcwfj
ehqyk ehqyk
gdovn gdovn
gstwp gstwp
hwmzn hwmzn
tkwle tkwle
mhuad mhuad
oxuqn oxuqn
tjake tjake
wdquv wdquv
xcvow xcvow
evsbm evsbm
wcjeg wcjeg
rzvtg rzvtg
vobqh vobqh
osxbc osxbc
ktzce ktzce
ypdnb ypdnb
qhvsb qhvsb
