Hayward SantaClara Hayward CedarRapids Asheville Durham Bloomington Durham Deltona Durham Waterloo Yonkers Huntsville Bradenton SaintPaul Bradenton Tucson Winston Hickory Monroe Memphis Monroe Hickory Kennewick Barnstable Kennewick PuntaGorda Omaha Topeka Montgomery ThousandOaks Montgomery SantaCruz Fontana Murrieta Tampa Murrieta Winston Hickory HuntingtonBeach Hickory Tyler BelAir Charlotte RichmondCounty Hampton Modesto CedarRapids Waco Harlingen Burbank Chicago Monroe BelAir York NewBedford Aurora Bakersfield Aurora Tucson Washington LakeCharles Irvine PalmBay McHenry Torrance McHenry Newark NewYorkCity Wilmington Atlanta Yonkers GrandRapids Abilene Downey Abilene Burbank Danbury Burbank Chicago Burbank Danbury Atlanta McAllen Allentown Springdale McHenry Asheville Hayward
50
PuntaGorda PuntaGorda
Tyler Tyler
ThousandOaks ThousandOaks
PalmBay PalmBay
Tucson Tucson
Barnstable Barnstable
Yonkers Yonkers
Burbank Burbank
McHenry McHenry
Harlingen Harlingen
Charlotte Charlotte
Omaha Omaha
Topeka Topeka
Deltona Deltona
Danbury Danbury
Downey Downey
Asheville Asheville
McAllen McAllen
Chicago Chicago
GrandRapids GrandRapids
BelAir BelAir
Aurora Aurora
CedarRapids CedarRapids
LakeCharles LakeCharles
Bradenton Bradenton
RichmondCounty RichmondCounty
SantaCruz SantaCruz
Modesto Modesto
HuntingtonBeach HuntingtonBeach
Huntsville Huntsville
NewYorkCity NewYorkCity
Tampa Tampa
Monroe Monroe
Bakersfield Bakersfield
Springdale Springdale
SantaClara SantaClara
Atlanta Atlanta
Durham Durham
Newark Newark
Torrance Torrance
Memphis Memphis
Kennewick Kennewick
Bloomington Bloomington
NewBedford NewBedford
SaintPaul SaintPaul
York York
Hickory Hickory
Waco Waco
Waterloo Waterloo
Hampton Hampton
