Hayward Norwich Lorain NewBedford CathedralCity Bethlehem NewportNews Marina Aberdeen SimiValley Cincinnati Independence RoundLakeBeach Lorain Scottsdale Omaha Topeka Henderson NewYorkCity York Reno Ogden Reno York Champaign Charlotte Pueblo Waterbury Hialeah Harlingen Springfield Spartanburg LakeCharles HuntingtonBeach Sarasota Scranton Arvada Tyler Nashua LasVegas Stamford Columbus SantaClara Reno PortArthur Racine Melbourne Lubbock Pueblo Youngstown OverlandPark Greenville Plano Fullerton Flint Concord Bakersfield Lafayette Barnstable Birmingham Bryan Lubbock Melbourne Torrance RichmondCounty PortArthur Lacey Savannah StPaul CathedralCity StPaul CorpusChristi PalmBay Hagerstown PuntaGorda Hemet Fairfield Marysville Layton Marysville Boise Eugene Anaheim SanBuenaventura Hemet Mobile Hemet PuntaGorda HavredeGrace JohnsonCity SanAntonio ElPaso SaintPaul Duluth Detroit Duluth SaintPaul GrandRapids Vancouver Henderson Topeka Downey Salem Hampton Newark Hampton Salem Deltona Tucson NewYork Monroe Escondido Mesquite Escondido Sacramento StLouis SiouxCity Kalamazoo Worcester Modesto Elkhart McAllen ThousandOaks Huntsville CapeCoral Bloomington CapeCoral Huntsville ThousandOaks PortSaintLucie Olympia Downey Huntsville Kissimmee Marina Frederick Visalia Columbus Visalia Carrollton SiouxFalls Carrollton Newburgh Waterbury Lafayette GreenBay Laredo Murfreesboro Flint Trenton Louisville SouthLyon Anchorage Fresno Anchorage Utica Norwich SanBuenaventura Oxnard Albuquerque Hialeah Albuquerque Burlington HavredeGrace Hartford NorthLasVegas Hartford Shreveport Hayward
100
PuntaGorda PuntaGorda
Tyler Tyler
Cincinnati Cincinnati
ThousandOaks ThousandOaks
Norwich Norwich
PalmBay PalmBay
Tucson Tucson
Utica Utica
Pueblo Pueblo
Albuquerque Albuquerque
Laredo Laredo
NewportNews NewportNews
Barnstable Barnstable
JohnsonCity JohnsonCity
Greenville Greenville
Eugene Eugene
Racine Racine
Nashua Nashua
RoundLakeBeach RoundLakeBeach
Harlingen Harlingen
Newburgh Newburgh
HavredeGrace HavredeGrace
Charlotte Charlotte
OverlandPark OverlandPark
Omaha Omaha
Topeka Topeka
CapeCoral CapeCoral
Deltona Deltona
Anchorage Anchorage
Marina Marina
Salem Salem
LasVegas LasVegas
Downey Downey
Hagerstown Hagerstown
Birmingham Birmingham
SanBuenaventura SanBuenaventura
Mesquite Mesquite
Flint Flint
McAllen McAllen
Lubbock Lubbock
CorpusChristi CorpusChristi
Layton Layton
Fullerton Fullerton
Bethlehem Bethlehem
NorthLasVegas NorthLasVegas
StLouis StLouis
GrandRapids GrandRapids
Frederick Frederick
Boise Boise
Arvada Arvada
Oxnard Oxnard
Hemet Hemet
Scranton Scranton
Fresno Fresno
Waterbury Waterbury
LakeCharles LakeCharles
Stamford Stamford
Olympia Olympia
RichmondCounty RichmondCounty
Duluth Duluth
Modesto Modesto
Henderson Henderson
HuntingtonBeach HuntingtonBeach
Huntsville Huntsville
Lacey Lacey
Burlington Burlington
Columbus Columbus
Savannah Savannah
Vancouver Vancouver
Detroit Detroit
Hialeah Hialeah
CathedralCity CathedralCity
NewYorkCity NewYorkCity
Marysville Marysville
GreenBay GreenBay
Bakersfield Bakersfield
Monroe Monroe
Louisville Louisville
ElPaso ElPaso
SantaClara SantaClara
Kissimmee Kissimmee
Newark Newark
Torrance Torrance
Hartford Hartford
Plano Plano
Bloomington Bloomington
Kalamazoo Kalamazoo
NewBedford NewBedford
SiouxFalls SiouxFalls
Elkhart Elkhart
Champaign Champaign
Anaheim Anaheim
SaintPaul SaintPaul
York York
Spartanburg Spartanburg
Scottsdale Scottsdale
Aberdeen Aberdeen
Mobile Mobile
Melbourne Melbourne
Ogden Ogden
