A TA162N TA112NN TA712NN TA612NN TA242N TA182N TA212NN TA412NN TA18 TA1012NN TA172N A TA1212NN TA14 TA5 TA81 TA112N TA912NN TA142N TA221 TA82N A TA512NN TA72N TA102N TA22 TB21 TA42N B TA232N TA12N TA1312NN TA211 TA231 TA171 TA241 TA21 TA222N TA161 TA62N TA151 TA132N TA20 TA131 TA312NN TA101 TA92N TA91 TA52N TA61 TA141 TA51 TA1112NN TA41 A TA202N TA31 TA121 TA16 TA192N TB1 TA201 TA181 TA4 TA32N TA7 TA15 TA23 TA71 TA19 TA812NN TA17 TA12 TA11 TA12NN TA10 TA2N TA111 TB11 TA9 TA13 TA8 B TA212N TA6 TA152N TA3 TA1412NN TA1 TA191 TA24 TA22N TA2 TA122N TA A
91
A TA1512NN TA1612NN TA1712NN TA1812NN TA1912NN TA2012NN TA2112NN TA2212NN TA2412NN
TA7 TA7 TA2312NN
TA12 TA12
TA21 TA21
TA TA
TA1 TA1
TA2 TA2
TA3 TA3
TA4 TA4
TA5 TA5
TA6 TA6
TA8 TA8
TA9 TA9
TA10 TA10
TA11 TA11
TA13 TA13
TA14 TA14
TA15 TA15
TA16 TA16
TA17 TA17
TA18 TA18
TA19 TA19
TA20 TA20
TA22 TA22
TA23 TA23
TA24 TA24
TB1 TB1
TB11 TB11
TB21 TB21
TA31 TA31
TA41 TA41
TA51 TA51
TA61 TA61
TA71 TA71
TA81 TA81
TA91 TA91
TA101 TA101
TA111 TA111
TA121 TA121
TA131 TA131
TA141 TA141
TA151 TA151
TA161 TA161
TA171 TA171
TA181 TA181
TA191 TA191
TA201 TA201
TA211 TA211
TA221 TA221
TA231 TA231
TA241 TA241
TA2N TA2N
TA12N TA12N
TA22N TA22N
TA32N TA32N
TA42N TA42N
TA52N TA52N
TA62N TA62N
TA72N TA72N
TA82N TA82N
TA92N TA92N
TA102N TA102N
TA112N TA112N
TA122N TA122N
TA132N TA132N
TA142N TA142N
TA152N TA152N
TA162N TA162N
TA172N TA172N
TA182N TA182N
TA192N TA192N
TA202N TA202N
TA212N TA212N
TA222N TA222N
TA232N TA232N
TA242N TA242N
TA12NN TA12NN
TA112NN TA112NN
TA212NN TA212NN
TA312NN TA312NN
TA412NN TA412NN
TA512NN TA512NN
TA612NN TA612NN
TA712NN TA712NN
TA812NN TA812NN
TA912NN TA912NN
TA1012NN TA1012NN
TA1112NN TA1112NN
TA1212NN TA1212NN
TA1312NN TA1312NN
TA1412NN TA1412NN
