IvOdahrtFwzZ WUqhotrexTBp ybLCwZqVZKud QxNjgiXciQma NMSHhfMtAJZb WWtfhwMSzfGW HVwGkspnDHbf yVSfaizVeLPT nKmMbiEuiffc jXOmYlZmvqnI SKbQkQUhqQEt FkNlSGMBOUbz aXlcDzbXwAJW AhJBAeSEuUkL ocysUjOwnenm RQBxIsRWzmfl pjemGRILnFei QDhUZstsJKtV UGahWpWtmUQn wXjNgGRCXYRl cQFNlImsTWTM lRgeGnDJBtMa aSpDrTbKBytW fiHhqLtPfdZy WsLfQLsirtHk tARvBeqQDqSY HEwqlaeMfSzl hLCSOZLNEdhX xXoCKkdkKAne nyTRNDRCsANl ppfBOAvWYXyJ RGYiIUdVAiVL qFGlIHDqKyPA uzYTzVwixczQ XwPJYwaGcHxO lznMKRYSMheH yFQWQWtUUMle nxbMBCPhfQij touUfboeiIya ctZWqndwhbJm qxhFFIUEfnzV YvLRANdegrdA sFSBpaJxLpBT yHOsEGOhjOLt oOIjuHJcVRiV nlzJUuBrsbXD jXgKDXnEJsra GvyjKkGcUdcI QFfSmYtuSTPl AoaIXEzdsCrm ZPYnROAizafx TZmWJenJbEsV wHeDieHMYzAK PFpQuVVRxbvV oKIKkmsSWzmH ubtvaUeVUfmV zypYDSZfKAvD IcNVObbuvzWY WnABnktZDxMx WHSGrQQrrotE zCWezcJmUGqs KtoZVrQmJWki QZQElPdcHxru JNoAmCxHcsYw gJMLzBkWmUoV ZPYnROAizafx gXcuqckdTdIP evRMhyiHKGXv NxxrxPgsnMqG hPSXtHMMyKAK EOKLHvbbCToE dXlgwkdKhUmB EKWhDcEeEkGK nschEYWjrAsr ypApeqMQPnQA TTwdgXpOLyxF TglqUXfjbefC LNoKVqXhLEzn mgKEFEWheOqk OaFvNWZuTHit OIjApACwnyqG DiKlonktcqTP EwXugPkGUVkm AQgpWBullbIi zOkfhFVfOKVi UYTxhnOtiPHB fblrDraNAUxK IQvKLYGCcCbd eTrfywteWUJB JpwDMOwQmqOp ZPYnROAizafx quZcTYtpBjSn cRekprdsHHWw YGzazHdyrGCd IfTQNEFsiTgr OaFvNWZuTHit cpNycWVdmzHJ mZUBOQTZyXOM vkOqMvrCUWYf PKHkuTHeRXhO WRiugWLCujBI zcAOlsVDUDkc qlMzHEurfTvO IvOdahrtFwzZ
97
EOKLHvbbCToE EOKLHvbbCToE
FkNlSGMBOUbz FkNlSGMBOUbz
fiHhqLtPfdZy fiHhqLtPfdZy
touUfboeiIya touUfboeiIya
jXOmYlZmvqnI jXOmYlZmvqnI
RQBxIsRWzmfl RQBxIsRWzmfl
ypApeqMQPnQA ypApeqMQPnQA
NMSHhfMtAJZb NMSHhfMtAJZb
PFpQuVVRxbvV PFpQuVVRxbvV gkTmCiZxFrJw
ppfBOAvWYXyJ ppfBOAvWYXyJ
IfTQNEFsiTgr IfTQNEFsiTgr
WHSGrQQrrotE WHSGrQQrrotE
qFGlIHDqKyPA qFGlIHDqKyPA
xXoCKkdkKAne xXoCKkdkKAne
GvyjKkGcUdcI GvyjKkGcUdcI
UGahWpWtmUQn UGahWpWtmUQn
TZmWJenJbEsV TZmWJenJbEsV
QZQElPdcHxru QZQElPdcHxru
EKWhDcEeEkGK EKWhDcEeEkGK
AhJBAeSEuUkL AhJBAeSEuUkL
nlzJUuBrsbXD nlzJUuBrsbXD
DiKlonktcqTP DiKlonktcqTP
qxhFFIUEfnzV qxhFFIUEfnzV
JpwDMOwQmqOp JpwDMOwQmqOp
yFQWQWtUUMle yFQWQWtUUMle
AoaIXEzdsCrm AoaIXEzdsCrm mvdksSctoMVi
XwPJYwaGcHxO XwPJYwaGcHxO
IQvKLYGCcCbd IQvKLYGCcCbd
AQgpWBullbIi AQgpWBullbIi
HVwGkspnDHbf HVwGkspnDHbf
zcAOlsVDUDkc zcAOlsVDUDkc
TglqUXfjbefC TglqUXfjbefC
IcNVObbuvzWY IcNVObbuvzWY
oKIKkmsSWzmH oKIKkmsSWzmH
lRgeGnDJBtMa lRgeGnDJBtMa
ybLCwZqVZKud ybLCwZqVZKud
uzYTzVwixczQ uzYTzVwixczQ
quZcTYtpBjSn quZcTYtpBjSn
QDhUZstsJKtV QDhUZstsJKtV
ubtvaUeVUfmV ubtvaUeVUfmV
KtoZVrQmJWki KtoZVrQmJWki
mZUBOQTZyXOM mZUBOQTZyXOM
HEwqlaeMfSzl HEwqlaeMfSzl
evRMhyiHKGXv evRMhyiHKGXv
LNoKVqXhLEzn LNoKVqXhLEzn
UYTxhnOtiPHB UYTxhnOtiPHB
jXgKDXnEJsra jXgKDXnEJsra
gJMLzBkWmUoV gJMLzBkWmUoV
OIjApACwnyqG OIjApACwnyqG
ZPYnROAizafx ZPYnROAizafx
wXjNgGRCXYRl wXjNgGRCXYRl
hPSXtHMMyKAK hPSXtHMMyKAK
WRiugWLCujBI WRiugWLCujBI
zypYDSZfKAvD zypYDSZfKAvD
ocysUjOwnenm ocysUjOwnenm
WsLfQLsirtHk WsLfQLsirtHk
EwXugPkGUVkm EwXugPkGUVkm
oOIjuHJcVRiV oOIjuHJcVRiV
SKbQkQUhqQEt SKbQkQUhqQEt
zCWezcJmUGqs zCWezcJmUGqs
nKmMbiEuiffc nKmMbiEuiffc
cQFNlImsTWTM cQFNlImsTWTM
mgKEFEWheOqk mgKEFEWheOqk
QFfSmYtuSTPl QFfSmYtuSTPl
nschEYWjrAsr nschEYWjrAsr
JNoAmCxHcsYw JNoAmCxHcsYw
TTwdgXpOLyxF TTwdgXpOLyxF
PKHkuTHeRXhO PKHkuTHeRXhO
gXcuqckdTdIP gXcuqckdTdIP
aSpDrTbKBytW aSpDrTbKBytW
yHOsEGOhjOLt yHOsEGOhjOLt
vkOqMvrCUWYf vkOqMvrCUWYf
ctZWqndwhbJm ctZWqndwhbJm
zOkfhFVfOKVi zOkfhFVfOKVi
WnABnktZDxMx WnABnktZDxMx
cRekprdsHHWw cRekprdsHHWw
RGYiIUdVAiVL RGYiIUdVAiVL sTgUExIipvWV
YvLRANdegrdA YvLRANdegrdA
yVSfaizVeLPT yVSfaizVeLPT
hLCSOZLNEdhX hLCSOZLNEdhX
fblrDraNAUxK fblrDraNAUxK
QxNjgiXciQma QxNjgiXciQma
NxxrxPgsnMqG NxxrxPgsnMqG
lznMKRYSMheH lznMKRYSMheH
WWtfhwMSzfGW WWtfhwMSzfGW
qlMzHEurfTvO qlMzHEurfTvO
tARvBeqQDqSY tARvBeqQDqSY
pjemGRILnFei pjemGRILnFei
dXlgwkdKhUmB dXlgwkdKhUmB
WUqhotrexTBp WUqhotrexTBp
nxbMBCPhfQij nxbMBCPhfQij
YGzazHdyrGCd YGzazHdyrGCd
wHeDieHMYzAK wHeDieHMYzAK
cpNycWVdmzHJ cpNycWVdmzHJ
aXlcDzbXwAJW aXlcDzbXwAJW
sFSBpaJxLpBT sFSBpaJxLpBT
nyTRNDRCsANl nyTRNDRCsANl
