MHnVCXOJJwOI NmmqQKqzdERM ilCjMogPnNTK YbGvPudTcbyh bVDkAfQbeTmx crcFIKqbaYTC oClepMbylsqk GoPPViXuIoMW JCPkGQQBkgge phTlHtTwrYOU FhVNapbaoZOZ svpVoYHpEpjH GLfJulJDWdHA PCNGxUSnzrYJ SPoMbAzxrqrj KKNtdnAHmUpc AZrILCuGwbtV YfpLHnDpSXzc ltlOmMSvjmIL cXYRsTNMJDHO RWoTZCNhceUR jmWqilJNXyuV SJPfUQrbAbqM NkzUoyRYPnbb MlFqcqjWiUdI MHnVCXOJJwOI
25
MHnVCXOJJwOI UvfnFwkwYqFk
JCPkGQQBkgge JCPkGQQBkgge
NkzUoyRYPnbb NkzUoyRYPnbb
bVDkAfQbeTmx bVDkAfQbeTmx
YfpLHnDpSXzc YfpLHnDpSXzc
jmWqilJNXyuV jmWqilJNXyuV
FhVNapbaoZOZ FhVNapbaoZOZ
ilCjMogPnNTK ilCjMogPnNTK
GLfJulJDWdHA GLfJulJDWdHA
SPoMbAzxrqrj SPoMbAzxrqrj
oClepMbylsqk oClepMbylsqk
AZrILCuGwbtV AZrILCuGwbtV
ltlOmMSvjmIL ltlOmMSvjmIL
MlFqcqjWiUdI MlFqcqjWiUdI
svpVoYHpEpjH svpVoYHpEpjH
PCNGxUSnzrYJ PCNGxUSnzrYJ
cXYRsTNMJDHO cXYRsTNMJDHO
GoPPViXuIoMW GoPPViXuIoMW
crcFIKqbaYTC crcFIKqbaYTC
NmmqQKqzdERM NmmqQKqzdERM
YbGvPudTcbyh YbGvPudTcbyh
KKNtdnAHmUpc KKNtdnAHmUpc
RWoTZCNhceUR RWoTZCNhceUR
phTlHtTwrYOU phTlHtTwrYOU
SJPfUQrbAbqM SJPfUQrbAbqM
