loc0 loc64 loc6 loc97 loc28 loc86 loc73 loc46 loc8 loc68 loc67 loc54 loc77 loc94 loc75 loc24 loc0 loc63 loc90 loc18 loc3 loc65 loc22 loc85 loc27 loc80 loc58 loc72 loc42 loc37 loc48 loc33 loc17 loc16 loc7 loc53 loc31 loc0
36
loc0 loc36 loc51 loc34 loc96 loc62
loc94 loc94 loc10
loc27 loc27 loc30
loc8 loc8
loc90 loc90
loc48 loc48
loc37 loc37 loc5
loc3 loc3 loc13
loc22 loc22
loc77 loc77
loc97 loc97
loc24 loc24
loc64 loc64
loc63 loc63
loc33 loc33
loc42 loc42
loc6 loc6
loc53 loc53
loc58 loc58
loc68 loc68
loc7 loc7
loc31 loc31
loc18 loc18
loc86 loc86
loc16 loc16
loc28 loc28
loc85 loc85
loc75 loc75
loc67 loc67
loc80 loc80
loc65 loc65
loc72 loc72
loc73 loc73
loc54 loc54
loc17 loc17
loc46 loc46
