ssp200 13 10 2 12 11 12 2 14 2 181 122 134 122 181 137 149 137 142 138 139 140 141 143 137 149 150 149 137 147 146 147 137 181 92 97 93 94 95 96 98 92 104 92 102 101 102 92 104 105 104 92 181 32 44 32 38 36 35 34 33 37 32 44 45 44 32 42 41 42 32 181 17 29 30 29 17 27 26 27 17 23 21 20 19 18 22 17 181 107 119 107 112 108 109 110 111 113 107 119 120 119 107 117 116 117 107 181 47 53 51 50 49 48 52 47 59 60 59 47 57 56 57 47 181 122 132 131 132 122 128 126 125 124 123 127 122 134 135 134 122 181 167 179 167 177 176 177 167 172 168 169 170 171 173 167 179 180 179 167 181 77 87 86 87 77 89 77 82 78 79 80 81 83 77 89 90 89 77 181 182 194 182 192 191 192 182 194 195 194 182 188 186 185 184 183 187 182 181 152 164 165 164 152 158 156 155 154 153 157 152 162 161 162 152 181 62 74 62 72 71 72 62 67 63 64 65 66 68 62 74 75 74 62 181 2 7 3 4 5 6 8 2 14 15 14 2 10 13 ssp200
91
3 3
4 4
5 5
6 6
11 11
14 14
15 15
18 18
19 19
20 20
21 21
26 26
29 29
30 30
33 33
34 34
35 35
36 36
41 41
44 44
45 45
48 48
49 49
50 50
51 51
56 56
59 59
60 60
63 63
64 64
65 65
66 66
71 71
74 74
75 75
78 78
79 79
80 80
81 81
86 86
89 89
90 90
93 93
94 94
95 95
96 96
101 101
104 104
105 105
108 108
109 109
110 110
111 111
116 116
119 119
120 120
123 123
124 124
125 125
126 126
131 131
134 134
135 135
138 138
139 139
140 140
141 141
146 146
149 149
150 150
153 153
154 154
155 155
156 156
161 161
164 164
165 165
168 168
169 169
170 170
171 171
176 176
179 179
180 180
183 183
184 184
185 185
186 186
191 191
194 194
195 195
