Austin Jamie Joshua Steven Dennis Garrett Alex Rhonda Rachel Danielle Patrick Ashley Donald Austin Victoria Sara April Paul Scott Debra John Hannah Elizabeth Mariah Elaine Eugene Ralph Austin Amy Kari Natasha Sean Daniel Robin Jonathan Juan Paige Michael Edward Melissa Kyle Adam Maxwell Gina Walter Jennifer Jeanette Elaine Walter Adam Monique Robert Cassandra Jordan Glenda Janet Melinda Austin
50
Victoria Victoria
John John
Debra Debra
Hannah Hannah
Elaine Elaine
Mariah Mariah
Eugene Eugene
Patrick Patrick
Joshua Joshua
Natasha Natasha
Walter Walter
Sara Sara
Gina Gina
Paul Paul
Daniel Daniel
Melissa Melissa
Kari Kari
Edward Edward
Jamie Jamie
Paige Paige
Robert Robert
Donald Donald
Janet Janet
Glenda Glenda
Amy Amy
Steven Steven
Maxwell Maxwell
Dennis Dennis
Danielle Danielle
Scott Scott
Michael Michael
Elizabeth Elizabeth
Sean Sean
Juan Juan
Rhonda Rhonda
Ralph Ralph
Garrett Garrett
Monique Monique
Alex Alex
Jonathan Jonathan
April April
Jennifer Jennifer
Cassandra Cassandra
Kyle Kyle
Ashley Ashley
Jordan Jordan
Melinda Melinda
Rachel Rachel
Robin Robin
Jeanette Jeanette
