Jason Claire Mario Logan Timothy Jeremy Jason Kelsey Wendy Adam Joseph Sabrina Charles Jeffery Ronnie Stacie Bryan Jacqueline Kimberly Gabriel Jeffrey Grace Kari Rebecca Kristen Brett Jill Misty Cristian William Mercedes Kevin Jose Shawn Kathy Jennifer Katelyn Samantha Robert Karen Lauren Nicholas Alexandra Monica Rachel April Robin Randy Nicole Derek Melinda Dustin Michelle Paul John Kayla Regina Christina Edwin Andrew Brad Gabriel Shannon Susan Ashley Melissa Stephen Elizabeth Wayne Gabriel Brian Gabriel Laura Johnathan James Crystal Scott Megan Adrian Dana Mary Jane Tommy Juan Carrie Amanda Carol Kevin Mark Rebekah Kara Tammy Heather Nathaniel Roy Gregory Kevin Dylan Shane Tristan Joshua Cheryl Kyle David Brittany Evan Adrian Jordan Nathaniel Ricky Derek Jason
100
Derek Derek
Nathaniel Nathaniel
Heather Heather
Gabriel Gabriel
Adam Adam
Misty Misty
Shannon Shannon
Samantha Samantha
Katelyn Katelyn
Adrian Adrian
John John
Nicole Nicole
Brad Brad
Claire Claire
David David
Lauren Lauren
Joshua Joshua
Mario Mario
Roy Roy
Kara Kara
Johnathan Johnathan
Dana Dana
Cristian Cristian
Ricky Ricky
Tristan Tristan
Paul Paul
Laura Laura
Stacie Stacie
Jose Jose
Melissa Melissa
Kari Kari
Evan Evan
Carol Carol
Carrie Carrie
Brian Brian
Andrew Andrew
Jeffery Jeffery
Robert Robert
Mark Mark
Regina Regina
Kelsey Kelsey
Wayne Wayne
Megan Megan
Jeffrey Jeffrey
Shane Shane
Timothy Timothy
Joseph Joseph
Charles Charles
Crystal Crystal
William William
Mary Mary
Cheryl Cheryl
Rebekah Rebekah
Shawn Shawn
Dustin Dustin
Jacqueline Jacqueline
Logan Logan
Gregory Gregory
Kimberly Kimberly
Amanda Amanda
Christina Christina
Rebecca Rebecca
Scott Scott
Mercedes Mercedes
Dylan Dylan
Wendy Wendy
Kayla Kayla
Edwin Edwin
Michelle Michelle
Stephen Stephen
Kristen Kristen
Brett Brett
Karen Karen
Ronnie Ronnie
Jill Jill
Sabrina Sabrina
Elizabeth Elizabeth
Tommy Tommy
James James
Juan Juan
Brittany Brittany
Kathy Kathy
Susan Susan
Monica Monica
Bryan Bryan
Jane Jane
Alexandra Alexandra
Grace Grace
April April
Nicholas Nicholas
Jennifer Jennifer
Jeremy Jeremy
Kyle Kyle
Tammy Tammy
Ashley Ashley
Jordan Jordan
Melinda Melinda
Rachel Rachel
Robin Robin
Randy Randy
