Granbull Raichu Reuniclus Electrode PorygonZ Morelull Flygon Rufflet Sylveon Bonsly Chinchou Typhlosion Chespin Metapod Conkeldurr Cascoon Krookodile Corphish Azurill Crawdaunt Cosmog Arbok Darkrai Diggersby Arbok Carnivine Mantine Kirlia Jirachi Kangaskhan Skitty Quilava Staravia Lampent Heatran Infernape Carbink Bronzor Roserade Bronzor Mightyena Spiritomb Charizard Glalie Mimikyu Beedrill Floette Beedrill Butterfree Cubone Swanna Probopass Dustox TypeNull Blissey Magmar Rockruff Ninjask Slakoth Chatot Happiny Trumbeak Mawile Spinda Spiritomb Slakoth Lycanroc Raichu Castform Luvdisc Feraligatr Staravia Tsareena Gliscor Tsareena Greninja Torkoal Machamp Nuzleaf Staryu Deoxys Serperior Heatmor Cinccino Bergmite Jolteon Buizel Tirtouga Metagross Carbink Reshiram Golbat Heatran Charmander Bagon Torchic Binacle Whiscash Malamar Floatzel Relicanth Unown Electrike Unown Swanna Absol Dustox Absol Lileep Goomy Magmortar Happiny Pidgeot Mudsdale Pancham Vivillon Bidoof Whiscash Octillery Crabominable Kyurem Ampharos Metang Remoraid Machamp Hitmontop Lapras Torracat Exeggcute Binacle Whimsicott Budew Grumpig PorygonZ Granbull
100
Tsareena Tsareena
Absol Absol
Unown Unown
Roserade Roserade
Dustox Dustox
Heatran Heatran
Butterfree Butterfree
Ampharos Ampharos
Spiritomb Spiritomb
Torchic Torchic
Cosmog Cosmog
Arbok Arbok
Cascoon Cascoon
Torracat Torracat
Chinchou Chinchou
Crawdaunt Crawdaunt
Slakoth Slakoth
Mimikyu Mimikyu
Happiny Happiny
Quilava Quilava
Kangaskhan Kangaskhan
Rockruff Rockruff
Bonsly Bonsly
Grumpig Grumpig
Spinda Spinda
Cinccino Cinccino
Budew Budew
Sylveon Sylveon
Mawile Mawile
Beedrill Beedrill
Lampent Lampent
Greninja Greninja
Malamar Malamar
Buizel Buizel
Jolteon Jolteon
Mantine Mantine
Charizard Charizard
Gliscor Gliscor
Binacle Binacle
Raichu Raichu
Relicanth Relicanth
Cubone Cubone
Krookodile Krookodile
Heatmor Heatmor
Swanna Swanna
Diggersby Diggersby
Whiscash Whiscash
Metagross Metagross
TypeNull TypeNull
Whimsicott Whimsicott
Lycanroc Lycanroc
Mightyena Mightyena
Floette Floette
Jirachi Jirachi
Mudsdale Mudsdale
Darkrai Darkrai
Reuniclus Reuniclus
Remoraid Remoraid
Magmar Magmar
Rufflet Rufflet
Reshiram Reshiram
Crabominable Crabominable
Machamp Machamp
Charmander Charmander
Electrode Electrode
Serperior Serperior
Golbat Golbat
Infernape Infernape
Hitmontop Hitmontop
Trumbeak Trumbeak
Flygon Flygon
Bronzor Bronzor
Bergmite Bergmite
Torkoal Torkoal
Goomy Goomy
Metapod Metapod
Corphish Corphish
Probopass Probopass
Carnivine Carnivine
Lapras Lapras
Pidgeot Pidgeot
Carbink Carbink
Exeggcute Exeggcute
Magmortar Magmortar
Electrike Electrike
Lileep Lileep
Ninjask Ninjask
PorygonZ PorygonZ
Feraligatr Feraligatr
Floatzel Floatzel
Glalie Glalie
Deoxys Deoxys
Chespin Chespin
Luvdisc Luvdisc
Blissey Blissey
Vivillon Vivillon
Chatot Chatot
Nuzleaf Nuzleaf
Typhlosion Typhlosion
Skitty Skitty
