Glameow Loudred Archeops Electivire Furret Electivire Yanma Sigilyph Togepi Feebas Bergmite Gumshoos Bergmite Spiritomb Ivysaur Zygarde Ivysaur Meganium Turtwig Wailord Beheeyem Leavanny Beheeyem Golett Beheeyem Ledian Zygarde Buneary Glalie Simisage Gloom Mudbray Fomantis Poochyena Piplup Meganium Electivire Spinarak Wartortle Buneary Gigalith Spheal Gothorita Spheal Inkay Glameow
25
Electivire Electivire
Spiritomb Spiritomb
Wailord Wailord
Gumshoos Gumshoos
Spinarak Spinarak
Ledian Ledian
Buneary Buneary
Bergmite Bergmite
Glalie Glalie
Zygarde Zygarde
Togepi Togepi
Piplup Piplup
Mudbray Mudbray
Yanma Yanma
Archeops Archeops
Meganium Meganium
Spheal Spheal
Furret Furret
Loudred Loudred
Gigalith Gigalith
Golett Golett
Gothorita Gothorita
Inkay Inkay
Beheeyem Beheeyem
Leavanny Leavanny
