Florges Masquerain Celesteela Masquerain Togetic Masquerain Serperior Dusknoir Kricketot Primarina Wailmer Wormadam Bergmite Moltres Persian Furfrou Scolipede Furfrou Bayleef Aurorus Carracosta Doublade Hitmonlee Yanmega Roggenrola Sentret Purrloin Poliwag Purrloin Sentret Celebi Toxapex Ralts Toxapex Moltres Gastrodon Shaymin Regice Chansey Tentacruel Delibird Claydol Poliwrath Zapdos Poliwrath Girafarig Togetic Hakamoo Buzzwole Volbeat Flaaffy Omastar Eelektrik Infernape Timburr Machoke Caterpie Cherrim Cascoon Caterpie Dialga Pichu Silcoon Zubat Manectric Bidoof Piloswine Eelektrik Stufful Florges Vespiquen Weepinbell Tsareena Florges
46
Timburr Timburr
Zapdos Zapdos
Aurorus Aurorus
Gastrodon Gastrodon
Kricketot Kricketot
Wormadam Wormadam
Omastar Omastar
Yanmega Yanmega
Poliwag Poliwag
Scolipede Scolipede
Pichu Pichu
Manectric Manectric
Ralts Ralts
Tentacruel Tentacruel
Cherrim Cherrim
Volbeat Volbeat
Primarina Primarina
Girafarig Girafarig
Bayleef Bayleef Bisharp
Tsareena Tsareena
Piloswine Piloswine Bidoof
Togetic Togetic
Poliwrath Poliwrath
Hitmonlee Hitmonlee
Shaymin Shaymin
Dusknoir Dusknoir
Infernape Infernape Bouffalant
Delibird Delibird
Regice Regice
Celesteela Celesteela
Moltres Moltres
Machoke Machoke
Bergmite Bergmite
Carracosta Carracosta
Sentret Sentret
Weepinbell Weepinbell
Persian Persian
Buzzwole Buzzwole
Stufful Stufful
Zubat Zubat
Celebi Celebi
Dialga Dialga
Wailmer Wailmer
Cascoon Cascoon
Hakamoo Lillipup Hakamoo
Purrloin Purrloin
