0 80 0 52 0 156 179 103 184 35 122 162 0 166 102 121 15 136 25 185 108 12 198 139 53 11 111 40 42 0 4 7 30 31 196 2 138 50 18 128 22 66 130 21 84 7 174 109 176 195 6 117 147 59 15 36 125 116 2 87 69 180 4 183 5 26 9 88 62 23 28 13 67 9 10 14 76 30 34 140 70 45 137 7 19 97 72 16 74 144 171 11 55 19 181 152 105 12 160 44 168 134 54 81 63 157 149 48 11 145 85 114 7 27 151 17 46 106 2 98 15 189 0 177 6 131 1 197 199 37 75 91 83 20 126 72 143 0
98
171 171
4 4
40 40
23 23
106 106
53 53
19 19
35 35
196 196
168 168
69 69
111 111
10 10
30 30
67 67
81 81
184 184
116 116
88 88
20 20
152 152
136 136
162 162
50 50
195 195
97 97
145 145
91 91
62 62
42 42
151 151
84 84
76 76
34 34
85 85
74 74
102 102
183 183
26 26
139 139
48 48
166 166
46 46
55 55
197 197
109 109
147 147
27 27
130 130
137 137
179 179
126 126
31 31
185 185
134 134
108 108
131 131
66 66
140 140
98 98
128 128
72 72
180 180
105 105
160 160
121 121
83 83
36 82 36
11 11
143 143
117 117
80 80
198 198
52 52
149 149
70 70
59 59
122 122
17 16 17
138 138
189 189
9 9
13 13
176 176
199 199
144 144
156 156
75 75
114 114
181 181
103 103
157 157
125 125
177 177
63 63
174 174
45 45
87 87
