68 63 5 15 5 52 45 65 79 95 79 43 57 43 38 73 91 67 91 39 38 85 58 42 47 42 54 23 22 13 77 78 61 89 81 9 25 27 25 84 23 87 69 11 94 49 21 97 21 37 36 35 34 33 53 51 5 6 7 44 53 83 40 49 2 17 2 1 55 59 60 29 31 32 1 2 3 2 75 93 19 93 41 71 41 61 63 68
46
27 27
19 19
29 29
87 87
1 1
73 73
3 3
13 13
35 35
97 97
47 47
9 9
55 55
71 71
7 7
85 85
95 95
67 67
15 15
65 65
75 75
49 49
11 11 69
23 23
37 37
39 39
61 61 89
25 25
33 33
51 51
77 77
5 5
79 79
93 93
21 21
57 43 57
83 83
17 17
45 45
31 31
41 41
53 53
59 59
63 63
81 81
91 91
