0 179 178 177 176 44 176 177 178 150 70 69 70 150 178 179 0 1 8 117 116 115 114 115 116 117 8 1 175 111 112 113 78 77 78 15 47 127 147 54 24 23 22 154 153 154 22 23 24 54 53 54 147 13 12 11 10 9 10 11 103 107 106 105 106 107 103 11 12 13 147 127 126 174 173 174 55 174 126 127 47 15 78 113 37 36 35 36 88 87 88 36 37 113 102 113 78 79 165 164 73 164 163 2 158 2 163 120 4 14 152 151 34 151 169 168 86 168 167 166 165 125 124 123 122 123 83 82 81 80 81 17 16 17 81 82 83 123 124 125 165 79 78 113 112 111 110 21 20 142 141 7 141 140 58 140 139 138 94 93 94 138 95 137 136 135 90 135 134 52 72 52 134 135 92 91 118 89 132 131 132 30 29 46 32 63 62 61 62 170 85 84 85 170 62 63 32 46 45 99 98 99 45 46 29 28 27 26 25 26 27 28 97 96 97 28 29 30 132 89 118 39 130 51 50 49 50 51 130 39 118 91 92 135 136 137 95 138 139 140 141 172 141 142 20 21 110 109 110 111 175 1 0
70
102 102
103 103
105 105
106 106
109 109
111 111
112 112
113 113
114 114
115 115
116 116
122 122
123 123
126 126
131 131
147 147
15 15
150 150
152 152
153 153
154 154
158 158
16 16
17 17
170 170
172 172
173 173
175 175
178 178
2 2
22 22
24 24
25 25
26 26
27 27
29 29
32 32
34 34
35 35
4 4
44 44
47 47
49 49
53 53
54 54
55 55
58 58
61 61
62 62
63 63
69 69
7 7
70 70
72 72
73 73
77 77
80 80
81 81
83 83
84 84
86 86
87 87
9 9
90 90
93 93
94 94
95 95
96 96
98 98
99 99
