Soda Costa Cambodia Czech Cocos Cayman Cocos Colombia India Angola Central Fiji Argentina Egypt Comoros Canada Austria Aruba Hong Denmark Iceland Bouvet Botswana Guam Belize Czech United Czech Australia China Bermuda Burkina Guyana Antigua China Guadeloupe Soda
25
Denmark Denmark
Angola Angola
Comoros Comoros
Botswana Botswana
Belize Belize
Antigua Antigua
Cocos Cocos
Cayman Cayman
Guadeloupe Guadeloupe
Guam Guam
United United
Bouvet Bouvet
Colombia Colombia
Egypt Egypt
Australia Australia
Austria Austria
Argentina Argentina
Aruba Aruba
Bermuda Bermuda
Cambodia Cambodia
Fiji Fiji
China China
Guyana Guyana
Czech Czech
Central Central
