1 49 64 62 41 79 35 19 46 33 71 25 74 11 47 36 32 27 72 66 39 29 76 42 56 20 14 54 17 61 15 12 58 26 38 34 22 77 28 55 63 45 43 30 67 23 16 78 52 24 10 21 37 31 13 69 48 59 57 44 51 40 60 53 50 18 1
65
19 19
20 20
22 22
51 51
15 15
29 29
21 21
31 31
52 52
57 57
27 27
47 47
55 55
62 62
69 69
24 24
33 33
38 38
43 43
60 60
66 66 73 75
76 76
78 78
79 79
17 17
23 23
36 36
42 42 70
44 44
46 46 65
64 64
67 67
74 68 74
77 77
10 10
12 12
13 13
14 14
18 18
34 34
37 37
39 39
40 40
45 45
56 56
71 71
72 72
11 11
16 16
25 25
26 26
28 28
30 30
32 32
35 35
41 41
48 48
49 49
50 50
53 53
54 54
58 58
59 59
61 61
63 63
