FleaBottom Bobbingbourne Urubaen Trebon TheGreatDivide Dagobah Westopolis Arkham MinistryofMagic Accrington Carvahall TheSpine Coalwatch TheSpine ShriekingShack Lorien TheVale Lorien Glimthain UtgardMountain TheBoilingRock Batcave GringottsBank Ebonfall SatishVille Eggmanland SatishVille Ademre Vroengard Vintas HighGarden Yll TheBurningPlains Olivanders RockofKuthian FleaBottom
23
TheBoilingRock TheBoilingRock
TheBurningPlains TheBurningPlains
Westopolis Westopolis
Vintas Vintas HighGarden
Ebonfall Ebonfall
Coalwatch Coalwatch
Urubaen Urubaen
Eggmanland Eggmanland
Glimthain Glimthain
TheVale TheVale
Accrington Accrington MinistryofMagic
ShriekingShack ShriekingShack
UtgardMountain UtgardMountain
GringottsBank GringottsBank
Bobbingbourne Bobbingbourne
TheGreatDivide TheGreatDivide
Olivanders Olivanders
Ademre Ademre
Yll Yll
Batcave Batcave
Trebon Trebon
Arkham Arkham
SatishVille SatishVille
