0 1 19 3 41 3 54 3 49 3 27 3 13 17 32 17 13 3 9 48 9 35 9 68 9 3 19 1 12 26 120 121 122 123 124 125 126 127 128 129 128 127 126 125 124 123 122 121 120 26 12 63 12 1 18 62 18 1 28 1 21 1 58 1 45 1 0 8 4 43 4 38 4 69 4 15 47 15 4 10 40 10 6 20 6 73 6 31 6 53 6 34 6 10 74 10 36 10 4 16 24 61 24 16 4 8 51 8 11 22 76 22 11 64 11 46 11 8 75 8 57 8 65 8 0 7 25 59 25 7 2 55 2 23 2 77 2 5 37 5 78 5 39 5 50 5 2 56 2 67 2 42 2 70 2 72 2 7 0 80 81 82 83 84 85 86 87 88 89 90 91 92 93 94 95 96 97 98 99 100 101 102 103 104 105 106 107 108 109 110 111 112 113 114 115 116 117 118 119 80 0 14 0
91
0 29 30 33 44 52 60 66 71 79 80
100 100
129 129
90 90
110 110
32 32
20 20
35 35
61 61
84 84
116 116
37 37
47 47
76 76
94 94
104 104
23 23
26 26
27 27
36 36
38 38
46 46
59 59
62 62
13 13
16 16
19 19
21 21
28 28
31 31
34 34
39 39
40 40
41 41
42 42
43 43
45 45
48 48
49 49
50 50
51 51
53 53
54 54
55 55
56 56
57 57
58 58
63 63
64 64
65 65
67 67
68 68
69 69
70 70
72 72
73 73
74 74
75 75
77 77
78 78
82 82
86 86
88 88
92 92
96 96
98 98
102 102
106 106
108 108
112 112
114 114
118 118
1 1
2 2
3 3
4 4
5 5
6 6
7 7
8 8
9 9
10 10
11 11
12 12
14 14
15 15
17 17
18 18
22 22
24 24
25 25
