NENJIT XAUNPSJR DYDBSTHU KQUKCKTD NDFUIQRA WTGBMM PRANHUZWO RZCLRJW KUTCUN PEHTVQXDW HJANXPSU RIEJGXSA XVEIIY LFAYEWG ZRBGORXP CQLIWA SPKBX EIPVED XYVFHKPGH QMQDBY UUBADXD FULIXB EANWPZEPE MXPVTEZCH UEMUXMRIZ DHNQUS NENJIT
23
KUTCUN KUTCUN
RIEJGXSA RIEJGXSA
XYVFHKPGH XYVFHKPGH
LFAYEWG LFAYEWG
DYDBSTHU DYDBSTHU MXOUMOMJ
CQLIWA CQLIWA
NDFUIQRA NDFUIQRA
RZCLRJW RZCLRJW
ZRBGORXP ZRBGORXP
SPKBX SPKBX
QMQDBY QMQDBY
FULIXB FULIXB
MXPVTEZCH MXPVTEZCH
WTGBMM WTGBMM
PEHTVQXDW PEHTVQXDW
EIPVED EIPVED
KQUKCKTD KQUKCKTD
UEMUXMRIZ UEMUXMRIZ
UUBADXD UUBADXD PQHUEQ
PRANHUZWO PRANHUZWO
HJANXPSU HJANXPSU
XAUNPSJR XAUNPSJR
XVEIIY XVEIIY
