liverance tightening otate kamencheh refortify wellbores shutter tortillons hypanthium catabolism asterisk oversleeps bywoners coulde pontage lethiferal hatrail moderatrix achieve studiously Akkub handballer pallia jitterbugs metamere liverance
25
liverance liverance
catabolism catabolism
tortillons tortillons
studiously studiously
oversleeps oversleeps
bywoners bywoners
hypanthium hypanthium
Akkub Akkub
moderatrix moderatrix
hatrail hatrail
jitterbugs jitterbugs
lethiferal lethiferal
wellbores wellbores
handballer handballer
metamere metamere
kamencheh kamencheh
tightening tightening
shutter shutter
achieve achieve
pontage pontage
asterisk asterisk
otate otate
coulde coulde
refortify refortify
pallia pallia
