runcation erysipelas infants broomer nervus wheatberry turnoff agistments almshouse megahero huddle undramatic yuzus yokeline Massorete fibrates oogle stips Muscogee holodeck miticides tipuana wintrier decouples ilian usant stinkbugs tholoi stoble metre destinate blackdye pentine thereagain silicon Marah prairies festuca cutout bookhouses Carazo aliens flourless chargeback passcards colocynth wolfer retexture lionfish begynnynge forepast hambone offset unbribable revolution foreshores tutelar trikini draftox montages timefuse boomah toper backpay coalblack palatial kempy Margery polyuria construed husbandman medicine dollying inurns wideband baken maxim turbid fason Lipetsk urethritic haligi bewitch cloaca lichened ungroomed jaborandi triforium embittered quakerlike perfusive conceiv grilses Simferopol Astaire tuneful greatborn ephas torsions multifaith runcation
100
runcation runcation
megahero megahero
wolfer wolfer
undramatic undramatic
coalblack coalblack
wideband wideband
ungroomed ungroomed
pentine pentine
Astaire Astaire
retexture retexture
wintrier wintrier
lichened lichened
forepast forepast
yuzus yuzus
Margery Margery
turnoff turnoff
tuneful tuneful
urethritic urethritic
ephas ephas
oogle oogle
agistments agistments
Massorete Massorete
palatial palatial
colocynth colocynth
conceiv conceiv
quakerlike quakerlike
tipuana tipuana
turbid turbid
dollying dollying
flourless flourless
toper toper
bookhouses bookhouses
infants infants
montages montages
greatborn greatborn
haligi haligi
passcards passcards
stoble stoble
husbandman husbandman
fibrates fibrates
bewitch bewitch
decouples decouples
broomer broomer
Lipetsk Lipetsk
backpay backpay
huddle huddle
revolution revolution
tutelar tutelar
kempy kempy
wheatberry wheatberry
almshouse almshouse
unbribable unbribable
miticides miticides
grilses grilses
stips stips
draftox draftox
thereagain thereagain
begynnynge begynnynge
trikini trikini
Muscogee Muscogee
polyuria polyuria
medicine medicine
offset offset
inurns inurns
stinkbugs stinkbugs
yokeline yokeline
perfusive perfusive
maxim maxim
lionfish lionfish
aliens aliens
blackdye blackdye
torsions torsions
prairies prairies
erysipelas erysipelas
multifaith multifaith
baken baken
Carazo Carazo
construed construed
hambone hambone
triforium triforium
silicon silicon
boomah boomah
timefuse timefuse
fason fason
cloaca cloaca
holodeck holodeck
chargeback chargeback
Marah Marah
foreshores foreshores
Simferopol Simferopol
usant usant
ilian ilian
nervus nervus
destinate destinate
tholoi tholoi
metre metre
jaborandi jaborandi
embittered embittered
cutout cutout
festuca festuca
