shaird philomels remissio preparable guilts nauseously coldcocked nomination aftertouch transflux Lafayette beermakers twothirds caouane peasantism tokenizing morphe toggleable tunic cementite kartikeya macedoine sarcomere slatting intrado scratch Ucayali trackbar deductable property opacular baning fivepenny unglove Pentecost diruption colugos Sahara advances lasting airgap irade UncleNed assonantal waste teabags shrow cacomistle effuses rampup shaird
50
shaird shaird
nomination nomination
beermakers beermakers
effuses effuses
kartikeya kartikeya
UncleNed UncleNed
Sahara Sahara
peasantism peasantism
guilts guilts
airgap airgap
waste waste
remissio remissio
Ucayali Ucayali
slatting slatting
tokenizing tokenizing
cacomistle cacomistle
scratch scratch
unglove unglove
tunic tunic
Pentecost Pentecost
teabags teabags
deductable deductable
caouane caouane
macedoine macedoine
diruption diruption
cementite cementite
Lafayette Lafayette
opacular opacular
transflux transflux
shrow shrow
advances advances
sarcomere sarcomere
rampup rampup
irade irade
philomels philomels
intrado intrado
fivepenny fivepenny
property property
trackbar trackbar
nauseously nauseously
coldcocked coldcocked
lasting lasting
colugos colugos
aftertouch aftertouch
assonantal assonantal
baning baning
preparable preparable
toggleable toggleable
morphe morphe
twothirds twothirds
