39 89 70 192 161 191 156 157 148 179 139 133 129 176 126 160 119 123 118 154 116 130 114 195 112 197 111 173 110 147 108 151 107 163 103 169 99 194 91 140 88 150 83 97 76 178 75 78 63 93 59 158 56 84 55 109 51 54 49 74 48 174 46 183 44 193 43 152 42 100 41 182 31 180 30 80 28 135 27 198 23 177 20 115 17 77 16 94 13 149 12 81 11 36 6 96 4 113 3 22 0 39
100
108 108
115 115
116 116
109 109
41 41
110 110
75 75
11 11
12 12
129 129
44 44
114 114
74 74
89 89
163 163
113 113
91 91
195 195
140 140
16 16
112 112
6 6
80 80
78 78
55 55
157 157
30 30
103 103
27 27
83 83
59 59
176 176
194 194
130 130
126 126
152 152
160 160
156 156
36 36
179 179
158 158
197 197
76 76
161 161
169 169
119 119
13 13
193 193
77 77
100 100
81 81
49 49
133 133
118 118
198 198
56 56
88 88
54 54
148 148
28 28
180 180
123 123
177 177
84 84
17 17
96 96
20 20
135 135
154 154
99 99
0 0
46 46
63 63
139 139
151 151
182 182
192 192
111 111
31 31
43 43
94 94
183 183
97 97
42 42
147 147
178 178
4 4
93 93
174 174
22 22
51 51
173 173
191 191
70 70
149 149
3 3
23 23
150 150
107 107
48 48
