aliquam praesent quisque eu enim fames placerat ut maecenas aliquam nisi suscipit mauris vestibulum platea habitasse cursus aliquam eros gravida euismod adipiscing mi consectetur nec sed cras ultricies imperdiet turpis aliquam congue et ultrices porttitor malesuada aliquam viverra habitant ornare senectus mattis vitae quis sagittis lorem lectus semper condimentum aliquam
43
quisque quisque
malesuada malesuada
quis quis
gravida gravida
turpis turpis
mattis mattis
placerat placerat
condimentum condimentum
mauris mauris
habitant habitant
nisi nisi
ultricies ultricies
et et
mi mi
imperdiet imperdiet
consectetur consectetur
congue congue
adipiscing adipiscing
ornare ornare
cras cras
euismod euismod
vitae vitae
habitasse habitasse
eros eros
nec nec
praesent praesent
platea platea
lorem lorem
maecenas maecenas
viverra viverra
vestibulum vestibulum
semper semper
sagittis sagittis
cursus cursus
lectus lectus
porttitor porttitor
ut ut
suscipit suscipit
senectus senectus
sed sed
fames fames
enim enim
eu eu
