L44 L88 L26 L97 L31 L82 L83 L78 L77 L68 L62 L40 L71 L79 L1 L86 L57 L95 L22 L75 L73 L96 L19 L46 L51 L1 L69 L14 L0 L99 L72 L45 L10 L8 L43 L48 L4 L58 L47 L30 L87 L20 L41 L17 L55 L10 L8 L34 L12 L15 L52 L84 L1 L44
47
L44 L44
L97 L97
L72 L72 L98 L70
L57 L57 L33
L82 L82
L48 L48
L69 L69
L71 L71
L34 L34
L1 L1
L73 L73
L58 L58
L75 L75
L8 L8
L10 L10
L77 L77
L12 L12
L78 L78
L14 L14
L15 L15
L62 L62
L79 L79
L17 L17
L40 L40
L41 L41
L83 L83
L19 L19
L20 L20
L84 L84
L43 L43
L22 L22
L86 L86
L45 L45
L46 L46
L31 L31
L87 L87
L47 L47
L51 L51
L52 L52
L26 L26
L88 L88
L99 L99
L30 L30
L68 L68
L55 L55
L95 L95
L96 L96
