Wrightsville Bayonne Pljevlja Zanzibar Rauna Gevgelija Hsinchu Ljutomer Progress Asti Leeuwarden Mzimba Sayhut Rivas Maywood Praya Metz Temirtau Coihaique Golubac Palopo Wrightsville
21
Wrightsville Irvington
Leeuwarden Necochea Leeuwarden
Zanzibar Zanzibar
Ljutomer Ayacucho Ljutomer
Metz Metz Gemena
Rauna Rauna
Sayhut Sayhut
Rivas Rivas
Coihaique Coihaique
Asti Asti
Praya Praya
Bayonne Bayonne Changde
Hsinchu Hsinchu
Maywood Maywood
Palopo Palopo
Progress Progress
Mzimba Mzimba
Pljevlja Pljevlja
Temirtau Temirtau
Golubac Golubac
Gevgelija Gevgelija
