Gastre Triesen Destrnik Cumming Polatsk Maidenhead Narva Juliaca Cocieri Kalgoorlie Winters Taungoo Malolos Neryungri Bungoma Absecon Aasiaat Forteau Sambava Chepes Polevskoy Coatzacoalcos Hope Tukchi Scottsdale Kyrenia Dongola Punakha Visby Derby Sholapur Daloa Luganville Branson Channahon Baicheng Allahabad Charlestown Gwadar Bell Woodinville Pingtung Leo Bosilovo Caen Benha Scranton Kindu Coronel Clay Bovec Gastre
50
Malolos Malolos
Baicheng Baicheng
Triesen Triesen
Punakha Punakha
Bosilovo Bosilovo
Forteau Forteau
Scranton Scranton
Scottsdale Scottsdale
Bovec Bovec
Charlestown Charlestown
Absecon Absecon
Cocieri Cocieri
Kindu Kindu
Maidenhead Maidenhead
Visby Visby
Derby Derby
Coronel Coronel
Bungoma Bungoma
Chepes Chepes
Benha Benha
Caen Caen
Kyrenia Kyrenia
Branson Branson
Daloa Daloa
Coatzacoalcos Coatzacoalcos
Tukchi Tukchi
Woodinville Woodinville
Narva Narva
Leo Leo
Taungoo Taungoo
Bell Bell
Clay Clay
Dongola Dongola
Polevskoy Polevskoy
Winters Winters
Aasiaat Aasiaat
Channahon Channahon
Sambava Sambava
Luganville Luganville
Allahabad Allahabad
Pingtung Pingtung
Juliaca Juliaca
Destrnik Destrnik
Neryungri Neryungri
Sholapur Sholapur
Polatsk Polatsk
Hope Hope
Cumming Cumming
Kalgoorlie Kalgoorlie
Gwadar Gwadar
