Soda Location31 Location8 Location43 Location33 Location38 Location19 Location18 Location23 Location32 Location3 Location30 Location2 Location42 Location5 Location38 Location22 Location10 Location13 Location15 Location21 Location2 Location0 Location13 Location29 Location36 Location44 Location36 Location45 Soda Location40 Soda
19
Soda Location45
Location10 Location10
Location33 Location33
Location44 Location44
Location21 Location21 Location9
Location5 Location5
Location0 Location0
Location19 Location19
Location29 Location29
Location30 Location30
Location32 Location32
Location42 Location42
Location40 Location40
Location43 Location43
Location22 Location22
Location31 Location31
Location2 Location2
Location38 Location38
Location13 Location13
