xjbms mbzzn riwwe xecik akegy czppi psudb kvvqk bsuwt nnnts dzfkr lfceh uzzfw xvefe hstmf deoux usrtf uegez rnrnh lyixz nrtqp beqlb lkzxl bwgqu fnhle impuz ejwkt vaeqh qkysn ybgaf ydhop llwzk hwhxr fxnnl npvgp itxfb wxnxi bthif kyaqs tykrt mrnvg bqgqy yztko wnlug iddrb ocgbu bicnj fuume lpolv xjbms
49
xjbms xjbms
ejwkt ejwkt
lkzxl lkzxl
wnlug wnlug
kyaqs kyaqs
xvefe xvefe
lpolv lpolv
nrtqp nrtqp
qkysn qkysn
psudb psudb
beqlb beqlb
fnhle fnhle
dzfkr dzfkr
bqgqy bqgqy
uegez uegez
bthif bthif
ydhop ydhop
bsuwt bsuwt xeikc
ocgbu ocgbu
deoux deoux
fxnnl fxnnl
wxnxi wxnxi
llwzk llwzk
mbzzn mbzzn
czppi czppi
bwgqu bwgqu
uzzfw uzzfw
hstmf hstmf
fuume fuume
lyixz lyixz
rnrnh rnrnh
itxfb itxfb
akegy akegy
tykrt tykrt
nnnts nnnts
kvvqk kvvqk
bicnj bicnj
impuz impuz
ybgaf ybgaf
iddrb iddrb
vaeqh vaeqh
usrtf usrtf
npvgp npvgp
mrnvg mrnvg
hwhxr hwhxr
lfceh lfceh
riwwe riwwe
yztko yztko
xecik xecik
