Soda Hqrjtum Edqplcotb Bcbc Jggbevcry Weuri Gsdug Edmwavtz Hozmfldg Hmbz Ufwcxpl Tqpk Zozpqsoh Cdplmrl Xqlxxsqozg Azurxcmynf Ybbqswodh Qhaobijtvl Rthio Ylscbxx Aetguutl Ylscbxx Pzdxvrzhdt Vyledpi Khoprwfn Elfjuircela Shshl Mdnomclrhe Ueuphudi Mdnomclrhe Mpuidi Aqdrmrxjb Aybjrpvt Vlibwe Iqfewjmoxea Elfjuircela Jvxqdoen Xmtucbfh Lhgieggdxhx Ikfqsv Wcvfecug Besuiq Jdonjesl Jggbevcry Hzinsgk Ttrpbvjdda Nwitmhz Brcezeb Niiglftbp Uymaeuj Yxqxfgj Uymaeuj Wcvfecug Uymaeuj Bylykbmgadb Zrrxhge Yesamropvf Hqengchsddu Besuiq Kcjpz Mzeexa Lhrjghnz Zseccp Nkndh Qxvqdumpbbl Civxfilaeqk Oityp Civxfilaeqk Sihsuutjg Gtgc Ltdeardrfw Lfvepwf Ttkftfcy Eufcpnaixls Lcrsrgxpi Gmnmclt Ibuuam Npgmpqjyei Jwcpy Dqlzagezaf Nncpo Opyou Jdonjesl Ygaely Vczjqgpuua Ibschxvbrh Nyesh Igcbw Khycsxtrrp Znjvtzp Aodl Xiogpn Rnswnff Jvyujzny Hwtzkfl Nklgno Zgdjffrhk Qcnqbaiah Inxcijpyf Dpiknnvmi Jrzelxfyphi Aodl Asqguuggw Xiogpn Sioinvblt Wgehgd Tdreo Lkqdreu Uwwmj Hqrjtum Nkndh Zcluraciodj Fnao Lhzuvvpmpa Kwniposj Shshl Tftuismjy Wtbchdvcf Sioinvblt Ddvyvg Zcluraciodj Oxgcfytsfks Vyledpi Sioinvblt Ewel Fhgjwqkutxz Ttkftfcy Rouupns Xvkx Sioinvblt Hqrjtum Mpuidi Bcbc Inxcijpyf Wlodbyucbjq Yskel Brgwekrnc Nwtxsn Hgoc Brgwekrnc Lpcihph Utcvkhqmliy Hmbz Soda
96
Asqguuggw Asqguuggw
Oxgcfytsfks Oxgcfytsfks
Elfjuircela Elfjuircela
Kcjpz Kcjpz
Tftuismjy Tftuismjy
Yxqxfgj Yxqxfgj
Gmnmclt Gmnmclt
Sihsuutjg Sihsuutjg
Khoprwfn Khoprwfn
Hozmfldg Hozmfldg
Ikfqsv Ikfqsv
Tdreo Tdreo
Hwtzkfl Hwtzkfl
Yskel Yskel
Vlibwe Brgwekrnc Vlibwe
Ueuphudi Ueuphudi
Rouupns Rouupns
Hgoc Hgoc
Ibschxvbrh Ibschxvbrh
Utcvkhqmliy Utcvkhqmliy
Ttrpbvjdda Ttrpbvjdda
Aetguutl Aetguutl
Ewel Ewel
Oityp Oityp
Niiglftbp Niiglftbp
Zozpqsoh Zozpqsoh
Lhrjghnz Lhrjghnz
Zcluraciodj Zcluraciodj
Ddvyvg Ddvyvg
Wcvfecug Wcvfecug
Rnswnff Rnswnff
Azurxcmynf Azurxcmynf
Besuiq Besuiq
Znjvtzp Znjvtzp
Lpcihph Lpcihph
Shshl Shshl
Ufwcxpl Ufwcxpl
Mpuidi Mpuidi
Uwwmj Uwwmj
Cdplmrl Cdplmrl
Gsdug Gsdug
Inxcijpyf Inxcijpyf
Lcrsrgxpi Lcrsrgxpi
Ygaely Ygaely
Wgehgd Wgehgd
Vyledpi Vyledpi
Kwniposj Kwniposj
Qcnqbaiah Qcnqbaiah
Xmtucbfh Xmtucbfh
Mzeexa Mzeexa
Dpiknnvmi Dpiknnvmi
Aqdrmrxjb Aqdrmrxjb
Gtgc Gtgc
Ttkftfcy Ttkftfcy
Opyou Opyou
Yesamropvf Yesamropvf
Xiogpn Mtpmo Xiogpn
Bylykbmgadb Bylykbmgadb
Zseccp Zseccp
Nwtxsn Nwtxsn
Nklgno Nklgno
Hmbz Hmbz
Iqfewjmoxea Iqfewjmoxea
Qhaobijtvl Qhaobijtvl
Qxvqdumpbbl Fizeyd Qxvqdumpbbl
Jwcpy Jwcpy
Aybjrpvt Aybjrpvt
Xqlxxsqozg Xqlxxsqozg
Fnao Fnao
Weuri Weuri
Wtbchdvcf Wtbchdvcf
Aodl Bdympbsjhe Aodl
Sioinvblt Sioinvblt
Nkndh Nkndh
Igcbw Igcbw
Xvkx Xvkx
Jvxqdoen Jvxqdoen
Jggbevcry Jggbevcry
Lhzuvvpmpa Lhzuvvpmpa
Npgmpqjyei Npgmpqjyei
Ylscbxx Ylscbxx
Wlodbyucbjq Wlodbyucbjq
Eufcpnaixls Eufcpnaixls
Jdonjesl Jdonjesl
Uymaeuj Uymaeuj
Hqrjtum Hqrjtum
Mdnomclrhe Mdnomclrhe
Hzinsgk Hzinsgk
Lfvepwf Lfvepwf
Nncpo Nncpo
Hqengchsddu Hqengchsddu
Nwitmhz Nwitmhz
Pzdxvrzhdt Pzdxvrzhdt
Rthio Rthio
Edqplcotb Edqplcotb
Fhgjwqkutxz Fhgjwqkutxz
