USG SCZ QFZ WIF XIG RAI ZBM CMD POT FPK IRG EMI WSF LYL TFP OEK UWO VFE NRV GIG TIB KFE KHL GJX NMY VKQ AKT BJT PST DZD SJL OKD DPP MBE BYF HOD OEK UQJ QUA STT KXU BFD IUL KJA USG TWC IUT ZLI DZG WRP KND OEK USG
48
USG EMJ OJJ
DPP DPP
GIG GIG
ZBM ZBM
ZLI ZLI STN
KXU KXU
AKT AKT
GJX GJX
QUA QUA
IUL IUL
LYL LYL
UQJ UQJ
HOD HOD
NMY NMY
BFD BFD
KJA KJA
BYF BYF
POT POT
TWC TWC
KHL KHL
DZG DZG
CMD CMD
OKD OKD
MBE MBE
TIB TIB
WRP WRP
STT STT
SJL SJL
SCZ SCZ
QFZ QFZ
FPK FPK
WSF WSF
EMI EMI
WIF WIF
UWO UWO
IRG IRG
VKQ VKQ
TFP TFP
BJT BJT
DZD DZD
PST PST
VFE VFE
RAI RAI
XIG XIG
OEK OEK
NRV NRV
IUT IUT
KND KND
