m6 k7 f6 j8 w2 v1 k9 e2 w8 q4 n8 r4 a4 w3 b9 j9 g9 j5 n3 g0 f1 a5 d4 l0 n5 c2 a3 n6 r2 d0 d3 g6 l7 h7 e3 a9 m4 j0 b3 g8 l8 k4 f7 a0 y0 q6 a6 x7 e1 r3 l6 j2 a0 l2 q0 a1 v4 z9 j1 f5 c5 h4 x9 m8 a3 d5 z3 k8 k2 x1 e6 a3 b0 w1 a1 z8 h8 c0 v0 v6 r8 k0 h1 j3 q3 a1 q1 q8 h9 x5 b8 n2 n7 g2 a2 a8 r1 c3 r7 a2 w9 j4 a0 e9 q7 c9 f4 m6
97
m6 m6
q8 q8
d0 d0
k4 k4
w1 w1
e9 e9
b3 b3
n6 n6
j1 j1
h8 h8
j2 j2
d5 d5
c3 c3
g2 g2
x5 x5
v1 v1
j8 j8
q3 q3
h1 h1
e1 e1
j4 j4
c9 c9 l4
f1 f1 l5
a9 a9
f5 f5
w3 w3
d3 d3
a0 a0
c2 c2
k8 k8
x1 x1
a1 a1
a8 a8
r8 r8
r3 r3
q6 q6
a6 a6
g9 g9
h4 h4
l0 l0
v4 v4
m8 m8
c5 c5
v6 v6
m4 m4
d4 d4
h9 h9
n2 n2
l8 l8
q1 q1
r2 r2
c0 c0
n3 n3
l2 l2
r4 r4
r7 r7
b8 b8
e3 e3
f4 f4
f6 f6
g6 g6
h7 h7
j9 j9
z3 z3
z9 z9
y0 y0
b0 b0
g0 g0
k2 k2
k9 k9
x7 x7
x9 x9
v0 v0
l6 l6
l7 l7
r1 r1
a5 a5
e2 e2
e6 e6
f7 f7
g8 g8
j0 j0
j3 j3
k0 k0
q0 q0
q4 q4
q7 q7
w2 w2
w8 w8
w9 w9
b9 b9
j5 j5
k7 k7
z8 z8
n5 n5
n7 n7
n8 n8
