0 3 185 18 13 144 82 95 85 80 85 38 53 17 93 5 11 5 99 48 36 35 51 20 105 8 50 32 173 86 161 39 63 87 57 29 40 92 161 94 41 27 6 34 12 19 17 31 105 14 13 84 54 1 70 23 128 9 88 83 95 48 87 17 87 98 59 112 24 112 75 22 96 6 16 144 74 170 67 68 52 68 85 89 81 74 2 37 60 49 31 78 70 48 87 28 77 42 47 46 58 62 76 73 112 30 91 26 64 125 69 97 4 25 33 58 65 44 45 81 50 87 66 79 105 71 6 7 56 10 0
92
0 0
86 86
96 96
46 46
73 73
69 69
41 41
92 92
5 5
17 17
78 78
54 54
32 32
75 75
76 76
91 91
67 67
45 45 90
2 2
33 33
42 42
88 88
60 60
8 8
56 56
59 59
1 1
48 48
79 79
9 61 9
85 85
53 53
94 94
29 29
95 95
28 28
31 31
34 34
65 65
63 63
24 24
71 71
35 35
10 10
62 62
52 52 55
64 72 64
98 98
82 82 21
20 20
27 27
66 66
97 97
23 15 23
6 6
7 7
30 30
22 22
38 38
14 14
16 16
81 81
50 50
26 26
19 19
84 84
44 44
70 70
25 4 25
77 77
51 51
39 39
18 18
11 11
58 58
68 68
37 37
49 49
99 99
83 83
3 3
47 47
36 36
80 80
12 12
89 89
13 13
93 43 93
74 74
57 57
87 87
40 40
