144 133 18 141 119 187 51 39 75 188 2 62 16 13 110 114 112 44 0 88 132 3 122 66 165 90 107 104 24 108 43 156 130 3 106 126 21 78 14 169 174 53 83 170 67 124 74 70 0 157 87 42 131 76 147 159 183 142 3 136 93 128 7 99 95 8 79 152 92 64 49 127 120 158 11 0 19 28 47 144
72
3 3
7 7
8 8
11 11
13 13
14 14
16 16
18 18
19 19
21 21
24 24
28 28
39 39
42 42
43 43
44 44
47 47
49 49
51 51
53 53
62 62
64 64
66 66
67 67
70 70
74 74
75 75
76 76
78 78
79 79
83 83
87 87
88 88
90 90
92 92
93 93
95 95
99 99
104 104
106 106
107 107
108 108
110 110
112 112
114 114
119 119
120 120
122 122
124 124
126 126
127 127
128 128
130 130
131 131
132 132
133 133
136 136
141 141
142 142
147 147
152 152
156 156
157 157
158 158
159 159
165 165
169 169
170 170
174 174
183 183
187 187
188 188
