0 21 64 142 93 27 38 192 29 52 177 155 22 168 172 189 179 139 101 3 110 150 131 10 31 193 108 0 136 23 104 72 130 13 77 105 99 103 183 91 79 68 126 35 45 194 62 71 133 2 1 164 82 11 143 59 149 186 39 46 132 140 66 170 85 76 78 121 50 47 44 127 115 67 0 163 63 120 2 146 28 1 94 87 51 0 97 56 49 162 14 141 152 73 42 0 178 5 24 195 30 26 12 0 34 0
96
62 62 100
28 28
163 163
35 35
52 52
50 50
192 192
101 101 175
127 127
26 26
47 47
82 82
193 193
2 2
72 72
136 136
12 12
183 183
105 105
94 94
179 179
152 152
5 5
142 142
38 38
132 132
13 13
22 22
66 66
21 21
34 34
93 93
143 143
186 186
103 103
39 39
64 64
141 141
168 168
133 133
189 189
195 195
126 126
110 110
44 44
42 42
155 155
172 172
27 27
178 178
10 10
115 115
87 87
31 31
170 170
46 46
130 130
99 99
164 164
59 59
11 11
24 24
162 162
29 29
108 108
49 49
77 77
56 56
78 78
97 97
194 194
23 23
51 51
146 146
85 85
79 79
121 121
76 76
45 45
73 73
68 68
150 150
139 139
131 131
104 104
71 71
30 30
140 140
1 1
14 14
67 67
91 91
63 63
177 177
149 149
120 120
