Soda LifeSciences1 Mulford Cory1 Soda1 Dwinelle1 WooHonFai GreekTheatre1 Tan StadiumRim HearstMiningCircle1 Sibley SatherGate Pimentel OBrien Moffitt Haste1 Latimer Bechtel1 Kleeberger Zellerbach Jacobs1 Stephens TangCenter IshiCourt Giannini1 CaliforniaHall Davis Sproul Cleary Boalt1 HearstGymnasium McEnerney Campanile McLaughlin1 Chou Blum Birge Durant Eshleman Etcheverry1 Wurster SutardjaDai Kroeber Warren EastGate CalvinLaboratory LowerSproul Stanley Bechtel Wellman Hesse CalvinLaboratory BancroftLibrary Hargrove Boalt CalvinLaboratory1 BotanicalGarden Morrison Pitzer GoldmanPlaza NorthGate Minor Simon BarrowsHall MemorialStadium Morgan WestGate McCone Haviland LeConte HeatingPlant Koshland Hilgard Insectary Soda Chvez Hertz Bechtel MemorialGlade HearstFieldAnnex Cheit1 HaasPavilion Evans Gilman Greenhouse Foothill EdwardsStadium DoeLibrary Giauque ClarkKerr Lewis Bowles Bechtel FoxCottage Bechtel Cory Soda
89
Soda KrutchTheater1 Hildebrand1 Moses1 Observatory1 Stephens1 SutardjaDai1 TangCenter1 Warren1 WooHonFai1 Zellerbach1
Bechtel Bechtel WestGate1
DoeLibrary DoeLibrary
EastGate EastGate MLK1
Kleeberger Kleeberger
LowerSproul LowerSproul
Bowles Bowles
ClarkKerr ClarkKerr
EdwardsStadium EdwardsStadium
Foothill Foothill
Gilman Gilman
HaasPavilion HaasPavilion
HearstFieldAnnex HearstFieldAnnex
Hertz Hertz
Insectary Insectary
Koshland Koshland
LeConte LeConte
McCone McCone
MemorialStadium MemorialStadium
Morgan Morgan
NorthGate NorthGate
Pitzer Pitzer
Simon Simon
Stanley Stanley
Tan Tan
Wellman Wellman
Wurster Wurster
Eshleman Eshleman
BarrowsHall BarrowsHall
Evans Evans
Birge Birge
FoxCottage FoxCottage
Blum Blum
BotanicalGarden BotanicalGarden
Giauque Giauque
GoldmanPlaza GoldmanPlaza
CaliforniaHall CaliforniaHall
Greenhouse Greenhouse
Chou Chou
Chvez Chvez
Hargrove Hargrove
Campanile Campanile
Haviland Haviland
HearstGymnasium HearstGymnasium
Cleary Cleary
HeatingPlant HeatingPlant
Davis Davis
BancroftLibrary BancroftLibrary
Hesse Hesse
Durant Durant
Hilgard Hilgard
IshiCourt IshiCourt
Kroeber Kroeber
Latimer Latimer
Lewis Lewis
McEnerney McEnerney
MemorialGlade MemorialGlade
Minor Minor
Moffitt Moffitt
Morrison Morrison
Mulford Mulford
OBrien OBrien
Pimentel Pimentel
SatherGate SatherGate
Sibley Sibley
Sproul Sproul
StadiumRim StadiumRim
Stephens Stephens
SutardjaDai SutardjaDai
TangCenter TangCenter
Warren Warren
WestGate WestGate
WooHonFai WooHonFai
Zellerbach Zellerbach
Soda1 Soda1
Bechtel1 Bechtel1
Boalt1 Boalt1
CalvinLaboratory1 CalvinLaboratory1
Cheit1 Cheit1
Cory1 Cory1
Dwinelle1 Dwinelle1
Etcheverry1 Etcheverry1
Giannini1 Giannini1
GreekTheatre1 GreekTheatre1
Haste1 Haste1
HearstMiningCircle1 HearstMiningCircle1
LifeSciences1 LifeSciences1
McLaughlin1 McLaughlin1
Jacobs1 Jacobs1
