Soda Giannini Hertz McCone LifeSciences Haste Boalt Morgan Jacobs Stanley Wellman Koshland HaasPavilion Soda Blackwell Pitzer DoeLibrary Foothill Stern Moses Bowles Dwinelle Hildebrand Senior Wheeler Cheit Soda
24
Boalt Boalt
Cheit Cheit
Dwinelle Dwinelle
Giannini Giannini
Haste Haste
LifeSciences LifeSciences
Jacobs Jacobs
Hildebrand Hildebrand
Moses Moses
Senior Senior
Stern Stern
Wheeler Wheeler
Blackwell Blackwell
Bowles Bowles
DoeLibrary DoeLibrary
Foothill Foothill
HaasPavilion HaasPavilion
Hertz Hertz
Koshland Koshland
McCone McCone
Morgan Morgan
Pitzer Pitzer
Stanley Stanley
Wellman Wellman
