2 157 49 157 53 193 145 42 50 42 103 116 103 172 61 172 103 116 67 134 94 57 15 30 15 57 94 62 90 62 96 62 90 95 82 178 155 196 121 7 79 7 121 199 35 199 195 56 52 56 195 148 159 156 131 63 26 11 23 34 181 45 102 117 164 138 13 8 87 175 126 175 48 175 126 114 107 43 71 6 118 80 54 80 43 107 114 100 198 147 115 104 44 104 115 147 32 147 198 128 173 59 5 125 31 10 194 93 101 150 127 12 81 25 37 86 65 4 161 4 112 190 92 190 112 158 110 158 163 188 35 199 97 144 106 144 97 183 91 27 98 36 98 27 141 75 185 33 111 187 1 58 73 83 38 46 38 186 136 119 136 186 0 192 176 174 176 51 76 22 14 18 171 179 16 133 16 179 171 149 3 149 140 165 99 113 99 174 28 174 182 189 122 189 184 130 55 139 62 90 177 70 60 142 60 9 85 41 2
100
2 2
54 54
133 133
23 23
92 92
51 51
138 138
194 194
106 106
36 36
187 187
25 25
156 156
30 30
130 130
3 3
46 46
32 32
145 145
110 110
48 48
141 141
61 61
161 161
119 119
28 28
95 95
79 79
181 181
63 63
6 6
192 192
14 14
113 113
114 114
97 97
125 125
182 182
128 128
49 49
50 50
76 76
56 56
58 58
178 178
179 179
164 164
94 94
177 177
98 98
93 93
112 112
193 193
67 67
59 59
34 34
96 96
142 142
35 35
86 86
139 139
53 53
26 26
80 80
131 131
8 8
44 44
188 188
136 136
165 165
100 100
4 4
52 52
38 38
171 171
149 149
90 90
15 15
85 85
55 55
116 116
196 196
157 157
27 27
12 12
174 174
0 0
173 173
42 42
122 122
126 126
7 7
115 115
118 118
73 73
13 13
82 82
189 189
158 158
121 121
