f xxx qq m z ss j llllllll sss bbbbbbbb dddddddd a eeee p aaa vvvv qqqqqq w uu xxxxxx ttttt hhhh ff jjjj wwww pp aaaaa q rrrrrrrr ggggg hhh qqqqqqq rrrrrr jjjjjjj c fffffff zzz uuuuu ffffffff v s nnnn iii ggg wwwwwww vv ssss lllll ssssss llllll f
50
f f
rrrrrrrr rrrrrrrr
a a
iii iii
ffffffff ffffffff
ttttt ttttt
j j
lllll lllll
hhh hhh
eeee eeee
z z
qqqqqq qqqqqq
bbbbbbbb bbbbbbbb
jjjj jjjj
vv vv
fffffff fffffff
rrrrrr rrrrrr
llllllll llllllll
nnnn nnnn
p p
c c
ss ss
ggggg ggggg
ggg ggg
ssss ssss
xxxxxx xxxxxx
qq qq
q q
v v
zzz zzz
hhhh hhhh
aaaaa aaaaa
ssssss ssssss
w w
vvvv vvvv
dddddddd dddddddd
uu uu
wwwwwww wwwwwww
xxx xxx
aaa aaa
wwww wwww
s s
m m
sss sss
ff ff
pp pp
llllll llllll
uuuuu uuuuu
jjjjjjj jjjjjjj
qqqqqqq qqqqqqq
