99 84 46 41 54 90 68 11 42 59 1 24 1 15 14 15 1 24 23 19 45 25 45 72 9 72 71 27 71 72 9 95 35 37 36 37 28 37 36 21 98 79 10 22 7 34 47 48 33 38 31 81 12 16 78 39 78 29 0 29 78 16 93 30 75 5 32 5 19 40 19 26 19 23 58 43 17 8 2 33 16 63 18 63 49 63 18 61 3 20 3 13 3 6 89 44 89 99 4 99
50
0 0
1 1
2 2
3 3
4 4
5 5
6 6
7 7
8 8
9 9
10 10
11 11
12 12
13 13
14 14
15 15
16 16
17 17
18 18
19 19
20 20
21 21
22 22
23 23
24 24
25 25
26 26
27 27
28 28
29 29
30 30
31 31
32 32
33 33
34 34
35 35
36 36
37 37
38 38
39 39
40 40
41 41
42 42
43 43
44 44
45 45
46 46
47 47
48 48
49 49
