AlbertFredHaines ZacharyWarrenKarth EricTinaPerea MarciaWalterKirschma MarthaJackRobinson DebraJaneFitzgerald StormyOllieYork JamesJordanZamora HeidiMayJohnson ClaudeBobbyBaker BrettDominickSonnier PatJasonAaberg JoStephenMay LawrenceBarryHadden JosephAmandaMullen EricJamesJuckett RonaldEdnaArant MarkDianeDuchon LillianJuanAncona DeniseBrunoWilliam KevinThomasHiggins MistyRobertKing MarkAngelaMccloud KathleenSherryDay EdwardErnestSinger PeterJosephBarbee HowardKennethCollins JamesJoanneHawn TommyAmandaMartin KevinCharlesEvans GeorgeHenryVillar WilliamDavidGray JohnBrendaFuller JackieSharonScherrer PerryJamesBennett TravisMichelleMeller CherylMaryMorgan JeremyJamesChavez RickyJamesBrumfield EricTammyScott BradleyDeborahSaball FerdinandLukeJackson RolandGregoryWatson KellyJohnnaOles AlmedaLourdesSimpson StephenWilliamCoffma GlennaMichaelBorden GaryCharlesHudson JimmyFlorTasson BernicePennyRiddick CraigJohnLard KathleenJoseClark JudeJanetHarcourt DeeAmandaBartley JessicaChristopherHa ThomasEssieEwing ElmerDemetriusLark ManuelaJoseBailey IsaacGregGargano DeniseBrunoWilliam DianeElisePickett EdwardDennisStewart JudyPearlineKaminski MaryJamesDavila JohnRichardSmith LynnKennethChavez RobertaVirgieBullock CynthiaConnieWright StevenNeilNguyen SandraHarryStewart RosaPatrickYankey DwainJoeFeldman JannaDavidCarranza CassandraJaniceGlove DenaJewellDavis GeorgeWilliamJackson SandraJoyceVictorero RobinStephenWebster JamesJoanneHawn MichaelElizabethWeav PatJasonAaberg AlbertFredHaines
73
AlbertFredHaines AlbertFredHaines JoannCharlieWilkinso
MistyRobertKing MistyRobertKing
CynthiaConnieWright CynthiaConnieWright
JudyPearlineKaminski JudyPearlineKaminski
JimmyFlorTasson JimmyFlorTasson
TravisMichelleMeller TravisMichelleMeller
IsaacGregGargano IsaacGregGargano
RosaPatrickYankey RosaPatrickYankey
CraigJohnLard CraigJohnLard
DenaJewellDavis DenaJewellDavis
RonaldEdnaArant RonaldEdnaArant
BrettDominickSonnier BrettDominickSonnier
PeterJosephBarbee PeterJosephBarbee
TommyAmandaMartin TommyAmandaMartin
JosephAmandaMullen JosephAmandaMullen
FerdinandLukeJackson FerdinandLukeJackson
KellyJohnnaOles KellyJohnnaOles
KevinThomasHiggins KevinThomasHiggins
ElmerDemetriusLark ElmerDemetriusLark
EricTammyScott EricTammyScott AnnDeannaLarzazs MichaelMarkHolloway
WilliamDavidGray WilliamDavidGray
PerryJamesBennett PerryJamesBennett
JessicaChristopherHa JessicaChristopherHa
JohnRichardSmith JohnRichardSmith
DeniseBrunoWilliam DeniseBrunoWilliam
DebraJaneFitzgerald DebraJaneFitzgerald
StephenWilliamCoffma StephenWilliamCoffma
ManuelaJoseBailey ManuelaJoseBailey WadeSonnyMcbride
MichaelElizabethWeav MichaelElizabethWeav
BernicePennyRiddick BernicePennyRiddick DorisJeffreyBinger
GeorgeHenryVillar GeorgeHenryVillar
MarkDianeDuchon MarkDianeDuchon
EdwardErnestSinger EdwardErnestSinger
EricTinaPerea EricTinaPerea
JamesJordanZamora JamesJordanZamora
LynnKennethChavez LynnKennethChavez
JoStephenMay JoStephenMay
EricJamesJuckett EricJamesJuckett
ClaudeBobbyBaker ClaudeBobbyBaker
JohnBrendaFuller JohnBrendaFuller
HeidiMayJohnson HeidiMayJohnson
EdwardDennisStewart EdwardDennisStewart
KevinCharlesEvans KevinCharlesEvans
RobinStephenWebster RobinStephenWebster
StevenNeilNguyen StevenNeilNguyen
CassandraJaniceGlove CassandraJaniceGlove
GlennaMichaelBorden GlennaMichaelBorden
DwainJoeFeldman DwainJoeFeldman
RickyJamesBrumfield RickyJamesBrumfield
MarkAngelaMccloud MarkAngelaMccloud
ThomasEssieEwing ThomasEssieEwing
DeeAmandaBartley DeeAmandaBartley
MarthaJackRobinson MarthaJackRobinson
GaryCharlesHudson GaryCharlesHudson
JackieSharonScherrer JackieSharonScherrer
LawrenceBarryHadden LawrenceBarryHadden
SandraHarryStewart SandraHarryStewart
GeorgeWilliamJackson GeorgeWilliamJackson
CherylMaryMorgan CherylMaryMorgan
ZacharyWarrenKarth ZacharyWarrenKarth
KathleenJoseClark KathleenJoseClark
JannaDavidCarranza JannaDavidCarranza
JudeJanetHarcourt JudeJanetHarcourt
BradleyDeborahSaball BradleyDeborahSaball
RolandGregoryWatson RolandGregoryWatson
MarciaWalterKirschma MarciaWalterKirschma
KathleenSherryDay KathleenSherryDay
HowardKennethCollins HowardKennethCollins
DianeElisePickett DianeElisePickett
LillianJuanAncona LillianJuanAncona
JeremyJamesChavez JeremyJamesChavez
MaryJamesDavila MaryJamesDavila
StormyOllieYork StormyOllieYork
