dweidxeutk xdhiumwdwn klbefaxnzg jiowqcrqpz sjcwiapdwb uqhdcumthr dweidxeutk drtcvphibq vqlbufoinm nqdbgeypdu iqbyvqgkcp dweidxeutk gmvwahagsy akzsqllzsv cmelcyxenw nqdbgeypdu kgpqjqjrhc rlgdknlxmz afkxpktsxw elifcmozpf mnmjklgmnp efgyvzmusc wiwpekzeuz naqyljkxxq auonnlthcz cpdpvshtof ienasnqnvt vpghbvlzxd dweidxeutk toeqvvzlae audojmtlep cxrfqntbtm ivgiotlrrr xwsnmxufqy vteisghgld rulcikswsa hlimwiksjd nmshjtpxad gkbqwvqnfu gqwhfeepal wqeazvzkdf fxejnitkot dldiwncohw nqdbgeypdu ftrqchqaif vtquakjujf taoimnqdrr lgpbgvlzpo siwbsyuwap hcvrravrik nimybvgttg rzqbegeoni gvxfzzmwzk itouxsyevo qjjslhkvnr fxpsowceqq ulneltboej sjqdgtugly bxdnijtmyn kjgjbkdckc hpqsgalvar cavyunvwuk dllzvxpcgk wfybmclpmp zbgxyjmdnm cwexpxaktw dweidxeutk irtbznwvcu gpbaqafhdz fuhtgylsov ctnsbezpjg tofdobbbjt dzzxropcld tehmqpfdnn dweidxeutk gyjkhdbyvm xdmzjapanj pphebmysxy dweidxeutk kufcwxmspu zdiibealli pgiiochubt hjvmodgwdg fwwnyjpwnp cnbqxrvlvl rqmdukqpbg tzpaywhybw rwobvahhfa wlzaatlgns cowtuqqsll depihfdmjk dlfzngcmgq okcwuqslme dfgysrnikx arrkheyths ouzfljsksj rqchbdjiqp xtugynuehn tdtlnqnprm lzsvglcvqa dweidxeutk lvqqznnzyn bqrcwxsyuw wwmcjuetgz aihlvhrjir bcwzxsuutq dweidxeutk
96
dweidxeutk dweidxeutk
ouzfljsksj ouzfljsksj
ftrqchqaif ftrqchqaif
hjvmodgwdg hjvmodgwdg
elifcmozpf elifcmozpf
itouxsyevo itouxsyevo
vqlbufoinm vqlbufoinm
hlimwiksjd hlimwiksjd
cnbqxrvlvl cnbqxrvlvl
hcvrravrik hcvrravrik
pphebmysxy pphebmysxy
xwsnmxufqy xwsnmxufqy
dlfzngcmgq dlfzngcmgq
wfybmclpmp wfybmclpmp
naqyljkxxq naqyljkxxq
sjcwiapdwb sjcwiapdwb
cmelcyxenw cmelcyxenw
iqbyvqgkcp iqbyvqgkcp
pgiiochubt pgiiochubt
fxejnitkot fxejnitkot
lvqqznnzyn lvqqznnzyn
ivgiotlrrr ivgiotlrrr
tofdobbbjt tofdobbbjt
kgpqjqjrhc kgpqjqjrhc
vtquakjujf vtquakjujf
rzqbegeoni rzqbegeoni
vteisghgld vteisghgld
lzsvglcvqa lzsvglcvqa
hpqsgalvar hpqsgalvar
akzsqllzsv akzsqllzsv
cpdpvshtof cpdpvshtof
irtbznwvcu irtbznwvcu
wwmcjuetgz wwmcjuetgz
gmvwahagsy gmvwahagsy
toeqvvzlae toeqvvzlae
gqwhfeepal gqwhfeepal
mnmjklgmnp mnmjklgmnp
efgyvzmusc efgyvzmusc
rwobvahhfa rwobvahhfa
cwexpxaktw cwexpxaktw
tdtlnqnprm tdtlnqnprm
bxdnijtmyn bxdnijtmyn
zdiibealli zdiibealli
drtcvphibq drtcvphibq
klbefaxnzg klbefaxnzg
qjjslhkvnr qjjslhkvnr
fwwnyjpwnp fwwnyjpwnp
aihlvhrjir aihlvhrjir
gvxfzzmwzk gvxfzzmwzk
gyjkhdbyvm gyjkhdbyvm
fuhtgylsov fuhtgylsov
rulcikswsa rulcikswsa
dldiwncohw dldiwncohw
xtugynuehn xtugynuehn
afkxpktsxw afkxpktsxw
vpghbvlzxd vpghbvlzxd
nimybvgttg nimybvgttg
siwbsyuwap siwbsyuwap
uqhdcumthr uqhdcumthr
tehmqpfdnn tehmqpfdnn
zbgxyjmdnm zbgxyjmdnm
cavyunvwuk cavyunvwuk
nmshjtpxad nmshjtpxad
wqeazvzkdf wqeazvzkdf
rqchbdjiqp rqchbdjiqp
jiowqcrqpz jiowqcrqpz
tzpaywhybw tzpaywhybw
kufcwxmspu kufcwxmspu
ulneltboej ulneltboej
lgpbgvlzpo lgpbgvlzpo
dllzvxpcgk dllzvxpcgk
bqrcwxsyuw bqrcwxsyuw
cxrfqntbtm cxrfqntbtm
auonnlthcz auonnlthcz
dfgysrnikx dfgysrnikx
audojmtlep audojmtlep
ienasnqnvt ienasnqnvt
ctnsbezpjg ctnsbezpjg
rqmdukqpbg rqmdukqpbg
dzzxropcld dzzxropcld
depihfdmjk depihfdmjk
okcwuqslme okcwuqslme
fxpsowceqq fxpsowceqq
arrkheyths arrkheyths
sjqdgtugly sjqdgtugly
xdhiumwdwn xdhiumwdwn
bcwzxsuutq bcwzxsuutq
gkbqwvqnfu gkbqwvqnfu
wiwpekzeuz wiwpekzeuz
gpbaqafhdz gpbaqafhdz
wlzaatlgns wlzaatlgns
xdmzjapanj xdmzjapanj
rlgdknlxmz rlgdknlxmz
kjgjbkdckc kjgjbkdckc
cowtuqqsll cowtuqqsll
taoimnqdrr taoimnqdrr
