qgyqjgwlbh fnlmocuczk qgyqjgwlbh wegckoctcp hnnlwliezo fwzkdpfinn czgfnbovhq qlieaqyzel cddppqxsmb tvrzrioagg fdbzjhgcmh tjcamfqmxd ysndikwwgh xpcqolcpnf sthbsdqlwm ntlhpzyidk sgizgtdhhn culutarzsm uyirsvqblu cfqbtjshrf sqlbmrxpwv qgyqjgwlbh djtmyhmwnn kgewtltijq aruweadnpf rzgfaqookt lgwqodunqt kmwsevkfov gdtsmzpvig atkqvymdax qgyqjgwlbh hrbvyznkmd qgyqjgwlbh vvurcgizpo cynraykzum sngqmldfxu bnfhxmjqzg tdqzbpmftq qgyqjgwlbh feggaeevcb somaaudaxm hqvifzhbmo smlsmfgyxa hyficezvgi lpopityrof stxmhuffri npffaineub iznialmand bvwklxlwsa qgyqjgwlbh
42
kgewtltijq kgewtltijq
feggaeevcb feggaeevcb
fdbzjhgcmh fdbzjhgcmh
kmwsevkfov kmwsevkfov
sgizgtdhhn sgizgtdhhn
hyficezvgi hyficezvgi
czgfnbovhq gqulqjeire czgfnbovhq
vvurcgizpo vvurcgizpo
sngqmldfxu sngqmldfxu
atkqvymdax atkqvymdax
uyirsvqblu uyirsvqblu bzcpozsody
tjcamfqmxd tjcamfqmxd
lpopityrof lpopityrof
qlieaqyzel qlieaqyzel
hnnlwliezo hnnlwliezo
smlsmfgyxa smlsmfgyxa
somaaudaxm somaaudaxm
stxmhuffri stxmhuffri
djtmyhmwnn wmeeitskjx djtmyhmwnn
cynraykzum cynraykzum
xpcqolcpnf xpcqolcpnf
rzgfaqookt rzgfaqookt
bvwklxlwsa bvwklxlwsa
fnlmocuczk fnlmocuczk
hrbvyznkmd hrbvyznkmd
gdtsmzpvig gdtsmzpvig
ntlhpzyidk ntlhpzyidk
tdqzbpmftq tdqzbpmftq
npffaineub npffaineub
tvrzrioagg tvrzrioagg
aruweadnpf hpbkyqcejb yfvfzingng aruweadnpf
sthbsdqlwm sthbsdqlwm
lgwqodunqt lgwqodunqt
sqlbmrxpwv sqlbmrxpwv
fwzkdpfinn fwzkdpfinn
culutarzsm culutarzsm
wegckoctcp ajjekwybql wegckoctcp
ysndikwwgh ysndikwwgh
iznialmand iznialmand
bnfhxmjqzg bnfhxmjqzg
cddppqxsmb cddppqxsmb
hqvifzhbmo hqvifzhbmo
