Chelmbourne Shaftwich Melborne Casford Alfwell Marlton Alfwell Aldhall Egborne Barngrove Prestdon Hornbeck Cookton Hornley Durditch Hornley Pemwold Melborne Egcastle Chelmbourne Whitavon Elside Alfby Stapwell Chelmbourne Edgwich Chelmbourne Elgrove Wenden Kingsbrook Dartsted Kingsbrook Shrivside Southmere Stainhall Shrivlow Flitham Kingsley Flitham Enbage Stainside Whitover Stainey Hornbridge Prestey Brainbridge Sodside Wyhead Cleredon Staflow Penling Waltbrook Hurstworth Rocktree Cookbridge Rocktree Whitborough Horndown Hornford Hornney Bursted Edgchester Horncester Edgchester Wenwang Sudworth Clerethorne Barnside Clerethorne Stapthorne Stapmoor Barnham Alfcastle Cookbrook Enlow Waltbrook Hartbage Bracklow Pemwood Bracklow Leatherlow Alfby Leatherlake Enlow Sudwich Prestey Wenborough Stapwold Chelmbourne
56
Shrivside Shrivside
Aldhall Aldhall
Sudworth Sudworth
Stainside Stainside
Hartbage Hartbage
Durditch Durditch
Hurstworth Hurstworth
Wyhead Wyhead
Elside Elside
Barnside Barnside
Cookton Cookton
Brainbridge Brainbridge
Stapmoor Stapmoor
Horndown Horndown
Egcastle Egcastle
Prestdon Prestdon
Pemwood Pemwood
Bursted Bursted
Kingsley Kingsley
Stapwell Stapwell
Stainhall Stainhall
Marlton Alfwell Marlton
Sudwich Sudwich
Hornley Hornley
Stapthorne Stapthorne
Sodside Sodside
Casford Casford
Waltbrook Waltbrook
Leatherlake Leatherlake
Wenborough Wenborough
Cookbridge Cookbridge Rocktree
Dartsted Dartsted
Wenden Wenden
Barnham Barnham
Pemwold Pemwold
Horncester Horncester
Enbage Enbage
Edgwich Edgwich Staintree
Bracklow Bracklow
Shrivlow Shrivlow
Leatherlow Leatherlow
Cleredon Cleredon
Egborne Egborne
Whitavon Whitavon
Enlow Enlow
Shaftwich Shaftwich
Wenwang Wenwang
Whitborough Whitborough
Alfby Alfby
Southmere Southmere
Flitham Flitham
Edgchester Edgchester
Elgrove Elgrove
Whitover Whitover
Prestey Prestey
Staflow Staflow
