FD CU FU AC BV CK DU AN CA AB DM GA CL BC DZ AD GQ FP DC EJ EL AO BE BN AZ DF GP DI BG AU AF GO AI CS GD ES EM GS AB FI GX FS AX AG DQ DB AJ EO GR AD DH AE HR AK BZ AD EY DK AA FT BM GZ CT FR HP CI GF CW ET AD EW BQ AE FM HF GC AT AL AV HO AM BK EX AJ FO AC CO CB AB ER FN AA EZ FJ HC AF BF EG DA AB DN CF AJ FV CC GN BA AF BO DP GK HD HB AB AW DE AG CG AA EE HH AI BT FD
97
GR GR
EW EW
BF BF
BK BK
BN BN
FV FV EN
DC DC
AK AK
GF GF
DZ DZ
EY EY
CT CT
BM BM
GP GP
ET ET
DU DU
DH DH
GN GN
GC GC
AX AX
EE EE
FO FO EK
EJ EJ
FI FI
GZ GZ
FJ FJ
DE DE
GO GO
BO BO
EG EG
EX EX
EO EO
CG CG
DB DB
FN FN
HR HR
GX GX
GA GA
BQ BQ
EL EL
AT AT
HP HP
DK DK
GK GK
HO HO
FU FU
FR FR
AM AM
BE BE
EZ EZ FY
DM DM
FM FM
GS GS
GQ GQ
DQ DQ
AW AW
CA CA
GD GD
CB CB
HH HH
HB HB
DN DN
DI DI
FT FT
AG AG
CC CC
BG BG
AF AF
CI CI
AZ AZ
CU CU
BZ BZ
BA BA
FS FS
HC HC
AV AV
DA DA
CK CK
AJ AJ
DP DP
ES ES
CL CL
HF HF
CW CW
BV BV
CO CO
BT BT
AU AU
DF DF
CF CF
CS CS
FP FP
HD HD
BC BC
AD AD
EM EM
ER ER
