Wolney Horndleside Reddingringey Sodden Nortditch Sodditch Brombrough Hamwich Rotsted Wendlethorne Chipcester Ketthorne Southcompmere Bromwich Stapseyden Sistanwick Boothingtree Reddingbourne Edgfield Hannensworth Watchsmith Endlesthorne Boothingwick Rockdenport Hampenlake Hanbasside Bootherbersted Wendlerewick Dribbinglow Ribbendhead Toddlenell Egmanston Blanavon Ennell Wolden Horslake Brackavon Wycombe Meley Sundlecombe Chedcastle Basserchester Cannell Camsreborough Braindlemere Endingey Ellensbrough Eggermoor Cheddenwang Sudhead Wencester Windlesseywang Cirercompsted Pendlesbascastle Endcastle Marlborne Pendlesford Whitborough Camhampton Emthorne Elmerdown Skelling Chilworth Wolbourne Braddlesreport Farnsmerbeck Marlringlake Hammingreport Camsmere Burglesbrook Soddlesbasbourne Braddleswick Sismith Hammermere Clereshot Worringcompgrove Alddlesenbage Horndlehampton Falrensavon Suddingney Hannerley Toddleborne Kettenwell Sundlesborne Staindlemansavon Chilmermere Penswick Tiphampton Ketworth Ciringover Aldlow Cammertree Candleseyney Elsmith Suddendwell Sudderbage Camsted Sirengrove Worglesmernell Sodham Durrenslow Bootbeck Flitcompwold Sunsseybrook Camtree Reddlesley Chippingchester Ribblesremoor Worrersted Skellerbury Rothensden Wychringden Ensdown Chedwick Dribberbrough Emsbrook Melborne Camling Sudderwick Shaftport Falbaswood Siringbrook Leatherberlake Skellingbaswold Skellingmansgrove Elringlow Egwich Tippenside Chilhall Tippenside Egwich Skellingmansgrove Skellingbaswold Siringbrook Falbaswood Shaftport Sudderwick Camling Melborne Dribberbrough Chedwick Ensdown Wychringden Rothensden Skellerbury Ribblesremoor Chippingchester Reddlesley Camtree Sunsseybrook Flitcompwold Durrenslow Sodham Worglesmernell Sirengrove Camsted Sudderbage Elsmith Candleseyney Cammertree Aldlow Ciringover Ketworth Penswick Chilmermere Staindlemansavon Sundlesborne Kettenwell Toddleborne Suddingney Falrensavon Horndlehampton Alddlesenbage Worringcompgrove Clereshot Sismith Braddleswick Soddlesbasbourne Burglesbrook Camsmere Hammingreport Farnsmerbeck Braddlesreport Wolbourne Chilworth Skelling Elmerdown Camhampton Whitborough Pendlesford Marlborne Endcastle Pendlesbascastle Windlesseywang Wencester Sudhead Cheddenwang Eggermoor Ellensbrough Braindlemere Camsreborough Cannell Basserchester Chedcastle Sundlecombe Wycombe Brackavon Horslake Wolden Ennell Blanavon Toddlenell Ribbendhead Dribbinglow Wendlerewick Bootherbersted Hanbasside Rockdenport Boothingwick Endlesthorne Watchsmith Hannensworth Edgfield Boothingtree Sistanwick Stapseyden Bromwich Southcompmere Ketthorne Wendlethorne Rotsted Hamwich Brombrough Sodditch Nortditch Reddingringey Horndleside Wolney
55
Wolney Braindlemoor
Chilhall Chilhall
Wolbourne Wolbourne
Wolden Wolden
Suddendwell Suddendwell
Reddingbourne Reddingbourne
Worrersted Worrersted
Hannerley Hannerley
Cheddenwang Cheddenwang
Emsbrook Emsbrook
Hammermere Hammermere
Chipcester Chipcester
Hampenlake Hampenlake
Tiphampton Tiphampton
Bootbeck Bootbeck
Basserchester Basserchester
Marlborne Marlborne
Emthorne Emthorne
Dribbinglow Dribbinglow
Burglesbrook Burglesbrook
Horslake Horslake
Cannell Cannell
Sudhead Sudhead
Shaftport Shaftport
Brombrough Brombrough
Wendlerewick Wendlerewick
Soddlesbasbourne Soddlesbasbourne
Horndlehampton Horndlehampton
Sirengrove Sirengrove
Worglesmernell Worglesmernell
Wychringden Wychringden
Ensdown Ensdown
Hamwich Hamwich
Bromwich Bromwich
Stapseyden Stapseyden
Watchsmith Watchsmith
Endlesthorne Endlesthorne
Egmanston Egmanston
Meley Meley
Endingey Endingey
Cirercompsted Cirercompsted
Pendlesford Pendlesford
Chilworth Chilworth
Marlringlake Marlringlake
Alddlesenbage Alddlesenbage
Sundlesborne Sundlesborne
Staindlemansavon Staindlemansavon
Aldlow Aldlow
Cammertree Cammertree
Camtree Camtree
Reddlesley Reddlesley
Sudderwick Sudderwick
Leatherberlake Leatherberlake
Sodden Sodden
Elringlow Elringlow
