Plano Rockford Riverside SanFrancisco Warren SanFrancisco Warren OklahomaCity Cary LasVegas Vallejo Miami Cincinnati Olathe Hampton Olathe Irvine LittleRock HuntingtonBeach AugustaRichmond Miami SimiValley Irvine Mobile Hartford NewOrleans Surprise Dallas Worcester Mesquite Joliet Thornton Anchorage Salinas GardenGrove CedarRapids SanAntonio NewHaven Toledo Houston Pomona Spokane CorpusChristi SantaClarita Fremont Madison Knoxville SanBernardino Corona Brownsville Corona Surprise Greensboro Teemo Davidson LexingtonFa Chicago Denton Glendale Raleigh SantaRosa ThousandOaks Tampa McAllen GrandPrairie Portland McAllen Laredo FortCollins SiouxFalls Shreveport Allentown Killeen Allentown Stamford Glasses SanJose Glasses Hollywood Escondido Akron Torrance Lancaster Elizabeth Anaheim JerseyCity Pikachu Lafayette Huntsville Pikachu Lincoln Pikachu Torrance LosAngeles Tulsa LouisvilleJefferson Reno Norfolk FortLauderdale AnnArbor StLouis Jackson Garland Omaha Ontario Waco Wichita WinstonSalem Hayward BatonRouge OWO Mesa Memphis Charleston Memphis Montgomery Richmond Denver Cleveland Atlanta Oxnard Atlanta Beaumont Vancouver BatonRouge MorenoValley Pasadena Sunnyvale Norman MorenoValley Irving SantaClara Plano
100
SanFrancisco SanFrancisco
SantaClara SantaClara
Charleston Charleston
FortCollins FortCollins
Cincinnati Cincinnati
Mesquite Mesquite
Stamford Stamford
Hollywood Hollywood
Riverside Riverside
Omaha Omaha
GardenGrove GardenGrove
Beaumont Beaumont
Anaheim Anaheim
Brownsville Brownsville
StLouis StLouis
SanJose SanJose
Glendale Glendale
Elizabeth Elizabeth
Killeen Killeen
McAllen McAllen
LasVegas LasVegas
Ontario Ontario
Davidson Davidson
Norman Norman
Montgomery Montgomery
Garland Garland
Mesa Mesa
SantaRosa SantaRosa
AnnArbor AnnArbor
Lancaster Lancaster
Hartford Hartford
Escondido Escondido
Salinas Salinas
Tampa Tampa
Dallas Dallas
Hampton Hampton
Rockford Rockford
Portland Portland
Warren Warren
Wichita Wichita
LittleRock LittleRock
SanBernardino SanBernardino
Raleigh Raleigh
Torrance Torrance
Lincoln Lincoln
SiouxFalls SiouxFalls
Surprise Surprise
Allentown Allentown
Norfolk Norfolk
Houston Houston
Fremont Fremont
Greensboro Greensboro
SanAntonio SanAntonio
OWO OWO
Anchorage Anchorage
Glasses Glasses
Chicago Chicago
Atlanta Atlanta
Cary Cary
Oxnard Oxnard
MorenoValley MorenoValley
Irving Irving
Vallejo Vallejo
LouisvilleJefferson LouisvilleJefferson
Madison Madison
Thornton Thornton
Hayward Hayward
Miami Miami
Knoxville Knoxville
Denton Denton
ThousandOaks ThousandOaks
Pasadena Pasadena
JerseyCity JerseyCity
AugustaRichmond AugustaRichmond
Denver Denver
Sunnyvale Sunnyvale
SimiValley SimiValley
FortLauderdale FortLauderdale
Laredo Laredo
SantaClarita SantaClarita
Olathe Olathe
Corona Corona
Tulsa Tulsa
NewOrleans NewOrleans
Lafayette Lafayette
OklahomaCity OklahomaCity
HuntingtonBeach HuntingtonBeach
Huntsville Huntsville
Pomona Pomona
CorpusChristi CorpusChristi
Mobile Mobile
Memphis Memphis
GrandPrairie GrandPrairie
Pikachu Pikachu
Vancouver Vancouver
Irvine Irvine
Worcester Worcester
Waco Waco
Akron Akron
NewHaven NewHaven
