Waco SanAntonio MorenoValley OverlandPark AnnArbor Palmdale StPaul Victorville SanBernardino Victorville FortCollins Victorville Gilbert Stamford Cary Stamford Clarksville Palmdale FortWayne Palmdale LexingtonFa OWO SterlingHeights OWO AthensClarkeCounty SanFrancisco Richmond Aurora KansasCity Omaha KansasCity Lincoln Detroit Lincoln Newark SaltLakeCity Irving SantaClara ChulaVista Oski Rochester OverlandPark Waco
25
Rochester Rochester
Palmdale Palmdale
Clarksville Clarksville
OWO OWO
Cary Cary
SanAntonio SanAntonio
StPaul StPaul
SanFrancisco SanFrancisco
LexingtonFa LexingtonFa
MorenoValley MorenoValley
AnnArbor AnnArbor
SterlingHeights SterlingHeights
Stamford Stamford
Detroit Detroit
FortWayne FortWayne
Omaha Omaha
FortCollins FortCollins
SaltLakeCity SaltLakeCity
SanBernardino SanBernardino
AthensClarkeCounty AthensClarkeCounty
ChulaVista ChulaVista
Irving Irving
Richmond Richmond
Lincoln Lincoln
Newark Newark
