0 58 95 15 60 44 86 4 14 28 42 32 54 10 57 64 11 47 61 35 71 16 37 48 1 100 73 85 7 46 25 98 0 56 96 20 75 94 87 52 3 97 31 65 43 59 83 24 40 30 2 69 23 8 0 76 13 0 81 36 19 88 17 21 22 49 91 0 53 62 9 72 29 0 66 39 0 82 77 80 67 74 34 51 55 63 12 90 84 38 27 92 0 68 0 6 26 18 41 45 5 0 50 33 70 99 79 89 0
98
83 83
51 51
39 39
92 92
61 61
26 26
65 65
36 36
32 32
34 34
86 86
16 16
46 46
8 8
85 85
5 5
20 20 93
41 41
64 64
53 53
79 79
28 28
29 29
89 89
91 91
33 33
30 30
82 82
70 70
27 27
84 84
2 2
13 13
98 98
21 21
44 44
57 57 78
15 15
48 48
59 59
87 87
4 4
17 17
68 68
74 74
90 90
54 54
67 67
72 72
94 94
99 99
11 11
37 37
52 52
81 81
9 9
12 12
38 38
40 40
50 50
7 7
14 14
25 25
55 55
62 62
69 69
73 73
75 75
80 80
22 22
42 42
60 60
63 63
76 76
77 77
88 88
95 95
96 96
97 97
100 100
1 1
3 3
6 6
10 10
18 18
19 19
23 23
24 24
31 31
35 35
43 43
45 45
47 47
49 49
56 56
58 58
66 66
71 71
