Soda li lindsey maniku wong tyler adhikiari ahluwalia ani aanika ravi djajadi amanda mittal chen ellen winifred liang emily massachusetts wyatt king zhou olivia franco hanlon ohio nichole william lewke charles annie erika barth eshaan connor maya cal srinivasan zhifei krishnan gobears wu singhal saurav angelis vilaythong subbaraj lebron yip ruhi evan ritter du caroline ashley berit gregory rouzbahani patagonia logan chung kevin srivastava alvin doshi chloe sunny parham brett devesh sun singorahardjo hari shah ishaan soman zou grace scott bears mack umar kanika krista oscar celine melissa vikram jacob george chase danyal sophia daniel greg rob andrew kaur xin weaver Soda
100
ruhi ruhi
wyatt wyatt
kaur kaur
caroline caroline
maniku maniku
sunny sunny
kevin kevin
devesh devesh
rouzbahani rouzbahani
singorahardjo singorahardjo
srinivasan srinivasan
ashley ashley
djajadi djajadi
chen chen
li li
singhal singhal
william william
daniel daniel
ishaan ishaan
du du
eshaan eshaan
rob rob
cal cal
zou zou
vikram vikram
ravi ravi
weaver weaver
srivastava srivastava
wu wu
oscar oscar
grace grace
adhikiari adhikiari
bears bears
massachusetts massachusetts
gregory gregory
connor connor
ritter ritter
wong wong
ellen ellen
chung chung
danyal danyal
celine celine
maya maya
ohio ohio
barth barth
greg greg
ahluwalia ahluwalia
doshi doshi
amanda amanda
krishnan krishnan
xin xin
zhou zhou
mittal mittal
melissa melissa
scott scott
angelis angelis
yip yip
jacob jacob
erika erika
zhifei zhifei
shah shah
hanlon hanlon
chloe chloe
lebron lebron
parham parham
gobears gobears
tyler tyler
saurav saurav
emily emily
george george
nichole nichole
alvin alvin
king king
olivia olivia
vilaythong vilaythong
brett brett
aanika aanika
ani ani
sun sun
krista krista
winifred winifred
hari hari
soman soman
liang liang
berit berit
annie annie
umar umar
kanika kanika
patagonia patagonia
mack mack
charles charles
subbaraj subbaraj
franco franco
lindsey lindsey
andrew andrew
logan logan
lewke lewke
evan evan
sophia sophia
chase chase
