Jingzhou Ghugus Manduria Ghugus Veenendaal Ouarzazat Ketrzyn SanJosedeOcoa Tottori Thamaga Rembangan Colachel Ibri BeneBeraq Gangtok Rembangan SaintMichael Rangae Shively Depok Carouge Ronse AzZuwaytinah Sarzedo Sanaa JabalosSaraj Sanaa Kabarnet Tabatinga Jinotega BurgbeiMagdeburg Malnate Jeypore Fredericia CoonRapids Sagalo NiagaraFalls Chittaranjan Vandavasi FortLauderdale Bejucal TanahMerah LondonderryCountyBor Radnor RioFormoso AzZuwaytinah Khabarovsk Crespo Khabarovsk Chegem Entroncamento Srinagar Kirovsk Srinagar Kheri Ermelo Shumen Shizunaifurukawacho Shumen elCampello Carmichael Kheri Lysva Jingzhou
50
CoonRapids CoonRapids
Sarzedo Sarzedo
SaintMichael SaintMichael
Colachel Colachel
Entroncamento Entroncamento
Chegem Chegem
Rembangan Rembangan
AzZuwaytinah AzZuwaytinah
Manduria Manduria
Gangtok Gangtok
Tottori Tottori
Ronse Ronse
Kirovsk Kirovsk
Ermelo Ermelo
Chittaranjan Chittaranjan
Depok Depok
Shizunaifurukawacho Shizunaifurukawacho
Crespo Crespo
Ibri Ibri
Lysva Lysva
Jeypore Jeypore
TanahMerah TanahMerah
Ghugus Ghugus
Khabarovsk Khabarovsk
Shively Shively
BurgbeiMagdeburg BurgbeiMagdeburg
Rangae Rangae
Kabarnet Kabarnet
Ouarzazat Ouarzazat
Sagalo Sagalo
Kheri Kheri
SanJosedeOcoa SanJosedeOcoa
LondonderryCountyBor LondonderryCountyBor
Shumen Shumen
Sanaa Sanaa
Thamaga Thamaga
Tabatinga Tabatinga
Veenendaal Veenendaal
Carouge Carouge
Radnor Radnor
JabalosSaraj JabalosSaraj
FortLauderdale FortLauderdale
BeneBeraq BeneBeraq
elCampello elCampello
Malnate Malnate
Srinagar Srinagar
Bejucal Bejucal
Carmichael Carmichael
RioFormoso RioFormoso
Ketrzyn Ketrzyn
