LesLilas AinBessem Aracuai Zhaodong Geiro CapimGrosso SantanadoLivramento SaintCyrlEcole Haora SaintCyrlEcole NahiyatashShinafiyah Gorgan EastLongmeadow Wangon EastLongmeadow Mocoa Akcaabat Acarau NoblePark SanJuandelaMaguana SpanishTown Kotka PortoVelho FetestiGara Garbsen Rivas Twante Daokou Hangu Vaniyambadi Yafo Shieli Sosnovka HaciendaLaCalera KotRadhaKishan Izhevsk Ibirataia SouthSaintPaul Kemise Shurugwi Manacapuru Gorgan Shimofurano Arzamas Hirosaki TagbilaranCity MineralnyeVody BlueIsland Pezinok SenaMadureira Oyonnax SenadorPompeu Sobue Korsakov Lloydminster BlueIsland MadinatHamad AinArnat Battambang Johnston Rhondda Johnston Wenchi Chelles Gowurdak EastLongmeadow Tabou Skelmersdale Vyazniki Ontinyent Acireale FortWorth Acireale Baramula Mabopane Prostejov Kambove ChalcodeDiazCovarrub Kambove MonteAlegre Kambove Braila Bury PriegodeCordoba Turek Andrychow GuaMusang Tsukuba Gunzenhausen Kineshma SpanishTown Lloydminster Khulm Anjarah Purnia WestIslip Embu FetestiGara Nagar Fuxin Baramula Sorada Oerlinghausen Belalcazar Kairouan Escada Pozzuoli VillaPauladeSarmient Pozzuoli Haripur Langenhorn Acireale Angleton Braila Morwa Ortaca Itororo Shchekino Espiye Shchekino AshtonunderLyne Fujieda Kaifeng Butuan Johnston Kairouan AinBessem LesLilas
100
Khulm Khulm
Kemise Kemise
Hirosaki Hirosaki
SanJuandelaMaguana SanJuandelaMaguana
Shchekino Shchekino
Braila Braila
SenaMadureira SenaMadureira
Shimofurano Shimofurano
AinArnat AinArnat
Rhondda Rhondda
Morwa Morwa
Ibirataia Ibirataia
Hangu Hangu
SouthSaintPaul SouthSaintPaul
Andrychow Andrychow
Garbsen Garbsen
Sobue Sobue
Sosnovka Sosnovka
Rivas Rivas
PriegodeCordoba PriegodeCordoba
Yafo Yafo
Haora Haora
Haripur Haripur
CapimGrosso CapimGrosso
AinBessem AinBessem
Ontinyent Ontinyent
Arzamas Arzamas
SpanishTown SpanishTown
Johnston Johnston
Nagar Nagar
Turek Turek
Belalcazar Belalcazar
Espiye Espiye
SenadorPompeu SenadorPompeu
KotRadhaKishan KotRadhaKishan
BlueIsland BlueIsland
MadinatHamad MadinatHamad
Butuan Butuan
Vyazniki Vyazniki
Langenhorn Langenhorn
Angleton Angleton
Kambove Kambove
Mocoa Mocoa
Kaifeng Kaifeng
Zhaodong Zhaodong
Fuxin Fuxin
WestIslip WestIslip
SaintCyrlEcole SaintCyrlEcole
Akcaabat Akcaabat
Anjarah Anjarah
Baramula Baramula
Acireale Acireale
Gunzenhausen Gunzenhausen
Vaniyambadi Vaniyambadi
Tabou Tabou
TagbilaranCity TagbilaranCity
ChalcodeDiazCovarrub ChalcodeDiazCovarrub
Itororo Itororo
HaciendaLaCalera HaciendaLaCalera
Kairouan Kairouan
Lloydminster Lloydminster
NoblePark NoblePark
Aracuai Aracuai
Shieli Shieli
Prostejov Prostejov
NahiyatashShinafiyah NahiyatashShinafiyah
Bury Bury
VillaPauladeSarmient VillaPauladeSarmient
MineralnyeVody MineralnyeVody
Izhevsk Izhevsk
Kotka Kotka
Oerlinghausen Oerlinghausen
FetestiGara FetestiGara
Manacapuru Manacapuru
Pozzuoli Pozzuoli
Shurugwi Shurugwi
Gowurdak Gowurdak
Kineshma Kineshma
Acarau Acarau
GuaMusang GuaMusang
Pezinok Pezinok
Gorgan Gorgan
Mabopane Mabopane
Twante Twante
Sorada Sorada
Daokou Daokou
Escada Escada
EastLongmeadow EastLongmeadow
Embu Embu
Korsakov Korsakov
Wangon Wangon
Battambang Battambang
MonteAlegre MonteAlegre
Wenchi Wenchi
PortoVelho PortoVelho
Ortaca Ortaca
AshtonunderLyne AshtonunderLyne
Skelmersdale Skelmersdale
FortWorth FortWorth
SantanadoLivramento SantanadoLivramento
