Kaimganj Fagaras Pilibhit Irvine Pilibhit Norristown Brecht Tsirang MilpaAlta Gobo Racine PinhalNovo MilpaAlta MontecatiniTerme Isakogorka Yucheng Korolev Fandriana Tocache GobernadorGalvez Novopokrovskaya Anahuac MorlanwelzMariemont EncarnaciondeDiaz MorlanwelzMariemont Leixlip Dankov Narangba GobernadorGalvez Novopokrovskaya Albi Karasuyama Tsukawaki Yucheng Isakogorka Kaimganj
25
Albi Albi
PinhalNovo PinhalNovo
Tsukawaki Tsukawaki
Narangba Narangba
Tocache Tocache
Novopokrovskaya Novopokrovskaya
Karasuyama Karasuyama
Dankov Dankov
Fagaras Fagaras
Yucheng Yucheng
Isakogorka Isakogorka
Tsirang Tsirang
EncarnaciondeDiaz EncarnaciondeDiaz
Pilibhit Pilibhit
Gobo Gobo
Brecht Brecht
Leixlip Leixlip
Fandriana Fandriana
Irvine Irvine
Korolev Korolev
MontecatiniTerme MontecatiniTerme
MilpaAlta MilpaAlta
GobernadorGalvez GobernadorGalvez
Racine Racine
Anahuac Anahuac
