0 1 6 11 16 18 17 16 11 6 1 4 1 3 1 0 49 46 52 53 52 46 41 43 42 41 44 45 41 46 50 46 52 51 54 51 57 58 56 61 67 68 66 72 66 70 66 72 73 71 76 81 86 91 95 94 91 86 81 76 78 76 79 80 76 81 82 83 81 84 81 86 89 86 88 86 91 92 93 91 86 81 76 71 72 66 67 61 62 63 61 64 65 61 56 57 51 52 46 41 36 40 39 36 41 46 47 48 46 41 36 38 36 31 34 31 33 32 26 28 27 26 21 23 21 25 21 22 16 11 15 11 6 9 6 11 16 19 20 16 11 6 1 0
50
27 27
54 54
63 63
79 79
95 95
42 42
45 45
20 20
78 78
34 34
67 67
92 92
19 19
15 15
23 23
17 17
88 88
84 84
57 57
80 80
33 33
39 39
62 62
89 89
44 44
3 3
58 58
18 18
43 43
83 83
49 49
4 4
25 25
73 73
64 64
68 68
50 50
47 47
94 94
93 93
28 28
82 82
48 48
9 9
72 72
40 40
70 70
65 65
38 38
53 53
