0 198 197 196 191 192 186 181 184 185 181 183 181 186 187 186 189 186 181 176 180 179 176 171 166 169 170 166 171 173 171 166 167 161 165 164 161 162 156 151 146 141 136 131 135 131 126 129 130 126 131 136 137 138 136 141 146 151 152 153 151 146 141 136 139 140 136 141 146 151 155 151 146 149 146 141 142 143 141 146 151 156 159 156 162 163 162 156 151 146 141 145 144 141 136 131 126 127 121 116 111 114 111 113 111 116 121 122 121 116 118 116 121 127 128 127 121 116 111 112 106 101 96 100 99 96 98 97 96 101 106 108 107 106 101 103 102 101 104 105 101 106 109 106 101 96 91 95 94 91 93 92 86 90 86 87 81 76 71 66 70 66 68 66 71 76 81 84 81 76 80 79 76 71 66 61 64 65 61 66 71 76 81 82 83 81 76 71 66 61 63 62 61 66 71 76 78 76 71 66 61 56 60 59 56 61 66 71 72 73 71 75 74 71 66 61 56 58 57 51 46 41 44 41 46 51 52 53 51 46 47 48 46 41 42 36 39 36 38 37 31 35 34 31 33 32 26 21 16 19 16 17 16 21 26 27 26 30 29 26 21 25 24 21 22 21 16 11 6 1 0 198 197 196 191 193 191 195 191 196 197 198 0 1 6 11 12 13 11 14 11 6 1 3 1 6 7 6 1 0
100
58 58
24 24
44 44
135 135
73 73
100 100
7 7
22 22
35 35
99 99
90 90
17 17
137 137
72 72
63 63
163 163
78 78
79 79
65 65
105 105
192 192
155 155
164 164
14 14
34 34
109 109
60 60
189 189
19 19
107 107
48 48
114 114
42 42
118 118
183 183
95 95
144 144
193 193
53 53
83 83
103 103
143 143
184 184
52 52
38 38
64 64
139 139
145 145
98 98
25 25
180 180
30 30
94 94
165 165
102 102
130 130
195 195
112 112
33 33
75 75
108 108
140 140
62 62
122 122
169 169
70 70
152 152
179 179
3 3
127 127
27 27
68 68
162 162
93 93
187 187
185 185
13 13
97 97
12 12
32 32
47 47
87 87
173 173
29 29
113 113
59 59
39 39
142 142
153 153
129 129
159 159
84 84
170 170
74 74
128 128
149 149
138 138
80 80
82 82
104 104
