93 18 62 70 138 157 1 80 46 146 0 174 143 3 43 165 77 3 75 102 0 130 74 129 27 0 131 115 7 67 2 57 86 4 79 61 95 2 73 161 137 2 117 49 2 81 141 125 171 0 56 122 140 64 53 177 136 87 8 168 1 99 11 66 0 14 4 98 2 65 3 24 4 76 7 39 108 170 8 34 90 176 121 147 26 19 154 47 91 40 110 51 5 72 5 116 82 151 52 163 63 1 84 111 4 119 1 109 36 3 38 1 155 169 124 172 101 105 20 3 93
91
1 1
2 2
4 4
14 14
18 18
19 19
20 20
24 24
26 26
27 27
34 34
36 36
38 38
39 39
40 40
43 43
46 46
47 47
49 49
51 51
52 52
53 53
56 56
57 57
61 61
62 62
63 63
64 64
65 65
66 66
67 67
70 70
72 72
73 73
74 74
75 75
76 76
77 77
79 79
80 80
81 81
82 82
84 84
86 86
87 87
90 90
91 91
95 95
98 98
99 99
101 101
102 102
105 105
108 108
109 109
110 110
111 111
115 115
116 116
117 117
119 119
121 121
122 122
124 124
125 125
129 129
130 130
131 131
136 136
137 137
138 138
140 140
141 141
143 143
146 146
147 147
151 151
154 154
155 155
157 157
161 161
163 163
165 165
168 168
169 169
170 170
171 171
172 172
174 174
176 176
177 177
