Acton Carlsbad Encinitas Canyondam Bakersfield Burney Duarte Carmichael Duarte Cupertino Auberry Cupertino Bloomington Ceres Auburn Berkeley Armona Berkeley Alameda Carrick Bonita Belvedere Arcadia Burbank Camarillo Burbank Calimesa Barstow Aromas Bystrom Aromas Bootjack Cloverdale Altadena Cloverdale Copperopolis Beaumont Benicia Alpaugh Escalon Calipatria Escalon Alpaugh Bell Artesia Bell Cerritos Bluewater Antioch Banning Fresno August Castroville August Cotati Boron Cotati Bodfish Cartago Bluewater Cerritos Aptos Fairfield Alturas Florin Calexico Blairsden Atherton Blairsden Calexico Anderson Caribou Anderson Cerritos Broadmoor Amesti Cabazon Cobb Esparto Blythe Arbuckle Biola Brentwood Calabasas Beaumont Copperopolis Bakersfield Bradbury Adelanto Clayton Arcata Belden Alhambra Ashland Alhambra Brawley Columbia Alpine Columbia Carpinteria Gardena Campbell Arnold Bradley Caruthers Bradley Capitola Avery Chowchilla Avenal Fortuna Calwa Arcadia Belmont Brisbane Anaheim Calistoga Anaheim Bystrom Buttonwillow Bowles Buttonwillow Boronda Beckwourth Azusa Brea Bishop Arvin Cayucos Cambria Almanor Brawley Alhambra Burlingame Ducor Bloomington Carson Antioch Atascadero Bonsall Atascadero Angwin Bayview Albany Escondido Atwater Escondido Fruitdale Byron Biggs Brawley Columbia Avalon Alamo Banning Fresno Angwin Bolinas Bellflower Carlsbad Acton
100
Adelanto Adelanto
Alameda Alameda
Alamo Alamo
Albany Albany
Alhambra Alhambra
Almanor Almanor
Alpaugh Alpaugh
Alpine Alpine
Altadena Altadena
Alturas Alturas
Amesti Amesti
Anaheim Anaheim
Anderson Anderson
Angwin Angwin
Antioch Antioch
Aptos Aptos
Arbuckle Arbuckle
Arcadia Arcadia
Arcata Arcata
Armona Armona
Arnold Arnold
Aromas Aromas
Artesia Artesia
Arvin Arvin
Ashland Ashland
Atascadero Atascadero
Atherton Atherton
Atwater Atwater
Auberry Auberry
Auburn Auburn
August August
Avalon Avalon
Avenal Avenal
Avery Avery
Azusa Azusa
Bakersfield Bakersfield
Banning Banning
Barstow Barstow
Bayview Bayview
Beaumont Beaumont
Beckwourth Beckwourth
Belden Belden
Bell Bell
Bellflower Bellflower
Belmont Belmont
Belvedere Belvedere
Benicia Benicia
Berkeley Berkeley
Biggs Biggs
Biola Biola
Bishop Bishop
Blairsden Blairsden
Bloomington Bloomington
Bluewater Bluewater
Blythe Blythe
Bodfish Bodfish
Bolinas Bolinas
Bonita Bonita
Bonsall Bonsall
Bootjack Bootjack
Boron Boron
Boronda Boronda
Bowles Bowles
Bradbury Bradbury
Bradley Bradley
Brawley Brawley
Brea Brea
Brentwood Brentwood
Brisbane Brisbane
Broadmoor Broadmoor
Burbank Burbank
Burlingame Burlingame
Burney Burney
Buttonwillow Buttonwillow
Byron Byron
Bystrom Bystrom
Cabazon Cabazon
Calabasas Calabasas
Calexico Calexico
Calimesa Calimesa
Calipatria Calipatria
Calistoga Calistoga
Calwa Calwa
Camarillo Camarillo
Cambria Cambria
Campbell Campbell
Canyondam Canyondam
Capitola Capitola
Caribou Caribou
Carlsbad Carlsbad
Carmichael Carmichael
Carpinteria Carpinteria
Carrick Carrick
Carson Carson
Cartago Cartago
Caruthers Caruthers
Castroville Castroville
Cayucos Cayucos
Ceres Ceres
Cerritos Cerritos
