6 4 1 4 6 5 2 5 6 195 194 195 193 190 193 189 193 195 188 186 188 187 184 187 188 186 182 186 188 181 179 181 180 177 180 181 174 167 166 167 165 161 165 167 174 172 169 172 174 167 160 153 152 150 152 149 152 153 151 148 151 153 160 158 155 158 154 158 160 153 146 145 142 145 146 144 140 144 146 139 137 133 137 134 137 139 138 136 138 139 132 125 123 120 123 125 124 122 124 125 132 131 129 131 128 131 132 130 126 130 132 125 118 111 110 111 109 106 109 105 109 111 118 116 112 116 118 117 115 117 118 111 104 97 96 94 96 97 104 103 101 103 100 103 104 97 95 91 95 97 90 89 87 89 90 88 90 83 82 80 82 83 81 77 81 83 76 75 76 74 76 69 67 64 67 69 68 65 68 69 62 61 62 60 62 55 53 50 53 55 54 51 54 55 48 47 48 46 43 46 48 47 44 47 48 41 40 38 40 41 39 41 34 32 34 33 31 33 30 33 34 27 25 22 25 27 20 18 20 19 17 19 20 13 12 10 12 13 11 13 6
84
6 6
77 77
51 51
120 120
91 91
136 136
64 64
87 87
140 140
38 38
126 126
148 148
101 101
134 134
169 169
65 65
31 31
155 155
80 80
112 112
88 88
17 17
122 122
75 75
184 184
133 133
94 94
149 149
161 161
61 61
10 10
22 22
142 142
177 177
128 128
179 179
106 106
166 166
44 44
50 50
154 154
18 18
115 115
30 30
39 39
100 100
11 11
1 1
2 2
182 182
129 129
190 190
105 105
194 194
83 83
172 172
160 160
32 32
90 90
69 69
43 43
110 110
96 96
181 181
12 12
41 41
25 25
103 103
150 150
186 186
19 19
145 145
47 47
189 189
124 124
74 74
27 27
53 53
165 165
60 60
116 116
76 76
62 62
174 174
