pace other likely comfortable likely viable atmosphere rent swear coast forge confrontation development exempt dramatic opposed dip exclusive vegetarian market vegetarian exile title linger physics dough linger deter terms hospitality teacher excuse attraction guarantee joystick bowel brake scheme brake nationalist acceptance nationalist swop electronics interface environment bleed curriculum bleed smile headline smile drawer chew offset enter science deposit seize interactive error interactive election buffet pipe buffet election lifestyle cotton paper autonomy quality boom throne country throne structure output joint mixture mercy financial injection desk spoil desk enemy stress enemy ask candle triple country knot skeleton development native mature page deposit rage bitter coffin attraction railcar tool swear coast profound view dive coincide identity straighten pig weapon bitter terms thumb terms deter note tablet imposter driver banana widen error home flag injury demand rob demand feature write lake begin greeting decisive tolerate expression assignment winner virgin profound notebook pardon chair respect structure shiver ignore audience ignore due ignore liver tool illusion enemy control enemy ask quadruple other pace
100
pace pace
assignment assignment
tablet tablet
tool tool
offset offset
greeting greeting
driver driver
cotton cotton
knot knot
coincide coincide
mature mature
structure structure
pardon pardon
autonomy autonomy
atmosphere atmosphere
teacher teacher
rage rage
scheme scheme
interface interface
forge forge
audience audience
flag flag
stress stress
exclusive exclusive
drawer drawer
market market
feature feature
pipe pipe
respect respect
output output
boom boom
physics physics
candle candle
viable viable
error error
straighten straighten
headline headline
thumb thumb
imposter imposter
swop swop
skeleton skeleton
exile exile
quadruple quadruple
mercy mercy
spoil spoil
triple triple
due due
excuse excuse
chair chair
widen widen
virgin virgin
note note
election election
dough dough
coast coast
dip dip
injection injection
begin begin
bowel bowel
throne throne
illusion illusion
ask ask
page page
pig pig
native native
rent rent
swear swear
rob rob
financial financial
liver liver
identity identity
attraction attraction
exempt exempt
lifestyle lifestyle
shiver shiver
home home
comfortable comfortable
coffin coffin
decisive decisive
curriculum curriculum
confrontation confrontation
acceptance acceptance
injury injury
control control
interactive interactive
deter deter
other other
profound profound
dive dive
environment environment
electronics electronics
country country
buffet buffet
railcar railcar
ignore ignore
development development
smile smile
likely likely
guarantee guarantee
enemy enemy
