0 67 1 3 1 4 1 2 1 70 5 6 5 7 5 69 71 8 11 8 13 8 12 8 10 8 9 8 75 14 15 14 16 17 16 76 18 21 18 23 18 24 18 20 18 22 18 19 18 77 25 26 25 27 25 78 28 29 28 32 28 31 28 30 28 79 33 34 33 35 36 37 33 80 81 82 38 40 38 39 38 84 41 42 41 46 47 41 45 44 41 43 41 85 48 49 48 51 48 50 48 86 52 53 52 87 54 56 54 58 54 57 54 55 54 88 59 60 59 64 59 63 59 62 59 61 59 89 65 66 65 90 0
50
2 2
3 3
4 4
6 6
7 7
9 9
10 10
11 11
12 12
13 13
15 15
17 17
19 19
20 20
21 21
22 22
23 23
24 24
26 26
27 27
29 29
30 30
31 31
32 32
34 34
35 35
36 36
37 37
39 39
40 40
42 42
43 43
44 44
45 45
46 46
47 47
49 49
50 50
51 51
53 53
55 55
56 56
57 57
58 58
60 60
61 61
62 62
63 63
64 64
66 66
