0 182 27 31 27 33 27 32 27 30 27 29 27 28 27 34 35 34 37 34 36 34 133 134 38 39 38 132 40 41 40 43 40 42 40 131 44 45 44 46 44 135 138 1 2 1 3 1 4 1 13 1 139 141 5 8 5 9 5 7 5 10 5 6 5 24 25 24 26 24 144 20 21 20 23 20 22 20 146 145 14 15 14 18 14 19 14 17 14 16 14 147 149 11 12 11 150 152 151 60 64 60 65 60 63 60 66 60 62 60 61 60 153 57 58 57 59 57 54 55 54 56 54 154 155 52 53 52 156 47 49 47 51 47 50 47 48 47 157 159 160 120 126 120 129 120 127 120 130 120 124 120 128 120 123 120 125 120 122 120 121 120 162 163 67 69 67 70 67 71 67 68 67 164 72 73 72 74 72 75 72 165 76 77 76 79 76 78 76 166 167 80 85 80 83 80 82 80 84 80 81 80 92 93 92 86 87 86 88 86 168 89 90 89 91 89 169 94 95 94 101 94 98 94 99 94 97 94 100 94 96 94 102 105 102 104 102 103 102 171 170 172 175 106 110 106 107 106 109 106 108 106 176 111 112 111 113 111 114 115 114 116 114 117 114 118 119 118 177 178 179 181 182 0
100
2 2
3 3
4 4
6 6
7 7
8 8
9 9
10 10
12 12
13 13
15 15
16 16
17 17
18 18
19 19
21 21
22 22
23 23
25 25
26 26
28 28
29 29
30 30
31 31
32 32
33 33
35 35
36 36
37 37
39 39
41 41
42 42
43 43
45 45
46 46
48 48
49 49
50 50
51 51
53 53
55 55
56 56
58 58
59 59
61 61
62 62
63 63
64 64
65 65
66 66
68 68
69 69
70 70
71 71
73 73
74 74
75 75
77 77
78 78
79 79
81 81
82 82
83 83
84 84
85 85
87 87
88 88
90 90
91 91
93 93
95 95
96 96
97 97
98 98
99 99
100 100
101 101
103 103
104 104
105 105
107 107
108 108
109 109
110 110
112 112
113 113
115 115
116 116
117 117
119 119
121 121
122 122
123 123
124 124
125 125
126 126
127 127
128 128
129 129
130 130
