1 52 115 194 182 161 156 157 42 95 89 88 49 121 56 176 110 26 142 46 23 99 56 137 6 199 130 152 119 98 119 103 60 163 7 51 153 132 78 91 105 128 99 92 174 14 136 138 127 93 147 12 108 140 84 57 116 88 58 15 193 159 3 53 36 80 185 96 86 13 190 82 119 31 22 186 43 14 175 71 66 129 66 26 18 26 83 64 68 101 90 31 162 53 136 1
78
78 78
194 194
127 127
46 46
152 152
82 82
36 36
49 49
51 51
129 129
101 101
142 142
147 147
108 108
43 43
159 159
18 18
92 92
162 162
115 115
7 7
15 15
156 156
90 90
3 3
153 153
182 182
66 66
91 91
137 137
64 64
89 89
186 186
96 96
163 163
93 93
31 31
99 99
176 176
58 58
12 12
71 71
83 83
136 136
199 199
175 175
42 42
130 130
132 132
53 53
52 52
84 84
103 103
138 138
157 157
13 13
26 26
140 140
185 185
95 95
88 88
86 86
14 14
116 116
110 110
193 193
98 98
190 190
56 56
161 161
119 119
128 128
105 105
23 23
57 57
60 60
121 121
174 174
