location1 location4 location7 location6 location137 location134 location131 location128 location129 location126 location123 location120 location117 location118 location121 location118 location115 location112 location111 location110 location113 location116 location119 location116 location113 location110 location107 location106 location109 location106 location105 location102 location99 location100 location103 location102 location58 location55 location52 location49 location50 location53 location56 location59 location60 location63 location66 location179 location66 location67 location64 location65 location62 location61 location60 location75 location76 location79 location82 location85 location88 location91 location94 location97 location94 location95 location92 location93 location90 location87 location86 location89 location86 location17 location14 location15 location166 location165 location162 location161 location158 location159 location156 location157 location160 location163 location164 location167 location170 location173 location172 location175 location174 location177 location51 location19 location51 location82 location81 location14 location13 location12 location15 location18 location21 location20 location23 location26 location29 location28 location31 location124 location127 location126 location129 location132 location135 location138 location141 location142 location145 location146 location149 location152 location155 location152 location153 location150 location147 location144 location143 location140 location139 location138 location141 location144 location71 location74 location77 location74 location37 location34 location33 location60 location57 location60 location33 location34 location7 location76 location69 location68 location25 location24 location27 location26 location29 location32 location35 location36 location39 location42 location45 location42 location41 location44 location47 location44 location43 location44 location47 location50 location11 location8 location9 location6 location5 location2 location3 location2 location1
82
location1 location1 location101
location165 location165
location39 location39
location53 location53
location89 location89
location121 location121
location135 location135
location149 location149
location9 location9
location21 location21
location69 location69
location173 location173
location29 location29
location61 location61
location81 location81
location97 location97
location105 location105
location113 location113
location157 location157
location3 location3
location5 location5
location7 location7
location11 location11
location13 location13
location15 location15
location17 location17
location19 location19
location23 location23
location25 location25
location27 location27
location31 location31
location33 location33
location35 location35
location37 location37
location41 location41
location43 location43 location73
location45 location45
location49 location49 location133 location151
location55 location55 location83
location57 location57
location59 location59
location63 location63
location65 location65
location67 location67 location125
location71 location71 location169
location75 location75
location77 location77
location79 location79
location85 location85
location87 location87 location171
location91 location91
location93 location93
location95 location95
location99 location99
location103 location103
location107 location107
location109 location109
location111 location111
location115 location115
location117 location117
location119 location119
location123 location123
location127 location127
location129 location129
location131 location131
location137 location137
location139 location139
location141 location141
location143 location143
location145 location145
location147 location147
location153 location153
location155 location155
location159 location159
location161 location161
location163 location163
location167 location167
location175 location175
location177 location177
location179 location179
location47 location47
location51 location51
