Abbey Rebecca Kimberly Rayna Tara Ruth Presley Yoselin Jamiya Carlee Lana Kristina Lisa Riley Shannon Marisol Maeve Tanya Vivian Karma Amber Lillie Mckinley Mira Jordin Ayanna Alexia Beatrice Abril Lilia Kayley Abbey Isabella Avni Helen Kiera Liberty Nora Ashley Sophia Dana Matilda Haven Harley Eden Abbey
40
Alexia Alexia
Avni Avni
Ayanna Ayanna
Beatrice Beatrice
Carlee Carlee
Dana Dana
Eden Eden
Harley Harley
Haven Haven
Helen Helen
Isabella Isabella
Jamiya Jamiya
Jordin Jordin
Karma Karma
Kayley Kayley
Kiera Kiera
Kimberly Kimberly
Kristina Kristina
Lana Lana
Liberty Liberty
Lilia Lilia
Lillie Lillie
Lisa Lisa
Maeve Maeve
Marisol Marisol
Matilda Matilda
Mckinley Mckinley
Mira Mira
Nora Nora
Presley Presley
Rayna Rayna
Rebecca Rebecca
Riley Riley
Ruth Ruth
Shannon Shannon
Sophia Sophia
Tanya Tanya
Tara Tara
Vivian Vivian
Yoselin Yoselin
