Abbey Denisse Mya Sharon Arielle Lilyana Noelle Jasmin Kimberly Kiana Laylah Jaden Nia Jimena Lucille Mckinley Carleigh Jade Emilie Neveah Jazmyn Abril Mckayla Kayden Avni Myah Rylee Lindsay Ainsley Baylee Alexia Kaydence Carlee Ariel Kiley Jillian Jamiya Kristin Mireya Ingrid Leila Dayami Dana Alivia Emma Lainey Iyana Alexus Keyla Imani Angelica Juliette Elianna Gillian Aubree Kristina Bryanna Carly Maggie Melina Parker Christine Mira Madilynn Janiya Camilla Matilda Shyanne Lilia Claire Brooklyn Abbey Natalee Riley Alia Aryana Aniya Diana Kenzie Alexus Kira Haven Abril Lacey Chasity Abril Carlie Ciara Kaley Ashley Abbey
83
Abbey Abbey Zion
Alexia Alexia
Ariel Ariel Sophia Sophie
Claire Claire
Keyla Keyla Taniyah
Kristina Kristina
Carlie Carlie
Elianna Elianna
Jazmyn Jazmyn
Ciara Ciara Zaria
Dana Dana Tara
Diana Diana
Emma Emma
Haven Haven
Jade Jade Zara
Jaden Jaden
Kenzie Kenzie
Maggie Maggie
Alexus Alexus
Alia Alia
Alivia Alivia
Aniya Aniya
Arielle Arielle
Aryana Aryana
Ashley Ashley
Aubree Aubree
Avni Avni
Baylee Baylee
Brooklyn Brooklyn
Bryanna Bryanna
Camilla Camilla
Carlee Carlee
Carleigh Carleigh
Carly Carly
Chasity Chasity
Christine Christine
Dayami Dayami
Denisse Denisse
Emilie Emilie
Gillian Gillian
Imani Imani
Ingrid Ingrid
Iyana Iyana
Jamiya Jamiya
Janiya Janiya
Jasmin Jasmin
Jillian Jillian
Jimena Jimena
Juliette Juliette
Kaley Kaley
Kayden Kayden
Kaydence Kaydence
Kiana Kiana
Kiley Kiley
Kimberly Kimberly
Kira Kira
Kristin Kristin
Lacey Lacey
Lainey Lainey
Laylah Laylah
Leila Leila
Lilia Lilia
Lilyana Lilyana
Lindsay Lindsay
Lucille Lucille
Madilynn Madilynn
Matilda Matilda
Mckayla Mckayla
Mckinley Mckinley
Melina Melina
Mira Mira
Mireya Mireya
Mya Mya
Myah Myah
Natalee Natalee
Neveah Neveah
Nia Nia
Noelle Noelle
Parker Parker
Riley Riley
Rylee Rylee
Sharon Sharon
Shyanne Shyanne
