1 74 96 131 144 122 120 110 1 4 82 125 126 80 138 116 1 140 90 1 114 104 1 137 1 68 1 128 66 1 102 56 1 44 30 1 42 32 1 65 1 29 1 113 1 20 1 53 18 1 54 17 1 101 1 8 1 41 1 5 1 124 142 88 130 76 1 136 94 1 118 64 1 100 46 1 58 52 1 112 22 1 70 40 1 92 10 1 106 28 34 16 1 89 6 1 78 77 1 107 1 98 1 95 72 2 108 83 1 86 1 71 1 50 1 47 1 143 1 38 1 134 1 35 1 23 60 14 1 59 48 2 84 11 1 26 36 2 132 2 1 119 24 62 12 2 1
96
2 2
4 4
5 5
6 6
8 8
10 10
11 11
12 12
14 14
16 16
17 17
18 18
20 20
22 22
23 23
24 24
26 26
28 28
29 29
30 30
32 32
34 34
35 35
36 36
38 38
40 40
41 41
42 42
44 44
46 46
47 47
48 48
50 50
52 52
53 53
54 54
56 56
58 58
59 59
60 60
62 62
64 64
65 65
66 66
68 68
70 70
71 71
72 72
74 74
76 76
77 77
78 78
80 80
82 82
83 83
84 84
86 86
88 88
89 89
90 90
92 92
94 94
95 95
96 96
98 98
100 100
101 101
102 102
104 104
106 106
107 107
108 108
110 110
112 112
113 113
114 114
116 116
118 118
119 119
120 120
122 122
124 124
125 125
126 126
128 128
130 130
131 131
132 132
134 134
136 136
137 137
138 138
140 140
142 142
143 143
144 144
