create childish company belief contract absorption battery concern pride bracket breakin deck feign appear top creation pastel ballot crew farewell pupil linear maze basketball top skip merit hide tin transmission fuss magnitude perception basketball celebration prove mechanism colon line accessible company community nationalism scrap dose belief think steward minimize adult exotic direct suffer predict create
49
adult adult
battery battery
tin tin
prove prove
company company
pastel pastel
colon colon
deck deck
farewell farewell
predict predict
perception perception
exotic exotic
merit merit
dose dose
ballot ballot
creation creation
maze maze
scrap scrap cancel
fuss fuss
skip skip
transmission transmission
pride pride
breakin breakin
think think
absorption absorption
community community
belief belief
basketball basketball
feign feign
contract contract
linear linear
crew crew
line line
celebration celebration
mechanism mechanism
suffer suffer
concern concern
bracket bracket
hide hide
childish childish
direct direct
pupil pupil
accessible accessible
top top
minimize minimize
steward steward
nationalism nationalism
appear appear
magnitude magnitude
