CH CV AK DI BW DF BP AG AR AP CP BY DD CZ CF CW CF BG AC CD DU DO DR CA BU DS DG DS DC AT DL AT DL BI DP BV CP AY BD DV AV AU AM BZ AN AL BN DQ BN CS BL CS BC CU DM CL AF CB DB AL AY AZ CQ DU CN AJ AF BS CB BF AQ CH
50
BS BS
CQ CQ
DM DM
BL BL
DO DO
AT AT
DB DB
CU CU
DU DU
DV DV
AY AY
CB CB
BN BN
DP DP
AN AN
CN CN
CF CF
AV AV
BC BC
DI DI
DD DD
BG BG
DL DL
BZ BZ
CW CW
CL CL
CP CP
DQ DQ
CD CD
AJ AJ
AZ AZ
BY BY
CA CA
AU AU
AM AM
BU BU
CS CS
AL AL
CV CV
DG DG
CZ CZ
BV BV
AP AP
DC DC
AF AF
BI BI
BP BP
BF BF
BD BD
DF DF
