Qatar SanMarino Belgium Sweden Mozambique SierraLeone Andorra Nicaragua Albania France Qatar Belarus DemofChina Egypt Haiti America Guyana Malta Liberia Estonia Mongolia Burundi VaticanCity UAE Danzig Uruguay Lebanon Senegal Qatar Uzbekistan UnitedKingdom Morocco Armenia Macedonia GuineaBissau Gabon Montenegro RussianFederation Tunisia Mali Albania Tanzania Tuvalu Peru Angola Australia Tajikistan Singapore Qatar Netherlands CzechRepublic Indonesia CostaRica Kosovo Kyrgyzstan Qatar
49
Qatar SaintLucia Georgia
Nicaragua Nicaragua
Sweden Sweden
Peru Peru
Gabon Gabon
Haiti Haiti
Morocco Morocco
Estonia Estonia
RussianFederation RussianFederation
Egypt Egypt
France France
CostaRica CostaRica
SierraLeone SierraLeone
DemofChina DemofChina
Netherlands Netherlands
America America
CzechRepublic CzechRepublic
Belarus Belarus
Tajikistan Tajikistan
Mongolia Mongolia
Danzig Danzig
Liberia Liberia
UAE UAE
Armenia Armenia
Australia Australia
Montenegro Montenegro
Senegal Senegal
Kosovo Kosovo
UnitedKingdom UnitedKingdom
Macedonia Macedonia
Singapore Singapore
Mozambique Mozambique
Belgium Belgium
Angola Angola
Guyana Guyana
Tanzania Tanzania
Uzbekistan Uzbekistan
Mali Mali
SanMarino SanMarino
GuineaBissau GuineaBissau
Tunisia Tunisia
VaticanCity VaticanCity
Malta Malta
Lebanon Lebanon
Tuvalu Tuvalu
Albania Albania
Kyrgyzstan Kyrgyzstan
Burundi Burundi
Andorra Andorra
