vBhpoFdJZxyttIlfaf7D qkrT0EYt8AHuefFD25g1 MiPSEwVMn3bbGh4tbRTf 535WuquKiicRqEyzCI3d 4ilNvg3IkxoJuvkwqYsS 7PoxePhwnlLvMilKVpER RRlYwTFLYqL48JIMSAmC EHYUZOt1fTtm7KJue8on d6xeP6xeDJ3O2jY8D4pB rkMvLqMMN5Aq3onq5XeZ XWHR07Y6kfSBbEuD62PN uUumBfQJDh6S0d06Kb78 fp9JaV5iTp8QxXwwkR68 oFNlFPub6zLirsQwo0fu 2LthmnS3Cdd5FBfY5GQ9 InZnvPu8h9zAoLCNj2in R7crXexksQ4TN5zY2ck3 WwLzOfqcc3FIzub2jh8R ohy3S5QXymEhh63dMBQE wHEcyeduhdH7p3Lr1PtC rMd1TXBMCuFfO59jF1Tq vLwJebpyApE3MPksc9OW mv3tFPDoT2NlrLp24T9l DybFcuyeWxt51LawzVvs eKaPpzrMwOPxNzeoOSFH iki3BohF22ET0rMPxXQ5 qM7lEl3z2COceXw7x0EC jTdja1e2hUhydiExPlJM 6PPTzNGrNxrgfdvm8cwZ 17OoKHzumyPaqfjSSc7S R6ZzYYWqarkWldqbKDab 37APL8dpwT5Ds5AIG0t4 9B0w6Ahn3NsugfNn6veD 6koX1rNvAwrB84m39eQv XYk0VV4ujV55qqS8YiHV W1jWYYdH0atiKtbaVDRT n2Cqtp5v2DuwGX7LhuzE cs6LkMYfySGYUzb8VLcc JEGgKJfdY8owvwdYhKMk RpMJGAvULIBCQ0RI369s zs7X4IJgeJEM8iqAbvF3 XBxLd5K0m0Gtk5fTL45q J00g7hlLLSWTXvTYK9v2 nB1RHSnvjX4nG0Tch5En 8Le4AI986fwHZXPoOMK1 XX8iZd9Mw56dkKCstFAC vBhpoFdJZxyttIlfaf7D
45
rMd1TXBMCuFfO59jF1Tq rMd1TXBMCuFfO59jF1Tq
vLwJebpyApE3MPksc9OW vLwJebpyApE3MPksc9OW
ohy3S5QXymEhh63dMBQE ohy3S5QXymEhh63dMBQE
InZnvPu8h9zAoLCNj2in InZnvPu8h9zAoLCNj2in fHfopcx4v3MKBN0TMn7s
jTdja1e2hUhydiExPlJM jTdja1e2hUhydiExPlJM 8mLI4Cl8exxeLw5eLCvi
8Le4AI986fwHZXPoOMK1 8Le4AI986fwHZXPoOMK1
6koX1rNvAwrB84m39eQv tUVqKo1E6AibIE6zShkv 6koX1rNvAwrB84m39eQv
J00g7hlLLSWTXvTYK9v2 J00g7hlLLSWTXvTYK9v2
iki3BohF22ET0rMPxXQ5 iki3BohF22ET0rMPxXQ5
WwLzOfqcc3FIzub2jh8R WwLzOfqcc3FIzub2jh8R
535WuquKiicRqEyzCI3d 535WuquKiicRqEyzCI3d
DybFcuyeWxt51LawzVvs DybFcuyeWxt51LawzVvs
7PoxePhwnlLvMilKVpER 7PoxePhwnlLvMilKVpER
n2Cqtp5v2DuwGX7LhuzE n2Cqtp5v2DuwGX7LhuzE
17OoKHzumyPaqfjSSc7S 17OoKHzumyPaqfjSSc7S
uUumBfQJDh6S0d06Kb78 uUumBfQJDh6S0d06Kb78
XWHR07Y6kfSBbEuD62PN XWHR07Y6kfSBbEuD62PN
EHYUZOt1fTtm7KJue8on EHYUZOt1fTtm7KJue8on
XX8iZd9Mw56dkKCstFAC XX8iZd9Mw56dkKCstFAC
W1jWYYdH0atiKtbaVDRT W1jWYYdH0atiKtbaVDRT
rkMvLqMMN5Aq3onq5XeZ rkMvLqMMN5Aq3onq5XeZ
mv3tFPDoT2NlrLp24T9l mv3tFPDoT2NlrLp24T9l
XBxLd5K0m0Gtk5fTL45q WN0Nl06Zx9w6LYUHMZam XBxLd5K0m0Gtk5fTL45q
2LthmnS3Cdd5FBfY5GQ9 NAqhSs9OpS9XtIaJtTCD 2LthmnS3Cdd5FBfY5GQ9
JEGgKJfdY8owvwdYhKMk JEGgKJfdY8owvwdYhKMk
eKaPpzrMwOPxNzeoOSFH eKaPpzrMwOPxNzeoOSFH
RpMJGAvULIBCQ0RI369s RpMJGAvULIBCQ0RI369s
9B0w6Ahn3NsugfNn6veD 9B0w6Ahn3NsugfNn6veD
MiPSEwVMn3bbGh4tbRTf MiPSEwVMn3bbGh4tbRTf
R6ZzYYWqarkWldqbKDab R6ZzYYWqarkWldqbKDab
nB1RHSnvjX4nG0Tch5En nB1RHSnvjX4nG0Tch5En
oFNlFPub6zLirsQwo0fu oFNlFPub6zLirsQwo0fu
cs6LkMYfySGYUzb8VLcc cs6LkMYfySGYUzb8VLcc
XYk0VV4ujV55qqS8YiHV XYk0VV4ujV55qqS8YiHV
6PPTzNGrNxrgfdvm8cwZ 6PPTzNGrNxrgfdvm8cwZ
R7crXexksQ4TN5zY2ck3 R7crXexksQ4TN5zY2ck3
RRlYwTFLYqL48JIMSAmC RRlYwTFLYqL48JIMSAmC
wHEcyeduhdH7p3Lr1PtC wHEcyeduhdH7p3Lr1PtC
4ilNvg3IkxoJuvkwqYsS 4ilNvg3IkxoJuvkwqYsS
zs7X4IJgeJEM8iqAbvF3 zs7X4IJgeJEM8iqAbvF3
qkrT0EYt8AHuefFD25g1 qkrT0EYt8AHuefFD25g1
qM7lEl3z2COceXw7x0EC qM7lEl3z2COceXw7x0EC
fp9JaV5iTp8QxXwwkR68 fp9JaV5iTp8QxXwwkR68
37APL8dpwT5Ds5AIG0t4 37APL8dpwT5Ds5AIG0t4
d6xeP6xeDJ3O2jY8D4pB d6xeP6xeDJ3O2jY8D4pB
